3K26A
1QWZA
3UW3A
3OXQF
1PXQA
2B5IC
2A1DE
2KT9A
3IYUN
1ODMA
4C9YA
5LDXo
4TV0A
3WRVB
4BEGA
3E3XA
5BQ9A
1N1QA
2EFXF
5CX7B
5CE7A
2EAQA
3QC0A
5IRIB
1ZHSA
1Y3JA
2BLFB
2JNAB
2YRKA
2DYJA
5OQRD
1FXKA
4L3UA
5X41E
1AWCA
2Z0VA
5OSHI
2OTMA
3WPXB
3SD4A
2UWJE
3ENHD
5DYRA
3ZZOA
3OFKA
3FVZA
5YZDA
3FJSA
3TFZA
2MC0A
5AONA
4BEHB
2KZ9A
2PMYA
2FQHA
4YC2G
2ROWA
5KTFA
5GYYA
2GVQD
4QIWO
1NYUD
6FKIp
1K9VF
4LD1A
1Z9MA
1Y2IA
2J5VA
1LUZA
3FHFA
1YWFA
1DCQA
1DIHA
5VMDC
5X8T6
6B4GD
2ZC3A
2MF9A
1DYNA
2OOYA
3EJVA
3FDEA
5A53A
1U0BB
2PGCA
3R2UA
4H2WA
6F2DA
2RPRA
3ETBK
1AVON
1SX5A
1NJ1A
3Q6KA
1FZVA
7FD1A
2FHZA
1SRKA
3J36Q
5V6JD
2IUYA
4D79A
1C17M
3DMGA
5UUSB
5FIYB
4R7KA
2L2RA
3MYFA
3VSJB
1O51A
2RNNA
1KCZA
2PYTA
1BJAA
3RKVA
3LQNA
1TLVA
3FGTA
4G1IB
3AU4B
1LBUA
3FAUA
3EXZA
2AU5A
3ZLJC
4M1XA
2HSXA
3WOZA
5DJOA
1B67A
4B6XA
5AJ3j
6F8SD
1JERA
2XR4A
4MYZA
3M9LA
1VQOX
4QU6A
4PT2B
1SF9A
1AISB
1D2ZB
3N2QA
2F4LA
2VACA
3CG3A
1XPJA
2KI9A
2KSMA
1OFYA
1QAJA
4LGCA
1AU1A
3X29C
2I1PA
2HRVA
4ESQA
1IHKA
6F42W
2KWZA
2FGTA
5DOQA
2QZGA
1PJUA
3D4IA
4X8QA
4UYPB
3X1LH
2A06H
2X7QA
1AA0A
3BCWA
2JXNA
2SNSA
4RL8A
2NNCA
5EWUB
5D0QG
1VCAA
1OHUB
1QZGA
5K5WB
4YORA
4AY9B
3VBHC
1U9DA
1E9KA
1OE4A
2P8XS
2KB2A
3VK8A
4LGJA
3A1YA
3Q7RA
4EUKB
2Q4UA
4ZWRE
4RB5Q
3DM5A
2W3YB
5NDAA
3CUEG
2IDOB
1P5VB
3A15B
1H21A
2ELXA
1VTNC
3RXYA
2P26A
4O8YB
2CZJA
3VX6A
2AXWA
3G5ID
2MVBA
1Z8UA
6F7PB
4FDTA
4YMUC
4DQZA
2L48A
2KJEB
2FJRA
2MVNA
3X2DA
2VSWA
2Y8DA
3N3TB
3C18A
5WIXA
4BT7A
4P96A
3KYDB
6EM5r
3HCNA
3K63A
4RB6G
2Z67A
2PNYA
2WJVD
2O34A
2BJRA
4XFKA
3IABA
3NA2A
5VWLA
4PWAA
4RNAA
4M70L
2MXRB
4JIXA
2Q3VB
3NZ3A
1U69A
2ES9A
3SJ5A
1OHAA
1W2LA
3GR5A
3GODA
1WE8A
3FLPA
3FGVA
4S24A
2NOCA
5U1HC
1TL2A
2OJHA
4KJRB
3MP7B
1AN4A
6EZNG
3G79A
1C7KA
3K7DA
2LLHA
4F3LA
4KRDB
3QORA
3NFQA
4HORA
4JO7A
3K3VA
2OGFA
4ALYA
1F1EA
2LLZA
1GXYA
3PT3A
2NR7A
5IR6B
5CBPA
2PD1A
2JEKA
3I3VA
6DIPA
3CTRA
2W82C
4I1LA
3IUPA
2QA4G
3B5QA
4PSNA
2L58A
1USYA
3RGCA
2QC5A
4B1MA
5DOKA
5DICA
4WWFA
1WD5A
2DTJA
6AS4B
1VW4P
4B89A
3AA0A
5LCIA
5W3NG
3DSBA
3EJ9A
1XXAA
5MSMB
2Y1BA
5E3VA
1FMJA
3SOJA
2RR3B
5BNCA
4PZLA
1ZZPA
2LFCA
3RJ1U
5Y10C
4ID8A
5MU4D
5HALA
3GOEA
1T3UB
6B1GA
4OGNA
4V1AD
3FCNA
3LMCA
2PNVA
4PZJA
4HASA
5XJR2
1ZG2A
1VLQA
1TZAA
2OYAA
3EO7A
5ZGH1
5DJEA
3FH3A
5XMZA
5HZPA
4MZAA
2H00A
2OP5A
2RHFA
6F1Vm
5F5MB
1ZD0A
2I06A
3TBDA
1Q01A
1X6IA
5W7BB
4BJTA
3DM3A
3F0PA
6BZHB
3WWLA
2GTAD
5XNLz
5CGZB
1WDEA
3CPQA
5Y5YG
1OA8A
4UYIA
2PQVA
4DCIB
1CO4A
2CRLA
2K0MA
3FSGA
1RQ6A
1JAKA
4K2PA
3RJ1J
2WKNA
3M33A
3KDFA
3E6QF
3CM1A
2PMSC
4QPLA
3FFVA
4Q7GA
6EU0V
6ET5S
3WZ3A
5JW9A
3CEXA
2D1GB
3CJHL
5ZVTj
2KUJB
2LLAA
3T6OA
4ZRJB
2BKYX
3O0LA
5AL7A
1LR0A
5V8CA
2QIHA
2OMOA
5CYJA
3FH6F
2J49A
2FYUI
4MLMA
6C6KC
3V5WG
4RB61
4MAKA
1W4SA
5GKKB
2W5QA
3B4SA
1VQOQ
4DJIB
2WW9J
3I00A
4HBEA
6F1Vf
2XVRE
2YAVA
2JVUA
3MHXA
3I7MA
3AIHA
5JH0D
2FF4A
4K12B
3A07A
2ZX2A
3SSOA
1PW4A
1C1YB
2QSDC
4LO6B
1YD2A
1FN9A
1XXQA
2Z84A
2E7VA
4GBSA
1YWWA
4FLAA
4WAIA
2CX7A
4K61B
1X5MA
3GRHA
2ARCA
4CQIA
2PRGC
3E8LC
3QXLA
4XHTA
4KM8A
2F4PA
1BOUD
3R6AA
1M9OA
5EYOC
1CMCA
2HIYD
3LDTA
2LAIA
3TUJB
2HERA
5XRWC
3IVPA
5JNOA
4G2AA
3FSPA
5N9JC
2HJMB
2FHDA
2Y7LA
3A4RA
5GWMB
1MOFA
3VGZA
3H8DA
3X0HA
3MDGB
1FSGA
2MEMA
5K0YM
5A21G
1XDTR
4QTCA
6B0XC
2D4GA
5XN4X
6G51v
6B5BF
2EO2A
4L9BA
3ONDA
5OF4D
2RE9B
2JMKA
5YZ9A
3ZRIA
3KPBC
2XU6A
2G7CA
3UC1A
2W0GA
3WW0B
1VQOT
3O5YA
4N81A
4ZCEA
4RU0A
3E58B
3N72A
5IS0B
3ZEUB
2BDRA
1Y88A
2Z0JA
3R9JD
3QZMA
1R77A
5IHFB
4R8OA
2QLCA
2GJ2A
1SK7A
2QVKA
3JZ0A
1VBWA
2F22A
4GXGA
3LLIA
4YXCB
6EXPD
3AG3D
2W2XC
5FQ7G
2JK9A
1E29A
2LT8A
1G6GA
3AJFA
3R84V
4LD7G
3FKAA
5BPZA
2N72A
1I6FA
1TWFI
3IRPX
3MNPA
1SR8A
3B21A
4F98A
5HDAC
6EUXA
4FCAA
2BEQA
3DYJA
4WPYA
3U4GA
3LLOA
2VZNB
5WPNA
5UJ0B
4KWDA
1QBZA
1VQOU
3OA8B
3ALJA
4XAQA
6BUCA
3DA5A
3W6KB
3CX5B
1EM9A
6G53t
2VT8A
2L3FA
4CKND
2MX4A
1LJ8A
2FM9A
3I2VA
2B3WA
1Q8DA
4J6OA
3NO7A
3QTED
1GDOD
2PYGA
3F4AA
2O9MA
2GJHB
3I6XA
5XTCc
3BCYA
5AJ8A
4X36A
1UADC
2YQ1C
2MPQA
5EQZA
4LFLA
3GU3A
2QL2B
2JX6A
2WAKA
2EFKA
3IOXA
3CWZB
4H6HC
1A73A
5VK2a
1G1ZA
4NPFX
2C60A
1VAZA
4HTEA
3QIKA
5D16A
3F1TA
5J9TC
4ZJMF
3F5MC
4KBXA
3RVCA
5FIID
2HJQA
3PQHA
2HWJA
3BF4A
3ZZHA
2A6HE
2IY2B
4G2KA
5FNAF
3FD3A
5T2XC
3OOSA
2H7AA
1DQCA
1U61A
1B02A
3A1GB
2W1NA
4I6XA
2QYFB
2JV2A
4XIGM
5U96A
1T4HB
5VTGB
4BGNB
1YARA
4J42A
1KR4A
4QXZA
1C3ZA
2MDFA
1DVOA
1XLYB
2FHPA
3ORUA
3SXUA
1VQOE
3WO6A
3E5ZA
2YADA
2QRLA
3UF1D
1ZX3A
1IS1A
3K6QA
2XVSA
3D1NI
5GNWF
3K29A
5J9QB
9WGAA
4RLDC
4BMCA
4GQMA
4ORLA
3B48F
5UKHA
4M8KA
3D8LA
2NAEA
6CFWA
5FIYF
1X60A
4NYQA
3KV0A
1JYAA
1CBKA
4ZNMA
2RSIA
2LUVA
2AQXA
6EU9A
2YH5A
5Z9AA
6B4EC
3IP4B
3UTKA
2BW2A
2KVSA
2MULA
2O98Q
5T86I
4FR9A
4FHGA
2KZ0A
3GFYA
3SD2A
2NS0A
3GRDA
1GU3A
2ZKQQ
3O0ZA
5CEGA
5E4MA
4PEDA
3TD7A
2IOJA
3MX1A
2AZJA
1STFI
3CUEO
3ZF7j
3BRUA
4RCJA
3CEIA
5BWEC
5JN6A
3OUEA
1TWFF
1SSLA
1R48A
2CS8A
5OA1V
2M60A
4NPAA
1F3UA
1I26A
3WPSA
3RT3C
5M2YB
2M1LA
2R9RB
5OOM6
2H8EA
3FP9A
3Q4HB
3J7Ye
2JM2A
2HGJE
2VXTI
1XWEA
5V68D
4IQHA
3FJVA
3PMRA
1HQZ1
1LSHB
2KSKA
1DBTA
2LD3A
1NO5A
2Y9WA
3JTOD
5MS9A
3WSCA
1NYCA
4PUGA
1AHSA
1KFYC
1IN0A
2GLLA
2PH0A
4MJ7A
3CPTA
2J2JA
3FGYA
4FQ0D
1H2SB
2FP3A
4RPFA
4K92A
2Z0LB
3UKMC
3DINH
1J5BA
5U4WI
1YJNI
4BM5A
4V16A
5IC9D
2WCWA
5YL7A
4OE9A
1Q2HA
4ZXSA
3PYCA
6B4ED
6G16B
4UJ0B
2KA2A
2GAXA
2N2SA
3EARB
4RB5T
2E30B
4M64B
3CXMA
2JETB
1BIFA
2D4PA
3E8VA
3MAZA
2VYWA
3RGOA
4AC1X
2FP1A
4GEYA
2JXZA
3WOEB
4JHYA
4LILA
1A2ZA
2ZQKC
1UB9A
2ZYRA
1R2JA
5Z00K
4O7KA
5WODA
1HH2P
4HS4A
4H3WA
2RSOA
3KMIA
4PN6B
4QNCB
3MKLA
1WM9B
2EE1A
3U7IA
5AWWY
2LOOA
4UZ0B
1DKQA
4LN0C
3GA2A
2E3UA
3CTWD
3PYFA
3FOCA
2Z0TA
6F1SA
3L46A
5H6TA
2NABA
3WU2O
5JG9C
4A1RA
3PNNA
3VRDA
1UGLA
4PSLC
5M1SF
4JQPA
3R07C
5UZ5H
1HLVA
4PX8A
3E59A
5VMOA
2LWXA
3A2ZA
2PQCA
3NJTA
2NYXA
3BBGA
4EBYA
2YS0A
1R5SA
4FTXA
1U7LA
2MC6A
3LD7A
3LWTX
3GY9A
1HY5A
6F0KF
1F4SP
4ZGQB
5GZTA
1P9OA
4AE8A
3PKVA
2P97A
3KBHG
4HE8E
5C8AA
2N8EA
3ODNA
3EOFB
4RA9B
1AAZB
3O7PA
5U4WF
3MTXA
2N4AA
5A10A
5I65A
4UEXA
4EZEB
1PYVA
1TWFJ
1Y9QA
5TV5B
4LU1B
3ZF7B
3SONA
6D6VE
2MPNB
4E84B
2KPSA
3BKRA
1Z21A
1M6YA
3P5NB
3TYSA
4IABA
4YZ0A
3RSNA
4RXVA
3F1IS
2E5ZA
4GVBB
1JX6A
2G8SA
4YWAA
5E3IA
5WAIG
1E8PA
4AYCA
1M2DA
3K8JA
4CYFA
2A7UB
3B49A
4L2IA
1X3CA
3U80B
2K3OA
1F5VA
1VW42
2XMXB
3T47A
2N99A
3MMYD
4EOGA
6ANSA
2L9VA
2QQZA
3HNWA
4WHEA
2G8YA
3X1LC
2LMKA
3FMBA
2KESA
5LJMA
3SY6A
2KFSA
2EQFA
5XYWC
3EMXA
4QN1A
5LSJB
1XPPA
5Y81C
5HE9E
1KVEB
1ZXUA
3M8JA
4LDCA
4N3YB
2GQCA
4G6DA
1RO5A
4Q2LA
2PIJA
6EM5w
2X26A
1WHZA
3PC7A
2RINA
2KXEA
4JYRK
3MOND
3NISA
1GU9A
3FAVB
2HPUA
2W8XA
4WFCE
1K1VA
3X37A
2MA9A
1XV2C
2G0WA
3IQTA
4P6VE
5WX9A
1HN6A
3MK4A
2XT2A
3HA9A
2L35A
3L7HA
1I5NA
5HVNA
2XXNA
4MNUA
3QHPA
4JBWF
2CH9A
5IA9A
1D2PA
3CJPA
2BYCB
1GYXA
3WXXF
1ED7A
4WFCB
3EPUB
4RB5P
3KYEA
3CWRA
1QO0D
2NTYB
3AL2A
5TR7A
3D5LA
4HEOA
1F5XA
3NO0B
4F7GB
2F1NA
2I5UA
1FJRA
4J8SA
3UO3A
3VUBA
4NPXA
2IWAA
3F9SA
3GOXA
5MS0L
1TIQA
2JA4A
4HYNB
1JY4B
3G43F
1UEBA
2L31A
1PBAA
4RHZA
2GT1A
3G8QA
3GYGA
1VKEE
3G2BA
2WT7B
1WH0A
1TQGA
2HUJA
2XI8A
2N5XA
2P3PA
1OEYJ
4RS7B
3A1JC
3UUXB
4F2LA
1NFVA
2ZYZA
3WVAA
1TLWA
1POIA
2BT9A
1POIB
5VHFd
3Q98A
3VK6A
3CYGB
1L9XA
2V5NA
4ZKQA
1MMSA
2J3TC
3QAUA
1XTZA
3NKGA
2MLAA
5X90H
2JVPA
5CZ3A
5LDDD
1EERA
1XUVA
4DM5A
2D4UA
3WX7A
4N9Fi
3MKQB
3IUUA
4YXZA
3DNFA
5KWBA
3J60P
4ER8A
3ZUXA
4QWOB
3VEPC
2VXDA
3L5IA
1JB0C
2HBOA
2N8BA
3H2SA
4P3HA
1WLZA
6EN4D
2G8LA
1EB6A
3PWXA
4N3TA
2IMFA
2J2SA
6AN7D
2VE8A
4PDNA
4QPTA
3MTQA
4NC7A
5LMXG
5WHGA
3Q6BA
2E7JA
3CXNA
1E8RA
4UF1A
4N78D
4WPMA
2ZE7A
4CFPA
1TOLA
3W8VA
2NLQD
5VBNF
2HH3A
4J0DA
2DO1A
3ONRA
3TM2A
4B19A
2E6XA
4UZ3A
5HP0A
2LHRA
5I5CC
1BGFA
3K6GF
4WT5B
4RMOA
3O3MA
4P1MA
4BG7B
4MGQA
1HP7A
4WXSA
1JW9B
3Q6CI
3X27A
5O9EB
2CXKA
1ZV8F
5BUTI
5LLMA
3KFOA
1SG5A
4FH0A
3VIVA
6FHSG
5VFYD
4GHBA
2WFBA
5MNTA
4XB6B
5GJ4C
1RP3A
2QSAA
3S9JA
3C7AA
2JBYA
5GMXA
4TPWA
5K79A
3RNME
4IYAA
2DOEA
4BQ7F
2W2AA
1YX5A
1VLPA
3J3AL
4JLRC
1EJ0A
3P2CA
3IGFA
1V64A
2R15A
2D00A
4NBIA
3OFGA
1DGWX
1PMIA
1J1VA
2A5ZA
3GDWA
5LP2C
5YMAA
3QF7A
4A1DO
5JLVC
4GUCA
2OJQA
1TC3C
4Y7SB
4EPZA
1XTCA
1BGYI
5YHHA
1SZHA
3U52E
4E01A
3GNAA
4QAFA
3E9VA
1X22A
2F4MB
3KSPA
3HHOD
1KV0A
1ZX8A
5BV8A
6D05F
6CB17
3H36A
4AFHA
3HWPA
5TPMA
2F60K
2O28A
1SRQB
3HIAC
3U3UC
2HP0A
2GJ0A
2LKLA
3CE9A
4V00A
4X2HA
4Z4AA
5XLMB
2QGOA
4JIVD
2ZCAA
2V4XA
5I6CB
2XTLA
2HNTC
4PEIA
3ISMA
4Q1QA
2MMBA
1UOYA
4U0WA
4I1SB
2LN3A
4QTJA
2V3GA
1TD6A
4Y28K
3DF6A
1EAIC
2K7YA
2RQ2A
2D4RA
4AKMA
1EJ5A
3PS0B
4LIZA
5DILB
4JE3B
3ABQA
1EM2A
3QD6B
1CVRA
6CB8A
3PSSB
2GHVC
4LDBA
3UN6A
3SB1A
4UX8C
2BL2A
3D0JA
1VK4A
2OITA
3MQZA
2EDMA
2GRUA
3HRDF
1RDUA
2A50A
3NRWA
1SXRA
3CAZA
1Y4OA
2MHDA
5U4ZA
3IJWA
2B9SB
6G72n
1NFKA
1UAPA
4X5PA
3TZXB
3ELIA
2JESO
2W9OA
5MQ0s
1VW41
1TAFB
1SNZA
3VX8D
4S12A
1Q2ZA
2F07A
5ZKOH
4B0ED
5IQJA
4BWCA
4KE2B
2K9LA
4HU8A
4LWRA
2KAKA
4FXIA
1YUEA
3MTRA
2C5UA
5XTDv
5BUDA
5E24B
2KW3C
2Q37A
3A8YC
4ZYAA
2LYIA
2GRRB
4DYQA
2L1QA
3I0TB
5EN7A
2KRXA
5T59C
3OBQA
2ACVA
2YQRA
5FV8B
2PKAA
3LA9A
2MZ7A
2HY5C
3A8RA
3H6NA
4LQ6A
3LAZA
4PU7A
1NMUB
2DVYA
2ODLA
1H3OB
3CK2A
1FVAA
2PJUA
1OFZA
3SOOA
1E41A
4JPBA
4XP8A
3L6IA
2OQBA
2FE1A
4J7BF
5H6IC
3A0SA
4JZ8A
3ONHA
4FDWA
2XXPA
4JD0A
1KQFC
4TPSA
2QNEA
1I25A
1XD3A
4R7FA
1TWFC
1WQ6A
1EZWA
3DL8F
3KDRC
3OT2A
2WJNM
1T13A
3RWXA
4D63A
5A0KA
1TUAA
2OARD
5XK9C
5M2OB
6C24P
1VL4A
3MX7A
3MMLA
5U4Jd
4FJOC
1FJ2A
3RF7A
3RI2B
3QOCC
2BOLB
3BT5A
1DWKA
1J83A
1V30A
3ZVKA
1VQOV
5TGFA
1PYIA
2OY9A
2BYDA
4FKZA
3F52A
4YH8B
4N1LA
2OOXD
6G5HR
5CK3A
6CKOB
2HSBA
1LQ9A
2JOIA
5WRHA
4DJDD
5J03A
1VRAA
1YXYA
4A54B
4PHQA
2VMLB
4ZJHA
5TVFC
5T51A
2Z30B
1ZP2A
2QZBA
1O50A
2RG4A
3ZJ1A
6BL5A
2CE0A
3U0HA
2FKBA
1PYTA
5JKIA
4RV7C
4CGBB
4O1SB
3DZAA
1Q33A
2AHME
2NXVA
2VOYH
1RRZA
2VOYE
1XFKA
1X3LA
1GFLB
1QOJB
1O4WA
2MOEA
2HU9A
2YGLA
3K0ZA
2WB1Q
4F0HB
2FIPA
4EJRA
3T3LA
5NF8A
5IBLA
1C1KA
1YD6A
3HRDE
6FC0B
2IABA
4ACFA
3CP0A
2ZD7A
1PMHX
3J26N
2V6GA
4KG0A
1H7CA
3KXYW
1JKEC
3EWIA
1TLQA
1DECA
5W2FA
2KNPA
1E1HB
3HGMA
5MDRB
2OZ9R
4UAFE
4OY2D
2OF3A
2CWYA
1ZBPA
2QEUA
2I49A
4R6YA
2QSQA
2XDJA
12ASA
2ETGA
2KWAA
2CONA
1I49A
3TUOA
3GKJA
4NV0A
2B4HA
1NRJA
3OLOA
1AOAA
5VJ4B
1N91A
4P5FB
4HPPA
4NJ6A
1IAPA
5FILU
2E2WA
1KMDA
3BZLB
3VHJA
2OHWA
2LTFA
5BQKA
2D8DA
2PYWA
4EDVA
3RONA
4U8FA
4Y97A
3T9OA
3TEQA
1Q7LA
3J9UL
4MHPA
4GEXD
3TE8A
3NWCB
5WB8B
4HW0A
1LR5A
4JONA
5KXFA
3PZFA
5FZ2B
3NVWB
1V8CA
2B8MA
1B9WA
2YUHA
1VRVA
3UCIA
1VW4R
5KVMA
5U4Jw
5DN6H
4P1ZA
4Q45F
3SFTA
2VRSA
5AURA
4ZJVD
4OC9A
2IEQA
2P4LA
3R9FA
3F1ZA
1R62A
2OWPA
2AMHA
5JCEA
3L48A
2NUJA
2OZNB
2KJIA
4OU6A
3HZSA
2GLZA
2L09A
5L85B
2W5EA
4HI4A
2Z7BA
1K2EA
3D7NA
4YTOB
2BYKB
5BSZA
4DPPA
2YH9A
4PY6A
4C92A
1XV5A
2YREA
3MXAA
1BDSA
1YLMA
3ZRGA
2ZC2A
3BP3A
1A62A
4RB6V
4G7XA
2YXHA
2IT9D
3LI9A
4ATHA
1IO1A
1NWZA
4HC5A
5BY1A
5XA6A
4P67C
3NKLA
2LU2A
4HI6A
4N6QA
3OZIA
3K9VB
5CTGB
4QANA
2QV6A
2EG3A
2RFFA
5TW9C
2A7OA
1R71A
1WLGA
1KNBA
1OMAA
4AYAA
1Z05A
5CAJA
3P0YA
3GIAA
4L8PA
4LURA
1PBJA
1WGWA
6CJ0A
1NR3A
1TUPC
2KXRA
3RLEA
1D1GA
3CTVA
3HRNA
4AE4A
5CH4G
1QFHA
3GLVA
4M8AA
2JONA
3EIPA
4ZY8A
5A07A
4YKBA
4FCHB
4AFLA
1VR7A
1DGWA
3P8CF
5MLC9
3R84A
3JA7B
6G72J
2HQTT
2PJWH
1U8VB
5Y0YA
1YTFC
1WP5A
3FDIA
1RO7A
1T50A
3EOZA
3HSBA
3KCPA
3IHTA
3AAGB
1ZHVA
4KM6A
4LDDC
4JHGA
1XOUB
2K2UB
1BPLA
1T7SB
3U83A
1J0LA
2Y0NB
5KLVI
2WCC3
5WYLB
3M0DC
4OMFG
3ZQOA
3EDNA
3QV2A
3IGHX
2ICHA
1KAFA
2YK4A
4K2UA
1ZZFB
5V50F
6EM3B
6C5DD
5LSIE
2LJWA
3GFSA
1HA8A
4P6VD
3F08A
6C4HD
1R88A
3H6JA
4G3VA
5AGQA
1UJWB
2X5RA
3F42A
4M70K
1OCSA
2K8EA
6F0KC
6BJCP
4HI0B
4I6OA
2GWFA
3N0QA
1QMOC
2PIEA
3TUFB
3S9GA
2LLGA
1Q0RA
2AUHB
5H8AA
5HRJA
3WWCA
3LOGB
4G08A
6EM5J
3S6PG
2M7QA
1ZV1A
2JA9A
6CI7A
1Z1YA
2N17A
2HD0A
4D5BA
2KDXA
1ZXJA
2VQGA
3SZPA
6BS9A
1W8IA
2M86A
1K3KA
3MSXB
2LF0A
4DW0A
3QTPA
3IDWA
5MMJw
2K9KA
2IJQA
2YSKA
4U5AB
2MHRA
1R1MA
1T6UA
4IFDK
4BG0A
1DD3A
2DSYA
1VRYA
4GB5A
5BONA
3LFKA
3IXSF
3RK6A
3TR3A
2Y2ZA
6EY0B
2A6AA
4V3DA
2O5VA
4PNBA
1XU0A
2FP4B
3VHXD
1KLOA
1LMIA
5EROA
5AWFA
2H36X
4ZOXA
4DQJA
4C6SA
2GHTA
4W78B
3VY8X
5MC9B
1NE7A
5GNJB
1VR6A
2N8FA
5GZYA
4X8AB
1WFPA
4BB2B
2XUVB
1G9PA
4YC7B
3M03A
1TWFK
4BZ4D
4OPBA
3ZZLA
2RMSB
3O5TA
4CE4L
2YVTA
3D0WA
1KX5A
2Q4ZA
4WJIA
3J9CA
1VSRA
4PN0A
1L1PA
2GBWA
5XTCn
3D3KC
2FL4A
4OL8E
3GAEA
1E44B
4XKHC
2IZPA
1HY9A
3GBYA
1BY1A
4DULB
3LRTA
5ML1A
2R9FA
3L8WA
5MX5L
1YFQA
4UYJB
1RZUA
1UT3A
2FFMA
1UGOA
4LBAA
5KEWC
5LDXp
2BH8A
3OOUA
6EU0Q
2D49A
3IEZA
1Y43B
2CSHA
5TJ5P
3IZSJ
5JHOB
3J46N
4RB6I
2I6EA
1Y2YA
4HYGB
3LQCA
5KYHL
3GA4A
4CKMB
4MWFC
4LQEA
4RWXA
4PCKB
2GS5A
1SJ7A
4Z8LB
1HPLA
5O8OA
2Z0UA
5VOUF
2EP8A
2V4HA
1ZKEA
4K2JA
1L3YA
4JEMA
4DADA
3D82A
1K20A
2MCFA
1R12A
4MEEA
1JPXA
2VE7C
4Z0VA
1DFUP
2K1KA
1AC5A
3D9RA
2YO2A
3NWZA
2QJLA
4XOMA
3MALA
1Q3JA
1EI9A
2MX0A
2MAOA
5XDZA
2FNFX
2HKTB
3EEYA
3U1WA
1GH8A
2EPTA
4BL0B
2M0MA
2NBBA
4DOYA
3WDGB
1L5XA
1F5MA
2O30B
2W7VB
2QTVD
2KV9B
3ZHIA
5DCKA
5Y81E
2B4JC
2HL7A
5EP6C
5DA9D
2XHQA
1KHIA
5OA30
2O8SA
2DMIA
2IDYA
3DNJA
6BL7B
3PUFI
1VZVA
3IGMA
3E9TA
2M4FA
3CGVA
4P7XA
4UQUA
6G2Jc
1SRAA
4KK7A
5K5LG
4RM7A
1QHHC
2PN2A
5CHSA
3R12A
2QYCA
4WZXA
2HEOA
4JLEA
2V8HA
3MQ1D
3Q9QA
3NR7B
4BFCA
2OKMA
3SM4A
6EM4o
3QE7A
3VPYA
3NNKA
5X0SA
3LYDA
4LPQA
2R1JL
4DAGA
2ICGA
1QJKA
2BAFA
1WYPA
2DM9A
1O7IA
2RE3A
2K8OA
4DZOA
5Y6OE
5JFTB
2MN5A
2MOBA
1FT5A
3OF4C
4DX8H
5A1QA
3RJUA
3ORJA
3CO1A
3NV0A
2BBHA
4BJMA
2PFMA
2D81A
3KDQB
2N95A
5WUJB
3L3UA
3BRJB
3G36A
4ZBOA
6EWYA
1KXPD
2KSFA
2LO0A
4UMGA
5KKXA
3N8EA
5CRBA
3W0OA
4J5MA
1VW4A
2XGYA
3IRAA
3IWPA
4FBJA
3SHSA
2J2MD
2B2HA
2CKAA
1SV0C
5DZ2A
2LRMA
2LXOA
3VP6A
4X7YA
1XL3C
1VJ2A
2YMAA
2JUZA
1FC3A
3JQWA
3ZIBD
3PA6A
4YZFA
1VA1A
5GW1G
2ZDJA
3LWXA
4A9AD
2OA5A
5H69B
3EXRA
2ER8A
3NCTA
2N1PA
2KEOA
2OD4A
2RK0A
2PZ4A
1KN7A
4N4OD
4CCSA
2Z43A
4BMDA
2RB6A
2L0YA
2P4PB
4X3IA
2AZEC
5MRWC
5O7BA
1Z23A
2PHPA
1SAZA
2YYBA
3JTCB
2IX6A
1W8XP
1VIMA
4RHZB
1M36A
1R8HA
4UXEA
1HZ4A
5F2TB
1ETEA
2XZ8B
3FDJA
1Y44A
6EPHA
1MYNA
4UJ4E
3B0DB
1EXSA
2FYZA
3QV0A
5U7ZA
2FREB
5CBHF
5FFCA
5NPLA
1B8ZB
6CUMA
5L3XA
3AJ1A
5ICAD
4IPUA
3MY2A
1V65A
5I61B
6AOKA
6G18x
2QZ7A
5CQ9A
4B6WA
5FL7H
5LCSA
1ZAEB
3BRCA
3LQVA
2VTCA
4GI3C
4V3LC
3RQ4A
4GOQA
5UEBA
5HX2F
4V1Al
1YUJA
1OOHA
3FY6A
3HRZB
1XKOB
2KMXA
3HN5A
1WVEC
3S6FA
2OXLA
3KY8A
2ODCI
3VZ9B
3CPKA
1VX1k
2RA9A
4PIOA
1XX1A
4LUKA
1N26A
4YHCA
3VSIC
1DH3A
5J5KA
3LD1A
4A9ZC
3ZQ6A
3IF8B
4IZXA
3JYBA
1UFIC
1G7DA
3ZFIA
4YY2A
5VOCC
5IKFA
1IJDD
5X9XB
3NFIA
2QVLA
2NSVA
2N6NA
3GHDA
2PK9D
2I5VO
6F1Un
5OC0A
3SJDE
3QU3A
2QSWA
1ROWA
3AQBA
3T5QA
6BZEH
2XZZA
3L1EA
2GF3A
4CCVA
1Y0GA
2KHKA
1SBPA
5LF8A
4M5EA
2RQ1A
2E1MA
4AP4A
3FGXB
2MXZA
3SEBA
5NHQA
4QFTA
3TQFB
2JI4A
3DD7A
4AEQA
3G5OB
1HUSA
5NV9A
3G3ZA
4ZXAA
2HGSA
2KNJA
2Q3WA
3FPVH
1IUQA
4IMVA
3UXJA
5LSKP
3X37B
1K8KD
1BFRK
3BWVB
4RB6U
1JO0A
3NQHA
2QYXA
4QS4A
5UPHA
2NX2A
4FAKA
1Z6MA
5D9RA
5X42D
4X6GA
2BO9B
3A5PA
1E0FK
1OQAA
3BY9A
2RPSA
2PM7A
3LO3A
5G2ER
6DGMB
3MEZC
5FZVA
3LL5B
2Z26A
4R6HA
3I38A
3TPQM
4YXXA
1PA4A
2NNRA
3BH1A
1F2UB
1KJ0A
6F7JA
1VHGB
2GK4A
1VKKA
2TGIA
1ZK8A
5V6ED
2H31A
3FB9A
4NOCC
4RB6X
3EFGA
3MAHA
4ZGFA
4MOZA
1MTPB
4RR5A
1JOGA
5HX2I
2NDJA
5JNOB
2RSYB
1FOUC
1K99A
4UYTA
2V8QA
3TG9A
4NNGA
3TLQA
4UZXA
2ICWG
2E2DC
2YILA
1EB0A
1W2YB
5C6UA
4A8XA
1F60B
2ARIA
1GHEA
4M6RA
2CQEA
4I4NA
3MVAO
2R88B
2C5ZA
5NUSB
2MDNA
6CBPP
4WZ0A
4TLFA
3I1AA
1TDPA
4U60A
4HR6A
3OF7A
3JYWG
3HFOA
2B30B
4V0BA
2L95A
2FWHA
1X6FA
4MTXC
1VMDA
4PKMA
3A6RA
4I1XB
2NC2A
4A1BP
1TXOA
3ZC0B
5HHAA
2Z51A
3ZVKE
6B12B
3TT9A
4DOIA
2M1XA
1SR2A
2YFUA
3ILSA
5M30B
4NUUB
4KT3B
3MTUA
1I8AA
1AFPA
2J7QA
1XVAB
1GMXA
3W6JD
2LUTA
4LG3A
3RCCN
2J6AA
3ZBOA
1S28C
16PKA
3EPZB
4I3MA
2IN0A
3LQMA
2ZGID
1GPCA
1LY1A
1U97A
3IUWA
3BHGA
1RKUA
4ZB3A
1SR4A
1A1ZA
3DCLA
4MO0A
3OIZA
1VKIA
3TJZF
4KXQA
1LDFA
4YK8A
3D3OA
3M7LA
1Y9JA
3IZBP
1OTKA
2QF9A
3G33B
4HK1A
4RB62
1O3XA
1Z3EA
1DMUA
4ESKA
1W9EA
1NYKA
2Q9UA
3HPCX
6ANZA
1JB0E
2XNFA
5HHKA
3PFOA
3OEHQ
1WGSA
1NLTA
2E9XB
3F1IH
5GJWE
3ZF7P
1JB0F
6EXNO
3EE1B
2FLGA
3PP5A
3ZEUA
4UF6F
2HH8A
3P04A
3OJ0A
2I7HA
2QJYA
4BLFA
5FIRF
2OTNA
4HRSA
4OOGC
1HEKB
2ANNA
4O8WA
2IL5A
4A5UA
3HV9A
4L9UB
1PCHA
1TWUA
4ZVCA
2XWSA
2FCWA
1C15A
1WE1A
6FKFg
2BCGG
2O4DA
2Y8TE
2N2LA
2PN0A
4EI7A
1DGWY
3I4OA
1LWBA
3E98A
3KWPA
4QXBB
5Y9WC
2N5EA
4NTQA
2KLNA
4R19A
3ONJA
2KOGA
3ANPA
3CNYA
3FW9A
3MOPF
4A1FA
4DX8K
2GTIA
4ISBB
3AGCA
5O33B
3FYRC
3CWXC
4ABMA
4WRIA
3R5YA
5TWAB
1YKGA
2RETA
5U0SI
4WKZA
3B7CA
1GTG1
1BB8A
4WTPA
2HKUA
2MZ4A
3QSJA
2NDIA
4DYLA
3WUPA
5CJ3A
3A9BA
3D0FA
1K0IA
2EX5A
2JG6A
4WQKA
1AIHA
5MQFS
2CZVC
3EGWC
3JXOA
5LJ3F
4RC8A
4FYMG
2GLDA
1ZS3J
4N06A
5UBPA
3BOEA
3PVTA
2OV6A
3FBLA
1URRA
2B8PA
3ULTA
4GF4A
2WDQC
4INOA
3QS2A
3IFVB
3IEEA
2RHKC
3RFAA
2XVOA
2ROPA
4LQBA
1H65A
4GMQA
3HH7A
2KO5A
5VOBB
1FXRA
2H98A
3RBYA
2NB2A
1EV0A
5XNWA
4XPMB
1L8DA
1HTJF
4L54A
3OTNA
1L8WA
1WCWA
3E53A
2PCRA
4IEUA
2C4IA
4F7UA
3RY0B
1U57A
3NZTA
4MESA
1B5FC
2AKOD
4REVB
4REPA
4D4WA
4W8CA
1Z2NX
4DJDC
4MLLA
4NL9A
3QKCA
3BYPA
1FBMC
1LOPA
2EWCA
5IIQA
4QJVB
3KLUA
1BL0A
4IOZC
3IMOA
4H7RC
1A3AC
3AG3E
3CRDA
4RSJA
2WNFA
3R9MA
1Z0PA
1VPRA
5DN6Z
4NDOB
2UX0A
2ZSCA
3WY8A
4U5WA
3WQMA
2G3RA
4NZGA
4RO3A
3G1CA
5AOQL
2N39A
3EYTA
5LSKD
4TJVA
4H14A
2X5FA
3TY1A
5WCOC
3EK6A
3NAPA
3HE5A
4TPSB
3A32A
1RLIA
2XJPA
3ZDSA
5WBMB
1ZW8A
1K0EA
2W31A
3OQ9C
1JADB
2IKDA
4DGWB
4C92E
3VPBE
1FASA
4US3A
6EQTA
5A4OA
4NSVA
1TU9A
2Q30A
5JBTY
1GMUA
4IC4A
2UW1A
5ZGBO
2YYYA
3RRLB
3E6CC
1UX5A
2L9NA
2ENDA
1NPSA
2YMSB2D1CA
1R0DA
4D0QA
3TEDA
5TF3A
4GSKZ
2MXTA
5C5VA
1BB9A
2XOLA
3CCFA
3N4RB
2QE8A
5EX2B
5UQDA
4LJRA
3WV7A
4HKQA
3J3Ah
3PM7A
3SEIA
4ZLDA
4XHJB
2X9KA
3I2MX
4UISB
4JE3A
2DBSA
2MMPA
4L7MA
2DUYA
1NLWD
3PU5A
2E9XA
2NARA
5OXEA
2QJWA
5V6PA
2PXGA
1Z9IA
3HL1B
3OSSC
3HZJC
4PVAA
1TV8A
4R7SA
3F6AA
2UUYB
2XMJA
4UC8A
3X2MA
1LWTA
5NCNB
3NZLA
3MABA
1IBYA
4XURA
3HLUA
1A0CA
3FQMA
3UPLA
3QFMA
5ABVB
3F67A
1C44A
1JJRA
3ID6A
4GK9A
3HSHA
5IOOA
1WL1A
2LPBB
4NDSA
4XIGN
4HRZA
5GOTA
2FGOA
2EEOB
4HTGA
4A0EA
1J6WA
5YNLA
3GBWA
3DBYA
3CI0J
2ND4A
1VW4T
3KB2A
4EFAE
5F2KA
2X0KA
2SAKA
2P0QA
4FDYA
4PHZC
3W54A
1LGHE
4R2FA
1PNBA
1SSEA
3L4QC
6ELMA
1UCSA
1L6L7
4QIWT
4JGLA
2MHCA
2LTLA
4G3QA
2ARKD
2MP8A
1Z60A
1FX2A
4CFSA
3JVFB
4N05F
1RI5A
5JD0A
4RZYA
4B6DA
3MQQA
5Y81H
5DJIA
3ZLCB
3SZYA
1OKCA
4NE4A
5E3EB
1ZAVA
3M66A
3G16A
3J9JA
3VDOB
3ZITA
1U02A
4F6PA
5WSUC
3D7AA
1HKYA
3BIDA
1X4TA
5GV3A
4YC3B
1ID1A
4I99C
2WVQA
4HSQA
4H62Q
2J4LG
3ID9A
3J6PD
3S35X
4C3IN
5HO3A
3KD6B
2N75A
4CD5A
2X79A
6G2Jr
2R78A
2W83C
4M7RA
4X9CA
3UFCX
2DDLA
5D75A
3LWUA
1EERB
2P2UA
4AUKA
2LHKA
2N88A
4LERA
2LUHB
2YUKA
1NV8A
2AMWA
4UF5B
1TZ0A
3KZTA
3U5ZA
1KW4A
2MFZB
1S68A
2KQEA
4CDBA
3U66A
5SZGB
4V1NR
1Y9XA
3U28C
3KP8A
1OGCA
1ITHA
3EHCA
2PJRG
5LMEA
2MAUA
2P58B
1QDPA
4XLZA
1QXNA
1MVPB
5ABBZ
1GMEA
2KWHA
2MTQA
4V1AP
5LM2A
3HRPA
1LC0A
5C3LB
4YNHA
5FILQ
2Q0TA
5AYHA
3QQZA
1N7SC
2KNSA
1HXNA
3M70A
3ZCBA
4ZXSD
2Z7EA
3R5EA
1G61A
3BQZA
2P5TG
4EAIB
3LGDA
2XHGA
2PW8I
5WC3L
1DDZA
3OUVA
4O8SA
5IJ4A
3VK0A
1JYOA
2K5KA
2RIQA
4JF8A
4OD6A
2JMBA
2LE2A
2PW6A
4U6UC
4K3ZA
3EEHA
3NVNB
1LEDA
1Z1AA
2GPIA
5MPSc
1JXCA
1R8UA
3OGID
4GT8A
2LPBA
5L75G
4CYKA
2DIRA
3PH0A
1S7ZA
4PEVA
4MPOA
5J0JC
2QCVA
3G7PA
3IYMA
2KSGA
2FN2A
1CHKB
4ATVA
5FMTB
4AXIA
1FLTX
4IRFA
1MSCA
1UT1A
5VOXS
3N9UC
3L51B
3FK8A
5A34C
4KSNA
2MJGB
2VSGA
3M2TA
2A90A
1S7BB
2HC8A
4HFQA
1KS6A
3B42A
4EXWA
2IXMA
2YS8A
3E4GA
4ZY7B
1T08B
3MXNA
2LWWB
4HL9A
3BIIE
5BUZC
1WJZA
4O4OA
4L3RA
2F09A
3DJMA
4RB68
2AG4A
1RQUA
5WTLC
1KXUA
3ES4A
4RP3A
4DNHA
4H08A
1WGFA
1LXJA
5JAAB
4RI2A
5XJ0Y
1XKNA
4RB5O
4G9QA
2X5XA
2V0FA
4AKVA
2MJMA
4H6CA
3CFUB
3VL1A
1JIWI
5MQFQ
2KWUA
2A26B
3TXSA
4MK6A
2J43A
2LBTA
1MHMB
4XCPA
2N2HB
5HA6B
3CX5I
1PUFA
3TKVA
4NPGA
4MTLA
4USOA
4XVXB
2WY8Q
2QG3A
5T4QK
4H0AA
3EUKM
4ZMKA
2X57A
2MRLA
1VPKA
1ESCA
4U10A
4GJ4A
3D30A
4NN2A
2MKNA
1VJLB
1T8HA
1O70A
2MI2A
5FQUB
2Z0NA
5CZFB
4TORA
5GMKP
3TACB
2JX0A
1GVNA
4ZQXA
2FNOA
2M8VA
4QHWA
3SFVB
2L4LA
6AO5B
1UUNA
1N52B
1CFZA
2X32A
3O72A
4J8QA
4WH5A
2EE7A
3C0FB
2EHWA
1S20G
5JTLE
3QW9A
1SY6A
1WOCA
2W39A
2CZQA
4U1EG
1LN1A
4BRCA
2B1YA
4X83A
1H9FA
2E85A
2JZ7D
1HHNA
3HGFA
1RKTA
2ND9A
4OG9C
5EL3A
4GIPA
1SS3A
2NDPB
3F9PB
3M6JD
2OR8A
1LKOA
3ZWLF
2QS9A
1WF6A
1YLQA
1X92A
5IR0A
3N3MA
1PSRA
3I1IA
4AJ52
5DINA
4OW1A
5H72G
1QFTA
2J8KA
2IB0A
4ROHA
4XKZA
3NUFA
4WHNA
1W98B
2OOJA
4OZ6A
3AG3J
5ZJIO
2P4QA
1LBAA
2CR7A
5JW7A
5KZBA
5XYIM
5K57A
1ZUOA
4CCGX
2P90A
3O9XA
2IW5B
2P0NA
4XKLB
1L2PA
4PAWA
5X8Ry
2DSQH
5OOM9
2YNYA
2JLQA
2ZSHB
5A12A
1YGTA
5COSA
4Q34A
1F94A
1V9FA
4BKWA
5CFLA
1HX6A
3K11A
1YLXA
4JMFA
2FT0A
2O5UA
5Z8OA
2AZNB
3IV1A
1SQSA
2PK7A
2FH5A
4QQFC
4HYZA
3LWFA
1QRJB
4YBNA
1GU2A
3BUXB
5VF0B
2FVVA
2C1DB
4FTDA
2RDMA
2F6UA
1RLWA
5L1XG
4LVRA
2N4XA
3JTPA
2I33A
2BYKA
3IT5A
2II7A
1S29A
3DGPA
1SYXB
2ERFA
3ETNA
3S8SA
5VMXA
4LJOA
1ID0A
5LQYI
1T23A
2PQRC
2FCWB
2JP3A
3J36I
3JTWB
1WYXA
4BQNA
3PL0A
3FRYA
5C8HA
1XCQQ
3RPCA
2K6XA
3KLYA
3UT4A
1VCTA
5UIFA
3NUWA
2CXHA
2P3YA
2BK8A
1WWGA
1IDPA
4ICVA
5LGFA
3URRA
3WMVA
4OI4A
5UZ9F
1LRWB
3KZ9A
3ITFA
6F62B
1CE4A
2RV4A
5G05E
1U14A
5EZCF
2Z4TA
3E8TA
1M55A
1WC2A
4R80A
5M1GA
2WLRA
2N32A
3HLSA
3GX1A
2EFEC
4RXJA
3EDSA
2JV7B
1SDIA
6CFWE
4BJJB
4UG3C
3SC0A
4RB6P
4XVVA
3BCZA
1JOFA
2AENA
2FHZB
1AXHA
3WRBA
3BASB
5JFMF
4KV2A
3F6OA
2IJPB
4TR3A
5DLYA
1MPGA
2PS5A
1P35A
3BWUD
3DCPA
2AJ6A
2RG8A
1V8HA
2LZFB
1QSDB
2YWKA
2DDWB
2G18A
5NPYA
1UJ2A
3ZIEA
4ZDSA
2AXYA
2QZTA
3RLKA
1VW4V
2E2ZA
1FIPA
1WKRA
1P4XA
2D3O1
4CHDA
5CZOC
1VZYB
4RAXA
2GUKA
2CZLA
5NCMB
3A1FA
3OQQA
1OP1A
5EXEC
1GURA
2P0WA
3MSQA
2GUZA
3DN7A
3H6QA
1NHLA
3MXNB
5U0S3
5AJ3A
3N91A
3V68A
3WFDC
3EO2A
3AJ6A
1G5CE
4PWUA
1VDDA
2K1IA
1ZEEA
2AM1A
2RD9A
4R7RA
3CEDA
1N2FA
1UGJA
3PM2A
1EIAA
1ZK6A
2INCC
2L73A
4GIWB
4QB0A
1A0TP
3I0YA
5U4KB
5IR6C
1U05B
5CWSJ
3Q5XA
5HC7A
4RWRA
2Q0OC
2BB6A
4GCKA
5TVBB
3QWGA
1NW1A
1XOUA
2G0IA
4AFMA
5NOCA
5TDYD
1C4ZA
5TROA
3OR1A
4OMGA
4JYKA
4MF9A
2AEEB
6C26C
1JEKB
2BBEA
4EB0A
4WCKA
3U97A
1VGFA
5BW9n
5ODVX
2XGGA
1V33A
4RB6S
3UV0A
2N3DA
3M7AA
2GBOA
3L7YA
6CP7U
3T7DA
4B8RA
1Y9BA
5YIXB
1VK6A
1EP5A
4WZIA
5N7EB
4IJ5B
1JKZA
1JY2S
2V9HA
2NBIA
3GUVA
4WDCA
5ECFJ
4GIZC
1IOJA
1WFAA
2E0GA
4U98A
4XB6C
3FGRB
4G5AA
4PP8D
1UUCA
5F5TA
1RHXA
3MGJB
4U5YD
5CWSK
2FE0A
3ROJA
2A6ZA
3FPNA
3O6CA
2IP6A
4D7PA
1GOTG
4CS7C
4NXYA
2BZBA
6C24Q
5HJQA
3SXUB
2M4GA
2GE4A
2WQ4A
4RGDA
3N7NB
2EWTA
3CEWA
3IGRA
1B5DB
3F6VA
5D70A
2A1IA
1RGXA
2EBOA
4BRWB
5M30A
4MT4A
4WLRB
3LQHA
5CW7G
4L8AA
1K3RA
4R24B
1KO7A
4W2QF
4N0HF
4FLEA
1UN7A
3ZSUA
4NZKA
5LIIP
1QQHA
5D5NB
1NVPD
4DN7A
2BHWA
5OWNA
2D59A
3F7CA
1T4WA
2MXXA
3W8HB
2D68A
5EZUB
1FKMA
4G9SA
1DP4A
2GP8A
2W9YA
3TL4X
1FAOA
1GJJA
1GUUA
1TTZA
1BDEA
5WTQD
2Y2BC
3LG8A
4PXYA
1SSUA
4O66A
2Z02A
5ZQ3B
3K8UA
4HE7A
4AGHA
2FFTA
4OEJA
4TN0A
1UJCA
2PKDA
2EPPA
4G1GB
4CT0B
2W0CT
3B79A
3HFHA
5H0JA
1A92C
2V1QA
2IB1A
3V67A
1M7LC
4BZ5B
2WXWA
5MVIB
1WKUA
4JHDF
4WO7B
5IZSD
5NJGA
4QMHA
4CBHA
5H1NB
3C6FA
2J4NA
3GGDA
2K5GA
1X4VA
2VN5D
3I71A
3ZX4B
5OONA
2VNQB
4D2HF
3OIQB
1I8DA
1W5CL
4QNDA
4D53A
1J8UA
2K9MA
2OB9B
2EHOH
4XK8h
4E0AA
1BH7A
2XPWA
1HS7A
4BFZA
5LOSA
1U5YD
2Q78A
3AG3F
2GVIA
3KA7A
1UIXB
3KFWX
4DKNA
3CD4A
3FEWX
16VPA
5B0VB
3OPCA
2CQWA
3CX5F
1WMIA
1ZHCA
2L7KA
3FFMA
1S2XA
1G12A
4MTMA
2J8BA
2CR9A
1TUJA
1M8AA
1JVRA
2OC6A
1K8KF
2GHFA
2QCQA
3MQ7A
3LQ0A
4G0HA
5EVGA
6AXDA
3GDHA
5IKFB
1NXHB
1EQ7A
3PISD
3J47V
5IXHA
1GK4A
2NPSB
2EVVA
1VHXA
3U7QA
2A50B
3ZIGA
4ZFLA
1VGJA
3JA6K
1HP3A
5C79A
5SV0G
6ELCA
4Z04A
3OMTA
4X2CA
2I1BA
1KAEA
5L2DA
1JN9A
3PFNC
1TO6A
4OTNA
5MG8C
2CW9A
6BJYA
4EO0A
2P61A
2R41D
2QKVA
4C53A
2A0BA
5W5ZA
5VAIP
2JQTA
5MUUH
2RUPA
2Y6XA
3N24B
2RRLA
1VRMA
1QH4A
3FBZA
1ZPVA
4F2FA
3FXQA
3E2QA
3LVKB
6CP36
3DXYA
1NTFA
2D9IA
2MU1A
2GQBA
3TXNA
3BVOB
2XW2B
4TQ1B
4RB5B
3JSBA
3J4UC
2EFVA
4P6QA
5XYIe
5K12E
3ZJ0A
4WKZB
4FAYA
2K13X
2YMSA
3HR0A
5LC5Y
4C16A
4MT8A
3IKBA
6F41V
1SVJA
2O3IB
5J8TA
1NE5A
3RPFC
6G8ZE
2OU6A
4F9KB
4XB6A
3ABQB
5I8LA
6CHSA
1MJ4A
6AX9A
1G26A
1S6XA
4QGPA
2LE1A
1QAUA
5O4UN
1O20A
5CK3E
4R9IA
1QYIA
2JQQA
4CSBA
2MABB
2N76A
4R2YA
2FUPA
4FQDB
2PSBA
3KYZA
1V63A
2M4LA
4DSDA
2C3BB
2EHPA
5VEGC
1NLQA
3ROBA
5XTDZ
1BO1A
1T6T1
1EWSA
1RO0A
2DE3A
4A3ZA
2Z1DA
3EKIA
3BJQC
5XTDU
5C5ZB
1WDVB
4OZKA
1ON0A
5M9FB
3GNLA
4YI8A
5U0P2
1RWUA
5J9QD
5Y39I
1LKTD
2IYBE
3UR8A
1GD8A
5US5A
2RBGA
3Q63A
4FEIA
4R9PA
3CQJA
1VK8C
2ONFA
4ID3A
3FKEA
4Q3FA
5B6EA
3FRRA
2DSMA
6CFWC
2WNYA
2QB7A
4DG8A
1PC0A
3ADYA
3RF2A
2B0AA
2VJ4A
2NTKA
1EDYA
1P8BA
2IG8A
5O5JB
3AG3H
5OWOC
2F40A
2JKGA
2WZOA
3UD2C
5X5SA
4G4KA
4PWOA
3J36M
1YBXA
1PV5A
1POCA
5CGEE
4WYUA
1WXPA
6G2Je
3JU0A
1P4CA
2GNOA
3EN0A
4XZ6A
1A6BB
1WJWA
3TDGA
3ZU3A
5FN5C
5Z38G
1NC7A
2WACA
3ICXB
3LMZA
2JN4A
3BKUD
2D8MA
3GWLA
4LIRA
3H2DA
3ED4A
4ONQA
2JWHA
3OE3D
3K8RB
1KHZA
3JSJA
3ZQSA
1VW48
2AF7D
3UB6A
2FM8A
3TUFA
2W495
3NVMA
3WZIB
3BMBA
3O1LB
4B0ZA
2Z72A
4FD7A
2VSVA
6C6LO
3LEQA
4LJXA
4M40C
1FO0B
1DG4A
2K8IA
3OP6B
4C1BA
2K10A
2XHIA
3BS5B
4RCTA
2J6PA
2MPKA
5LJ5P
2LHFA
1CYOA
3C7MA
1JB7A
4FPRA
4WCWA
1S7MA
2HJJA
5ELHB
3QT2A
1HDFA
1W66A
1VJGA
1C17H
5ICAC
2NN4A
4YOOA
1FWQA
3T69A
2F2AA
2BL7A
2P06A
4Z1VA
4BT9A
4C5WA
5XG2A
2IG6A
5T59B
1YVVA
4N9GY
3ES5B
1T3YA
2IGPA
4YTWA
4DZGA
4CU5A
2FC6A
4MZYA
4PH8A
3FD4A
3LAXA
4OLEA
1L3EB
2P1ZA
2KR6A
1Y0NA
1PNOA
2H9UA
5EXRB
1M70A
3GHFA
4LAFA
1TXLA
2BMOB
3NNGA
6G18t
2W9JA
4ZQAA
6EZNC
2Q3LA
2RVBA
2BIIA
1YBJA
2IIDA
1WPUA
4I16A
1XK7A
3KWLA
2KKHA
5FL2K
3CT5A
1RM6B
2Q22A
2FYWA
2LMZA
4W4LC
5YD0C
4I6MD
1VW4Q
3CBNA
2N2JB
4KRWA
1TJLA
4Y66B
2OTAA
4EOYA
4PLIB
1H9MA
2DVKA
2KMWA
2RP4B
2QSBA
5JENC
3FETA
3RMQA
2FLHB
2KLZA
4AGSA
3V4YH
4Q4W2
4EWTA
2D32B
5A7ZA
2UUZA
2BZTA
5IFMJ
2WVFA
4KYSA
1O9GA
4TZQA
4DOVA
3ZV0B
3T7AA
3FCHA
4NT1A
1OTJA
4V0PA
2GZ4A
1MHMA
4HFIA
3H87A
2FJI1
4A2XA
4FQKD
4P1WE
1U8SA
4PEUA
2FSDA
4RRQA
2YWQB
4F9ZD
4QFQB
3UCSA
3RHTA
4RPTA
2X9AB
3KLBA
3PLTA
3HF5A
2L6RA
3FEFA
1FQYA
2I6VA
2ND2A
4QU7A
2CJSC
5DQUA
2OQMA
3ZXUD
1X3AA
6F1Ta
3PNLB
2IXSA
3IV3A
1H4YB
3JYUA
5XNBO
1N12A
1T9HA
3HR8A
3HE4E
5UKEA
5MLFA
4EW7A
4W20S
4ZHEA
2J0WA
1IXLA
4M70B
4Z39A
1J3WA
1XAUA
3PTYA
2VH1B
1IIJA
1VTZ7
5U0PF
3LPMA
4L5GA
3R72A
1AM9A
4Y66A
5JNPB
4YITA
5KKOC
2GTTL
2KSRA
2GFGA
4LYPA
1BM9A
4ML7B
3OADD
3T61A
1GH9A
3ZGXZ
4IFAA
4WFCC
4QXLA
4GPAA
3WE9A
2DL6A
1PF5A
2P3XA
3GITD
4UZMA
5IEUB
5B0ME
3SXMA
3EQZA
3OONA
4C9SA
3CS1A
3OD8A
5X1UA
4OK7A
4JTMA
5O31d
2ODMA
5MF9A
2JODB
5DCQD
5Y70A
3LAEA
4O9IX
5VJIA
5FRHA
3IV4A
2VECA
4CC9B
3OHGA
3OKZB
2MRFA
4ES7A
4XPZA
4CZ8B
2YVIA
1UEOA
3CX5H
2N85A
2C1VA
2P9RA
2D56A
3ZYLA
2E5SA
4AIVA
3E38A
5XYVC
4QIUA
3X38A
2YJNB
2YZTA
4QIWM
2VFRA
4EO9A
3OC8A
2OGGA
3F3BA
4EAHB
1BX7A
3CNIA
3EDOB
3U27A
4W4KA
3NZNA
5YHRB
2LOMA
4QYSA
3Q87B
3M5FA
5NCAA
1CF4B
1UZCA
4W8OB
1OZJA
3AAIA
4G3OA
5LW8A
5TVLA
6CFWD
2GF6A
2M9XA
1MZTA
2KTVA
1U6TA
1H6FA
3LVGD
3TQ2A
5JQ3A
5O7HC
3T7ZA
2QHFA
5HXGA
3WBZA
1LMB3
4KQIA
4CLQA
2L7XA
1OR7C
3U16B
4P63A
1APYA
3TEKA
2M2KA
4DLOB
2YMSD
2DI4B
5NQGB
3E0HA
1KA1A
3ZF7h
3HZ7A
3FR7A
5VJJB
1QUPA
1MDYC
1VW4B
2KM6A
2R0YA
2KXOB
4CDCE
3R45C
2J7AA
6CDCA
4WX0A
3F6HB
3DNOG
4WYQA
5IKJB
3GYTA
3GYCA
2COVD
3O2EA
4QMFB
3WYCA
5IBKB
3F47A
4TX1A
2Z3QB
4JEHB
3FGAD
4V1AN
4JQUB
2WTGA
3MC3A
3BSDA
1JRJA
2PSMA
2HHGA
3C8FA
5VJPB
2PN1A
3DCDA
2QGMA
4OD8C
6G3FA
1U84A
5U0LA
1M3WD
2X43S
3NYBB
5VZ4B
3VC1A
1B12C
4ZWRG
3OTGA
5VEYC
5C3QA
4UX5A
5VK2A
3KZHB
2VWAD
3LPEB
5T2PD
5F4CA
5TD8B
3N8BA
1SH8A
3GGRA
2Z1CA
3TNUA
4AK2A
2EK0A
1PM3B
1T0FD
1VCHA
3QFGB
2R9IA
4L2IB
2I6HA
5TJTE
3QE9Y
6CAYD
1KIGL
5HPDA
3NW4A
1VQOO
4X1CA
2A6CA
3PCVA
3Q4OA
1WV3A
4FYBA
3TS2A
5ODTB
1X9IA
1EMUA
4O1RA
4RHWE
2H5NA
1EG3A
3CX5G
5ODIC
3SSUB
1X51A
5X6BF
3K6OA
4QSGA
1Y96B
3C9AA
2KNMA
2FIUA
1WUDA
3EGNA
4F0ZA
2W7AA
3DKQA
3IC5A
5C74A
5MQFN
4HKUA
1WV9B
3P3VA
1PHTA
6EXNP
1OJHA
5WWLN
1SC5B
2W3GA
2YDTA
5GHRB
2M5YA
2EQ5A
2IQ8A
3J3Bt
4IQJP
5LSJC
6F6RA
4OMFA
3ZN4A
2JRAB
2FU4A
5A9QE
3NBMA
2FIWA
4W5XA
1MK0A
2C3GA
1DJ0A
2QWZA
1WR8A
4K30A
2JPNA
4OXPA
2QK1A
3KMAA
1L8RA
4GBAA
4M73A
3M9QA
1QWYA
3GWMA
6F9WB
5CWBA
5W9FA
2LUAA
6EM4u
1D0DA
2I74A
2P8IA
1F1MB
4YX1A
3QP6A
2JX1A
5N5AA
3K4OA
5N5EQ
5BOIA
5OQOB
5UKYB
3SQGC
1AFOB
3NJCA
2X3HA
3PRBA
1VQOJ
5U0PK
2PSPA
1VZ8B
1WWZA
1XKPC
4Q5WA
3SDOA
4DOLA
2DLAB
3LO7B
3MVPA
2CLBA
1JHSA
1F60A
5LNKW
6EM4x
3NJNA
6EM5b
3VBJA
2ETSA
2Y8LE
3DDHB
5XUMA
2BAYA
4U9BA
6BRSF
2K6BA
2A15A
1Q68A
2CKLA
2M7BA
2XC7A
4Q98A
3HLZA
2VZFA
5O65B
3R3PA
2VRZB
1LTUA
4CQ4A
4QY1S
5VOYR
1U1VA
2N7QA
1WPBA
4EVWA
3BB5A
3ZGHA
4B29A
2NCLA
2FP8A
4CXDt
2N34A
2KJFA
1GQYB
2MU4A
3FLAA
1JSUC
4MI8A
3MAWB
4MEAA
1ZUD2
4ES6A
3TERA
2Y5PA
4AVMA
3PA8A
5GY2D
5BRKB
1Y3TA
2JROA
4FK5E
4X86A
4HKSA
6DCQB
4ZHWA
6CESN
1H70A
5W0KY
2E52A
5DMBD
2V8NB
2IW1A
3G1EB
5DQRC
4N6FA
1Q9UA
2RKNA
1NJHA
1QWRA
1NHDD
4EX8A
3IMKA
2QGUA
3E7KA
4QN8A
5T42A
3U6GA
2JPFA
1Q5ZA
2DTTE
3QX1A
2JL1A
4XZZA
5OOMv
5N4CH
1SSEB
3G3SA
4UW9A
4NVSA
2F20A
1OFLA
3GMFA
5CW7F
3UWPA
4HSPA
2K9AA
2IQQA
1KUTA
1TR0A
3PM9A
4WSFA
1VMGA
2GNPA
3F62A
2BH1X
4PSFA
3H0DA
6CFWM
4ZV0B
1H6WA
3A63A
3LOIA
4V12A
2K2WA
2PNEA
3HJ9A
1CJCA
4RV0B
2K85A
4IDOA
2KFQA
5AQ5A
3PDYA
5OOLq
2OWLB
6B9XA
4YU8A
1Q08A
2MQDA
4N68A
2LV8A
4PD9A
6EM3L
4V14B
3ZYPA
1YBKA
3MJHD
3FT1A
3LMOA
2YT9A
1C5EA
1VIGA
5JR9A
2K7MA
4NSWA
4YSXC
3NO4A
3C1YA
3U9JA
4JDXA
2ZAIA
5JGED
5XXUM
2QLVA
6CH3B
3M6ZA
2PCSA
2LAUA
5A5YB
2I5EA
2DTCA
3M92A
1VW4L
3SLTA
4J29A
2ND3A
3KXYT
3KYFA
4JPKA
3IEYB
2YYHA
2FTXB
5M32j
5NVKD
4OYCA
2CTTA
3DDDA
2LQLA
3PAJA
4PEOB
4XD1A
4C9RB
4F7HA
3USBA
5LC5Z
3CNEA
3QJGA
5LNKp
3I9XA
2GKPA
3VBCA
4OD8A
2PO8A
3MWQA
2BAIA
1QHHB
5C4YA
2YYVB
5XTAC
1F3UF
4BPPZ
6D6TE
2FFJA
3SCYA
4TQJA
3QL9A
2WUQA
4XBAA
3F43A
1DEBA
4M3OA
3ANWB
4PMOA
5H9DD
5CWOA
2QFFA
4YEPA
5OACE
2GS4A
1MBYA
1J2MA
1YCNB
5MUSA
2AZEA
5J4NA
4GR2A
5GYYH
5NJFD
3WQCA
1BHAA
6EXNR
4LRVA
2Y5NB
1QJSA
2H4OD
5V2Cc
4E5XG
3HL0B
1TUHA
1XZWA
5WI2A
3E17A
4L8JA
5JA1B
4NACA
2J8IA
4FQGA
1J1EE
3FFLA
2O62A
5DMUA
1J24A
1ZLHB
3NFGA
2JYTA
4WRTC
4PVZC
5CWPA
1EW0A
4AL0A
3PXPA
4R11F
1DZFA
1V9SB
2CZ4A
4ACVA
3PG7A
3K4GA
5TN2D
3THFB
2V0EA
3D59A
1YK3A
4R2KA
3OFEB
5TVOB
3X0TA
2KYAA
5TI9A
1EJFA
2EUCB
4V28A
2MV4A
5LJ5D
2CRQA
4BEMJ
3BJAA
3I8II
5HCCD
3GT5A
4N72A
5UHKB
1Z02A
1BHIA
3RBNB
1RJ8A
5KESA
2FDOA
2O7GA
1V6HC
1ZL0A
5LC5n
4LW4C
2OT3A
4RU8A
4HJHB
2ERWA
5CYAA
2PQPA
4WRPA
4DUNA
5XTCg
2EHBD
1USVF
4MKMA
6FVRE
1YU0A
2LEQA
1PZRA
3J81m
3MYXA
5BMOC
3M6WA
3SHGB
1E0BA
2MM4A
1GUQA
4N2PA
4AXVA
3ZDKA
1S1DA
1PC6A
1RY3A
4ESYB
1YXBD
3QC7A
2R60A
3JR1A
2MK6A
2DI3A
5UTVA
3OEIC
2IZYE
5HK6A
2MMVA
5DRKA
5MWWA
4CS6A
4MMTB
4RV9A
5OOMe
2IECB
3OSKA
4EJXD
2QSKA
1WYUB
4BWDC
1M1HA
2JOEA
2E1FA
4EAKB
3THGA
1XI8B
5CZCA
4EAZD
2EW0A
1OCYA
1LLNA
3LW6A
3LJ4h
2GH0A
1XQIA
2N9ZA
4ANOA
2N9TA
4PW0A
2JUBA
2QQPH
3U7UJ
1EITA
4EBGA
2I9CA
2A4XA
2GFPA
2N83B
2OQQA
1Y8CA
4YIZB
2VOXA
3BHQA
1O5LA
3FXTC
3JYMA
2D7LA
3ADGA
3UQ8A
1DYOA
3W61A
1JIDA
3J43F
1RQBA
4ATOA
5DA9C
4ZLHA
4WZAE
4LHXE
2DVNA
2C1TC
4LE3A
1O7DC
4LB8A
3E1IB
1MKCA
3OS6C
2CYJA
2YV9A
2D35A
4E6FA
2E62A
5VKVA
1M5HA
1N7SD
3DDEA
3E4XA
4QM9A
2CJJA
5W3SC
2ZFUA
4QOYE
2YGUG
2AZWA
5C50B
4RD8A
1Y6DA
4UZZA
1H6S1
2KDDA
2CW5B
4DTHA
2QJYB
5SWCA
1Y6KR
5HY7D
2AS0A
1Y0HA
1EI0A
1WEHA
5WK1E
5HOUA
2O2GA
4DAMA
5B23A
4L9HA
6C03D
3FF5A
5CFFA
1NLFA
1IM3D
2IM8B
4LDAA
3TVQA
3PF7A
1NJQA
2XC8A
1W0NA
1Q7FA
4KP3C
4E2I2
4FUVA
4NOAA
4HQEA
1Y1PA
1VLAA
5WK1S
2P8QB
1K04A
4CSOA
2LJ2A
4IM9A
1DVKA
3N9YA
4KH8A
5MPSO
5O60I
2C9LY
5EZ1A
1XKPB
2ZRRA
2GIDG
1UTRA
5CWSL
1L3EA
4K0DA
2VG3A
4N7BA
3L8QA
1WDCA
4L57A
2HDIB
2WB0X
2HEVF
3QHCA
2M6NA
2KNGA
4G0XA
1KNVA
4HCIA
2GR8A
1XV3A
5XJJA
3WMMW
3W6BA
3MUDA
1MVHA
3P9YA
3KXTA
3J60S
3FZQA
2CU9A
2OAFA
6FC1B
4F54A
4P1NC
3K44A
1ED1A
2IXAA
4FC5A
3VOPA
2FU2A
5XNLK
3QBRX
4QTPA
1NH1A
1J0TA
3MUXA
1ZR9A
1SFUA
1EJEA
4FZPA
3RLFG
1H6GA
1MKFA
3VG8A
4OVXA
4IVVA
3OQ3B
4OKEA
2NCAA
1LM5A
3GCGB
3EGRB
4TSHB
4YIFA
3ON1A
5BPXA
4GC1A
4B1OQ
1FPZA
2XGRA
1YT5B
4LUQC
2RJIA
4AXDA
2QKLB
1KOEA
1IZMA
3DZMC
4D0PA
4H2VD
4YX7A
1NWWA
4H32J
5XNBH
1FCTA
3CUEN
3P1XA
3G9GA
3A57A
5VAPA
2NAOB
3RNLA
3MAYA
1VX7N
1VW4K
2DT6A
4BOPA
4G26A
3KJHA
3H4CA
1MG4A
3LYGA
2DC1A
5EZNG
5BPDA
1NKSA
3Q8TA
3D73B
1HF9B
4ERNA
5XWEB
2LQGA
2GIBA
3RMRB
4U9NA
2KO0A
4X01C
3KCRC
2FKKA
4RGPA
3Q9DA
3WJ9A
3MFBA
3T5SA
4HKGA
2OV9A
3CRYA
4YCZC
3LUBH
1T61A
3NYMA
6F2DF
3A1DA
1CI4A
4RB5D
4X33A
1KXGA
4IPAA
5N9YE
4YDZA
4OJKD
2NR5E
2ZL4A
4WD8A
4PQXA
4WMAA
1OZ9A
1JMXA
5LDXd
2F5TX
3W0TA
3IF8A
3S6OA
2JXCB
2HNGA
3CMBA
3HFTA
3LQVP
5CWWC
5C3LC
2LXLA
1EBFA
1UPQA
1XWVA
2P12A
5MSLA
2QEEA
1D7OA
4BAXA
3NBCA
5H65B
3SY1A
2QNDA
4ZU4A
1OQJA
3SSIA
1WLOA
6C262
2AGYH
2CCVA
4W8PA
3O3MB
3U1CA
2EJNA
2Q97T
3GWNA
1YQBA
3EGQA
4JJ9A
4UX3B
3SJQD
1NG6A
3NZMA
3VGIA
2F2EA
3NRKA
4ELNA
3V22V
2FGCA
3ED5A
2O70A
1JIXA
5CWIA
5U2LA
4JK2E
4JZPA
4V1AH
1J6RA
3VK5A
4TNHt
2HJDB
6AZIA
1EDSA
4RZ3A
2FC3A
5ACA4
3ZS7A
4PWQA
1Y2TA
3G1JA
4XDIA
2ODBB
2H8BB
2PIHA
4HD1A
2LSEA
4OO3A
4OFAA
4QJFB
5XXFC
4L5RC
4FYPA
2W51A
2Y9OB
3BCHA
3JYGA
2KP6A
4N03A
2GA1A
1IWPB
3CWQA
3NHEA
2FRGP
2KN6A
4IX9A
3EGEA
2E2OA
4PU5A
5X90G
3C9PA
3J7YI
2QTQA
3B13A
3P9ZA
2GUIA
4MO1A
3H3MA
5T4PL
4EFOA
2M47A
3QY7A
5GOXA
2CKKA
4XZAB
6COYB
3U7SA
2C0UD
3U4VA
3K2OA
3O39A
1YNSA
2RTXA
3OI8A
3EI3B
2PHNA
4UI9S
5ED7A
3RKGA
1WIRA
1YD7A
2RR7A
3CZ3D
4HB1A
3O2ZL
4QPVA
2LVGA
4IGIA
3DU1X
3FI7A
3J36D
4BJSA
2AORA
4I86A
1SQHA
2XSEA
5IEFB
5GQSA
2FG1A
3U2BC
1LG7A
1CEEB
2NU8A
3IF4A
4GDOC
2CKZA
3H7JA
1XW3A
2YFVC
5SVAV
1QZMA
3LHCA
1AVOK
1JMCA
6AR7C
5LGDB
2G7JA
1ZZKA
4JHTA
1WMHB
2GB4A
3DC7A
2RBCA
4RXNA
4XU4A
3P09B
4B2VA
1GY6A
4CHMA
5C2IA
4R0GA
5VB2D
2PD0A
2L26A
6EM5n
3MLQA
2HEWF
4KQDA
2QV5A
1WJ0A
4QRLA
4P6VB
2ODKA
2ED6A
3H25A
4YDXA
2AF4C
5DX1A
4LJ2B
3VLAA
2AO7A
1ATYA
1APJA
5E6GA
2YZJA
3H13A
2QQIA
2HD9A
2HLGA
5WLWF
2XHAA
3NQNA
3TQ6A
3CZQA
4RB6T
2MF8A
5WD6B
4HTIA
4IC9A
3Q3WA
3J7Ya
4AT7A
2OM2D
1V72A
2C4NA
1IL8A
3LW3A
4CN0A
4XALA
5BQ8A
3PHFT
3MZKC
4NOXA
4YSXB
1VKFA
3OC9A
4BI3A
2KV5A
3ECFA
4JVCA
3JV1A
5LPIC
4MGEA
4GEHA
4EXTA
2W50B
2E56A
2HUEC
2JVEA
4DT5A
1VW47
3WKNL
1DTDB
3HTYA
3K7CA
3M7KA
2MLWA
1VRAB
2LCRA
1UTGA
3JSYA
4HLBA
2KQPA
2QFIA
3HX8A
4KO8A
2WBNA
4H1BA
1DLPC
4UZYB
1ZJCA
1SUMB
3V7EA
4JJ0A
3HHZC
2O8IA
4JP6A
6C08C
2MIJA
2XF5B
2EK5A
4LESA
3SAKC
4D7EC
1RAJA
1E4RA
1P65B
4PJ2B
2LWRA
4U89A
3CC8A
4OFKA
6BUZN
2C5JA
4I0XB
2DYDA
3GL6A
2YZKD
2XUTA
1D02A
3W4SA
1L7BA
6BB9B
4OWWC
1VKBA
1QGIA
1A98B
1QWGA
5T0FB
3DKTE
1JR5A
4N6CA
5J69A
4WJ3L
6BWEB
4ME8A
1AXKA
3TQMA
1JB0D
5MQ0R
3KORA
2FDRA
2DDXA
1RKIA
1Q7LB
2A14A
4RS2A
5M86J
2R6UA
3AX2A
4KWYA
2LXRA
1G8LA
3M50P
2IUMA
4OWTA
4XZFA
2RA1A
3BGYA
2PJYC
3BVPA
1EZGA
1YRXA
2AE0X
3QO6A
3CAOA
2A8IB
2HOXA
3W15B
2QW6D
2J05A
5COZA
4HCSA
2E8GA
2Q40A
4HPMA
1OVOA
4XCBA
2VPWG
4K34B
2JVAA
3KPTA
3K62A
2A40B
3WMNL
4M6TA
2NT0A
4CC2A
3KFUJ
3C2IA
3HTUA
5LQZY
4HQUA
3QU1B
4MKOA
3QJQC
5C9FA
2PMAB
4M3LA
2KK4A
3IZSG
6G72W
3MEMA
1QJ8A
4OM3C
3ZH5A
3FYQA
1MTYB
2VOYG
5FJKA
5EPWA
2FB6A
3PIVA
3CQGB
2YUFA
1LQ7A
2DCHX
2MJKA
2E2SA
3QQWA
3IM1A
1WDDA
5M1UA
4Z47A
5DEUA
2H2MA
2J7AC
2FTXA
2LD6A
5AHUA
2MXFA
1UXYA
3DX5A
3DEEA
2YRMA
3V4KA
3S4RA
3O9ZA
6F0KH
4G3HD
2ODAA
6CP6U
5HB6B
4Q65A
2DSCA
2RCIA
4OKVE
3DP7A
2JNCA
1XBFC
2LQTA
2P8RA
2KOYA
3E8OA
3QWNA
2W2SA
2R55A
2QYWA
3MGGA
3PN9A
1E1HA
2XNDI
3QWXX
4FP5D
5OAGD
3NA6A
4DS7G
4J8LA
2MMUA
6F0KA
2BA2A
1ZVAA
1D6GA
3J38h
2LTMA
1DP7P
3RJ1P
4D05A
5T77A
4GKFA
3QWEA
2VBUA
2MFKA
2PLSC
2FB5A
2EQGA
4JB7A
2BNMA
6CB1e
4NK6A
5TJBA
4JPDA
4AEZC
3VYGA
2FI9A
2I7GA
4I6MC
3BPQB
4NB5A
1WHUA
1LJ2A
2KIOA
4RLEA
4OU9A
5VGTB
3N7PC
2DP9A
1XL3A
1Q1VA
4ZJNA
3UAFA
1MBMA
6FZWD
2CO9A
3WI3A
1D9CA
2XU8A
4X5MA
1CSHA
1FX7A
3OSJA
2V5PA
4CS4A
3VBHD
4N0TA
4HHUA
1FAFA
4Q7QA
3K05B
1WJTA
1GZSB
4ZPMA
3GKRA
3DSAA
2J4BB
4XB6D
5LO4A
4U3TB
2HNUA
3HS2A
5CQFA
2ICUA
4LXRJ
1MRRB
2VZCA
2PMZX
3NO6A
1KNYA
3H3YC
2XLKA
1S1IP
3ZILA
3NS6A
1TD3A
4A0TA
3PE5A
4TSHA
2AZ4A
1N6ZA
5X55B
3CVZA
4YVOA
1SNNA
2PK8A
4FVLA
3SP8A
4I1KA
4DKCA
2OH1A
2GDLA
1LUAA
5A98A
1XS0A
2VZYA
4OAYA
1BMXA
3V33A
3GF5B
2EPBA
4UOPA
2DBFA
2OH3A
5AJ3D
1EQ1A
3P4GA
1C75A
5I4RE
5LNKu
2RCFA
2OF5L
4V1OW
4LIDB
3IT4A
1HRFA
2B7EA
1VW4c
2CT5A
3ZTAA
4MFKA
1JHFA
5IX5A
2QN0A
3KH5A
3GZIA
4HA7A
2IAZB
1PYAB
3PH9A
3RPXA
4RXXA
4ESWA
1YZ7A
3LY7A
4F35B
1TVGA
4JDEA
3BN7A
4L1JA
1SZ9A
2NSZA
4CJXA
5A4RA
3GR3B
2E6IA
1YBBB
5ZR1F
3NX6A
4K2MA
1NYUC
1P4QA
1NO1A
4YTWB
4YZJA
2GUZB
1BO9A
4EIUA
3Q6AH
5AAQA
2P13A
5AZSC
5LQYJ
3BC1B
5MLC6
2Z7FI
5DIRA
2EKDA
2H3OA
2R4QA
3EVSC
4YZUB
1DL5A
2XI7A
5HL8A
2ZKZA
2XOCA
1YH6A
1MSPA
4RB6Y
2Q03A
2RFPA
3F7EA
3OYVA
4XVNF
2M67A
4IQNA
1WT6A
3VWCA
1VR9A
3Q94A
1YYVA
3FF4A
2N70C
5UZ9A
3FBNB
4D40A
1WQBA
1F35A
4HI8B
2H0UA
3BJNA
3RD4C
5AVYG
1VSGB
4NQJA
2O2XA
1OZZA
3FV6A
4YJDA
1R5ZB
1O7DB
3EABA
1KHYA
3HB0A
2QFEA
2PW4A
3BBPE
1WWCA
5AGIA
4TQ5A
1IW4A
2CMZA
3ABFA
6C90B
4LEVA
1XFEA
6C5RE
3LKUF
4DNIA
2IFAA
1SPPB
1XK5A
2YHGA
3TRTA
4KNVB
5DTCA
3QKBA
1K77A
1MZWB
5ES2A
5JHIA
3U88N
4DLHA
4FGWA
1HW7A
4YL8B
4YO5H
3J44a
2N3XA
1B77A
2CA5A
1IYCA
3U64A
5FIDB
4FA8E
2IPBA
4PZ3A
3JB9i
4JJAA
1SP3A
3GO5A
4LRZE
2QUDA
1ZTCA
1D5RA
3PKZA
2MK0A
3KZ5E
2QZQA
2P14A
5IZ3B
2KIFA
3FYMA
4WL2A
3AJIB
3CNHB
2QIPA
4WJAB
2Y7CA
2YUAA
4QI3A
3DB9A
3L2BA
2CWQA
1OH1A
5AJ3k
3UH8A
3J36B
3P42A
5C00A
4HJ1A
1K3SB
5CS4B
4G4GA
4GHJA
3SHPA
1ZSOA
3A2EA
3T6PA
1MHYG
1Q2FA
2GU9A
4KPPA
3V6IA
2B3ZA
2L9BB
3RNQA
3HKVA
4Q25B
3H41A
2FLDB
1XMTA
4DQAA
4HKJD
4KRGA
3AGNA
3EDVA
1FNLA
2V8TA
4EQAC
4QCJA
4BUBA
2OWNA
5UDGD
4KYPA
4YV4H
4L2HA
4MYMA
2VLAA
4R3LA
3KK4A
5UGWA
5BW9k
4PKYF
1Q7RA
1SFXA
3FZBG
1IE6A
5XVNJ
4DWRA
4JDOA
1VYEA
2PORA
2MPEA
3IA8A
5AUJA
3FEUA
3LLCA
5OEOC
3CQOA
2NZ7A
1S3ZA
2XZEA
4YIIA
5I96A
1HQ0A
3H9PA
3MHSB
2GFIA
2PLGB
3QZXA
3E29A
3RQ9A
3GZ7A
1D1RA
2QGGA
4ZFVA
4UBRA
2KRUA
2L03A
2E72A
1HZ6A
2PU3A
1L4DB
2PR7A
1M8RA
1OYGA
2AEGA
2JOPA
4KUNA
2W5WA
5T58D
2YNAA
3GRNB
1JY2O
2Q4KB
6CFBA
3EYIA
1IS7L
2Y9UA
4JGGA
4DGWA
4WXAD
2CNTA
2HQLA
2CTLA
1JNMA
1UW2A
4G59C
2EHOA
3LK5A
4N9Fb
3JB3E
3IZSt
1BNDA
3GN4E
1T3GB
1HCRA
4B4YA
3OBKA
3KGZA
1EDXA
2KJMA
1PU3A
3WKSD
5YK6A
2RLDC
5VOCE
2QNUA
3AXSA
2ET1A
3FJUB
1VDHA
1VW43
2MVZA
4K5AA
2AZEB
2Z37A
1V5RA
2GAGD
4RM8A
4URPB
2ZQOA
1PP7U
1W5DA
2WJNC
3FLJA
2Q04A
1SP0A
2LBWA
1TM9A
1WRGA
3W1OA
3P9AA
4HWHE
1CI6B
5VJ2A
3N40P
2FCJA
4PXVD
3EBBA
2ELPA
4RB5C
4LPSA
4YJ0B
3CVFB
1VQ2A
3PJYA
3LCCA
3AG3I
6F5DI
2HYNE
2DBHA
3S84A
1LA4A
3OSEA
4XTVA
4RZ9A
5WUQC
1QEYD
5GS9A
3CKMA
3ERMA
4JG2A
1S5AA
3AAFA
4X09A
4RLCA
2X3GA
1THFD
4JG9A
6FEAC
2WUJA
1HZ8A
5V77B
2CWZA
4G6UA
1KIJA
3IFUA
3CGXA
4DHIB
1WB4A
4Z7XA
1F32A
3RPFA
2Q4QA
2LT5A
2P65A
2EJQA
3BA3A
2O94C
5G06P
3S9XA
2WMMB
5E97B
1JMVA
4W23P
2I0MA
2V89A
1VZIA
4JM1A
1RMJA
1R9LA
2D28C
2EQ7C
5U9AA
5WDDB
3EXQA
3G7GA
5F5XA
2V7SA
1VP7A
2HNTE
5BNXC
1G5TA
1LUCA
3CSWB
4Q2UA
2O40A
2PFXA
3KYQA
5JJPB
2KKMA
4UAPA
2YH6D
5FT0A
3NE2C
1VX72
4WY4C
3WU2Z
4O2HA
1HPIA
2RNDA
4C12A
3O0GD
1OQ1A
6FKIb
2CB5A
2LVHA
3QQCA
2ZBTA
3EEQB
2B06A
3A4CA
2VY5A
5DS2A
4XINA
3KXYI
5KN7B
2CKXA
1YKDA
3HUIA
5FGOB
2X49A
2YJEM
1NCSA
5UXTA
3KRTA
1QW9A
4YHVA
5O57A
2CCLB
3SK2A
2PXXA
3ROED
5DZZA
3BBNU
2CU3A
4L0NA
4UI1C
2LLVA
4BSXA
3KU7B
3G5BA
1NQYA
4FZ5A
3CPTB
2Q5CA
5ZJLB
1JNIA
4Z8TB
4BBOA
3KUPA
2I51A
2BOXA
4RB5L
2PC1A
5O5SA
2O26W
1HZMA
4X1ZA
1CD34
2R51A
5NPTA
3RL0U
1CSEI
5LNKi
2HO0A
5CESA
1E7LA
5E7TA
2KAOA
4LA5A
2IDLA
2YZQA
5UU5E
1KYFA
2YVEA
3LQ9B
4XNGB
1Z9BA
2XV9A
1H67A
6C0FD
1VZSA
1RQTB
2AHNA
4LEAA
5LNKf
4ACLB
4M5BA
3IN6A
3MFNA
1C8ZA
1W3ZB
3ITWA
3EY5A
1Z6UA
4R7QA
2KD3A
2OX6A
3J60V
3JB9g
4F7UP
4GEIA
4P1NA
3AIAA
2ID3A
2QHQA
2DZDA
2NWIA
2WTMA
3RT9A
1ZMEC
1S9RA
6GEDA
2KKTA
2ZFDB
5ME7C
2F5GA
4MVEA
1Y0UA
2G45A
4Y67A
1BYRA
5Z3Gb
4HFSA
1HC9A
3A7OA
3C5PC
1CXCA
3IRBA
2P4GA
2D5VA
5FN5B
4EBAG
3C3DA
1VK1A
2D9RA
5XYWB
4OB0B
5J73A
4APXB
4HN7A
2CS7A
1ISUA
3T0PA
1KHXA
3BN3B
2GBBA
4QHZA
2INNL
2AVNA
4X0NB
3UIPD
4RXUA
5L7AD
2MH0A
2K9YA
3DSOA
3B2EE
3SMZA
3C2QA
5O3OG
4WPXC
2MYHA
2NCJA
2MOLA
2OYYA
3CP5A
2QCPX
2P6YA
1O7DA
1JYHA
5JTNF
5XVJA
5U6ZA
3D3YA
3G5TA
1VX7g
3K3SA
2F6KA
2ADVA
3SUMA
1YOCA
4LSDA
1YQHA
2OUWA
1VX1L
4ZI2C
3ARCj
1L3IA
2WHNB
1IODG
1HP8A
3BWSA
2PVOA
1OSDA
3ON3A
2HV8E
1OW4A
1Y6XA
6G72Z
2LLWA
2FFSB
4RZKB
2EWLA
2MXDA
1JWHD
5FN2D
2YZ1A
3A9FA
5OK8A
2I8TA
5NG4A
5DN6I
3LHRA
3CPXA
1QGKB
3LL4A
3M05B
4MJGA
3P96A
2QLWA
4OWWB
2RCKA
3ZD0A
4DOKA
6G2Jg
1GPRA
5OOOB
1O9KF
2KKJA
1TFEA
2FEAA
5F13B
3C5VA
4JO7D
2L9PA
4H10A
2P51A
2GSVA
2QDLA
5YJ3D
1SMOA
2WT1A
5UZ5G
3DI5A
1KQPA
3AITA
2M2FA
3O69A
2XM6A
1KCMA
1ZQ1B
5B5IA
5AY6B
3GWIA
3JZ7A
3ZO5A
1JRMA
2RSMA
3J9Ub
1TI5A
1UI1A
3MJFA
3HFIA
3W0EA
3LT7A
1F3VA
3ZF7C
3M6EA
2AUWA
4HE8A
2L1SA
3HXAA
4RB6Q
5CL2A
4DEVA
3IHMA
3ZBIh
1YGHA
5DA7B
4AP9A
1Q5YA
2IQYA
1NTVA
5OOMJ
3UUNA
5T86A
4IOHA
1F08A
2O6FA
1YN4A
4M7XA
3FZYA
4N0LB
2COEA
5W98A
4DYWB
5EURC
5LOUB
2G5GX
5BXYA
3HJ4A
3SOYA
2N55B
4QY7A
2Q0XA
2I4LA
5GO6A
1DQ3A
3QOYA
5LJ3G
3A1PB
2B9ZA
5V0SB
1SGVA
2IVYA
4DIXA
3DUKA
4BPTA
2XVEA
1ORSC
4JD9G
1Y7XA
4FGLD
1HXVA
4M9VF
3GFUA
4LHSA
5EYGB
1I7BB
3D9NA
6AP0A
4CAHB
1SD4A
4HWVA
2JWYA
1TVTA
3L32A
2RNOA
2QS7C
3SEEA
3IEYA
5M1MA
5L75F
4DGWC
3C4SA
3TBIA
4EHUA
4KNKA
5UFTA
2KR7A
5Z42A
3FAJA
3H1NA
1QAZA
3UP1A
3B8FA
1FC6A
4Z8AA
4X9MA
3DM8A
3PYWA
5OQRC
3E6RF
5WAIF
1HFOE
3UX4B
4BF8A
4EAEA
4R0JA
4U7UB
4H5BA
4E2GA
3MJ6A
2VLQB
4AS2A
5H4EA
4YL9A
3UB0B
4DA2A
2L7YA
3CB6A
2ZVYA
5OAYA
3CVJA
1T6AA
1XMKA
4F8YC
2DXAA
3B4QA
2MARA
2L8KA
2PV2A
6CFWB
2AB5B
1OXJA
2KOEA
3NJ2A
2KB8A
2O3BB
1KEWA
2I2AA
2EV1A
3HLTC
2A2BA
4FD5A
3BEEA
1WJPA
4CIIA
4A6QA
2YB5A
4FZSB
4E3EA
2LEZA
6EXNc
1U8BA
2K4VA
5M0JC
1LJOA
4TWBE
5HWYA
2D1PH
3QTAA
3DHXA
4QXDA
4K12A
1JUVA
3PMSA
5VOCD
4BFGA
1VJXA
3FWZA
3N1EA
2LLIA
1SV1D
5YVSA
3SSCA
3IX7A
4GV5A
2E8BA
2MQBA
3H5LA
4DMIB
2LC0A
3BY8A
2ZKTA
5JAAC
5ANPB
2LGNA
5BXGA
1N6JA
3OWRA
2P58C
4NRHB
2OKQA
4JPBW
3QDRB
3EFDK
5APTC
3M9GA
6AX2A
4YMHA
3KHNB
2JH1A
3D2WA
5GWGB
3DXRA
5DQSD
3RNVA
3D7IA
3VEJB
1SRQD
1ZN6A
5TDYA
3D4EA
6C0Fw
5UQ1D
6D0NB
1QVEA
1HWTC
3AXJA
4NQ0A
1BD3A
1RMGA
4PS2A
1X6MA
3MADA
4QQGE
2P7IA
1U6ZA
2CY2A
4U7AA
3COQA
1SEFA
3COVA
4Y0CA
2J63A
4WYWA
3EOIA
2B3NA
3BV8A
1GL4B
3RJ2X
1Y66A
3U5VA
2F62A
6G72X
4LWSA
3K8VA
1NUYA
1WJVA
2HKJA
2CMXA
1U5UA
6BMSA
1YELA
5LG9A
1SQWA
4IEJA
4LHFA
5C98A
4F9BB
4J2NA
4NUXA
6F2DG
4MDUA
3F7SA
2DK6A
4HCZA
3B73A
5H1Sg
4I9OA
4EHSA
3K3CA
3ZC4H
4F42A
2NVOA
2Z5CB
2Y4OA
1H0ZA
3J16G
5FDOD
5JBHA
4GYTB
4ITRA
4GU4B
3VTOA
1B5FD
1WFDA
3UITA
2JSPA
4KX6P
1W9RA
3LLUA
4EVHA
2E7GA
3MC8A
5W4DC
1R44D
3EABI
1PAQA
4D74A
4MVKA
1YDXA
4EVUA
5HYBB
2REEA
1Y8XB
5CUFD
5OHGC
3BV6A
4BJQA
3UFEA
4PP4A
1V5NA
2QRRA
4N3XA
5LXOE
4BWGA
3B5MA
3PU9A
4N09A
4Z80D
3IFQD
5SVAR
3DWOX
3U4ZA
1XP2A
5U4WJ
4MONA
3KDEC
2DT8A
4M0QA
4NRHA
1R0VC
1R8NA
3G7KC
3OGFB
5LXLA
4F5CF
6BWOA
2RUYA
1VDIA
2RH0A
4V1XA
2FQ3A
2LG6A
2O0JA
5L1ZD
3I7JA
3NYIA
2BDEA
3RLSA
4LMGC
5C5GA
2B2MA
1G6UA
4ZNKA
2WSFN
4PC4A
1HH8A
3M20C
3J61M
3DXEA
2V6ZM
4BJPA
2A22A
2FZ6A
4MEWA
1WY5A
1WWLA
1JDHB
1V74A
2AEXA
2LGEA
4AXPA
2M71A
5W66P
3VYGC
4OPCA
5OUOA
5UD5B
3ER6A
4HR6B
3IHUA
4E29A
4DMUG
1P7AA
2WN0A
2IACA
1I58A
1TZ4A
1VMOA
5L0RB
2W7QA
4LQ8A
3OQ4A
2W1JA
2RNBA
2Q3TA
1RP0A
2IF6A
1W2WA
2V8QB
6APJE
2XNSD
4E72A
2K35A
1NEZG
5ABKA
1SZ7A
3PVIA
3A1GA
3PF6A
3EJ9B
4CRYB
2P9XA
1ECZB
1R4QL
5HMOC
6C23A
6FQMD
5YDFA
3U7ZA
4UL8i
2BM8A
5OOMa
2RNGA
1I5JA
2DDZA
3NZOA
4XQMA
2W6KA
3V4OA
4V1AM
4O7QA
2FHXA
4J7ZC
4ZRLB
4LZIA
3U1UB
3ON9A
4N8X1
2LNVA
4P9JB
4Q0YA
1VW5j
3SKQA
3NRHB
3H9MA
4ZHBA
2KPYA
2BH9A
2YQQA
3CLWA
4I4KA
5H07C
3T5VC
3V3QB
4AODB
1T0BA
1I8NA
3B7HA
2J58A
2OM6A
2MJZd
3K2QC
1HLEB
5JBLD
5AJ3o
2ROGA
3HGBA
4EHXA
3JRVA
4V1FA
2LW3A
1CLDA
5L2XB
4WJTA
4Q8KA
2MJFA
3K2NA
1TBAA
5C9EA
1YDYA
4P82A
1RHFA
3N08A
5DOMA
4JR6A
4LWSB
3LNOA
1QEXA
4PHZA
2KR1A
5OC3A
4O4AC
5J2LA
1Y7RA
2KJXA
1EJ6E
1WINA
3CEBA
1NY9A
4Q11A
2F6MA
2DO5A
6CP7Z
1MW5A
3OP8A
3HNNB
5H9CA
2MWRA
3EF2A
4IX7A
2KL0A
4DEYA
1OMBA
1HH0A
3V42A
5K21B
4Y5JA
5B3DB
3OISA
3J7AJ
2GWCF
1HYOA
2HQ7A
1VQO1
2JRTA
4KT0K
1GVPA
2PBIA
4U65A
5UZ9B
3G14A
2ZEXA
1I9GA
1FNFA
2P38A
4GE1A
2N67B
2F4NB
1V8MA
2EK1A
5JQZB
5LAHA
4HEAA
1ZRXA
3VZAF
2YQYA
1XHKA
1W55A
3HCSA
5U0PG
4E6KG
4YN3B
2ZTBA
2MTSA
2V7QH
5XYIG
5SVHB
1XE1A
3RFWA
4Y28G
2K2SB
2D0OB
2EODA
3Q39A
3DT5A
1TC5A
5VNNC
2OHCA
1JL3C
4CLQB
1HLQA
4IWTA
3JYZA
2EEMA
4J8ZA
3NOIA
2HQYA
2OVSA
1Q25A
4HYLA
2P4OA
3P8CE
4Z7FF
2M5SA
3TDQA
5XVNM
4J3RA
3LURA
1DDWA
3GWCA
3ONQA
1PZ4A
1SG7A
1QHHA
4R3ZA
1G2RA
1RK6A
2MTDA
3N71A
4BG5B
4ACJA
4X3XA
XXX3A
3AALA
2GRGA
1XTYA
2L42A
2ELSA
3PW3A
2MBGA
3WNZA
3DLMA
2LKAA
2XNYN
2DT7B
4QRKA
2OS5A
2DYOB
3WU2U
3IBWA
5GVXA
3RH2A
4QEGA
2RDCA
5WP3B
3G8ZA
4FP4B
3B55A
2LWLA
4A5VA
5BU3D
2K3DA
3HWUA
2K6IA
2LW1A
3G5LA
1UTEA
2DT5A
5BQ5A
5HUQA
4H2WC
3CJSA
1RPUA
3DAHA
3TU8A
3ZXNA
3LMBA
1K6KA
3N54B
3SQFA
4JS1A
1HXIA
5IM8A
2MHEB
3FXHA
2A5HA
2K7FA
5XMJK
2CXIA
2ISBA
2FI1A
4CP6A
2KK9A
1PXYA
1L0BA
3BEMA
2CCQA
4WYBT
1RCWA
4GKWA
5AXMB
4DVKA
4OFZA
2WBMA
4MQDA
2KIQA
1YJ92
5T58B
1TUKA
4PKEA
1XHSA
2ITAA
4ALZA
1WERA
1IICA
5DURC
3AGFB
5FQ2B
3BMAA
4USKA
4DHXB
2FGYB
2COPA
2V6VA
1SVMA
4K90A
5ZR1A
3ELBA
6BR9A
3GIFB
1EVSA
1HFES
3SBUA
3FRMA
3VP7A
4QA8A
3BBOF
2KJGA
3D2YA
1SU0B
3LPHA
3OV8A
5B5YB
5MQIA
3TFMA
5A9QH
2L6AA
5JVOA
4PS6A
2FUKA
2GQ0A
3DS8A
4LMXA
3AQEA
2JCBA
1VMJA
2KC8B
5IWWB
3EMFC
2HA9A
2AXCA
2B5BA
1AA3A
1T6SA
4OMFB
3L2HA
2PJWV
1Y9KA
2PF4E
1MN8A
1ZTNA
6C06E
3IPIA
1H1JS
3EW1A
5KGZA
3LGBA
3IVVA
5TECB
1NT2B
2I5IA
4G7NA
3G6SA
4LKBA
1GD2E
2MSXA
2UZ8A
5DO6A
4MNOA
2XDQA
1PP1X
3HZQA
3BT2B
2AVUF
5HJFD
4GFCB
1EZJA
5VSOA
3K2YA
3T0YD
1FEUA
3B1BA
2QASA
2M5IA
2I4KA
4G75A
2YJ3A
2KQDA
1K78A
1HCUA
3KT9A
1AOLA
3FAYA
4Q9BA
1JEKA
1Q7TA
5MU7B
6EU1N
5J62A
3RBSA
1RQPA
2E2FA
1RZHH
3ID1A
2ZOPA
2IZZA
4HYQA
3SLZA
1Q3IA
1XI7A
1DL0A
3J3Bi
2OWYA
4C0ZA
3I24A
1DF9C
4WXMA
2EI9A
2Q0YA
3NIWA
4PT7A
2LO3A
3JUWA
1YG0A
2W4SC
4O0AA
2B8IA
3ME4A
3HGLA
1UHVA
6ETXR
2HM5A
3TU3A
4LMYA
1WYYB
3M1CB
1Q3KA
1F2DA
1DJ8A
5FORA
2LE0A
1ZFDA
2KWYA
1S0PA
4D5TA
3V7QC
1WYRA
4TPUA
1QSMA
2XCIA
4YZZA
3JU3A
4A1BL
2QNLA
2Q5WE
2HFQA
1JNRB
4E9KA
4KTBA
5YS3B
3OQIA
2I7RA
4FZ2A
3RETA
3GM5A
1K4ZA
1DHNA
1LDDA
3QZBA
4HIKA
3TU6A
1QFDA
4A2NB
4Y7KA
4NOIB
1PLQA
1XN6A
1DX5I
2OO2A
2CZRA
1TUVA
5JFFD
4CADI
2GUDA
2HZMF
5YDMA
1JLYA
2MNTA
2RQMA
3U0CA
6EM5I
4PW1A
4N0NA
3F5CC
2WP0C
4H61A
3UB0A
3I9YA
3KUSA
4NTWB
2N2YA
1TVFA
3A0BM
1XTEA
2HSNA
4ENEA
2QIKA
5NJLA
2KWTA
5C39A
1YE9G
3J39f
2Y7BA
5FURB
4JBBA
2KZ6A
1R8EA
1NZ0A
2FAZA
5YI4A
1VW49
4GOFA
2LG4A
1VC1A
2WTPA
4F0WA
3V0RA
3JB5C
2QRTA
3KITJ
3HN0A
2LH0B
2JYNA
3BH2A
4CVNE
2Y0OA
4BOQA
1R75A
4QLAA
4Q6TA
4HWMA
5FRVA
1RPOA
4J8CB
2WAWA
1MTPA
3L20A
3ZXUC
1SKZA
2HN8A
2N6RA
3GE2A
3EZQC
2ZMVA
5IZ2A
3KD3A
1U6MA
4KRRA
1SWGA
1FH1A
1K9MJ
3B9TA
4AUOC
5IMUA
3ODPA
2D16A
4XO1A
4MDAA
3EHFC
3RRIA
5XYWA
4R78A
3V43A
5IAZA
2BQ4A
2PV4A
4FC3E
2K3IA
3LZDA
4OVYA
5VE9C
2N92A
5MR0D
1LISA
3FUYA
3TR8A
3CHMA
4EACA
3QBTB
4TQLA
2NW8A
2MU3A
1YE9A
4MXPA
3G8YA
1TP6A
4J4HA
5BTZA
4P5IA
5MUZA
5XRWA
1T3KA
5LSID
3G67A
3H8DE
2Z6OA
4KU0D
5CUKA
2JS9A
4ZKYA
2O0MA
1T71A
4EQQA
1U2UB
3QNHA
3OOQA
1CL8A
2Y44A
2RNMC
4D0NB
4CLCC
3WURA
1PU1A
2W7NA
3FESD
3LIDA
3IU6A
2PMZC
1AQ5B
2QCSB
2E60A
1NGMB
4RSXA
2W6IH
3H20A
5VOXc
4NU3A
2ECEA
3FBNC
6C261
5VR3A
2YNKA
1FWOA
1JYOE
2Z0RA
4KOQA
2DLBA
2MFSA
1QU7B
3F13A
1JB0K
2JKRS
5CS0A
5LY5A
3N3YA
1RA0A
4RU3A
4BD9B
2JGSC
2ICSA
5SVAT
4M6BA
5CD4I
5J8EB
1J3CA
2EQBC
2OD5A
2F96A
1ZW0A
1H20A
5DN6X
2OUXB
2ANEA
2HJ1A
2J6BA
1XZPA
1LPVA
4QTNB
2IMLA
6CNOB
4GIPD
3DI4B
5BY8A
3KIOC
1SPFA
4U9VB
3TCVA
2RC3C
5L20A
5AYMA
2QSVA
1VZMC
3DXRB
6F1Tb
3LETA
2FQPA
5YT6F
4N30A
3UFBA
3KXEA
2J5HA
4LEUA
3OL0C
1DP5B
2YJLA
5AUNA
1UJSA
3MLNA
4O30A
4HZ9A
1Y60A
1H9EA
3J00Z
3KOSA
2AGHC
1UFBA
5I9EE
2I15B
1K8KB
2G3AA
4F67A
3KBQA
4QBOA
4L0JA
4QXAB
4YHBA
4QQ0A
4R42C
1EIJA
5UYOA
1MM5A
5A0MA
1ZMAA
1K4UP
2ZZTA
1Q90N
3PEVB
1O9YA
4GNEA
3QSQA
1VYKA
1IIPA
2DT4A
1NVMA
1ERPA
5X3GA
5JCDA
1GXJB
5NENB
2CTDA
4OM7A
5JHFA
1QQGA
2KKRA
3EHGA
1ZC3B
1VLYA
2VKLA
2YS2A
2V1LA
1TZNB
4YMKA
4QTQA
4R1DB
2A06E
3DMCA
2ZQEA
4U77A
3OWCA
4WY4A
4D7ED
3TQUA
5DOLA
5FVCD
2V64A
5GMKt
3WA1A
2LQHB
4GA6A
3IFEA
3CZXA
3BH7B
5T09A
4BLUA
3C8LA
4ILOA
3EX7D
5FR7B
1APYB
2JYPA
3O4PA
6EM4n
1KDDA
4M62S
3O5AB
3QBGA
1O4VA
4N5BA
1WDJA
4JF3A
2LN7A
3IRSA
1CFBA
1M1EB
1K91A
1RL1A
2ICNB
4P09A
5H1QA
3ZJXA
1SZQB
4CV5A
3GHXA
2VDFA
4MEJA
2QPWA
1B35A
5HKNB
5BTAD
4DS3A
1M7GA
4QR9A
5O6VF
6EXND
4RGQB
1PBYB
1F8MA
4E1TA
2NA4A
4X28C
2L1NA
1FU9A
2TRCP
1SPPA
5VHXE
2IICB
2DQLA
2YEVC
4WOYA
4WATA
3KN3A
3IXSA
3BJ6A
1WGVA
3OKQA
4M9PA
1ZE3H
1N4CA
3LHQA
3FN2A
1A0AB
5U0SR
2MM8A
4OF8A
5A4AA
4QLPA
2KW1A
4DNNA
2A9UA
5LCYB
5C3LA
4ZEYA
1XVHB
5N7SA
2WM8A
3KG0A
4OO0A
3UBMA
5MVWC
3RKLA
1T1JA
6BEVA
5JNBE
4N7CA
3RWNA
2JPIA
2VVEA
1B8WA
1YCOB
1UCRA
4C69X
5N7IB
3RGAA
5LZNA
3B8LA
2OF5B
4ATGA
1VX7e
2HGKA
3DCYA
5FKVE
4G6DB
1QLOA
3TJYA
1ZT2B
3Q4HC
2LQ4p
2MQ9A
1M4IA
4EGWA
2OBDA
3J7AR
3HVAA
5AE0A
6FPRB
4LMOA
5O32H
5T1YH
2YMVA
4BWZA
5LNKM
4CRUA
5DXVA
2KISA
1OR4A
2Z5AA
4K24U
3PESA
2KPQA
4M91A
3GW2A
5E9OC
2K9JA
3TOWA
1Q2YA
2FSXA
1B1CA
3J3BG
3BALA
4IP8A
4XDNB
1NNWA
4ABXA
5O0TA
2QMHH
5LWGD
3UUWA
2N94A
5W7LA
1XDNA
4EYTA
3SIPA
4XOSA
4UG1B
1GQAA
4JIDA
3HJLA
3VWBA
4UUPA
2PY8A
1UANB
1LYBB
3SOVA
4L2WA
2MYJA
2EY4C
3PD7A
2YOPA
2DQAA
2QSRA
3T5XA
3SNGA
2O38A
2EJ4A
2WJ9A
3JX8A
4BFOA
3GW4A
2WSSW
1LM7A
1VKYA
2BVHA
4LHPA
3LE4A
3DNSA
4ZJAA
2CXCA
3KKCA
5CWDA
3O10A
2PENF
1GSAA
5FN3B
5CECA
3IZRk
1ZJKA
3MCSA
5KI9A
2NP8B
1PXVA
5INEB
3GF6A
3BYIA
2UVPA
1OQKA
1IVZA
4F87A
3D7JA
3TZGB
3Q2RA
5C9HB
1I27A
2IQTA
5AOXA
1JQLB
2M6BA
1T57C
5UC0B
5X6VG
2W7ZA
4B0MA
2AP3A
4ELDA
1HZFA
4PT1A
3DGPB
3FO5A
3NF5A
1FLCB
2FZ0A
3SBTA
2M7ZA
3H6PC
2MURA
4J5RA
1T0IA
5K5LE
4FPPA
2WD5B
5OA1U
4U4PA
3T6AA
6D9ZC
4WG2B
4RUGA
4GB7A
6FHSI
3MMLB
4MH6A
3L39A
2D3YA
2M2JA
3ZR8X
2JYAA
2NPSD
2FZFA
5EQWE
3PF0A
2FBQA
4ZCGB
1OH4A
4P87A
5X8Rx
3DDCB
2I9NA
5FD3B
1Z0JB
4WMYA
5UN5C
4B8TA
5LXVB
3GD9A
2XQXA
5WWLM
3R24A
3LULA
5O7HF
1R0UA
2YBVF
3OK8A
2C52B
5TSZA
3HL6A
1KYTB
1I7NA
1M6JA
2L93A
3WJ8D
4RPMA
3KQ0A
2P6WA
4ZHVA
3IDFA
5LDXX
2RTYA
1Z6OA
1Z56C
4G6QA
4CCFD
1LKIA
2GF5A
5A9AA
2YPWG
4CVOA
4UZZB
4GAMS
3EUDA
3HVWA
1U5FA
1XQRA
3VA4A
2GIAB
3POWA
5JFZF
1WH2A
4UW2D
3K6TA
4DCDA
1JB3A
2NOJF
6G2JQ
3S4OA
3B0BC
3R4QA
1S2OA
4OTMA
1VBKA
4L3NA
4CUYe
4K0QC
3BBJA
3IM3A
3D5DJ
2ZZRA
1XHNA
3EJKA
5AJ3M
3FHVA
4KGMA
3KK7B
5LSKN
2MJFB
4OBMA
4HEAR
2NTEA
3VH5A
1H8PA
1LVMA
1SKNP
3CF4G
4RPCA
3K1TA
5D9BA
1N7ZA
2AJAA
4RKSA
2HH6A
1IKTA
5JIRB
2M0QA
2WO3B
2WB6A
4V3IA
1KMIZ
3ZJ2A
1D1QA
2WSSX
1PD3B
1HTWA
2HY7A
6G2JK
3IKHA
2RBDA
3OSTA
2WCYA
3BIYA
2D0WA
2A8EA
1K1FC
1G8SA
1IZCA
1ULYA
1LO7A
3I5QA
4LTBA
2L9DA
3UQCA
3ML3A
4PUXA
2KPTA
5U6HA
4O6IA
5ODHJ
3UGOA
3VHLA
1K9CA
1TIGA
1CD3B
4OSNA
3G0KA
4YO3B
3HA4A
1D3YA
2OEZA
3CK6A
2CWOC
3NSWA
4RHOA
2BICA
2ZG6A
1U89A
3QMEA
1DEKA
5B7WB
2HLTA
4G92A
3HKLA
5C8GA
6C0FW
2QFAC
1ZL8A
1I1JA
2N2EA
3O6UA
3RRKA
2XRHA
1VW46
4QPRA
3FLHA
3RUIA
4OA3A
4ESPA
4E45J
3F9UA
4G6XA
2I2XA
2G0QA
3WHRA
1RCUD
4HFXD
2PPVA
3OMYA
1OKQA
3NNFA
6EHRF
5NGNB
3HQXA
3OJ3K
3GE3E
4G65A
6BV7A
2MZ0A
4OBXA
2VJEB
4HTUA
2DHMA
2K2BA
1RU4A
4XS5C
2MCTA
3AYVA
4QQ6A
4PJUB
5FIKW
5CEGB
2E0ZB
4L80A
4H79A
3IX1A
1CEUA
4ZC3A
2NSCA
5UVGA
4GKGA
3LM2A
3JC7A
2LUGA
1YDUA
3BJ4A
1KLRA
2LTNC
3NGWA
1C8UA
3G0MA
4GIOA
3VRDB
3LE2A
4QE9A
3MZOA
4H9NC
4EZFA
5D50G
4JXUB
2L6PA
5M1HA
4RZLA
1VX7T
4OYZA
1H8GB
5LEFD
3GMGA
1DSVA
2H7GX
1VYIA
4JRLA
2GM2A
2LOQA
4MZZB
3LDQB
3KE7A
6B4FC
1ON2A
3LRQA
1IYRA
2N0PA
2HMVA
2AJRA
1ZOQD
1TZVA
2G4RC
1WJOA
1X9BA
1V2ZA
3FJZA
1V31A
2M1JA
6F42C
4GL6A
3LHKA
4IOYX
1P6XA
2A1VA
2LC3A
1IHNB
6F0KD
3T8KA
1TTWA
2C0GA
5A2TO
1S4KA
1MU2B
1S3CA
3NDQA
3G21A
5U1DX
2QDJA
3L1KA
4LJ0A
4C0FA
1F0KA
3J7Yp
3RIOA
5D5NA
1Z8YP
2MKDA
3J36S
3H2BA
2HIQA
2PSTX
4YK3B
1LGPA
2LPUA
5XYNC
5CXYB
1OSYA
5KBOA
3VQJA
3BY5A
3NJAA
1ND6A
1YRBA
6C6GC
3DCMX
2PBQA
1QKRA
5LDDE
5D18A
1SR4C
4PHRA
2KY5A
1AJ2A
3IRGA
4KIEA
2VXZA
3GZGA
1IWPG
3S6EA
1UKLF
5FIMA
1P88A
4B93A
2Z5WA
3TM8A
2YORA
4Q5TA
3UK3C
3EUSA
2WMNA
3AONB
1SKVD
2RO0A
2KUOA
2ZZJA
5M0WA
1O5ZA
3BD1A
4ZA6A
2C4WA
5VU2Q
6C265
2I39A
3I9SA
5DL8B
2MN4A
5JHFF
2O3OD
3GQUA
3O59X
3KBYA
4YK2B
5CETA
3P0CB
4RPOA
3CK1A
3DSDA
2R01A
3L53A
3JB9C
1JSGA
4PQZA
3W1ZA
3DFFA
4IFSA
5FISA
3L9AX
2N8KA
1HR6A
2MPCA
4GWPD
3WVQA
1LTGC
3J01B
3PVVA
3WRWF
1I1RB
2A2MA
5EO4A
4HBZA
2XCJA
4LU2A
1X3QA
1G8EA
3KLQA
2A9SB
3CWCA
4UUKJ
3MB2B
1JX7D
4RS8A
4QE0A
2DCOA
4OIZB
6F2XA
5JK7H
3BROA
1K0PA
4E4TA
5OOMN
3BEXA
1CJWA
3H16A
2KHEA
1CQ4A
5TVME
4Q2GB
2EXUA
2XQYA
2QF4A
4AWXB
4AR2A
3PNXA
5L7SA
3VTQF
1LQAA
4HHVA
2OB5A
5M4TA
4EMOA
3J9AA
3NA7A
4ZSXA
4LMSA
5J6ZA
2PE4A
5IWSA
2CIWA
3E8YX
1REGX
2IXNB
4P0GA
4HBQA
4YN9A
3P1VA
3U3ZA
5FC3A
1J5UA
3D6WA
4RP9A
2RJ2A
5Y8FB
2JV5A
4AMUA
3LLBA
2A7WL
6C0Fs
1WTEA
1AL0B
2VA4A
2JOBA
4KQ7A
4BMOB
3KF2A
2JO1A
4NOOB
3FG8A
2JOVA
2WSHA
1RL0A
4RJWA
3OYOA
3HN7A
4FI5A
5XTCQ
2JZ5A
2YZ8A
1TT8A
1L5PA
2IN5B
2OFGX
5Z43A
3HG9A
6FX3B
3TBNA
1Q67A
1DKGB
2BDDA
5E3EA
2OOCA
3BT7A
2Q7AA
4DOXA
2FJ8A
4UFTB
3HYNA
3G20A
3F2EA
3NFGB
5L85A
4H0PA
3K6GA
4K91A
3NYYA
5GUFA
4UMIA
1LVAA
2KFDA
5XTCS
1WSCA
3ZRXA
2JORA
2WL8A
4TTBB
1WQJB
1AX4A
2QP2A
1TXJA
3FK9A
3BYWA
4RB5E
3OMDA
1R79A
5DUOA
4XRTA
3BE3A
2J1NA
1STZA
5E97A
5XQID
1UGIA
4JOIA
3H6RA
1UUJA
3DZVB
3BKHA
1GQEA
1AIWA
2IJAA
1F46A
3AX1A
1L1SA
4LOXA
4FEAA
1D2ZA
5XKLA
1VX4K
4MN4B
3R15A
2N28A
2I9SA
2L3XA
4E1PA
3CY4B
4WPXE
4RE1C
4Q14A
1WRDA
2VNLA
3G7ZD
1R89A
2JJSC
3H3IA
3MVNA
2XZHA
3DV8A
2JAAB
3HE5D
1ZQ9A
3RHZA
5NOHA
4M0NA
5BQMB
3FGNA
4OEBA
4M1PA
5NODA
2BN5A
3P54A
5VZMB
3WXMB
3JB9h
2YSAA
2HDWA
3CVOA
4CE4Q
1ZPYA
2H7ZB
2ZC4C
2PQXA
2PPXA
4IMIA
5WNAA
2ERVA
2YVSA
3AONA
3ER7A
2CO5A
4TMXA
2GU3A
4RHPA
2BM5A
3G74D
3SNOA
3WMIB
4UUWA
1ZDRB
4YK8B
4IAJA
1U0TA
1RIFA
3MJ0A
5A0RA
2YIZA
3CAXA
5TCEA
2MT8A
3K1RB
3TOJA
2Q24A
2L7AA
3KXRA
3GI7A
4H5IA
2D7DB
3HGVB
3MPCA
4HCEA
2PYQA
1YGMA
1M8NA
4FQEA
4F55A
4RB5N
2LC4A
4TT9A
4XA7A
2MN2A
4O8BA
6B3OB
2N24A
4N8NA
5VA4A
6CP37
1XAKA
3K6EB
2K87A
3BF0A
4HFVA
3IJTA
2BZ0B
3NY7A
2LUHA
5AOHB
3GP4A
3B08B
2O0QA
1QQP1
6G72i
2F4IA
2GV5C
5G2VA
2M7YA
3S57A
3CLQA
3HWJA
2I2OA
1TULA
2BSEA
3W36A
4FZQC
4NNBA
4PZ1A
2MH0B
3CE8A
1EO0A
2A6HA
3F3GH
1L9LA
3KE2A
3UI3B
3TRKA
6CFWG
3P0LA
2H7VD
1TJOA
4DCZA
1IGQA
2MC7A
3RH0A
6CH2E
3GMIA
5X41F
3QTHA
3SALA
3SZ3A
2Q8OA
2N1DA
3G98A
2QWUA
2JP6A
2I79A
3WWTB
3EJHA
3JTYA
2E5YA
4BVQA
2PQ4A
2OEBA
4CGUB
1UDKA
4FIOA
3A7MA
5LWCA
3S0YA
5LQZW
2CBHA
3O8SA
4CDJA
4RB5J
2JDCA
1UN6D
2CC6A
3ZFPA
2RFLG
1XG2B
1HBXE
2IHXA
3O7AA
2FTZA
2OSDA
1X0HA
5IJ7T
3R87A
2YY3A
2K42B
1EIWA
3A76A
1PUFB
5Y39D
5MUFA
4CHEA
4K6LG
2I9XA
1Y8AA
6G18y
3NOHA
4BHQA
3HUGB
5NCWB
2APLA
4F3JA
5XJ9A
3PDDA
2O5RA
1GXMA
5D3KA
2RT6A
3FX7A
1Z6NA
2LCYA
2R7DA
3S6UB
5IC9B
3P1GA
4IT6A
4NI2A
1ASWA
3KN1A
4H7WA
3N2LD
2G3VA
3TEGA
4RN3B
1RWRA
1VMBA
4I0XA
1NWBA
3POHA
4UE0A
3NATB
3S5TA
5XOXF
3IEHA
5XBCA
5LSJF
1Q4UA
4JPHA
3PMDA
1XO0A
4I4CA
2N2CA
3WWVA
3O3XA
4FZBC
2QYBA
3MCBB
3D6MB
5BYOA
2P0BA
2EO4A
2K4NA
3WKMA
2PIMA
4RUQA
1DI2A
3M3PA
4BE3A
4RDQE
3ZDMA
3PU2B
2HC5A
2FCLA
2Q9KA
3LJEA
5O9JB
1Y74B
4ZP0A
1BXYA
4ROCA
2MDPA
4NQGA
3WUZA
2X5QB
4DHXA
3NVBA
2ZDSA
4EVXA
4HT1T
4UKZi
4NOMA
3DCZA
4PH2B
3MW6A
3MGAA
5IY92
2O5HB
1S98A
1EL6A
2CROA
1MP9A
1JVWA
2WFOA
1FXKC
1AQSA
3T38B
3B33A
2MKVA
1PDQA
4X3TA
2LJUA
5CFIC
3LYXA
2XP1A
3L9WA
4BJJA
1NA8A
3JCUw
4E5VA
5A20D
2VSDA
5T82A
3AJ4A
3P9VA
2FH0A
4OC6A
1MGRA
2RIFA
2OPEA
1EHSA
4RYOA
3TX1A
5AG3A
3UEBA
2LM4A
3HTRA
5YGUB
5IFCA
5CVDA
3NT8A
3TOSA
4RPLB
2V0XA
4UEBD
5V2OD
6B2Za
4FPWA
2G64A
3IABB
5XMEA
1VICA
3DLIA
4NMXA
1ZTDA
1JQGA
2WJRA
4DX8I
2ASTB
4FBLA
2RGQA
3OOVA
2LDSA
5WOXA
4GM6D
1D3BA
1RK8C
4I4M6
2A2LA
3OG6B
2D7VA
3IC3A
3KOQD
2IWDA
3AKBA
3OL3A
3DB7A
2OQGA
2F5UA
2DZNF
4L63B
5BY4A
4O8TC
2QSFX
2VX8D
3VPZA
2PC6A
4JZLA
4H4NA
3EUFA
3C8CA
1EDVA
2LNMA
5IC9A
2FIDB
1C0PA
3B09A
3I4ZA
3JZLA
2OKUA
3WCTC
3LK3T
1XVIA
3J39d
4KFUA
2KSEA
1FR3A
2FPHX
1WNAA
1L6PA
4A69C
2K7IB
2YMMB
4C1AA
3DF8A
2OAAA
1M5IA
1YQ5A
2KZYA
3BO6A
4X86B
5MY7A
3OLCX
4ADNA
3PCSB
3ISRA
2GE7A
3NNBA
1T0FA
4MUQA
2F9HA
3DDXA
2LY31
2PJSA
2WATA
1JAYA
1VKCA
3C5KA
2N0AC
2PQIC
3B0DC
1ZVPD
5T5DA
3DNXA
2N8OA
5WUCA
1H3LA
4NZVA
2XWTC
1P90A
2Z3XC
3WB0A
1NI4B
4E6ZA
1WHFA
5WD9A
5YQ0C
6B2ZN
3HY0A
3HQFA
4MOBA
2WQPA
1N2DC
5C8QB
1UFOA
3J61t
2R47A
2FPSB
4CO6C
1V32A
1PYOD
4GN2A
4BEHA
4J05A
2G7OA
2CQ7A
5VU2E
3ZPJA
1V74B
1O5UA
2W1SA
4O5FA
2CVEA
3GLDA
3NVOA
3HI2B
2K9HA
4IYSA
4EWEA
2KEHA
2CQNA
2KDTA
1J3EA
3EF8A
6C0F8
5UJEA
2MQUA
4X8KB
4LWKB
3S8IB
3IZSs
1HWUB
5T48B
5M4YA
5OOLp
2PKGC
3RFYA
1L3PA
2IA7A
3WU2E
4U4TA
4GS5A
1ERDA
4XPYA
3C6NA
5EXEA
6G10B
5AMHA
3BRNA
3AJVA
1V7MV
2MW7A
2P82A
3VIQA
4LB6B
3DAWB
2KMUA
1T33A
2M2QA
3MUJA
1PPRM
4JWJA
1VR3A
1FGPA
4V29A
4R4KA
4P78A
3LFJA
6AO4A
4X0RA
4NDPA
1UF2Q
4P78C
3L41A
2WH6A
4ZNFA
1V1HA
4RGWB
2AJ7A
5CW4A
3MWDA
2DZQA
3J38Q
5LM7N
5D8KB
3H95A
3GUDA
4WIAA
5JL7A
3RW6A
3P3GA
2GOMA
4GJRA
6FKHd
1FQJC
4W8GA
2MPWA
4HHXA
5A43A
4I17A
4ZMIA
1H4PA
4DIDB
5NNVD
5K9KF
3X0UA
2XVCA
2L7SA
1SEDA
4UUUA
3VUYD
4J9ZB
5L0WA
2CWRA
1JKVE
2NR9A
1YU5X
2O6NA
6FUEC
4QYZI
4I6VA
1VW4d
2MHYA
6CV9A
1XS1A
3BFOA
1YZ1A
2VFKA
1EHJA
4DIVA
1FOBA
2BZVA
4ZR1B
2RMKB
3JSRA
2I88A
2OFLA
1S55A
4NJLA
2R44A
3SJRB
4YE0B
5T58N
2ESHA
3LUMA
3ESIA
2HG6A
5LBKB
1GRJA
1VQO3
1UTAA
5DNCA
1JILA
1E4MM
3AA0B
1EAYC
3PVHA
1B35D
5CTAA
3RAGA
2Q7BA
2JSTA
5T47B
1PAVA
5JPQG
2H7TA
3EVYA
1CR8A
3BAMA
3NO2A
1PYIB
4WPEA
3PQKA
1WT8A
1B35C
1GAKA
4HC9A
1H6DA
2PQ4B
4LJ9A
3PJ0A
4J80D
2B9KA
3KU0A
1VP8A
2LE3A
2X5CA
4BPFA
5V6EC
2VY2A
4U13A
4CVNA
4L9PB
3GSEA
1RUWA
1UJLA
2JMOA
2D3DA
1U2MC
2JTSA
4O6DA
4I68A
1Q90G
3RKCA
2I9DA
4CXDU
2GENA
4YLFA
1MN3A
3LAYJ
3RBHB
3LNLB
2O6KA
2KWVA
2KE4A
3P6BA
4IAOC
3I4RA
4RSWB
4ZQUB
4K6NA
4FQNA
3FPNB
2B0CA
5VGBB
4WFWA
4NK2A
3BBZB
4JN3A
5LB7B
1Y9LA
5IRXF
2N5NA
3P06A
2WG7A
2KVEA
5BXAA
2RBBA
5W2IA
2JWGA
2KPNA
2W2UA
2OLTA
2ZCXA
4GA2A
5VNYA
3FNIA
4W9MD
4H7LA
3BQWA
4R7EA
3C19A
2MDGA
2LOHA
6G72A
5IP1B
3RX6A
5ERMB
2HYBJ
3PZ7A
2A6QA
4G7VS
3BM3A
2D1PC
3BB6A
2MKCC
2QSIA
5WDMF
5TC1M
3MCBA
3ZBDA
2I00A
2PX9A
2Z5EA
4YUTB
3ZH9B
3P45N
4B1ZN
5FUGF
1ADEB
4GQ4A
1DM9A
1UYOX
1MKNA
2CALA
1WIBA
5FJZA
5A65B
4KT6B
2WP4A
2YYOA
1TCBA
5EGIC
4PQPD
1OEYA
4NJHA
5N77A
2OX1A
5L2DC
1N8FA
3O3VC
3QY2A
5C2UA
3GWRA
4NX3D
2AEUA
3G5JA
1I3JA
4Y0AA
2VGHA
4ESUA
5E7FH
2R19B
1X31C
3CWIA
5BMTA
3V9OA
4LFLB
2D9KA
3KW6A
3TS7A
4CGSA
2RASA
2FB0A
3L9BA
2Q4FA
3FKQA
4F8LA
1ZV8G
1P9DS
1JJ2Y
1YHMA
5JROA
2DNXA
4C92B
5YDNA
3JD5b
2LOJA
4JBUA
4FYYB
4HDDA
5TD8A
4DNYA
1GO4E
3O6QA
4LQKB
2KBQA
4HICA
4ZTKA
1NG7A
3P51A
4Z3TA
4LO0C
1QB7A
4Q6VA
5AHWA
2PBLA
2OQ8A
4QLPB
4HUQS
5E4WD
4LMPA
3KC2B
4MYYA
4RB64
4UU4A
2JMPA
1M93A
2I53A
1WK8B
3QAOA
2LHUA
6ALYA
2WDQD
2LWYA
3E1EA
3TEBA
3KTBA
1V9DC
1HYNR
1U0SA
2QQPF
1QBJA
3MW8A
3C1OA
4GR6A
4G0IA
3O48A
1PCFA
4EZCA
2K21A
4V1Aq
2GIYA
5OA1W
3G7LA
1YWMA
3II6X
4ZSFA
1D2NA
2AL6A
3U07B
3POPA
4CC0A
2HR2A
2FZTA
1LG4A
2R6IA
1VIBA
3OXPB
2JX4A
2DOQD
2Q5WD
4AJYV
3UC2A
3W1EA
1FVYA
3G5OA
3DL8D
4TLGA
2BSJA
4YTLA
2DSQG
2G9LA
4N0PA
3AG7A
5NCBA
2HW2A
1WUBA
1UW4A
4DRIB
1JJOB
4GT6A
1T77A
1YDLA
3FPFA
2I9FA
2IJRA
3D4RA
3TR4E
4KF9A
5N2UD
1GNYA
4L0RA
3R1VA
1F5QB
5CWJA
3FCMA
2QPXA
1EYHA
2R37A
2R1FA
2OGIA
4UZKA
3EFFN
5A9PA
2HCFA
3SUKA
2E3MA
5CKLA
1IG0A
1BOUA
1VQOR
2E58D
4YS2A
5NKZD
3VYXA
1DFMA
3FXDC
4DWEA
3VLFD
2O4AA
5EE2A
1IJXA
2OR0A
5L3XB
4PLPA
3K1HA
4JZUA
5UZ5B
5XTDd
4HE6A
2JVWA
2IH2A
2R5UA
2WBQA
2BUDA
1VDMG
2M2LA
1OO0A
4INEA
1TUWA
3V53B
1RYLB
2J5LA
2RQXA
5JDOB
1U7KA
3H8TA
4LZKA
3J7Yo
3WJTA
5CDQS
3CJHE
1NZ8A
2L5BA
4E2UA
5AJ3h
1CKAA
1Y96A
2IIEA
3VKJA
4HLYA
1QW2A
4HAEA
1B35B
4O6YA
4XLXA
3DTHA
2RFRA
4TX5A
4X9RA
2GJVA
2XV5A
1WV8A
2YQ2A
2CWHB
5XTDi
4L8RC
3J61r
5KMXC
2XQQA
3FO8D
1T17A
3J2NC
4ODJA
1D6BA
2MF3A
4ERRA
1Z7LC
3EPWA
2NN5A
1EPTA
2M4EA
3JVOA
3FRQA
3L5QF
4YARA
5N86A
4FZ4A
2GECA
4M16A
5WAMB
1NF1A
1YZYA
1LWUA
3QHQA
4JG4A
4EM2A
1M4UA
4CITA
4ID2A
2N04A
5XBDA
4CNKA
3JD5o
3T6GB
4HH3C
4BF5A
3DDJA
4V1Ao
2QJVA
1XFSB
3J6VU
4MZVA
2OUTA
1VQOM
2ES4D
3FZXA
5WSGI
2R25A
2YZVA
3ME0B
3WEBA
1YOZA
4K1CB
2ML7A
4G92C
5MZAA
5FCUG
4I99A
3LW5K
3DCXA
5AJJA
3VW4B
1K8VA
2MXAA
4GXTA
3UA0B
2IVFC
3LH2U
1U07A
2PY6A
2V79A
2Q3QA
2K4FA
6CFWI
4R10B
2VPDD
2XZ2A
4R1JA
2QPVA
3M1MA
4FAOC
2HXXA
2A0UA
2PT7G
2NYSB
5TUBA
3K1IA
3SPEA
2R4FA
5ONUC
4EI0A
2PTTB
2RDEA
3N28A
1WIHA
3NOJA
3BM7A
3PH0C
1V66A
5FCMC
3ZNUA
1KAPP
2HTDA
2V0OA
2K3QA
4OOGA
5OR1A
3WU2H
4GITA
2N8HA
2QZIA
4QBSA
5WAKB
3D6JA
3R0RA
1KJNA
3UTMC
2I3SF
2G9MA
3HEMA
2X3VA
2AFFB
2N2UA
3W42A
4J7HB
1QD6C
1NEIA
2WWEA
4PDCE
1TOCT
5B0UA
5AYWC
1AT0A
2K9PA
1WM1A
3MR7A
1DS6B
2MLYB
2HRJA
4UQWB
4PTYD
4BT0A
3Q64A
2IBOB
3JD5i
4P3XA
2QTPA
4HL4A
1VHTA
2B9DA
3E7HA
2D4XA
3QQMA
1TKEA
5I4QB
2OA2A
4AX2A
5C4VD
3W5KB
4LM6A
4F0QA
2Q52A
1M8LA
1XU6A
2N12A
4TVSA
2ZW5A
2KQRA
2OEEA
4YAAA
5UC2C
1VW4X
2DB0A
1VQOY
2M36A
2YF4A
4A5XB
1Q8BA
2Q4XA
4GIMA
3NKZA
2FYGA
3D3LB
2D9MA
3CXJD
1EPTB
5AN6A
2MCRA
2L6ZB
3N7PA
2L6OA
1JYKA
4HE8N
3JD5n
3IR9B
2ZDIC
