3OXQF
1PXQA
2B5IC
5O9ZH
2A1DE
2KT9A
4P7CA
3IYUN
5LDXo
4TV0A
1VQOC
3WRVB
4BEGA
3E3XA
1N1QA
2EFXF
3N5BB
5CX7B
5CE7A
3QC0A
4O87A
5IRIB
1ZHSA
1Y3JA
2BLFB
2JNAB
5Z1WD
3BRYB
2YRKA
5OQRD
1FXKA
4L3UA
2N5DA
2HY5B
5X41E
2Z0VA
5OSHI
3WPXB
3SD4A
2RTSA
3ENHD
5DYRA
3OFKA
1GPPA
5YZDA
2Q46A
2D48A
1AKOA
2MC0A
5AONA
4BEHB
2KZ9A
2FQHA
4YC2G
3QYEA
2CT7A
2ROWA
5KTFA
5GYYA
2GVQD
4B6IA
4QIWO
1NYUD
1CWVA
6FKIp
2ZF8A
4QASA
4LD1A
1Z9MA
1Z9LA
5IJPA
5VMDC
5X8T6
6B4GD
2ZC3A
5MMII
2MF9A
3KZQA
3ETOA
1DYNA
2OOYA
3FDEA
3R2UA
3MSWA
2DG5B
2IKEA
6F2DA
2RPRA
3ETBK
1AVON
1NJ1A
3Q6KA
5GARY
7FD1A
2FHZA
1SRKA
3J36Q
5V6JD
1KJSA
1C17M
3DMGA
2QJXA
3ZPNA
5UUSB
5FIYB
2L2RA
3MYFA
4WPCA
1O51A
2RNNA
1KCZA
2PYTA
5LUTF
3U95A
2ILKA
5YRZB
1TLVA
3FGTA
4G1IB
3E4WB
3AU4B
1LBUA
3FAUA
3EXZA
3ACHA
3NRFA
2ACMB
3U12A
2AU5A
4HLSA
3ZLJC
4M1XA
2HSXA
5MHKD
5AJ3j
4MZ9A
6F8SD
4RHKA
2QYAA
1JERA
2XR4A
4MYZA
3M9LA
3IZ6E
4RQOA
1VQOX
4PT2B
2DS2B
5HFTB
1D2ZB
4HG2A
4R03A
3N2QA
2F4LA
1ZU1A
2KI9A
2KSMA
1OFYA
1QAJA
4LGCA
3X29C
2I1PA
4ESQA
6F42W
1FDJA
2KWZA
3O2UA
2FGTA
5DOQA
3D4IA
4X8QA
2BTVH
2POFA
3X1LH
2A06H
5U0ST
2X7QA
1AA0A
2JXNA
2SNSA
4RL8A
1EXKA
5EWUB
5D0QG
1VCAA
2HALA
1OHUB
1QZGA
5K5WB
4YORA
4UN1B
1U9DA
1E9KA
3VJJA
2P8XS
2KB2A
2HRAA
2PFWA
4LGJA
1NKPA
3A1YA
3Q7RA
4EUKB
2Q4UA
4G1UA
2IG3A
4ZWRE
4RB5Q
1YS1X
2W3YB
5NDAA
4JNHA
3CUEG
2IDOB
1P5VB
3A15B
2ELXA
4O8YB
2CZJA
3VX6A
2AXWA
3G5ID
2MVBA
4RN7A
6F7PB
4FDTA
1U7NB
4DQZA
3ADRA
2L48A
2KJEB
4PWSA
3HIUA
2MVNA
3X2DA
2VSWA
2Y8DA
3N3TB
1QRVA
5V8WA
3C18A
1QF8B
2WW5A
5WIXA
5B3HF
2WYQA
4P96A
4MB0A
3KYDB
6EM5r
3K63A
2PNYA
2WJVD
2O34A
3IABA
3NA2A
5VWLA
4PWAA
4RNAA
4M70L
2MXRB
2Q3VB
3NZ3A
1U69A
3SJ5A
1OHAA
1W2LA
3GR5A
3GODA
1WE8A
1XF5L
4S24A
2NOCA
5U1HC
2OJHA
4KJRB
1PZWA
1RFYA
1UKFA
3MP7B
1AN4A
6EZNG
3G79A
1C7KA
2J3XA
3ISMC
2LLHA
4F3LA
4KRDB
3QORA
4JO7A
3K3VA
2LLZA
2HINA
2HX6A
1GXYA
3PT3A
5IR6B
5CBPA
2PD1A
3I3VA
1UVVC
4BK0A
6DIPA
2W82C
3IUPA
2QA4G
3B5QA
4PSNA
4QBAA
2L58A
2OSEA
3RGCA
5DOKA
4YSXD
5DICA
4WWFA
1WD5A
2DTJA
6AS4B
1VW4P
4B89A
4K48A
3GK6A
3FNCA
5LCIA
5W3NG
1XXAA
4ARTB
5MSMB
2Y1BA
5E3VA
6B48K
1FMJA
3SOJA
5A3DA
2RR3B
3LCZA
5BNCA
4PZLA
1ZZPA
2LFCA
1Z0KB
3RJ1U
5Y10C
5EKQC
4ID8A
5MU4D
3GOEA
1T3UB
6B1GA
2E1MC
4V1AD
3FCNA
3LMCA
2PNVA
1YKEC
5XJR2
1ZG2A
1VLQA
2OYAA
2CTUA
3EO7A
5ZGH1
5DJEA
4WVEA
3IE4A
5XMZA
5HZPA
2OP5A
1VHEA
2RHFA
6F1Vm
5F5MB
3T7VA
1ZD0A
1Q01A
5W7BB
3DM3A
3F0PA
6BZHB
3WWLA
2GTAD
5XNLz
5CGZB
1WDEA
2Y2LB
3CPQA
5Y5YG
4UYIA
2PQVA
4DCIB
1CO4A
2CRLA
3GA9S
2K0MA
3BGEA
1RQ6A
1JAKA
1TU1A
4K2PA
3RJ1J
2WKNA
3MZYA
4LAYA
3KDFA
3E6QF
3CM1A
2PMSC
3FFVA
4Q7GA
4D6KA
6EU0V
3K93A
6ET5S
3WZ3A
2J9CA
5JW9A
2D1GB
2VYOA
3CJHL
5ZVTj
2KUJB
2LLAA
4RT1A
4G7XB
4ZRJB
3O0LA
5AL7A
1LR0A
5V8CA
2OMOA
4RGIA
3FH6F
2J49A
4MLMA
6C6KC
3R8JA
4AOQE
4MAKA
5GKKB
2W5QA
3B4SA
4DJIB
2WW9J
5TSBA
3FACA
3I00A
4HBEA
1VQON
2XEMA
6F1Vf
2XVRE
2JVUA
3AYHA
3MHXA
3I7MA
1JHJA
2F6MB
3AIHA
5JH0D
2FF4A
4B9WA
3A07A
2PA2A
2KFVA
1PW4A
2QSDC
1YD2A
1FN9A
3EMIA
1XXQA
2AB9A
3NUHB
2E7VA
2V14A
4GBSA
1YWWA
3QH9A
4WAIA
3V6PA
4K61B
1X5MA
2CZSA
4Q29A
2PRGC
3E8LC
4XHTA
4KM8A
2F4PA
1BOUD
1M9OA
5EYOC
1CMCA
2HIYD
3LDTA
3J12J
1RF8B
2LAIA
4RB66
3TUJB
2HERA
5XRWC
3IVPA
5JNOA
4G2AA
3KP1E
5N9JC
2HJMB
2FHDA
2Y7LA
2DLKA
5GWMB
3P8DA
1MOFA
4OY7A
4UI9M
1I4UA
3MDGB
1FSGA
5FLDA
4AC7B
2MEMA
5K0YM
5A21G
1XDTR
5I1UB
2EBEA
4ZOHB
6B0XC
2D4GA
5XN4X
6G51v
6B5BF
2JYSA
2EO2A
3FDQA
4L9BA
2ZKRG
3ONDA
5OF4D
5F6RA
2RE9B
2JMKA
5LY0B
5YZ9A
3KPBC
2XU6A
3BJEA
3UC1A
2W0GA
3WW0B
3O5YA
4J20A
4N81A
4ZCEA
4RU0A
3E58B
5LXYH
3N72A
5IS0B
3ZEUB
4MB7A
3R9JD
3QZMA
1R77A
5IHFB
2Q01A
4R8OA
2QLCA
2GJ2A
1QHXA
4O2TA
2HX0A
1VBWA
4GXGA
3LLIA
4YXCB
6EXPD
5FQ7G
2JK9A
1E29A
2MD0A
2LT8A
1G6GA
3R84V
4LD7G
1MR0A
2N72A
1I6FA
3R20A
3MNPA
4J7OA
5HDAC
6EUXA
2BEQA
4WPYA
3HVZA
3U4GA
3LLOA
2VZNB
1VYBA
2CAYA
5WPNA
5UJ0B
1QBZA
3ALJA
5CH6C
4XAQA
1PQHA
6BUCA
3W6KB
3CX5B
1EM9A
6G53t
2VT8A
2L3FA
4CKND
2MX4A
1LJ8A
2FM9A
3I2VA
2B3WA
1Q8DA
4J6OA
3K3KA
3QTED
1GDOD
2PYGA
3F4AA
2O9MA
2GJHB
3I6XA
5XTCc
4X36A
4RB5R
2YQ1C
3LD2A
2YV6A
2MPQA
4A1KA
3KINB
4LFLA
3S6XA
2JX6A
2WAKA
2EFKA
3CWZB
4H6HC
4FM3A
5VK2a
2C2ZB
1G1ZA
2C60A
4XJ6A
1VAZA
4HTEA
3QIKA
5D16A
3F1TA
5J9TC
3SJMA
4ZJMF
3F5MC
5FIID
2HJQA
2HWJA
2IY2B
4G2KA
5FNAF
2HHIA
5T2XC
3OOSA
2XCME
2H7AA
1DQCA
1YPYA
2P09A
1B02A
3A1GB
2QYFB
2JV2A
1CKMA
4XIGM
2R1IA
5U96A
1T4HB
5VTGB
4BGNB
1YARA
4QXZA
1C3ZA
2MDFA
1DVOA
1XLYB
3ORUA
3SXUA
1VHDB
2YADA
4R33A
3UF1D
1W1HA
1ZX3A
2JUGA
4NKBA
1IS1A
3D1NI
2GWPA
5GNWF
3KL7A
5J9QB
9WGAA
4RLDC
4BMCA
3B48F
5UKHA
5AIZA
3D8LA
2CY5A
6F40W
2NAEA
6CFWA
5FIYF
2GSLF
1X60A
4NYQA
3KV0A
1CBKA
2RSIA
1FIUA
4KG3A
2LUVA
2AQXA
4O5JA
6EU9A
5Z9AA
6B4EC
3UTKA
4BFAA
2BW2A
2KVSA
2MULA
2O98Q
5T86I
4FR9A
4FHGA
2KZ0A
2KICA
3GFYA
3SD2A
2NS0A
1GU3A
1VQOP
2ZKQQ
5E4MA
4PEDA
3TD7A
1Y1LD
3MX1A
2AZJA
3CUEO
3ZF7j
3BRUA
4RCJA
3CEIA
1ZQ7B
5BWEC
3LUAA
5JN6A
1SSLA
5JYSA
1R48A
5A61A
2CS8A
5OA1V
2M60A
5W87B
4NPAA
1I26A
3WPSA
5M2YB
4WBXC
2M1LA
5OOM6
2H8EA
3Q4HB
3J7Ye
2JM2A
3VEAA
2HGJE
2JC9A
2YV4A
2VXTI
1XWEA
5V68D
4IQHA
3PMRA
1HQZ1
4FMLA
4F03A
1LSHB
2KSKA
2LD3A
3JTOD
3NQIA
5MS9A
5J6PB
1MM0A
4PUGA
5A96A
1AHSA
6F36M
1KFYC
1IN0A
2GLLA
4MJ7A
2R5OA
4FQ0D
3TJ7C
2FP3A
4K92A
2Z0LB
3UKMC
3DINH
1J5BA
5U4WI
1YJNI
1WC4A
4BM5A
5UNQF
4V16A
5IC9D
4TT0B
5YL7A
4UNCD
1Q2HA
4ZXSA
3PYCA
1SF8G
5OBTF
6B4ED
3R9RA
6G16B
2ITBA
4UJ0B
2KA2A
4CG7C
1KBFA
2N2SA
4RB5T
2E30B
4M64B
3CXMA
5IECA
2JETB
2D4PA
2VYWA
5EDLA
3RGOA
4AC1X
2FP1A
4GEYA
3FVVB
2JXZA
3WOEB
4JHYA
4LILA
2ZQKC
1UB9A
1R2JA
5Z00K
1QS0B
4O7KA
5WODA
3IB7A
1HH2P
4HS4A
3FHKA
1LPBA
2RSOA
2D51A
3MSTA
2C5WB
4PN6B
4GNSA
4QNCB
2VVFA
2BE3A
1WM9B
1KZQA
2M0DA
2EE1A
5AWWY
2LOOA
4UZ0B
1DKQA
4LN0C
2JUCA
4QM6A
3J21l
4C5EE
3GA2A
2E3UA
3M21A
3CTWD
3FOCA
6F1SA
3L46A
1WMXA
5H6TA
2NABA
3WU2O
3E7LA
5JG9C
3BCVA
1UGLA
4PSLC
5M1SF
1Z9VA
5HTLB
3R07C
5UZ5H
4PX8A
5VMOA
2LWXA
3A2ZA
3F40A
3NJTA
2NYXA
2N26A
3BBGA
5FSAA
2YS0A
1R5SA
4LDUA
1U7LA
2MC6A
3LWTX
3GY9A
3EZIA
3ZVLA
6F0KF
1F4SP
4ZGQB
5GZTA
1P9OA
2P97A
3KBHG
4HE8E
2N8EA
3ODNA
4IKVA
3EOFB
2QHLA
4RA9B
1AAZB
3O7PA
5U4WF
2N4AA
5A10A
5I65A
4UEXA
4EZEB
1PYVA
1Y9QA
3WS1A
5TV5B
4LU1B
4HZUS
3ZF7B
3NTWA
3SONA
3FB8C
6D6VE
2MPNB
4E84B
2KPSA
3BKRA
4HZ9B
1Z21A
4NFWL
3P5NB
4LORA
4IABA
5IP0G
3F1IS
2E5ZA
4GVBB
2G8SA
4YWAA
1K7CA
2BL8A
5E3IA
4MITG
5WAIG
1E8PA
1M2DA
3K8JA
4CYFA
2A7UB
3B49A
4L2IA
1X3CA
3U80B
2K3OA
1F5VA
2QRUA
1VW42
2XMXB
2AAMA
2N99A
3MMYD
4EOGA
6ANSA
2L9VA
3HNWA
4WHEA
3X1LC
2LMKA
3FMBA
2KESA
5LJMA
2KFSA
2EQFA
5XYWC
4QN1A
5LSJB
1XPPA
5Y81C
3N89B
5HE9E
4Z80A
5APAA
1KVEB
1ZXUA
3TTMA
3M8JA
4LDCA
1CBFA
2GQCA
1RO5A
4Q2LA
6EM5w
2KXEA
4JYRK
3MOND
3NISA
3FAVB
2HPUA
2W8XA
4U12A
4WFCE
1K1VA
2MA9A
1XV2C
2G0WA
3IQTA
4P6VE
5WX9A
3VPBA
1HN6A
3MK4A
3HA9A
2L35A
3L7HA
1I5NA
5HVNA
4MNUA
3QHPA
4JBWF
2LBOA
3TMKA
2CH9A
5IA9A
2BYCB
5JAKA
6AZPB
3WXXF
4MJKB
1ED7A
4WFCB
3EPUB
4RB5P
3CWRA
1QO0D
2QEAA
2NTYB
2CV8A
3AL2A
5TR7A
1F5XA
2ZU0A
3NO0B
4F7GB
4J8SA
3UO3A
2DVZA
2IWAA
4UTQA
5MS0L
2JA4A
4HYNB
1WDGB
1JY4B
3G43F
2X9CA
2BHVD
1YD8H
2L31A
1PBAA
2GT1A
3G8QA
5MG8B
3BM2A
2B2AB
3GYGA
1VKEE
1WH0A
1TQGA
2DSKA
2N5XA
2P3PA
2L0ZA
3A1JC
3UUXB
4F2LA
1S99A
2ZYZA
3WVAA
1TLWA
1POIA
2BT9A
5G3QB
5TJWA
5VHFd
3Q98A
3VK6A
3CYGB
1L9XA
2V5NA
3L0AA
4ZKQA
2J3TC
2P62A
4JB3A
5A4HA
3NKGA
2MLAA
5X90H
2JVPA
5CZ3A
5LDDD
4DM5A
2D4UA
4N9Fi
1DDBA
3IUUA
2YFAA
1UG7A
2RK5A
4YXZA
3DNFA
5KWBA
3J60P
4ER8A
3ZUXA
4G0AA
4QWOB
2FUEA
3VEPC
2VXDA
3L5IA
2N8BA
3H2SA
1WLZA
6EN4D
5GOUG
3PWXA
2PO1B
2IMFA
3U0OA
4GQUA
2J2SA
6AN7D
1ADNA
2VE8A
4PDNA
4QPTA
3FLOB
4NC7A
5LMXG
5WHGA
2AXQA
2E7JA
1E8RA
5B64B
4UF1A
4YZGA
4N78D
4WPMA
3IR4A
1TOLA
3W8VA
2NLQD
5VBNF
2HH3A
4J0DA
2DO1A
3TM2A
4B19A
2E6XA
5HP0A
1I7XB
2LHRA
5I5CC
1BGFA
1T4AA
3K6GF
4WT5B
4ASMB
3O3MA
4P1MA
4BG7B
1HP7A
1JW9B
3Q6CI
5O9EB
2CXKA
1ZV8F
4Q63A
5BUTI
5LLMA
1SG5A
6FHSG
5VFYD
4GHBA
5MNTA
4XB6B
5GJ4C
1RP3A
3TJQA
2JBYA
5GMXA
5K79A
3RNME
5UA4A
5OENB
1XJHA
4IYAA
2DOEA
5GAPB
3GNEA
4BQ7F
1YX5A
1VLPA
3J3AL
4JLRC
1EJ0A
3P2CA
3IGFA
1V64A
1DGWX
2A5ZA
2XEDA
3GDWA
3QNQB
5LP2C
5YMAA
2V7CA
4A1DO
5JLVC
4GUCA
3SF4E
2OJQA
4Y7SB
4EPZA
2WY3C
1XTCA
1BGYI
5YHHA
4E01A
3BLNA
4QAFA
2VVWA
1X22A
2F4MB
3KSPA
3NZZA
3MYDA
3HHOD
1KV0A
1ZX8A
6D05F
6CB17
5TPMA
2O28A
1SRQB
3HIAC
4LCQA
3U3UC
1P5DX
2HP0A
2GJ0A
2WU9A
2LKLA
3CE9A
4V00A
4Z4AA
5XLMB
2QGOA
4JIVD
1JB7B
2ZCAA
5I6CB
5UYTA
2HNTC
4PEIA
3ISMA
3U2UA
4Q1QA
2MMBA
4U0WA
4E4WA
4I1SB
2LN3A
2V3GA
1TD6A
4Y28K
1EAIC
3VDJA
2RJZA
2K7YA
2RQ2A
4AKMA
1EJ5A
3PS0B
4QTSD
4LIZA
5DILB
3QD6B
3PR6A
1CVRA
4W8WD
6CB8A
3LKWA
3PSSB
2MXWA
4LDBA
3SB1A
4UX8C
1CQ3A
2K3UA
2BL2A
3D0JA
2RMHA
1VK4A
2OITA
2EDMA
2FKCA
3HRDF
1RDUA
4DGHA
3F5RA
4WCGA
1SXRA
1B3TA
3CAZA
1Y4OA
2MHDA
5U4ZA
6G72n
1UAPA
4NT5A
1X4QA
4RB6H
3TZXB
3ELIA
2JESO
4ZL4A
2W9OA
5MQ0s
1VW41
3CT4B
1ICFI
3IUOA
2KSDA
1SNZA
3VX8D
1Q2ZA
5ZKOH
4B0ED
5IQJA
4KE2B
2K9LA
4LWRA
2KAKA
4FXIA
1YUEA
3MTRA
3NPPA
5XTDv
5E24B
1UZ3A
2KW3C
2Q37A
3A8YC
4ZYAA
2LYIA
2GRRB
4DYQA
4U4CB
2L1QA
3I0TB
5EN7A
2KRXA
5T59C
3OBQA
2ACVA
2YQRA
5FV8B
2PKAA
3LA9A
2MZ7A
2HY5C
3A8RA
3H6NA
4LQ6A
3LAZA
4PU7A
1NMUB
2DVYA
2ODLA
1H3OB
1FVAA
1OFZA
3SOOA
1E41A
4JPBA
4XP8A
3FH1A
4IWBA
4BNDA
3FF2A
4TN5A
3JROC
4J7BF
5H6IC
3A0SA
4NWBA
4FDWA
4JD0A
4H05A
2HUHA
2MEV4
2QNEA
1I25A
4R7FA
3DL8F
3KDRC
1T13A
3RWXA
2F4MA
3O14A
4D63A
5A0KA
1YSXA
2OARD
5XK9C
5M2OB
6C24P
1VL4A
3MMLA
4YMRA
1WOUA
3D0DB
5U4Jd
4FJOC
1FJ2A
3RF7A
3RI2B
3QOCC
1PIEA
2Q82A
2BOLB
3BT5A
1DWKA
1V30A
3ZVKA
3LQKA
1SAUA
1RJ1A
2GD5A
1YFNA
5TGFA
4NYHA
1PYIA
1ES9A
2BYDA
3F52A
3QVGB
4N1LA
2OOXD
6G5HR
5CK3A
6CKOB
2HSBA
3CRCB
1ORUA
1LQ9A
2JOIA
5WRHA
3CJMA
5J03A
1VRAA
4A54B
4PHQA
2VMLB
4ZJHA
5TVFC
1J58A
5T51A
1ZP2A
2QZBA
1O50A
2NZCA
2RG4A
2NSFA
3ZJ1A
6BL5A
2HIPA
3U0HA
1PYTA
4NLHA
3OY2A
3HIXA
5JKIA
4RV7C
4CGBB
4O1SB
3DZAA
1Q33A
1KQFB
2AHME
2VOYH
4QUSA
1ICHA
1RRZA
3GIWA
2VOYE
1XFKA
1GFLB
1QOJB
1O4WA
2MOEA
4Z29A
2YGLA
6AR3A
3K0ZA
2WB1Q
2FIPA
4RUDA
1SGOA
2VVYC
5NF8A
3IRUA
5IBLA
1C1KA
1YD6A
2IIAA
3HRDE
6FC0B
4ACFA
3CP0A
1PMHX
3J26N
3QSLA
2V6GA
4KG0A
4FK9A
3E9GB
3KXYW
1JKEC
3EWIA
5A8UA
1TLQA
1DECA
1E52A
5W2FA
2KNPA
1E1HB
3PJZB
3HGMA
5MDRB
4UAFE
4L1NA
4OY2D
1SJWA
2CWYA
1ZBPA
2QEUA
2I49A
2ETGA
2KWAA
2CONA
1I49A
3TUOA
4OX0A
4O64A
2QNIA
1NRJA
1AOAA
5VJ4B
1N91A
2EBBA
3NPDA
5MJIA
4P5FB
4HPPA
5V7SA
1IAPA
5FILU
2E2WA
1KMDA
3BZLB
2J5YA
2LTFA
4D8BA
5BQKA
4EDVA
1GL2D
3HJGA
4Y97A
2OFHX
2GZQA
3T9OA
3TEQA
5A6GB
2IC6A
1Q7LA
3J9UL
4GEXD
3TE8A
3NWCB
5WB8B
3K1QE
4JONA
5KXFA
3PZFA
5FZ2B
3NVWB
2CG8A
1V8CA
2B8MA
2YUHA
1VRVA
4EP4A
3UCIA
1VW4R
3N40F
3KDWA
1RH6A
5KVMA
5U4Jw
5DN6H
2VKJA
5W5YQ
4P1ZA
3SFTA
5AURA
4ZJVD
4LADB
2IEQA
2P4LA
3R9FA
2OWPA
2AMHA
5JCEA
3L48A
2NUJA
2KJIA
4OU6A
2PRVA
2GLZA
2L09A
5L85B
2W5EA
4HI4A
1K2EA
4R29B
3D7NA
4YTOB
1HNFA
2YH9A
4PY6A
4C92A
1XV5A
4IZZA
5BMQA
2YREA
4F3FC
5AZCA
1BDSA
1YLMA
3BP3A
3DZDA
2YXHA
1M3UA
2IT9D
3LI9A
5H5CA
3BWLA
4KTWA
1NWZA
3ERVA
5BY1A
5XA6A
1J5YA
4P67C
3NKLA
2LU2A
4N6QA
3OZIA
3K9VB
5CTGB
2EG3A
2RFFA
5TW9C
4R1ZB
1UV7B
2A7OA
3TW8A
1R71A
1WLGA
1KNBA
3VIQB
1OMAA
4AYAA
1Z05A
5CAJA
2LUDA
2GEYA
4LURA
1PBJA
3CU3A
1WGWA
6CJ0A
1NR3A
2KXRA
3RLEA
3DSHA
1D1GA
1X75A
3CTVA
3BJOA
4Z48A
5CH4G
2JONA
4ZY8A
5A07A
2OFYA
4YKBA
4FCHB
4AFLA
1DGWA
3P8CF
4RFUA
5MLC9
3R84A
3JA7B
6G72J
2HQTT
2PJWH
1U8VB
5Y0YA
1YTFC
1WP5A
3FDIA
1RO7A
3EK3A
1T50A
3EOZA
3KCPA
3IHTA
3AAGB
4WSOA
1ZHVA
5GOLD
4LDDC
1XOUB
2K2UB
1BPLA
1T7SB
1YACA
1J0LA
2Y0NB
5KLVI
5I5DD
2TSSB
2WCC3
5WYLB
3M0DC
4OMFG
3EDNA
2ICHA
3GZBA
4K2UA
1ZZFB
5V50F
6EM3B
6C5DD
4XLGB
2FZVA
5LSIE
2D9DA
2LJWA
3GFSA
1HA8A
4P6VD
6C4HD
2L25A
4G3VA
3AEIA
5AGQA
2QTDA
1UJWB
2X5RA
3F42A
4M70K
5X2DB
4PH1C
6BAQF
2K8EA
6F0KC
6BJCP
4HI0B
2GWFA
5HY3B
3N0QA
1QMOC
2PIEA
4B8VA
3S9GA
2LLGA
4M2AA
2MN3A
1Q0RA
4AY9A
2AUHB
5HRJA
2M89B
3WWCA
3LOGB
4G08A
6EM5J
3S6PG
2M7QA
2JA9A
5COTA
6CI7A
1Z1YA
4GHUA
2N17A
2KDXA
1ZXJA
4RSIA
2DJPA
3L82B
6BS9A
1W8IA
2M86A
1K3KA
1XN8A
1WMHA
3MSXB
2LF0A
4DW0A
3QTPA
5MMJw
2LD7A
2K9KA
5OQMh
5H3WA
2YSKA
4U5AB
1R1MA
4OYDB
4M1AA
4IFDK
4BG0A
2DSYA
1VRYA
4L5CA
4YGTA
4GB5A
3LFKA
3IXSF
1R7LA
4QDGA
3QSZA
2Y2ZA
6EY0B
3HF7A
4V3DA
4PNBA
1XU0A
3VHXD
2Y3VA
5EROA
5AWFA
2H36X
1VR8A
5VGLA
5MC9B
1NE7A
5GNJB
2N8FA
5GZYA
4X8AB
1WFPA
4BB2B
4KU0A
2XUVB
1G9PA
4BZ4D
5CV1A
2RMSB
3F59B
4CE4L
5D3QA
1KX5A
1JB0L
3J9CA
3O2RA
4PN0A
1L1PA
2GBWA
3E20K
5XTCn
3D3KC
2FL4A
4OL8E
2F4EB
3GQHA
1E44B
4XKHC
2IZPA
4HSTA
1HY9A
3GBYA
1BY1A
4BVYA
4DULB
5ML1A
4CHGA
3L8WA
5MX5L
4UYJB
1RZUA
3CGLF
1UT3A
1UGOA
4LBAA
5KEWC
5LDXp
4Q3RA
2BH8A
5OQQC
3OOUA
4XB4A
6EU0Q
2D49A
1IURA
2CSHA
5TJ5P
3IZSJ
5JHOB
3J46N
2I6EA
1Y2YA
4HYGB
5KYHL
3R2TA
5JYHA
4CKMB
4MWFC
4LQEA
1WPHA
3NREA
4RWXA
2ZQMA
4PCKB
4Z8LB
5O8OA
5VOUF
2EP8A
3K1SA
2V4HA
4K2JA
1L3YA
4DADA
3D82A
3H4XA
3BEYA
2JR1A
2MCFA
1R12A
4MEEA
1JPXA
2VE7C
4EXOA
2K1KA
3D1PA
5FL3A
3D9RA
2YO2A
5O9ZE
2QJLA
4XOMA
4RGKA
1Q3JA
5IJNM
1EI9A
2MX0A
2MAOA
2W01A
5XDZA
2FNFX
2HKTB
1GH8A
2EPTA
4BL0B
4E0GA
2M0MA
2NBBA
3WDGB
1F5MA
2O30B
2W7VB
4M5RA
2QTVD
2P3HA
2KV9B
3ZHIA
5DCKA
5Y81E
4ZGMA
5EP6C
5DA9D
2XHQA
5OA30
2O8SA
2DMIA
2IDYA
6CFZJ
3DNJA
6BL7B
4BOEA
3PUFI
1VZVA
3IGMA
2M4FA
1B33N
3CGVA
4P7XA
4S1PA
4UQUA
6G2Jc
1SRAA
5K5LG
4RM7A
1QHHC
5A9DA
3U6XU
5CHSA
4U4HA
2QYCA
1MW7A
4WZXA
4JLEA
3MQ1D
3Q9QA
3NR7B
4BFCA
2OKMA
6EM4o
3QE7A
4ZVAA
1W53A
5X0SA
3LYDA
4LPQA
2Y8NB
3HNXA
4DAGA
2ICGA
1QJKA
2BAFA
1WYPA
1O7IA
2K8OA
4DZOA
3EHDA
5Y6OE
5JFTB
2MN5A
2MOBA
1FT5A
3OF4C
4U5RA
4DX8H
5A1QA
3RJUA
3ORJA
3CO1A
2BBHA
4BJMA
3KDQB
3A7RA
2N95A
5WUJB
3BRJB
1HBNB
6EWYA
1KXPD
2KSFA
2LO0A
4UMGA
5KKXA
3N8EA
3ALRA
5CRBA
3W0OA
4J5MA
1VW4A
2XGYA
3IRAA
3EC4A
3SHSA
5A0NA
2J2MD
2K8PA
4LPLA
1VPCA
6CWXA
2B2HA
2CKAA
1RUTX
1KCGC
5DZ2A
2LRMA
2JRBA
2LXOA
2JUZA
3JQWA
3ZIBD
3I9FA
4YZFA
1VA1A
5GW1G
3O2IA
2ZDJA
3LWXA
4A9AD
2OA5A
5H69B
2ER8A
3NCTA
2N1PA
2KEOA
2RK0A
2PZ4A
1KN7A
4N4OD
2N2TA
4CCSA
2Z43A
4BMDA
2L0YA
2P4PB
3RKOA
2AZEC
5MRWC
5O7BA
4LQXA
1Z23A
2YYBA
1XNFA
3JTCB
2IX6A
1W8XP
1VIMA
5GYQA
4RHZB
1M36A
4UXEA
5F2TB
2XZ8B
3FDJA
6EPHA
4EXRA
4OOUA
2JU4A
1MYNA
4UJ4E
3ASLA
3B0DB
1EXSA
2FYZA
3QV0A
5U7ZA
2FREB
5IFGC
5CBHF
5FFCA
5NPLA
1B8ZB
6CUMA
1XNPA
1GUXA
5L3XA
5ICAD
4IPUA
3MY2A
1V65A
5I61B
6AOKA
6G18x
5EMXB
5CQ9A
5FL7H
5LCSA
4JYSA
2YNZA
1ZAEB
2LHTA
3BRCA
3LQVA
2VTCA
3RQ4A
5UEBA
4OQ2A
5HX2F
4V1Al
1INPA
4REGA
1YUJA
6CEIA
1OOHA
3FY6A
3TBMA
1XKOB
2KMXA
3HN5A
3S6FA
5J0HB
3KY8A
2ODCI
2ACMA
3CPKA
1VX1k
2RA9A
2QULA
3FLDA
1VQOS
4LUKA
1N26A
2XBGA
3VSIC
1DH3A
5J5KA
3IF8B
4RT5A
3JYBA
1UFIC
1G7DA
3ZFIA
4YY2A
5VOCC
3GXQA
5IKFA
1IJDD
5X9XB
2OZJA
3NFIA
2QVLA
2NSVA
1H6HA
2N6NA
3CJLA
3GHDA
4PKFB
2PK9D
2HG7A
6F1Un
5OC0A
3SJDE
2QSWA
1ROWA
3T5QA
6BZEH
3Q0HA
2XZZA
2GF3A
4WWMA
4U9RA
4CCVA
1Y0GA
4MUOB
2KHKA
1SBPA
5LF8A
5C50A
2RQ1A
2E1MA
3FGXB
2MXZA
5NHQA
3ASIA
6CWXB
4QFTA
3TQFB
2JI4A
2F3LA
5O9ZL
1S12A
4AEQA
1QTFA
3G5OB
1HUSA
5NV9A
2KNJA
2Q3WA
3FPVH
1IUQA
4IMVA
3LUIC
5LSKP
3X37B
1K8KD
1BFRK
3BWVB
4RB6U
3K1YA
2QYXA
5UPHA
2NX2A
4FAKA
3N79A
5X42D
4X6GA
2BO9B
3A5PA
1E0FK
4P99A
1OQAA
2RPSA
2PM7A
3LO3A
5G2ER
6DGMB
3MEZC
5FZVA
3LL5B
5EPEA
3I38A
1MWIA
3TPQM
4YXXA
4K70A
1PA4A
6GBZM
1F2UB
1KJ0A
6F7JA
1VHGB
2TGIA
1ZK8A
5V6ED
2H31A
3QBYA
4NOCC
3FYBA
3EFGA
3MAHA
1MTPB
2JYDA
1WUSA
4RR5A
5HX2I
2NDJA
5JNOB
2RSYB
1FOUC
1K99A
4UYTA
4O89A
2V8QA
3TG9A
3ZJAA
4G9YA
4UZXA
3CZCA
3DR5A
2YILA
1EB0A
1W2YB
5C6UA
2GK9D
5B1QA
2ARIA
4I0WA
4M6RA
2CQEA
3MVAO
2R88B
2C5ZA
5NUSB
2MDNA
6CBPP
4BWVA
4WZ0A
3I1AA
1TDPA
4HR6A
3JYWG
2WBTB
2B30B
4V0BA
2L95A
3RKOK
2OXOA
1X6FA
4I7AE
4MTXC
1VMDA
3A6RA
4I1XB
2NC2A
4A1BP
1TXOA
3IPJA
3ZC0B
5HHAA
3ZVKE
3KF6B
6F0AA
6B12B
3TT9A
3I1KA
2M1XA
1SR2A
4A60A
3KZPA
3ILSA
5M30B
4NUUB
1AFPA
1GMXA
3W6JD
2LUTA
3E0ZA
4LG3A
3RCCN
2J6AA
3ZBOA
1S28C
3GDZB
16PKA
2Z5CD
5FIGF
3EPZB
4GNKE
4I3MA
2IN0A
2ZGID
5B5RA
1U97A
1PZSA
3BHGA
4ZB3A
1SR4A
1A1ZA
3DCLA
5XFSB
1KOYA
1VKIA
3TJZF
4CHHA
4YK8A
3M7LA
1Y9JA
1N1CB
2KQWA
3IZBP
2QF9A
3RV0C
2P11B
3G33B
4HK1A
1Z3EA
1DMUA
1W9EA
1NYKA
2Q9UA
3OR8A
6ANZA
3CQXC
2XNFA
4DGFA
3DSMA
3IPFA
5U8TC
5HHKA
3PFOA
4B1PI
3OEHQ
1WGSA
1NLTA
3F1IH
5GJWE
3ZF7P
3U3WA
4PQQA
6EXNO
5M48A
3EE1B
2FLGA
3PP5A
3ZEUA
4UF6F
2HH8A
3P04A
2R31A
3OJ0A
2I7HA
4BLFA
5FIRF
1V9XA
2DH2A
2OTNA
1HEKB
2ANNA
4O8WA
4HZOA
2IL5A
4A5UA
2MLXB
3HZPA
3HV9A
4L9UB
2Q14A
4ZVCA
3GE6A
2FCWA
1C15A
2APOB
6FKFg
2O4DA
1SFKB
2Y8TE
2E71A
2N2LA
2PN0A
3I4OA
3E98A
3KWPA
2VQPA
5Y9WC
2N5EA
3O0DA
2J8JB
4XTTA
2KLNA
4R19A
2KOGA
5YO8B
3ANPA
3MOPF
4DX8K
4ISBB
3AGCA
5O33B
3FYRC
3CWXC
3R5YA
5TWAB
1YKGA
4MJDA
2RETA
4LLAA
5U0SI
2LWFA
1GTG1
1BB8A
3MSHA
2HKUA
2MZ4A
3QSJA
2NDIA
4DYLA
1V76A
4C47A
3WUPA
1E2BA
3D0FA
1K0IA
2EX5A
1AIHA
4AMMA
5MQFS
2KONA
3JXOA
5LJ3F
4FYMG
5XBIA
2LONA
3IQUA
1ZS3J
4G3AA
4N06A
5MM2A
5UBPA
3PVTA
4PHZB
2OV6A
3FBLA
1URRA
2B8PA
4GF4A
2WDQC
3IFVB
3RFAA
2ROPA
4LQBA
4GMQA
3HH7A
2KO5A
5VOBB
2H98A
2NB2A
1EV0A
1CXZB
5IJJB
5XNWA
1L8DA
3KZXA
1HTJF
3OTNA
1L8WA
3E53A
2PCRA
5H7UA
1KRCA
2QEBA
4IEUA
2C4IA
1EWFA
4F7UA
3RY0B
1U57A
3NZTA
1B5FC
2AKOD
4REVB
4D4WA
3B98A
4W8CA
1Z2NX
4DJDC
1MP1A
4NL9A
3QKCA
6BDEA
1FBMC
1LOPA
5IIQA
3KLUA
4IOZC
3IMOA
4H7RC
5L82A
1A3AC
3CRDA
4RSJA
3IBPA
2WNFA
1Z0PA
1VPRA
5DN6Z
4NDOB
1JH6A
5DMPA
4GEKA
2ZSCA
4U5WA
3WQMA
2G3RA
4NZGA
5O63A
5M8RA
3G1CA
5AOQL
3CNUA
4LVNP
4UUJC
2N39A
5LSKD
4TJVA
1YZVA
3NMDA
5WCOC
3EK6A
5J0LF
3HE5A
4TPSB
1S9UA
2XJPA
5WBMB
1ZW8A
1K0EA
2W31A
3OQ9C
2G04B
3V69A
1JADB
2IKDA
4DGWB
4C92E
2OBPA
2AJ1A
3LRXF
1FASA
4US3A
6EQTA
5A4OA
4NSVA
1TU9A
2Q30A
5JBTY
4IC4A
2PG4A
5ZGBO
1L4VA
4GBMA
1GHHA
1R4VA
2L9NA
2ENDA
5DAYA
1NPSA
2YMSB2D1CA
1VPQA
1F6VA
5TF3A
4GSKZ
2P5VA
2MXTA
1I1RA
1PBUA
5C5VA
3CCFA
4CBKA
4F0AB
3N4RB
2RKLA
3NGGA
2WY3B
5EX2B
5UQDA
4HKQA
3BZ6A
3J3Ah
3PM7A
3SEIA
2D9FA
4XHJB
3D34A
5M94A
3I2MX
4UISB
2DBSA
2MMPA
5N4KB
4L7MA
2DUYA
1NLWD
3PU5A
2NARA
5OXEA
1WY0A
3TL8B
5V6PA
2PXGA
1Z9IA
3HL1B
2O14A
3OSSC
3HZJC
4PVAA
4R7SA
3J21d
2XMJA
6G41H
4UC8A
4WHIA
2ZDPA
1LWTA
5NCNB
3DANA
2ZGYA
2MNIA
1IBYA
4XURA
1KN6A
2O013
3HLUA
1A0CA
3UPLA
3F67A
1G5ZA
3CSXA
1JJRA
3ID6A
4AB5A
3HSHA
5IOOA
1WL1A
2LPBB
1EAQA
4XIGN
5GOTA
2FGOA
6F2SJ
2EEOB
4HTGA
4A0EA
3VASA
2O3GA
5YNLA
3CI0J
2H8LA
3VA9A
5LAAA
2ND4A
1VW4T
4EFAE
2X0KA
2SAKA
2P0QA
3W54A
2KYYA
1LGHE
3OIYA
4V2OA
4R2FA
1DIPB
1PNBA
1SSEA
3L4QC
6ELMA
1L6L7
4QIWT
2MHCA
2E75B
2LTLA
4G3QA
2ARKD
2MP8A
1Z60A
1FX2A
4CFSA
3JVFB
4N05F
5OQMg
2EJXA
5JD0A
4RZYA
4B6DA
3MQQA
1EOKA
5Y81H
3LKVA
5DJIA
3LHOA
3ZLCB
4NE4A
5E3EB
5DPOA
3M66A
3S0XB
3J9JA
4F6PA
5WSUC
1HKYA
2JDJA
3BIDA
5O9ZF
1X4TA
5GV3A
4YC3B
4CRUB
1ID1A
4I99C
4Y5TA
2WVQA
4HSQA
4H62Q
2NVMA
2J4LG
3ID9A
3J6PD
4C3IN
5HO3A
3KD6B
2N75A
2X79A
3PASA
6G2Jr
2R78A
1OI6A
4X9CA
3UFCX
2DDLA
5D75A
1EERB
2P2UA
4AUKA
2LHKA
2N88A
4LERA
2LUHB
2YUKA
1F3MA
1NV8A
2AMWA
4UF5B
1TZ0A
3KZTA
5KUIA
3U5ZA
2MFZB
1S68A
2KQEA
4DZ4D
3U66A
5SZGB
6FIKC
4V1NR
1Y9XA
3U28C
3KP8A
1OGCA
3EHCA
2PJRG
3QKRC
5LMEA
3LUYA
2MAUA
2P58B
1QDPA
1QXNA
4AEYA
1MVPB
5ABBZ
1GMEA
2KWHA
2MTQA
4V1AP
2F5YA
5LM2A
4D9AA
1LC0A
5C3LB
3VR0A
4YNHA
5FILQ
2Q0TA
5AYHA
1N7SC
2KNSA
1HXNA
3ZCBA
2IZVA
4ZXSD
2Z7EA
2QMIA
1HULA
1G61A
2P5TG
4EAIB
2PW8I
5WC3L
1DDZA
3OUVA
2YGOA
4J14A
5IJ4A
5GAPF
3UAMA
2K5KA
4JF8A
4OD6A
5VO5A
2JMBA
2LE2A
2PW6A
4U6UC
4K3ZA
3NVNB
1LEDA
1Z1AA
5MPSc
1JXCA
1R8UA
3OGID
2MDZA
2LPBA
5L75G
4CYKA
2DIRA
3PH0A
1S7ZA
5J0JC
2QCVA
3G7PA
3IYMA
2KSGA
2FN2A
4ATVA
5FMTB
4AXIA
1FLTX
4IRFA
1MSCA
1UT1A
5VOXS
1UL4A
3N9UC
3L51B
3FK8A
5A34C
1AOCA
1O22A
3FKSI
2MJGB
2VSGA
2A90A
1S7BB
2HC8A
3ETPA
2W1KB
1KS6A
3B42A
4EXWA
2IXMA
5LSBH
3O2PE
2YS8A
1E5KA
3E4GA
4ZY7B
1T08B
1S7OA
3MXNA
2LWWB
4HL9A
3BIIE
5BUZC
1WJZA
2GIXA
4O4OA
2F09A
3DJMA
4RB68
2AG4A
1RQUA
5WTLC
1KXUA
4RP3A
4H08A
1WGFA
5JAAB
3GGMA
5XJ0Y
1ZOTA
1XKNA
4RB5O
2V0FA
4AKVA
2MJMA
4H6CA
3JX9A
3CFUB
1JIWI
5MQFQ
2KWUA
2A26B
3TXSA
4MK6A
2LBTA
1MHMB
1R8GA
2JLIA
2N2HB
3JXVA
5HA6B
3TKVA
4NPGA
4MTLA
4USOA
4XVXB
2QG3A
2BH1A
5T4QK
1S3LA
2R2AA
4H0AA
4ONSB
3EUKM
4ZMKA
6FZVA
4P29A
2MRLA
1VPKA
3ME7A
3D30A
3E20C
4NN2A
2MKNA
1VJLB
3EWNA
3J5WL
1T8HA
1O70A
2MI2A
5FQUB
2Z0NA
3RF1A
5CZFB
4TORA
5GMKP
3TACB
2JX0A
1GVNA
4ZQXA
2FPEA
2M8VA
4QHWA
2L4LA
5J10A
6AO5B
2YR1A
1N52B
2X32A
3O72A
4J8QA
4WH5A
2EE7A
3C0FB
4PYHA
1S20G
5JTLE
2W39A
2CZQA
1JQ6A
5EC6A
4U1EG
3NTNA
4BKMA
4UOSA
1H9FA
2E85A
2JZ7D
1HHNA
3HGFA
2ND9A
4OG9C
1SS3A
2NDPB
2ZC3E
3F9PB
3M6JD
3ZWLF
1WF6A
1YLQA
1X92A
5IR0A
3L9FA
1PSRA
3I1IA
4AJ52
5DINA
3UMNA
4OW1A
3TJ8A
3P0KA
3U5Ch
5H72G
2LCUA
1QFTA
2J8KA
2IB0A
4ROHA
4XKZA
3NUFA
4DOOA
2OOJA
4OZ6A
4PX7A
5ZJIO
2P4QA
1LBAA
2CR7A
5JW7A
5WX8B
5KZBA
5XYIM
4Z8NA
5K57A
4CCGX
3PEZC
2QM4A
4WXAA
2P0NA
4F3VA
4XKLB
1L2PA
1OW1A
4PAWA
5X8Ry
2DSQH
5OOM9
2YNYA
2O6WA
3VYGB
2ZSHB
5A12A
5COSA
4Q34A
2K72A
1F94A
1V9FA
4BKWA
3K11A
1YLXA
5Z8OA
2AZNB
3ZMDA
4RB5I
3IV1A
2FH5A
4QQFC
3LWFA
5AWEA
1QRJB
4YBNA
1GU2A
5VF0B
2FVVA
2C1DB
4FTDA
2RDMA
1RLWA
3H31A
5L1XG
4LVRA
2N4XA
2I33A
3IT5A
2II7A
5L1CA
3HQSA
1S29A
1X5VA
3DGPA
2ERFA
2WH7A
3ETNA
5VMXA
1ID0A
3ZE3A
5LQYI
2KSLA
1T23A
2PQRC
2FCWB
2JP3A
3J36I
4EBBA
3JTWB
1WYXA
2R2ZA
4BQNA
1VLUA
3DUPA
3PL0A
3CG7A
1XCQQ
3RPCA
2K6XA
3UT4A
2MQAA
5UIFA
3NUWA
3E7MB
2P3YA
2BK8A
1WWGA
1IDPA
4ICVA
4RUWA
5LGFA
3URRA
3WMVA
5UZ9F
1JJDA
1LRWB
2XSPA
3KZ9A
6BU9A
6F62B
1CE4A
2RV4A
5G05E
5EZCF
2Z4TA
1M55A
3KYJA
5M1GA
2N32A
3HLSA
2GL9C
3GX1A
2EFEC
3KWSA
4XWJA
3EDSA
2JV7B
1SDIA
2BW3B
6CFWE
4BJJB
4UG3C
3SC0A
4FKBA
4RB6P
3LXRF
1JOFA
1KQ4C
2AENA
2FHZB
1AXHA
3BASB
4BUCB
5JFMF
3F6OA
2FI0A
5CZYA
2IJPB
4IN0A
2PS5A
1P35A
3DCPA
2AJ6A
2RG8A
2LZFB
1QSDB
2YWKA
2DDWB
3VAJA
5NPYA
1UJ2A
5OARA
4ZDSA
2AXYA
2XDGA
4FVGA
3RLKA
1VW4V
2E2ZA
1FIPA
1WKRA
3JYVS
2D3O1
4CHDA
5CZOC
1TG0A
1VZYB
4RAXA
4OHCA
2FV6A
2CZLA
5NCMB
3A1FA
3OQQA
1OP1A
5EXEC
1GURA
2P0WA
3MSQA
2GUZA
3DN7A
3QB8A
1NHLA
5U0S3
5AJ3A
3N91A
3V68A
3WFDC
3EO2A
1G5CE
5HY3A
1VDDA
2K1IA
2MPHA
2AM1A
5ODWC
2RD9A
4R7RA
1UGJA
5VREA
1EIAA
1ZK6A
4X90A
1AEPA
2L73A
2NS9A
4GIWB
1P4TA
4HEQB
4QB0A
1A0TP
3I0YA
5U4KB
5INTA
1YB0A
1O8RA
5IR6C
1U05B
3HJHA
5CWSJ
1FX3A
3Q5XA
1VQSA
5HC7A
4RWRA
2BB6A
4GCKA
5TVBB
3QWGA
1NW1A
1XOUA
2G0IA
4AFMA
5NOCA
5TDYD
1C4ZA
5TROA
4JYKA
2AEEB
6C26C
4L6Vk
1JEKB
4NAWA
4EB0A
4WCKA
3U97A
5JQPB
1VGFA
4YN1A
5BW9n
5ODVX
2XGGA
1V33A
4RB6S
4JIOA
3UV0A
2N3DA
2GBOA
3L7YA
6CP7U
3T7DA
5YIXB
1EP5A
5N7EB
4IJ5B
2H1CA
1JKZA
1JY2S
2V9HA
2NBIA
3GUVA
5ECFJ
4GIZC
1IOJA
2OU3A
1WFAA
2E0GA
4U98A
4XB6C
4UAFB
4PP8D
1UUCA
5F5TA
1RHXA
3MGJB
4U5YD
5CWSK
2FE0A
3ROJA
2A6ZA
3FPNA
3LHNA
3O6CA
4NARA
4D7PA
3LYWA
3NHVA
4CG5A
1GOTG
4CS7C
4NXYA
1RJDA
1BWXA
1KPTA
2BZBA
6C24Q
1KCAH
5HJQA
2M4GA
2GE4A
4RGDA
3EXMA
3N7NB
3E56A
2EWTA
3CEWA
1B5DB
3F6VA
5D70A
2A1IA
1RGXA
5NSJB
2EBOA
4BRWB
5M30A
4WLRB
3LQHA
5CW7G
3F4SA
4OWKA
1KO7A
4W2QF
6DT7A
4N0HF
4FLEA
4DWLB
4WT3A
3ZSUA
4NZKA
5LIIP
1QQHA
5D5NB
2BHWA
5OWNA
2D59A
3F7CA
2MXXA
3W8HB
2D68A
5EZUB
1FKMA
1DP4A
2GP8A
2ZKR9
2RNRA
4YK1A
2W9YA
1FAOA
1GJJA
4XZVF
1BDEA
5WTQD
2Y2BC
3LG8A
1SSUA
4YL5A
3IZ0D
5CFFE
5ZQ3B
2IGSA
2FFTA
4OEJA
4TN0A
2EW2A
2PKDA
2EPPA
4G1GB
1J27A
2W0CT
3V9RA
3HFHA
5H0JA
1A92C
2V1QA
2IB1A
3V67A
3UIDA
1M7LC
5CJ1A
1HD6A
4BZ5B
2WXWA
5MVIB
1WKUA
4JHDF
4WO7B
5IZSD
5NJGA
4QMHA
4CBHA
1UW4B
4FDXA
5H1NB
3C6FA
2J4NA
3GGDA
2K5GA
1X4VA
2VN5D
1R4GA
1VQOW
3ZX4B
5OONA
4MDWA
2WD5A
3UNOA
2VNQB
4D2HF
3OIQB
1I8DA
1X4RA
1W5CL
4QNDA
4D53A
1J8UA
2K9MA
2OB9B
2EHOH
4XK8h
3K5JA
3ZNVA
4E0AA
1BH7A
4ZW9A
1HS7A
4BFZA
3OCUA
5LOSA
1U5YD
3KA7A
3T7JB
1UIXB
3KFWX
3LLVA
4DKNA
3CD4A
16VPA
5B0VB
2CQWA
3CX5F
1SU2A
4CG4A
3G7MA
1ZHCA
2L7KA
3B5ND
3FFMA
1KVEA
4MTMA
2J8BA
3F14A
2CR9A
1TUJA
1M8AA
1JVRA
1IQSA
2QH1B
2CTQA
1K8KF
2GHFA
2QCQA
3MQ7A
4G0HA
5EVGA
6AXDA
3GDHA
5IKFB
1NXHB
1EQ7A
3PISD
3J47V
1S96A
1USOB
5IXHA
1GK4A
2EVVA
3ZIGA
3JA6K
1HP3A
3C6OA
5C79A
3AE6D
5SV0G
5OQMQ
6ELCA
4YP6A
2I1BA
1KAEA
5L2DA
1JN9A
3CNGA
3PFNC
1TO6A
3S64A
5MG8C
3ZYTA
6BJYA
4EO0A
2P61A
2R41D
2QKVA
2DB7A
2VXCB
4C53A
5W5ZA
5VAIP
2JQTA
3Q8JA
5V8WH
3EFAA
5MUUH
2ATZA
2RUPA
2Y6XA
3N24B
2RRLA
1VRMA
1QH4A
1ZPVA
5UBCA
3PO8A
4F2FA
3E2QA
6FZVD
6CP36
3DXYA
1NTFA
2D9IA
2MU1A
2GQBA
3BVOB
2XW2B
4TQ1B
4RB5B
3JSBA
3J4UC
2NQWA
5EZBA
5XYIe
5K12E
2EKYB
3ZJ0A
4WKZB
2K13X
2YMSA
3HR0A
5LC5Y
4C16A
3IKBA
6F41V
1SVJA
2O3IB
5J8TA
1NE5A
6G8ZE
4F9KB
6F5DH
1EYVA
2ANXA
5I8LA
2O3FA
6CHSA
2FA8A
1MJ4A
5TODD
6AX9A
1G26A
1S6XA
5YGHA
3Q8DA
2LE1A
1QAUA
5O4UN
1O20A
5CK3E
4R9IA
4IZ7B
5UQYJ
2JQQA
4CSBA
3BPDF
5L37E
2MABB
2N76A
4R2YA
2FUPA
4HTTB
4FQDB
2PSBA
3KYZA
1V63A
2M4LA
4DSDA
2WLVA
2C3BB
5VEGC
3ROBA
5XTDZ
1BO1A
1T6T1
1EWSA
1RO0A
4A3ZA
1X7OA
2F5KA
3VC8A
1N81A
3EKIA
3BJQC
3TC8A
5XTDU
5C5ZB
1WDVB
4OZKA
4D86A
1TILD
5M9FB
4K82A
3HFWA
5U0P2
2DFWA
3TFGA
1RWUA
5J9QD
5Y39I
1LKTD
4HESA
1GD8A
5US5A
3Q63A
4FEIA
1VHQA
4EM8B
4R9PA
4RI1A
1GWMA
1VK8C
1NXIA
3FKEA
4Q3FA
5B6EA
2DSMA
6CFWC
2RDQA
2WNYA
4DG8A
1PC0A
3RF2A
2B0AA
2VJ4A
5XAQB
1EDYA
1P8BA
3CVEA
5O5JB
3AG3H
5OWOC
2F40A
2WZOA
3JYVD
3UD2C
5X5SA
4G4KA
3J36M
4ZAVA
1YBXA
1POCA
5CGEE
2RH3A
1WXPA
6G2Je
1P4CA
2GNOA
4XZ6A
1A6BB
1WJWA
5FN5C
5Z38G
4A42A
4BH5A
3ICXB
3LMZA
2JN4A
3PG6A
3BKUD
2D8MA
2W1RA
3ED4A
4ONQA
2JWHA
2A0MA
3OE3D
3K8RB
1KHZA
3ZQSA
4IL7A
1VW48
2AF7D
2FM8A
2W495
3NVMA
3GN3A
4L7AA
2Q1KA
3WZIB
4P7SA
3BMBA
2BDUA
3S13B
3O1LB
4B0ZA
2PP4A
4FD7A
6C6LO
3LEQA
4LJXA
4M40C
1FO0B
1DG4A
2K8IA
3OP6B
4C1BA
3ZLDB
2K10A
2XHIA
3BS5B
2LFUA
2J6PA
2MPKA
5LJ5P
2H1EA
2LHFA
4G9MA
3WQBB
1O5FL
1JB7A
4WCWA
2HJJA
5ELHB
1W66A
1C17H
1L1CA
4N74A
5ICAC
4YOOA
1FWQA
2F2AA
2BL7A
5K6DA
4Z1VA
4BT9A
4GZRA
2H9XA
5XG2A
2IG6A
2FFGA
5T59B
1YVVA
4N9GY
3ES5B
1T3YA
2MHGB
2IGPA
4YTWA
4CU5A
2FC6A
4MZYA
4PH8A
1Z0ZC
1G31A
3FD4A
3LAXA
4OLEA
1L3EB
4FP9B
5L1AA
4O9PD
2P1ZA
2KR6A
1Y0NA
5XEBA
1PNOA
2H9UA
5EXRB
1M70A
2LU1A
2PKFB
3GHFA
1K7JA
4LAFA
2BMOB
3NNGA
6G18t
2W9JA
4ZQAA
4DJBA
6EZNC
2QENA
2RVBA
5N9JF
2BIIA
1YBJA
4F6UB
1WPUA
1YRKA
1XK7A
3KWLA
2KKHA
5FL2K
3CT5A
1RM6B
2Q22A
2FYWA
5MM2B
2LMZA
5YD0C
4I6MD
1VW4Q
1SHQB
3CBNA
1WSOA
2N2JB
4Y66B
2OTAA
4PLIB
1H9MA
2DVKA
2KMWA
2RP4B
2QSBA
5JENC
3FETA
3RMQA
2FLHB
2KLZA
3GUUA
4AGSA
3V4YH
4Q4W2
4EWTA
2NNUA
1GXLA
3SOLA
2D32B
5A7ZA
2UUZA
2BZTA
5IFMJ
4KYSA
4TZQA
3ZV0B
2NLLB
3T7AA
3FCHA
1OTJA
4RB65
2GZ4A
1MHMA
4HFIA
3H87A
4A2XA
4FQKD
3IPWA
4P1WE
1U8SA
3U1DA
4RRQA
3UEJA
2YWQB
4QFQB
4RPTA
2X9AB
3KLBA
3PLTA
2AOTA
3HF5A
5E0YA
2L6RA
1FQYA
2I6VA
1KZYC
2ND2A
4QU7A
5DQUA
3ZXUD
1X3AA
6F1Ta
4MO9A
3LUUA
1H4YB
3JYUA
5XNBO
1N12A
1T9HA
3HR8A
3HE4E
5UKEA
5MLFA
4W20S
2J0WA
4KG8C
4M70B
4Z39A
1R3SA
1J3WA
3PTYA
2VH1B
1IIJA
1VTZ7
5OQM1
5U0PF
3LPMA
4L5GA
3R72A
4Y66A
2GMYA
5JNPB
4YITA
5KKOC
2GTTL
1U10A
2R2YA
2I3TF
3G1PA
2KSRA
2GFGA
4LYPA
3OADD
3T61A
4BGBA
1GH9A
4DK2A
3ZGXZ
4IFAA
4WFCC
5UZLA
4QXLA
4GPAA
3WE9A
2DL6A
1PF5A
3GITD
3FOZA
4UZMA
5IEUB
5B0ME
3SXMA
2MA4A
3EQZA
3OONA
4C9SA
3CS1A
3OD8A
5X1UA
4OK7A
5O31d
5N9JB
2ODMA
5OQMj
2WD6B
5MF9A
2JODB
2D1PA
5DCQD
5Y70A
4BG2A
4O9IX
3WISA
5VJIA
5FRHA
3IV4A
4CC9B
3ZIAT
5LDTA
3OKZB
2MRFA
4XPZA
4CZ8B
1PIIA
1UEOA
3CX5H
2N85A
2C1VA
2D56A
2E5SA
4AIVA
5XYVC
6B8Hi
3MILA
2YJNB
3KR3D
2YZTA
4QIWM
4EO9A
4EAHB
3CNIA
3EDOB
2B8TA
4W4KA
5YHRB
2LOMA
3M5FA
5NCAA
1CF4B
1UZCA
4W8OB
3AAIA
5LW8A
6EKBA
5TVLA
6CFWD
2GF6A
2M9XA
1MZTA
2KTVA
1U6TA
3LVGD
3TQ2A
5JQ3A
5O7HC
2QHFA
4Z18A
1O6BA
5HXGA
4KQIA
1V8DA
3HC7A
4QQ1B
2EBYA
2L7XA
3U16B
4P63A
3N27A
2ALJA
1APYA
3TEKA
2RU1A
2M2KA
4DLOB
2KI0A
2YMSD
2DI4B
5NQGB
3ZF7h
4DKJA
1GTVA
3FR7A
5VJJB
1QUPA
1MDYC
1VW4B
2KM6A
2R0YA
2KXOB
4CDCE
3R45C
6CDCA
4WX0A
3F6HB
3DNOG
4WYQA
5IKJB
3GYTA
2COVD
4QMFB
3BS7A
5IBKB
4TX1A
2F1TA
2I9IA
2O9XA
4JEHB
3FGAD
4V1AN
3H9XA
1Z91A
3BSDA
1JRJA
2HHGA
1GCQC
3C8FA
5VJPB
1MSKA
2L3LA
2QGMA
6G3FA
2INWA
3MHSC
1Z0NA
5U0LA
1M3WD
2X43S
3NYBB
5A6SB
3T4RA
5VZ4B
1B12C
4ZWRG
5GNFA
5VEYC
4H86A
5VK2A
3KZHB
2VWAD
3VBHA
3LPEB
5T2PD
5F4CA
5TD8B
4ES8A
1B1UA
3GGRA
4WV4B
2Z1CA
3TNUA
4AK2A
2EK0A
1PM3B
1T0FD
1VCHA
3APTA
3QFGB
2R9IA
5TJTE
3QE9Y
6CAYD
1KIGL
2OBBA
5LHXB
5HPDA
4X1CA
2NRTA
3Q4OA
4YH8A
2G3PA
4FYBA
5ODTB
1X9IA
1EMUA
2H5NA
1EG3A
3CX5G
5ODIC
3SSUB
1X51A
5X6BF
3K6OA
4QSGA
1Y96B
2J73A
2KNMA
2FIUA
2V3SA
1WUDA
5MHSA
4F0ZA
3QC1A
5MQFN
5B47B
4HKUA
1WV9B
3RRLA
6CFWF
3P3VA
2R18A
6EXNP
1OJHA
5WWLN
2AR5A
2C0JB
1SC5B
2YDTA
4Q51A
5GHRB
2M5YA
2IQ8A
3ACXA
3J3Bt
4IQJP
5N9JZ
5LSJC
6F6RA
3ZN4A
2JRAB
2FU4A
5A9QE
3NBMA
1J0WA
2WNOA
2QWZA
2JPNA
4OXPA
1RLJA
2QK1A
1FD9A
3KMAA
3T2CA
4M73A
4N4EE
1QWYA
3GWMA
6F9WB
5CWBA
5W9FA
2LUAA
6EM4u
1D0DA
2I74A
5N9JG
5UOUA
1RGOA
2P8IA
1F1MB
3UAUB
4YX1A
2JX1A
5N5AA
3K4OA
5N5EQ
5OQOB
5UKYB
3SQGC
1AFOB
2CTOA
3NJCA
2X3HA
1I78B
3PRBA
5U0PK
1VZ8B
1WWZA
1XKPC
4Q5WA
2Q9VA
3SDOA
4DOLA
2DLAB
3LO7B
1F60A
4CSQA
5LNKW
6EM4x
2DBGA
6EM5b
2Y8LE
3DDHB
5XUMA
3NVJA
5C1FB
4U9BA
6BRSF
2K6BA
3GJYA
2A15A
1Q68A
2M7BA
2XC7A
4Q98A
3HLZA
2BL6A
2VZFA
5O65B
1ND7A
2VRZB
1LTUA
2JXUA
4CQ4A
4QY1S
4FTFA
5VOYR
1U1VA
2N7QA
4EVWA
5DIKA
3ZGHA
4B29A
2MDAA
2NCLA
5MM2C
2PWWA
2FP8A
4CXDt
2N34A
2KJFA
3IG9A
1GQYB
2MU4A
3FLAA
6D6QL
1JSUC
3IIBA
5Z5KB
2QAIA
3MAWB
1ZUD2
3TERA
2Y5PA
3PA8A
5GY2D
1Y3TA
2JROA
4FK5E
4X86A
4HKSA
2VC8A
6DCQB
1Y14A
4ZHWA
6CESN
1H70A
5W0KY
4LDSA
4GDZA
5DMBD
2V8NB
2IW1A
3G1EB
5DQRC
4O7JA
4N6FA
1NJHA
1NHDD
4EX8A
4J2CA
3E7KA
4QN8A
5T42A
3U6GA
1O5HB
2JPFA
2DTTE
3QX1A
4XZZA
5OOMv
5N4CH
1SSEB
3G3SA
4UW9A
4NVSA
2F20A
5CW7F
4HSPA
2K9AA
2IQQA
1KUTA
1TR0A
3PM9A
4WSFA
2GNPA
3F62A
5EO3B
2GUHA
4PSFA
3H0DA
6CFWM
1H6WA
3A63A
3LOIA
2K2WA
2PNEA
4RV0B
1A8DA
4K8WA
2K85A
4IDOA
2KFQA
5OOLq
3ZW5A
2OWLB
1UW9W
6B9XA
4YU8A
2C9QA
2MQDA
2LV8A
3RF3A
4PD9A
6EM3L
4V14B
3ZYPA
1YBKA
3MJHD
2NV4A
3FT1A
3LMOA
2A33A
2YT9A
1VIGA
5JR9A
2K7MA
3DKMA
4NSWA
5UE0A
3C1YA
3U9JA
4JDXA
2ZAIA
5JGED
5XXUM
2QLVA
6CH3B
2PCSA
4JOIC
1QV9A
2LAUA
5A5YB
3M92A
1VW4L
5I1MV
4J29A
2ND3A
3KXYT
5OF3E
4JPKA
1HI9A
2YYHA
5M32j
5NVKD
4OYCA
2CTTA
2LQLA
4KE2A
3PAJA
4PEOB
1DMGA
4C9RB
4NZRM
3WCAA
3R4KA
3USBA
3QQ2A
5JYXB
5LC5Z
2MAFA
3CNEA
5LNKp
3I9XA
2GKPA
3VBCA
4OD8A
2PO8A
5E5QA
1KBHA
2BAIA
1QHHB
2YYVB
5XTAC
3R6QA
1F3UF
4BPPZ
6D6TE
2FFJA
4TQJA
2WUQA
4XBAA
3F43A
4XZ8A
4M3OA
3ANWB
2JM3A
4PMOA
5H9DD
5CWOA
2QFFA
5OACE
2GS4A
2K89A
1YB3A
3UV1B
1J2MA
1YCNB
5MUSA
2AZEA
5J4NA
4GR2A
5GYYH
2KX2A
4XMND
5NJFD
4KQTA
1BHAA
6EXNR
5LGDA
2Y5NB
1QJSA
2H4OD
5V2Cc
3HL0B
1TUHA
1XZWA
5WI2A
2N86A
3E17A
4L8JA
1TBCA
2X5HA
5JA1B
4NACA
2J8IA
1J1EE
1VQOK
2LVLA
3FFLA
2O62A
3GXVA
1J24A
1SFSA
1ZLHB
2JYTA
4WRTC
4PVZC
1J8RA
5CWPA
1EW0A
4CQ8A
2BBZA
4IRVD
4V1CK
4AL0A
3PXPA
4R11F
1V9SB
2CZ4A
4ACVA
5FD9A
5TN2D
3THFB
4G2SA
2V0EA
3OFEB
5TVOB
1NIJA
3X0TA
2KYAA
5TI9A
1EJFA
2EUCB
3VKWA
4V28A
4DN9A
3VORA
2G3WA
2MV4A
5LJ5D
2CRQA
4BEMJ
3I8II
5HCCD
3GT5A
4N72A
5UHKB
3G27A
1Z02A
1BHIA
3RBNB
5KESA
2FDOA
2O7GA
3D3SA
1V6HC
1ZL0A
5LC5n
3C85A
4QYBB
5BXDA
4RU8A
4HJHB
2ERWA
4LQZA
2ALPA
5CYAA
4WRPA
4DUNA
5XTCg
4J2GB
1USVF
4MKMA
6FVRE
3AXJB
2K3MA
1YU0A
2LEQA
1PZRA
3J81m
5BMOC
3M6WA
3NASB
1E0BA
1JOSA
4H3UA
2MM4A
1PC6A
3FIAA
1RY3A
4ESYB
5OF1A
1YXBD
4UP0A
2R60A
2OD6A
2MK6A
5L35A
5UTVA
2IZYE
6FO1G
5HK6A
2MMVA
5DRKA
5MWWA
4CS6A
4W83A
4MMTB
4RV9A
5OOMe
2IECB
3OSKA
4EJXD
3K60A
2QSKA
2LIDA
1WYUB
2LSMA
4BWDC
2JOEA
2E1FA
4EAKB
3THGA
1XI8B
5CZCA
4EAZD
1LLNA
3LW6A
3LJ4h
1O4TA
2N9ZA
3EGLC
2N9TA
4PW0A
2JUBA
2QQPH
3U7UJ
1EITA
3NKEA
2I9CA
2A4XA
2GFPA
2N83B
2OQQA
1Y8CA
4YIZB
2VOXA
1RRVA
1O5LA
3FXTC
2PFUA
3JYMA
2I71A
2D7LA
3ADGA
1DYOA
3W61A
1JIDA
3J43F
4AV2T
4ATOA
5DA9C
4ZLHA
5WEZB
4LHXE
2DVNA
2C1TC
4LE3A
4F1VA
1O7DC
4LB8A
2EENB
3E1IB
1MKCA
3OS6C
2D35A
2E62A
5VKVA
1M5HA
1N7SD
3CE7A
4QM9A
4Q3KA
5W3SC
3LVYA
2XQOA
2ZFUA
4QOYE
3P8BB
2YGUG
2AZWA
2LWEA
1Y6DA
1H6S1
2KDDA
2CW5B
2QJYB
5SWCA
1Y6KR
5HY7D
2AS0A
1EI0A
5I5NA
1WEHA
3H87C
5WK1E
5HOUA
4MHVA
2O2GA
4DAMA
5B23A
3H35A
6C03D
3FF5A
5CFFA
1IM3D
2IM8B
3PF7A
1NJQA
1W0NA
4KP3C
4E2I2
4HQEA
1RMKA
5WK1S
5TZNF
2P8QB
4RVQA
4TXDA
4CSOA
2LJ2A
3RHUA
4KH8A
5MPSO
5O60I
5EZ1A
2ZRRA
2GIDG
1UTRA
5CWSL
1L3EA
2VG3A
1LFPA
5A1SD
3L8QA
1WDCA
1B63A
4MDXA
2HDIB
2WB0X
3QWUA
2ABYA
2HEVF
5XFSA
3QHCA
2M6NA
2KNGA
4G0XA
4HCIA
2GR8A
1XV3A
5XJJA
3WMMW
3MUDA
1MVHA
3M7NA
3B9WA
5W5YK
2W2ME
3KXTA
3J60S
2CU9A
4PYUA
6FC1B
4F54A
4P1NC
3K44A
2IXAA
3VOPA
2FU2A
4CMLA
1PYAA
5XNLK
3QBRX
1PGXA
2F0CA
1J0TA
3MUXA
1ZR9A
1EJEA
1H6GA
2RE2A
3VG8A
4OVXA
2NVNA
4IVVA
3OQ3B
2NCAA
1LM5A
3VFZA
3GCGB
3EGRB
4TSHB
3ON1A
5BPXA
4GC1A
4B1OQ
4HQOA
1FPZA
1YT5B
4UEYA
4AXDA
2QKLB
1KOEA
1IZMA
3DZMC
2YPSC
1TAFA
1NWWA
4H32J
5XNBH
1FCTA
3CUEN
3P1XA
3G9GA
4C1SA
5VAPA
2E1MB
3BQXA
2NAOB
3RNLA
1VX7N
1VW4K
3NDZE
2DT6A
4BOPA
4G26A
3KJHA
3H4CA
4BPWD
1MG4A
3NXHA
5EZNG
3K17A
5BPDA
1NKSA
3Q8TA
2ODIA
3D73B
1HF9B
1QHDA
5XWEB
2LQGA
2CMGA
3RMRB
2KO0A
4X01C
3KCRC
2FKKA
2IVWA
3Q9DA
3WJ9A
4AUTA
3MFBA
4HFKB
3T5SA
1X7DA
4HKGA
3ENUA
4YCZC
3LUBH
6F2DF
5JI4A
1R1FA
4IPAA
2QZUA
5N9YE
4YDZA
4OJKD
2NR5E
4WD8A
4PQXA
1PUZA
1JMXA
5LDXd
2F5TX
3W0TA
3IF8A
4A64A
3S6OA
2JXCB
2HNGA
3HFTA
3LQVP
5CWWC
5C3LC
2LXLA
1UPQA
5MSLA
3UFIA
4BAXA
2HPSA
5H65B
3SY1A
3SSIA
1WLOA
6C262
2AGYH
2YQZA
4W8PA
3O3MB
3U1CA
2MZOA
2Q97T
3GWNA
4UX3B
4Z6MA
1TNFA
3SJQD
1NG6A
3Q0WA
3NZMA
3VGIA
1I4VB
3NRKA
3V22V
2FGCA
3ED5A
5CWIA
5U2LA
4JK2E
6EHFA
2K3VA
4V1AH
1J6RA
3VK5A
4TNHt
2HJDB
6AZIA
1EDSA
3LZKA
3VNYA
4RZ3A
5ACA4
3ZS7A
2ODBB
2H8BB
2LSEA
3UENA
4OO3A
5FFPB
2KC5A
4OFAA
4QJFB
5XXFC
4FYPA
2W51A
3GWXB
2Y9OB
3JYGA
2KP6A
4N03A
1Y9WA
2GA1A
3WT0A
3WFDB
1XDQC
3CWQA
3NHEA
2KN6A
2XETA
2E2OA
3FPRA
4PU5A
5X90G
2XDPA
3J7YI
2QTQA
3B13A
3P9ZA
2GUIA
5T4PL
4EFOA
3AXGA
2M47A
3QY7A
5GOXA
2XEVA
4XZAB
6COYB
3U7SA
2C0UD
3W6SA
3K2OA
3O39A
1YNSA
2KK1A
2RTXA
4UI9S
5ED7A
1WIRA
1YD7A
2RR7A
3CZ3D
4HB1A
3O2ZL
2LVGA
4IGIA
3J36D
3TULD
4BJSA
1SQHA
2XSEA
5IEFB
5GQSA
2WTEA
3U2BC
4U3KA
1LG7A
1CEEB
4GDOC
2CKZA
3H7JA
1XW3A
5SVAV
1QZMA
5L25A
3LHCA
2R4IA
1AVOK
1JMCA
6AR7C
5LGDB
2G7JA
4JHTA
2W4EB
2RBCA
4RXNA
3P09B
4B2VA
2AYDA
5C2IA
4R0GA
5VB2D
2L26A
6EM5n
3MLQA
1S3JA
1WJ0A
4QRLA
4P6VB
3H25A
4YDXA
4KT6A
3GXHA
4LJ2B
3VLAA
2AO7A
1ATYA
1APJA
2EOCA
5E6GA
2YZJA
3H13A
2QQIA
2HD9A
2HLGA
5WLWF
2XHAA
3NQNA
3CZQA
2MF8A
5WD6B
4HTIA
4IC9A
3J7Ya
4AT7A
2OM2D
1V72A
2C4NA
4XALA
5BQ8A
3PHFT
3MZKC
1YKEB
4NOXA
1J03A
1BTNA
4BI3A
2KV5A
3ECFA
3UWSA
4JVCA
5LPIC
2INUA
2W50B
1IIOA
2E56A
2JVEA
1VW47
3WKNL
4N5UA
3HTYA
2MLWA
3FXDB
2LCRA
1UTGA
4HLBA
4I0WB
2KQPA
2QFIA
3SAFA
3HX8A
4KO8A
1DLPC
4UZYB
3QD1X
3V7EA
6BASA
5T3PC
1RMVA
3HHZC
2O8IA
6C08C
1DMDA
2MIJA
2XF5B
2EK5A
4LESA
3SAKC
4D7EC
2JE2A
1IIEC
3VVPB
1RAJA
6DEXB
1E4RA
1P65B
4PJ2B
2LWRA
3G7KA
3CC8A
4OFKA
6BUZN
2C5JA
2DYDA
3GL6A
2YZKD
4PIQA
1VQ0A
2XUTA
1D02A
1L7BA
6BB9B
4OWWC
1VKBA
1QGIA
1A98B
4W7ZA
1QWGA
5T0FB
3DKTE
1JR5A
4H7YA
1W8KA
5J69A
4WJ3L
4RB6D
6BWEB
4DAHA
1JB0D
5MQ0R
2FDRA
1Q7LB
4NOOA
5NJCC
5M86J
2R6UA
2LXRA
3M50P
4OWTA
2RA1A
3BGYA
2PJYC
3BVPA
1UT7B
1YRXA
2AE0X
1ZZAA
3CAOA
2A8IB
4P55A
3W15B
2QW6D
4HCSA
2E8GA
2Q40A
4HPMA
4XCBA
2VPWG
4K34B
3L1NA
2JVAA
3K62A
2A40B
2AQ6A
3WMNL
4RBRA
4M6TA
5BUSB
2IZ7A
1EI7A
2BOPA
3KFUJ
5LQZY
3QU1B
4J4YA
3QJQC
5C9FA
4RFSS
3DFGA
2PMAB
4ZEVA
4M3LA
1X32A
2KK4A
3IZSG
6G72W
3MEMA
1QJ8A
4OM3C
3ZH5A
3FYQA
2VOYG
5EPWA
2FB6A
3CQGB
2YUFA
1LQ7A
2DCHX
2MJKA
2E2SA
3QQWA
6CAMA
4JOXA
2JR3A
5M1UA
1DMLG
5DEUA
2H2MA
2J7AC
3CKDC
2LD6A
3HYJA
5AHUA
4CXFA
2MXFA
3DX5A
3DEEA
2YRMA
3KGYA
3V4KA
4MAFA
3S4RA
5A6WC
6F0KH
4G3HD
2ODAA
6CP6U
3NFWA
5HB6B
4Q65A
4NG0A
2RCIA
3DP7A
2JNCA
1XBFC
3MHVC
3BTPA
2LQTA
2P8RA
2KOYA
3QWNA
2W2SA
2R55A
1X0TA
4O6UA
3MGGA
5WASB
1E1HA
3N90A
2XNDI
4ZXAW
3QWXX
4FP5D
5OAGD
1LXNC
4DS7G
4J8LA
2MMUA
5MNVI
2KL7A
6F0KA
1ZVAA
1D6GA
2ZKRY
3J38h
2LTMA
3RJ1P
4D05A
4YNXA
6ATKD
5T77A
4GKFA
3QWEA
2KJSA
2MFKA
2PFKD
2PLSC
2FB5A
2EQGA
2BNMA
6CB1e
4NK6A
5TJBA
2J8PA
4HP3C
2FI9A
4I6MC
3BPQB
4NB5A
1WHUA
1VHHA
1LJ2A
2KIOA
4OU9A
3EO6A
5VGTB
5CJQA
3N7PC
2DP9A
1XL3A
1Q1VA
4ZJNA
2XGFA
4LTTA
3E0XA
6FZWD
2CO9A
3WI3A
1D9CA
2XU8A
4X5MA
2ZK9X
2V4IE
2DQ2A
3QTLD
2V5PA
4CS4A
3VBHD
4K7JA
3OUFA
3KA5A
5EDFA
1FAFA
4Q7QA
3K05B
1WJTA
3DSAA
2J4BB
5LO4A
3HJ7A
2D0BA
4U3TB
6B3NA
2ICUA
2VZCA
2PMZX
1KNYA
3H3YC
4HT3A
1KJKA
1S1IP
3ZILA
1TD3A
3PE5A
1N6ZA
5X55B
3CVZA
2EEYA
4YVOA
1SNNA
4FVLA
3SP8A
4NOFA
4I1KA
4DKCA
2N4DA
2OH1A
2GDLA
1LUAA
2MXQA
5A98A
1WKAA
2VZYA
1DD5A
4OAYA
1BMXA
3GF5B
2EPBA
1PUGA
4UOPA
2DBFA
2OH3A
5AJ3D
1EQ1A
3P4GA
1C75A
5I4RE
5VKYB
5LNKu
2RCFA
2OF5L
4V1OW
4LIDB
3IT4A
1HRFA
2B7EA
1VW4c
2CT5A
3ZTAA
4MFKA
2GD9B
1JHFA
5IX5A
2QN0A
3KH5A
4HA7A
2IAZB
1PYAB
3PH9A
3RPXA
4RXXA
4ESWA
3LY7A
2TPSA
4F35B
3CU2A
4JDEA
3BN7A
4L1JA
5MBGA
4CJXA
5A4RA
3GR3B
2E6IA
1YBBB
5ZR1F
3NX6A
1NYUC
1P4QA
1NO1A
4YZJA
2GUZB
1BO9A
3BRVB
3Q6AH
5AAQA
2P13A
5AZSC
5LQYJ
5MLC6
5DIRA
2H3OA
2R4QA
2XI7A
1NVMB
2QQYA
5HL8A
1YH6A
1MSPA
4RB6Y
2RFPA
3HUGA
3F7EA
4XVNF
2M67A
4IQNA
3VWCA
3Q94A
1YYVA
2N70C
5UZ9A
3FBNB
2K3PA
1W7OA
1WQBA
2H0UA
3BJNA
3RD4C
3Q91A
5AVYG
1VSGB
4NQJA
1SS6A
1OZZA
4YJDA
1R5ZB
1O7DB
1O67C
1KHYA
1NNVA
2X67A
3HB0A
2QFEA
3BBPE
1WWCA
4EG2A
5AGIA
4TQ5A
1IW4A
6C90B
1XFEA
6C5RE
3LKUF
4DNIA
1XK5A
2YHGA
5VJXM
3TRTA
4KNVB
5DTCA
3QKBA
1K77A
3O7BA
1MZWB
5ES2A
2J3WA
1SBXA
5JHIA
3U88N
4FGWA
4YL8B
4YO5H
3J44a
2N3XA
1IYCA
3U64A
5FIDB
2IPBA
4E6ND
3JB9i
4JJAA
1SP3A
4XEDA
4LRZE
2QUDA
1D5RA
3PKZA
2MK0A
3M86A
3U43A
3KZ5E
5IZ3B
2KIFA
5OQMi
3O12A
3CNHB
3IAGC
2QIPA
4WJAB
2Y7CA
6C5WB
2YUAA
3EO8E
4QI3A
3DB9A
2CWQA
4DJGB
2CHCA
4ZBHA
1OH1A
5AJ3k
1HUFA
3UH8A
3J36B
3P42A
5C00A
4HJ1A
1K3SB
1JL7A
5CS4B
4G4GA
4GHJA
3SHPA
3ORHA
3A2EA
3T6PA
5CWKA
1Q2FA
4KPPA
3BT4A
3V6IA
2B3ZA
2L9BB
3RNQA
4Q25B
3IDSB
1EFUD
2FLDB
1XMTA
4DQAA
4HKJD
4KRGA
3EDVA
1FNLA
4QCJA
4BUBA
2OWNA
5UDGD
4KYPA
4YV4H
4L2HA
4MYMA
3KK4A
5CS2A
5UGWA
5BW9k
5UBMI
4PKYF
1Q7RA
1SFXA
3FZBG
4LB0B
1IE6A
5XVNJ
2DK4A
3G3OA
3JR7B
2R8RA
1VYEA
2PORA
2MPEA
4M8DA
3IA8A
5AUJA
3FEUA
3LLCA
5OEOC
3CQOA
1S3ZA
2XZEA
5I96A
1HQ0A
3H9PA
2M7OA
5WB7E
3MHSB
2GFIA
2PLGB
3QZXA
3E29A
4V24B
3RQ9A
3GZ7A
1D1RA
2QGGA
4UBRA
2KRUA
2L03A
2E72A
2XCMC
1UK5A
5VVWC
1M8RA
4ZOQP
2AEGA
2JOPA
4QHUC
2AHMA
2W5WA
1XCRA
5T58D
3GRNB
3TVAA
2Q4KB
6CFBA
3EYIA
1IS7L
3PV9D
3T3PB
2Y9UA
4JGGA
4DGWA
3MTSA
4WXAD
2HQLA
2CTLA
1UW2A
4G59C
2EHOA
3LK5A
4N9Fb
2MA8A
3JB3E
5Q13A
3IZSt
1BNDA
3GN4E
1T3GB
1HCRA
4TXWA
4B4YA
3OBKA
3KGZA
4X0JA
1EDXA
2PNLA
4TN4A
2KJMA
4ANNA
1W18A
1PU3A
2YZIA
3WKSD
5YK6A
2RLDC
6G4WR
5VOCE
2QNUA
3AXSA
2ET1A
1VW43
2DB6A
2MVZA
2CTEA
2YRNA
2AZEB
2Z37A
1ZBSA
1V5RA
2GAGD
4RM8A
4URPB
2ZQOA
5IYCN
2HG5C
2WJNC
2L00A
3FLJA
2Q04A
5INWC
1OF9A
1SP0A
2LBWA
1TM9A
1WRGA
3W1OA
3VLDA
2ZKRX
4K7BA
5USHX
4HWHE
1CI6B
5VJ2A
4PXVD
3EBBA
1O0WA
2ELPA
2CYCA
4LPSA
4YJ0B
3CVFB
1VQ2A
3PJYA
3AG3I
6F5DI
5F11A
2HYNE
2DBHA
3S84A
1LA4A
1NYNA
3OSEA
1DF6A
5WUQC
1QEYD
5GS9A
3WHJA
3CKMA
2X4IA
4JG2A
1S5AA
3AAFA
3VYPA
4ASCA
5UP5A
4X09A
4RLCA
5VG9A
2X3GA
6FEAC
2WUJA
1HZ8A
5V77B
4G6UA
1KIJA
4G6TB
3CGXA
4DHIB
1WB4A
4Z7XA
1F32A
3RPFA
2Q4QA
1SA3A
2LT5A
2P65A
2EJQA
2O94C
5G06P
3S9XA
2WMMB
5E97B
1JMVA
4W23P
5JIEA
2I0MA
2V89A
1VZIA
2DANA
1P9CA
4OCVA
1RMJA
1R9LA
5LBDB
2D28C
2EQ7C
3P5CA
5U9AA
5WDDB
3EXQA
4A94C
3G7GA
5F5XA
1VP7A
2HNTE
3CSWB
4NG2E
2O40A
5JJPB
2KKMA
2YH6D
5FT0A
3NE2C
1VX72
3WU2Z
4PGRA
1HPIA
2RNDA
4EW5A
1OQ1A
6FKIb
2LVHA
3QQCA
3EEQB
2B06A
2F06A
4ZOQG
4EV1A
2VY5A
5DS2A
4XINA
3KXYI
5KN7B
4QT6A
5FGOB
2X49A
2YJEM
1HUWA
1NCSA
5UXTA
1UTYA
3KRTA
4L9AA
5O57A
2CCLB
2PXXA
2MH3B
3ROED
5DZZA
3US3A
3DLOA
5H8OB
3BBNU
2CU3A
2LLVA
4BSXA
3KU7B
1NQYA
4FZ5A
3CPTB
5ZJLB
1JNIA
4Z8TB
3GA9L
2BOXA
4RB5L
5O5SA
1HZMA
1CD34
2R51A
2D1LA
4QBBA
3H7HB
4IU3A
5NPTA
3RL0U
5LNKi
2HO0A
5CESA
5E7TA
2KAOA
5A7AA
4LA5A
2IDLA
2YZQA
5UU5E
2JU0B
3LQ9B
4XNGB
1Z9BA
2XV9A
1H67A
6C0FD
4WFQA
1VZSA
1RQTB
2RFCA
2AHNA
2HDZA
4LEAA
5LNKf
4ACLB
5ZCYA
2JSWA
1C8ZA
1W3ZB
3EY5A
2H9ZA
4R7QA
2KD3A
2OX6A
3J60V
3JB9g
4F7UP
4P1NA
2IAYA
4NSMA
2WTMA
6GEDA
3QYFA
2KKTA
2ZFDB
4BDXA
5ME7C
4MVEA
2G45A
1U20A
1BYRA
5Z3Gb
1HC9A
3A7OA
3C5PC
3BL4A
1ORLA
2R3BB
2XHEB
2P4GA
2D5VA
5FN5B
4EBAG
2K7RA
1VK1A
5XYWB
4OB0B
5J73A
4APXB
4HN7A
3T0PA
4QHZA
2INNL
2AVNA
4RYEA
3OQGA
2K9DA
4WH9A
4X0NB
3UIPD
5L7AD
2MH0A
2K9YA
3DSOA
3B2EE
3C2QA
3I57A
3O5HH
5O3OG
4WPXC
2C1LA
4GQVA
2MYHA
2NCJA
2MOLA
2GV0A
1PPJI
2P6YA
1O7DA
5JTNF
5XVJA
5U6ZA
4IUHA
3D3YA
3G5TA
3W2ZA
1VX7g
3K3SA
5MMIX
2ADVA
4JPPA
1GS9A
1MWQA
1YOCA
4K84A
2OUWA
2XDHA
1VX1L
3ARCj
2POSA
2WHNB
1IODG
1HP8A
3BWSA
2PVOA
2FPNA
3ON3A
2HV8E
1OW4A
6G72Z
2LLWA
1UB4C
1TR8A
2CGQA
2FFSB
4RZKB
2EWLA
4WBEA
2MXDA
2JX3A
1JWHD
5FN2D
2YZ1A
5OK8A
2I8TA
5NG4A
5DN6I
3CPXA
3R2PA
1QGKB
3LL4A
3M05B
1NYOA
3A5YA
4MJGA
2IBGA
2QLWA
2RCKA
3SNKA
3ZD0A
4DOKA
6G2Jg
5OOOB
1O9KF
2YWTA
2KKJA
1TFEA
6B46I
2G7RA
5F13B
4JO7D
2L9PA
4H10A
2GSVA
2QDLA
2LXWA
5YJ3D
1JDWA
5UZ5G
2M2FA
3O69A
2XM6A
2CDPA
1ZQ1B
1U9LA
5B5IA
5AY6B
3JZ7A
1OLPA
3ZO5A
1JRMA
2RSMA
3J9Ub
1TI5A
1P9YA
1UI1A
3LT7A
3ZF7C
3M6EA
2VP4A
4HE8A
2L1SA
5HFTC
3HXAA
1J2JB
5CL2A
3KKFA
1SS4A
4DEVA
1QS0A
3ZBIh
1YGHA
1N8VA
5DA7B
4AP9A
1Q5YA
2IQYA
1NTVA
5OOMJ
3UUNA
3CXBA
5T86A
1F08A
1YN4A
2YWXA
5F3OA
4M7XA
3FZYA
4N0LB
2COEA
3FAVA
5W98A
4DYWB
5EURC
5LOUB
5BXYA
3HJ4A
3SOYA
6A6BF
2N55B
3V3KH
5EVHA
2Q0XA
5HXLA
5GO6A
5LJ3G
3A1PB
2B9ZA
5V0SB
3DUKA
4BPTA
2XVEA
4JD9G
1Y7XA
4FGLD
1HXVA
4M9VF
3GFUA
5EYGB
3ICUA
1I7BB
3D9NA
6AP0A
2F9ZD
4CAHB
1SD4A
2JWYA
1TVTA
3L32A
2RNOA
4WJ1A
2QS7C
3SEEA
3IEYA
5M1MA
2P4ZA
5L75F
4DGWC
3C4SA
3TBIA
5KYMB
4EHUA
3KS7A
6FMLH
2NWHA
5UFTA
2KR7A
3WG3A
5Z42A
3FAJA
1QAZA
3UP1A
4LBHA
1BI6H
4Q7OA
2NMLA
4Z8AA
3PYWA
5OQRC
3E6RF
5WAIF
2VD3A
1HFOE
3UX4B
5NL2B
4BKHA
4BF8A
2ATPB
4EAEA
4B0TA
4R0JA
4U7UB
3MJ6A
1H12A
1RSOB
3U2AA
5H4EA
4UOIC
4YL9A
3UB0B
4DA2A
2L7YA
5OAYA
4QDCA
1XMKA
4F8YC
2DXAA
4ZC4A
3TC1A
3B4QA
2MARA
1CCWB
2L8KA
3N3FA
2PV2A
6CFWB
2AB5B
1OXJA
3EE4A
2KOEA
2KB8A
2O3BB
2I2AA
3HLTC
2A2BA
6BK6A
4FD5A
1WXNA
3BEEA
1WJPA
4A6QA
2YB5A
4FZSB
4E3EA
2LEZA
2XA6B
6EXNc
4IGVA
1U8BA
2K4VA
2NSAA
5M0JC
4TWBE
5HWYA
2D1PH
3DHXA
4QXDA
4WICC
5VOCD
4BFGA
2LLIA
3MZZA
1SV1D
2D46A
5UQYB
5YVSA
3SSCA
3IX7A
4GV5A
4E0IA
2E8BA
2MQBA
4DMIB
2LC0A
5CLLB
3BY8A
1R1TA
2ZKTA
4X8EA
1XOVA
5JAAC
3EOPA
5ANPB
4U7YA
2LGNA
5BXGA
1KG1A
4CIJA
3OWRA
2P58C
3BJVA
4NRHB
2OKQA
4JPBW
3QDRB
3EFDK
5APTC
3M9GA
6AX2A
4YMHA
3KHNB
2JH1A
5GWGB
3DXRA
5DQSD
3RNVA
2P6VA
3D7IA
3D2OA
2A05A
2DIIA
2LORA
3VEJB
1SRQD
1ZN6A
5TDYA
3D4EA
6C0Fw
1PM4A
5UQ1D
5O1RB
6D0NB
1QVEA
4NQ0A
1RMGA
4HWIB
1X6MA
3U2GA
3MADA
4QQGE
4U7AA
1SEFA
3COVA
4Y0CA
1KSQA
2J63A
4WYWA
3EOIA
6EUAA
3BV8A
1GL4B
1Y66A
3U5VA
6G72X
4LWSA
4QDJA
4MT2A
3K8VA
1NUYA
1WJVA
2HKJA
2CMXA
6BMSA
1YELA
5LG9A
4IEJA
4LHFA
5C98A
4F9BB
4J2NA
4NUXA
5CL8A
6F2DG
4MDUA
2EHGA
2DK6A
3B73A
3ENPB
5H1Sg
3K3CA
4B9PA
2M74A
4ZBWA
3ZC4H
4F42A
2NVOA
2Z5CB
4L58A
2Y4OA
5MYID
1H0ZA
3J16G
5FDOD
5JBHA
4GYTB
4ITRA
4GU4B
4DCKA
2RREA
1B5FD
1WFDA
2JSPA
4KX6P
3EXNA
1W9RA
4EVHA
2E7GA
3MC8A
3DLCA
5W4DC
1R44D
3B8OG
1ZMMB
3EABI
1PAQA
4D74A
5UFKA
1YDXA
4EVUA
5HYBB
2REEA
1Y8XB
5CUFD
5OHGC
3BV6A
3UFEA
1V5NA
2QRRA
4N3XA
5LXOE
4BWGA
3B5MA
4N09A
4Z80D
3IP4C
3IFQD
5SVAR
3DWOX
3U4ZA
5U4WJ
4JXEA
2CMEB
4MONA
3KDEC
2DT8A
4NRHA
1R0VC
1DMLD
3G7KC
3OGFB
2KZ7C
5LXLA
4F5CF
6BWOA
2RUYA
1VDIA
3KQ4B
4PTBA
2FQ3A
2LG6A
2O0JA
3E57A
2AU3A
5L1ZD
3WYZA
2BDEA
4LMGC
5C5GA
2B2MA
1G6UA
4ZNKA
2DG1A
2WSFN
4PC4A
4QR0A
3M20C
3J61M
2V6ZM
4BJPA
2K0ZA
4MEWA
1WWLA
1JDHB
1V74A
XXX2A
2AEXA
2LGEA
4AXPA
2M71A
5W66P
3VYGC
4OPCA
4YTBA
5OUOA
5UD5B
3L2NA
5VLIC
3HRGA
4HR6B
4E29A
4DMUG
1P7AA
2WN0A
2XVYA
2IACA
3G80A
1TZ4A
5L0RB
4LQ8A
3OQ4A
2W1JA
2RNBA
3LX3A
4EWCA
2IF6A
1W2WA
2V8QB
6APJE
2XNSD
4E72A
2K35A
1NEZG
5ABKA
1SZ7A
3EJ9B
1ECZB
1R4QL
5HMOC
4HH3A
1R8OB
6C23A
4CZXA
6FQMD
5YDFA
2PJPA
2Y3ND
3U7ZA
4TS5A
4UL8i
5OOMa
2RNGA
1I5JA
3NZOA
4XQMA
2W6KA
2OZHA
3V4OA
4V1AM
4P5NA
1QWOA
4J7ZC
3U1UB
3ON9A
3RMIA
4N8X1
3GASA
2LNVA
4Q0YA
1VW5j
3NRHB
1YA5T
3H9MA
5ID3D
2KPYA
2HSJA
2YQQA
4I4KA
5H07C
3T5VC
3V3QB
4AODB
3BHPA
1T0BA
5XHBA
1I8NA
3B7HA
1ZKPA
3D5PA
2OM6A
2MJZd
3K2QC
1HLEB
5JBLD
5AJ3o
2ROGA
2LX0A
3JRVA
4V1FA
2LW3A
1CLDA
5L2XB
4WJTA
2MJFA
3K2NA
1TBAA
5C9EA
1YDYA
2PFIA
3N08A
1QEXA
2WCJA
5AFRB
4PHZA
2KR1A
5OC3A
4O4AC
3D31C
5J2LA
2KJXA
1EJ6E
1WINA
3CEBA
1NY9A
6F1Yf
4Q11A
2F6MA
3D19A
2DO5A
4G6TA
6CP7Z
1MW5A
4CWEA
3HNNB
3BIJB
2MWRA
3EF2A
4IX7A
2KL0A
4CGQA
4DEYA
1OMBA
1HH0A
3V42A
5K21B
5B3DB
3OISA
3J7AJ
2GWCF
2JRTA
4KT0K
1GVPA
2PBIA
4U65A
5UZ9B
3G14A
2ZEXA
4GE1A
2N67B
3QOOA
3RGUA
2F4NB
1V8MA
5JQZB
5LAHA
4HEAA
1ZRXA
3VZAF
1XHKA
3HCSA
5U0PG
3C8IA
4YN3B
2MTSA
5XYIG
5SVHB
1ZDYA
5MF1A
1RSOA
3RFWA
3OV5A
4Y28G
2K2SB
2EODA
3KPIB
1TC5A
3L22A
5VNNC
2M7AA
1JL3C
4CLQB
1HLQA
4IWTA
2EEMA
5J45A
3GGNA
4HR1A
1Q25A
4HYLA
2P4OA
4Z7FF
2M5SA
5XVNM
4J3RA
3LURA
3BDVA
1DDWA
4I8OB
4EWIB
1SG7A
1QHHA
4R3ZA
1G2RA
3NI8A
3BFQG
3ST1A
2MTDA
3N71A
6B8Hq
4BG5B
4TYZA
4X3XA
XXX3A
3AALA
2GRGA
1XTYA
2L42A
2ELSA
2MBGA
3WNZA
3ISQA
2LKAA
1DMHA
2XNYN
2DT7B
4QRKA
2DYOB
3IBWA
4A0ZA
3TDWA
5GVXA
3RH2A
4QEGA
4W4KB
5WP3B
2MGVA
4FP4B
3B55A
2LWLA
4A5VA
5BU3D
2K3DA
2K6IA
4XAAA
2LW1A
5BQ5A
5HUQA
3N4IB
3CJSA
1RPUA
3TU8A
3ZXNA
3N54B
1S7IA
4JS1A
1HXIA
3LIYA
5IM8A
2MHEB
2A5HA
2K7FA
5XMJK
2ISBA
2FI1A
2Q02A
4CP6A
2KK9A
1PXYA
1L0BA
3BEMA
2XTCA
2CCQA
4WYBT
1RCWA
4GKWA
5AXMB
1QQRA
4OFZA
4Q9VA
3H9WA
3TSOC
1XKRA
2WBMA
4MQDA
4NTQB
2KIQA
6F36N
1YJ92
4EMHA
5T58B
4PKEA
1XHSA
2ITAA
2E9XD
1WERA
1IICA
5DURC
3AGFB
1T07A
2QTSA
5FQ2B
1STMA
3BMAA
4USKA
4TSDA
4DHXB
2A01A
2FGYB
2COPA
1SVMA
4K90A
5ZR1A
3ELBA
6BR9A
3GIFB
3VP7A
2E0YA
3BBOF
2KJGA
1X2IA
1SU0B
3LPHA
5B5YB
5MQIA
2JJZA
5A9QH
2L6AA
5JVOA
4EC6A
3IUFA
2LCIA
3UWSB
2FUKA
2GQ0A
3DS8A
4LMXA
3AQEA
2KC8B
5IWWB
4N77A
3EMFC
2HA9A
2AXCA
2B5BA
1AA3A
1T6SA
4OMFB
3L2HA
2PJWV
1KNZM
4P17A
2JVFA
5EU0B
1Y9KA
2PF4E
1MN8A
1ZTNA
4W64A
6C06E
3IPIA
1H1JS
3EW1A
5KGZA
3LGBA
2WYAA
5TECB
1NT2B
2I5IA
4G7NA
3G6SA
4LKBA
2MSXA
2UZ8A
4MNOA
1PP1X
3HZQA
3BT2B
2AVUF
5YQ7C
5HJFD
4GFCB
1EZJA
5VSOA
3T0YD
3CLOA
1FEUA
3B1BA
2QASA
2M5IA
2I4KA
2YJ3A
2KQDA
1HCUA
1AOLA
4Q9BA
5DYQD
1JEKA
1Q7TA
5MU7B
6EU1N
5J62A
3RBSA
1RQPA
3WU2A
2E2FA
3ID1A
2D42A
2IZZA
3CL3B
1Q3IA
1XI7A
1DL0A
3J3Bi
4C0ZA
3I24A
4WXMA
2Q0YA
1ABZA
3FJYA
3NIWA
2LO3A
3JUWA
1YG0A
2W4SC
4O0AA
2B8IA
2JUAA
1UHVA
6ETXR
2HM5A
3BYQA
1BCSB
1K81A
4G6VD
4BHUA
5M9EB
4ETRA
1WYYB
3M1CB
2QW5A
1Q3KA
5FORA
2LE0A
1ZFDA
2KWYA
1S0PA
4D5TA
3V7QC
1WYRA
4TPUA
4YZZA
1YREA
5HWKB
4A1BL
4COFA
2HFQA
1JNRB
4E9KA
4KTBA
5YS3B
3QR7A
3GM5A
2VT1B
2YNQA
3PLOX
1K4ZA
1DHNA
1LDDA
3QZBA
4HIKA
3TU6A
1NU7D
1QFDA
4A2NB
4Y7KA
4NOIB
1XN6A
2OO2A
2CZRA
1TUVA
5JFFD
4CADI
2GUDA
2HZMF
5YDMA
2MNTA
2RQMA
1WRJA
3U0CA
6EM5I
3H33A
1GH6A
4N0NA
3F5CC
2WP0C
4H61A
3UB0A
3KUSA
4OLSA
4NTWB
2N2YA
1TVFA
3A0BM
1XTEA
2HSNA
2QIKA
5NJLA
2KWTA
1YE9G
3J39f
3FNAA
2Y7BA
5FURB
4JBBA
4HWXA
2KZ6A
1R8EA
4C7AA
1NZ0A
5YI4A
4P0ZA
1VW49
2LG4A
1VC1A
1W78A
2WTPA
4F0WA
3JB5C
3KITJ
5J28C
2LH0B
2JYNA
4CVNE
2X9AA
2Y0OA
1QHQA
1F2IH
4BOQA
1R75A
2YQPA
2MI5A
5FRVA
1RPOA
4J8CB
3L8FA
1MTPA
3ZXUC
2HN8A
4J25A
2N6RA
3GE2A
3EZQC
2ZMVA
5IZ2A
4HUKA
5ERAA
3KD3A
3KV9A
4KRRA
1SWGA
1YHNB
1FH1A
1K9MJ
3HWCA
4AUOC
5IMUA
5MH3L
4CUAA
4XO1A
4MDAA
3EHFC
5XYWA
3V43A
2NAJA
5IAZA
2BQ4A
4FC3E
2K3IA
3LZDA
4OVYA
5VE9C
2N92A
5MR0D
2P2RA
1LISA
4OH7B
3FUYA
3CHMA
1FI8E
3QBTB
4TQLA
2NW8A
2MU3A
1YE9A
1ZGAA
1TP6A
4EWFA
5BTZA
5MUZA
5XRWA
4RKGA
4HUQT
3EXVA
1T3KA
5LSID
3H8DE
5GJ8D
2GCCA
4KU0D
5CUKA
2LD7B
2JS9A
2O0MA
1U2UB
3OOQA
1CL8A
2WGOA
1X4PA
2Y44A
2RNMC
4D0NB
4CLCC
3WMQA
1PU1A
3FESD
2PMZC
3ONTA
1AQ5B
2QCSB
2E60A
4BY2B
1NGMB
2W6IH
3H20A
5VOXc
2J4US
3FBNC
6C261
5VR3A
2YNKA
1FWOA
5XUKA
1JYOE
2L8TA
2MFSA
1QU7B
3F13A
1JB0K
2JKRS
5LY5A
1RA0A
4BD9B
2JGSC
2GSOA
5SVAT
4M6BA
5CD4I
2Q2GA
5J8EB
1J3CA
2EQBC
2F96A
1ZW0A
1H20A
5DN6X
2OUXB
2ANEA
1LPVA
4QTNB
6CNOB
3FIDA
3DI4B
5BY8A
3KIOC
1SPFA
4U9VB
2Q4WA
4LGTA
3TCVA
2RC3C
5L20A
5AYMA
1VZMC
3MOPL
6F1Tb
3LETA
3GZ8B
1RW2A
5YT6F
3UFBA
1DQGA
3KXEA
2J5HA
4LEUA
3OL0C
4AJYB
1DP5B
5AUNA
1UJSA
3E0MA
1HYPA
1Y60A
1H9EA
3J00Z
3KOSA
2AGHC
2X3MA
5I9EE
2I15B
3Q3FA
1K8KB
5A49A
2G3AA
3KBQA
4QBOA
4L0JA
1XJCA
4QQ0A
4R42C
1EIJA
4Q75A
1WP8A
5UYOA
1MM5A
5A0MA
1ZMAA
1OZ2A
3BESR
1K4UP
1XAOA
2ZZTA
1Q90N
4EZIA
4GNEA
4CGKA
3FM2A
3QSQA
1IIPA
2DT4A
1ERPA
5X3GA
5JCDA
1GXJB
5NENB
2CTDA
3VU0B
5JHFA
1QQGA
3EXCX
2KKRA
3EHGA
2VKLA
5N8VA
2YS2A
2V1LA
4CD8A
5I7DB
1TZNB
4YMKA
2A06E
2VTWA
3DMCA
6B85C
2ZQEA
4FC9A
4D2KA
4D7ED
5DOLA
5FVCD
2V64A
5GMKt
1HE1A
3ZXCB
2LQHB
3IFEA
2B82A
3F2IF
5T09A
4BLUA
3C8LA
4ILOA
3EX7D
2FZPA
5FR7B
1APYB
2JYPA
3QJ3A
6EM4n
1KDDA
3O5AB
3QBGA
4N5BA
4JF3A
3QD7X
2LN7A
3IRSA
1CFBA
6COZB
1M1EB
1K91A
1RL1A
2ICNB
3VZ9D
5H1QA
3ZJXA
1SZQB
4CV5A
3GHXA
2VDFA
2QPWA
5HKNB
5BTAD
4DS3A
1M7GA
4QR9A
2Y9FA
5O6VF
2VXAB
6EXND
4RGQB
4A20A
2NA4A
3UO9A
4X28C
2L1NA
1FU9A
2TRCP
1SPPA
5VHXE
2IICB
2DQLA
2YEVC
4WOYA
4WATA
3BJ6A
1WGVA
3OKQA
4M9PA
3G0TA
1N4CA
1A0AB
5U0SR
2MM8A
1YEMA
2KW1A
4DNNA
1ZSWA
5LCYB
5C3LA
1XVHB
5N7SA
2WM8A
3KG0A
4OO0A
5MVWC
6BEVA
5JNBE
2FOMA
4N7CA
4HROA
2JPIA
1B8WA
1YCOB
1UCRA
4C69X
2QWRB
5N7IB
6DEXA
3RGAA
5LZNA
4W6YA
2OF5B
1VX7e
2HGKA
3DCYA
5O9ZN
5FKVE
4G6DB
1QLOA
3TJYA
1ZT2B
3Q4HC
2LQ4p
2MQ9A
1M4IA
2RH2A
2OBDA
3J7AR
2ASFA
3HVAA
3SXNA
5AE0A
6FPRB
4LMOA
5O32H
5T1YH
4BWZA
5LNKM
4GC8A
4CRUA
5DXVA
5FN1A
2KISA
3A5DG
2Z5AA
2HAHA
4K24U
2KPQA
4M91A
3GW2A
3TYPB
5E9OC
2K9JA
5LE0B
1OFVA
2FSXA
1B1CA
3N2NE
3J3BG
3BALA
1HARA
4IP8A
4XDNB
4ABXA
5O0TA
2QMHH
5LWGD
2N94A
5W7LA
6G94B
3SIPA
4UG1B
4JIDA
3HJLA
3VWBA
4UUPA
2PY8A
1UANB
3WDCA
1LYBB
3SOVA
4L2WA
5KP0A
2MYJA
3PD7A
2YOPA
3E0RA
5IX9A
2QSRA
2O38A
2EJ4A
2G80A
2WJ9A
4BFOA
3GW4A
3ZK9A
2WSSW
4N82A
2PLIA
1LM7A
4QPWA
1VKYA
2BVHA
3DNSA
4ZJAA
3K94A
2WNMA
5CWDA
2PENF
5FN3B
3IZRk
1ZJKA
5D91A
4INAA
5KI9A
2NP8B
5INEB
3BYIA
1OQKA
1IVZA
4F87A
3D7JA
3TZGB
3Q2RA
5C9HB
1I27A
2IQTA
1JQLB
3G65C
2M6BA
3AMRA
1T57C
3OPXA
5UC0B
1R6KA
5X6VG
2W7ZA
4B0MA
2AP3A
4ELDA
4JXRA
3NF5A
1WRUA
1T0CA
1FLCB
2FZ0A
1VSQA
3SBTA
2M7ZA
2MURA
4J5RA
1T0IA
1X0PA
5K5LE
2WD5B
5OA1U
4U4PA
3T6AA
6D9ZC
4HDJA
4WG2B
4GB7A
6FHSI
3MMLB
4MH6A
3L39A
2D3YA
4KBJB
5C6GD
2M2JA
2JYAA
2NPSD
2FZFA
5EQWE
2FBQA
4ZCGB
4P87A
5X8Rx
2I9NA
5FD3B
1Z0JB
5UN5C
4B8TA
5LXVB
3GD9A
2XQXA
5WWLM
4DVEA
1E2WA
3LULA
5O7HF
1R0UA
2YBVF
1KP6A
2C52B
3E3VA
5TSZA
3HL6A
1KYTB
4EBJA
4I90A
2L93A
3WJ8D
4OI3A
1FI8F
4WZNA
3FP5A
3KQ0A
4ZHVA
4QVRA
3IDFA
5LDXX
2CIUA
2RTYA
3C3VA
1Z6OA
2FZ4A
1Z56C
2H1TA
4CCFD
1LKIA
2GF5A
2KGLA
5A9AA
2YPWG
4CVOA
1HG0B
4GAMS
1U5FA
2NDAA
1XQRA
2GIAB
5BXVB
3POWA
5JFZF
1WH2A
4UW2D
3K6TA
2NOJF
6G2JQ
3R4QA
4OTMA
4L3NA
4CUYe
3GPKA
4K0QC
4XT7A
3K1QF
3IM3A
3D5DJ
2ZZRA
5D1RA
3EJKA
5AJ3M
4KGMA
3KK7B
3ZZYA
5LSKN
2MJFB
4OBMA
4HEAR
1LVMA
1SKNP
3CF4G
5D9BA
1N7ZA
2WPVA
2OPKA
2AJAA
3S2JA
1IKTA
3J7VC
5JIRB
2M0QA
2WB6A
4V3IA
3ULQA
5ELKA
1KMIZ
3ZJ2A
1D1QA
4CNDA
2WSSX
1PD3B
2HY7A
4H6QA
6G2JK
3IKHA
2P30A
2WCYA
4IDUA
2A8EA
1K1FC
2A9IA
3H38A
2F3NA
3WX4A
6BN1B
3I5QA
2L9DA
3UQCA
4PUXA
2KPTA
5U6HA
1ZHXA
5ODHJ
4B9GA
3VHLA
1K9CA
1TIGA
1CD3B
4OSNA
3R27A
4HH6A
4YO3B
3DWAA
1D3YA
2OEZA
2CWOC
2BICA
5BY8B
2ZKRI
2ZG6A
1U89A
5O9ZQ
3QMEA
5B7WB
2HLTA
3HKLA
6C0FW
2QFAC
1ZL8A
1I1JA
2N2EA
3O6UA
3RRKA
1VW46
4QPRA
5B0OG
4E45J
1LSLA
3F9UA
4G6XA
2ZW3A
2I2XA
2G0QA
4WFTA
3WHRA
1RCUD
4HFXD
4CVDA
2MLZB
2PPVA
3OMYA
1OKQA
1NJGA
6EHRF
5NGNB
3HQXA
3OJ3K
3BZWA
4G65A
6BV7A
4YJWA
4HPZA
2MZ0A
4OBXA
2QN6B
2DHMA
2K2BA
1RU4A
4K15A
4XS5C
2MCTA
3AYVA
4QQ6A
4PJUB
5FIKW
2E0ZB
4L80A
4H79A
3IX1A
1CEUA
4ZC3A
1VFIA
5UVGA
4GKGA
3I7AA
3IO2A
3JC7A
4O9LA
4X1OA
2LUGA
1YDUA
3BJ4A
1KLRA
2LTNC
4IYJA
3G0MA
4GIOA
3LE2A
4QE9A
1XGKA
3S93A
3IZ6O
5WASC
3HK4A
1I4JA
1EJBA
5D50G
2F23A
4JXUB
1JBIA
2L6PA
5M1HA
1VX7T
4OYZA
1H8GB
5LEFD
3GMGA
1DSVA
1VYIA
2LYYB
2GM2A
2LOQA
4MZZB
3KE7A
6B4FC
1IYRA
2N0PA
2AJRA
1ZOQD
1TZVA
2G4RC
3SMVA
1WJOA
1X9BA
1V2ZA
4ECGA
3FJZA
1V31A
2KKFA
2M1JA
6F42C
4GL6A
4IOYX
2A1VA
2LC3A
1IHNB
6F0KD
3N77A
3T8KA
2KSNA
1TTWA
2C0GA
5A2TO
1MU2B
3NDQA
3G21A
4PK9A
5U1DX
2QDJA
3L1KA
4LJ0A
1F0KA
3J7Yp
3RIOA
3HZAA
5D5NA
2XS6A
1Z8YP
2MKDA
3J36S
4IBNA
2M35A
4YK3B
1LGPA
2LPUA
5XYNC
5CXYB
3OKGB
5KBOA
3VQJA
1MAIA
3I41A
3NJAA
1ND6A
6C6GC
2PBQA
1QKRA
5LDDE
4EIJA
5TJ5A
5D18A
2KY5A
3IRGA
4KIEA
3GZGA
4OKZA
2HLQA
5X56A
1IJAA
1UKLF
5FIMA
1P88A
4B93A
3TM8A
2YORA
4O9PC
4Q5TA
2WMNA
1B4AA
1SKVD
2HFNA
2RO0A
2VGAA
2KUOA
2ZZJA
5M0WA
1O5ZA
4ZA6A
3C6WA
5VU2Q
6C265
3DO9A
5VF3I
5DL8B
2MN4A
4QMDA
5JHFF
2O3OD
3GQUA
3RFIA
2ZOGA
4YK2B
3P0CB
4Y25A
4RPOA
4RB5M
4NBOA
3CK1A
3DSDA
2R01A
3L53A
3JB9C
1JSGA
4IFSA
5FISA
2RM8A
3L9AX
2N8KA
1QR0A
2B9WA
2MPCA
4GWPD
1LTGC
3J01B
3PVVA
1LFWA
3WRWF
1I1RB
2A2MA
4HBZA
2XCJA
1X3QA
3KLQA
2G30A
2A9SB
3QWLA
3CWCA
2ASKA
1Y0BA
5Y18A
4UUKJ
3MB2B
1JX7D
4RS8A
3LYHA
4FBCA
2DCOA
4OIZB
6F2XA
5JK7H
1K0PA
1O13A
4E4TA
5OOMN
4Y97H
1CJWA
3T33A
2KVTA
2KHEA
1CQ4A
5TVME
4Q2GB
2XQYA
2QF4A
4AR2A
5L7SA
3VTQF
2OB5A
5M4TA
4EMOA
3J9AA
3NA7A
4LMSA
5J6ZA
5IWSA
3V6IB
3E8YX
5DUKA
2IXNB
4P0GA
4FEYA
3IZ6V
4YN9A
1X9ZA
5YKEA
1ZRJA
5FC3A
4W78A
3D6WA
2RJ2A
1X5WA
5Y8FB
2JV5A
1FC4A
3LLBA
2A7WL
6C0Fs
1AL0B
2VA4A
2JOBA
4BMOB
3IJMA
3KF2A
2JO1A
2LV5A
3E3UA
3FG8A
2JOVA
4CJDA
4I9XC
1XYIA
1RL0A
4RJWA
3HN7A
4FI5A
5XTCQ
2JZ5A
1TE5A
2IN5B
2OFGX
5Z43A
3HG9A
6ELUA
4IUMA
2OD0A
6FX3B
3TNLA
1DKGB
4ICWA
2BDDA
5E3EA
5TFPB
2OOCA
3BT7A
4DOXA
4UFTB
3GWKC
3F2EA
3NFGB
4M1UB
5L85A
2D7EA
4H0PA
4K91A
3NYYA
5GUFA
2YXMA
1LVAA
2KFDA
5XTCS
1WSCA
3ZRXA
2JORA
4TTBB
1WQJB
2QP2A
1TXJA
4RB5E
1TOVA
3E7QA
1R79A
5DUOA
4XRTA
3BE3A
4ESNA
1STZA
3J9VQ
5E97A
5XQID
3HMUA
4JOIA
3DZVB
1GQEA
1AIWA
1F46A
3AX1A
3RHGA
4LOXA
4FEAA
5XKLA
3ILHA
1VX4K
4MN4B
2N28A
2I9SA
3T1OA
2L3XA
3C7JA
4S39A
3CY4B
4NV4B
4WPXE
3IB5A
4RE1C
4Q14A
1WRDA
2LNHA
2VNLA
3G7ZD
1R89A
2O8PA
3MVNA
2JAAB
3HE5D
4Z0OA
5NOHA
4M0NA
1YBTA
5WRUD
5BQMB
4OEBA
5NODA
2BN5A
5VZMB
3WXMB
3JB9h
2YSAA
2HDWA
4CE4Q
4I1SA
1L0LF
2H7ZB
2ZC4C
5NUPF
4IMIA
2B99E
5WNAA
2ERVA
4NQIC
4AR9A
3NR1A
3AONA
3ER7A
2CO5A
2GU3A
2K5QA
5DMRB
4RHPA
2UYTA
3G74D
3SNOA
3WMIB
4UUWA
1ZDRB
2P2EA
2X8NA
3S63A
4L7IA
4YK8B
3WMIA
1TIFA
1U0TA
4DXTA
3MJ0A
5A0RA
2YIZA
3CAXA
5TCEA
2MT8A
4QICB
3K1RB
2Q24A
2L7AA
3KXRA
4H5IA
2D7DB
3HGVB
4HCEA
1Z4EA
2PYQA
5H0QA
1YGMA
4FQEA
2LC4A
4Y7DA
4TT9A
2MN2A
4O8BA
3ZFJA
6B3OB
4FXXD
2N24A
4N8NA
5VA4A
6CP37
3K6EB
2K87A
2LTAA
4WYHA
2BZ0B
3NY7A
4NJCA
2LUHA
5AOHB
3GP4A
3B08B
2O0QA
6G72i
2F4IA
2GV5C
5G2VA
2M7YA
3HWJA
2I2OA
1UPTB
2JNQA
5HEEA
2BSEA
3W36A
4FZQC
4NNBA
1V5IB
1VJQA
2MH0B
3CE8A
1EO0A
3F3GH
3KE2A
3UI3B
3TRKA
6CFWG
3P0LA
3TC3A
2H7VD
1TJOA
4DCZA
1IGQA
2MC7A
3RH0A
6CH2E
3GMIA
5X41F
3SALA
1M7KA
3SZ3A
2Q8OA
2N1DA
3OVKD
2QWUA
2JP6A
3WWTB
2E5YA
4JQTA
2PQ4A
2OEBA
1UDKA
4FIOA
3A7MA
5LWCA
5LQZW
2CBHA
3O8SA
2XJ4A
2JDCA
1UN6D
3ZFPA
2RFLG
1XG2B
4QJFA
1HBXE
2IHXA
3O7AA
4GCZA
2FTZA
2OSDA
1X0HA
4RB6N
5IJ7T
3R87A
2YY3A
2K42B
1EIWA
3A76A
1PUFB
5Y39D
4NOHA
5MUFA
4CHEA
3WZSA
6G18y
3NOHA
1OAIA
5NCWB
2APLA
5XJ9A
3PDDA
2O5RA
3O9LC
2RT6A
3FX7A
1Z6NA
2LCYA
3S6UB
2L0CA
1K92A
5YS2E
5IC9B
3P1GA
4IT6A
4Q2SA
4NI2A
1PDKB
1ASWA
3KN1A
4H7WA
3N2LD
4UOIE
2G3VA
3TEGA
4RN3B
2M48A
4BYZA
2K2CA
4I0XA
1NWBA
4UE0A
3NATB
3S5TA
5XOXF
1NRGA
5XBCA
5LSJF
1Q4UA
4JPHA
1XO0A
2N2CA
3WWVA
4QUVB
4FZBC
3ANWA
3D6MB
3G5CA
5BYOA
2EO4A
2K4NA
3WKMA
4RUQA
3M3PA
4RDQE
3NB3C
1Q8CA
3PU2B
2HC5A
2FCLA
2Q9KA
3LJEA
5O9JB
1Y74B
5CCFA
4ZP0A
2MDPA
4NQGA
2NYIB
3WUZA
2AFRA
2IT2A
4UW2C
1GL4A
2X5QB
4DHXA
2ZDSA
4EVXA
4HT1T
5YRXA
4UKZi
3DCZA
4PH2B
3MW6A
5IY92
2O5HB
1EL6A
3BPJA
1NOAA
1MP9A
2RPBA
1JVWA
2WFOA
1FXKC
1AQSA
3T38B
1A8RA
2MKVA
1PDQA
4X3TA
2LJUA
5CFIC
2XP1A
3L9WA
3JCUw
5A20D
2VSDA
3S0AA
5T82A
3AJ4A
3P9VA
2FH0A
4OC6A
1MGRA
2RIFA
1WD2A
1OKGA
4FE9A
1EHSA
2NXPA
4RYOA
3TX1A
5AG3A
3UEBA
2LM4A
5YGUB
5IFCA
5CVDA
3TOSA
4RPLB
2LVWA
2V0XA
4UEBD
5V2OD
3DWGC
6B2Za
4FPWA
2MVIA
2G64A
3IABB
3ET6B
5XMEA
1VICA
3DLIA
3V46A
2WJRA
4DX8I
2ASTB
3OOVA
3ZLEA
2LDSA
5WOXA
4GM6D
4I8IA
1RK8C
3OG6B
3IC3A
2XFVA
3KOQD
2JW5A
2IWDA
2OQGA
2F5UA
2DZNF
4O8TC
2VX8D
3VPZA
2PC6A
4JZLA
4H4NA
3EUFA
3U52C
1EDVA
2LNMA
5IC9A
2FIDB
2FTRA
3B09A
3I4ZA
2OKUA
3D1BA
3LK3T
1XVIA
3J39d
4KFUA
2KSEA
2XOMA
1FR3A
2FPHX
4A69C
2GSCB
2K7IB
2YMMB
4C1AA
3DF8A
5XUOA
1M5IA
2HQ4A
2KZYA
4HVZD
5MY7A
3L4HA
3OLCX
3PCSB
3ISRA
3NNBA
1T0FA
4MUQA
3DDXA
2LY31
2ARPF
2PJSA
2WATA
1JAYA
1VKCA
1MGTA
3C5KA
2N0AC
2PQIC
3B0DC
3RCOA
1ZVPD
5T5DA
5C9NA
2N8OA
5WUCA
1IUJA
3TY6A
3BK6A
1YF3A
1H3LA
5IWDA
4NZVA
1P90A
3B4RB
2Z3XC
1NI4B
4E6ZA
1WHFA
5WD9A
5YQ0C
6B2ZN
3HQFA
1N2DC
1UFOA
3J61t
1DBFA
2FPSB
4CO6C
1V32A
1PYOD
4GN2A
4BEHA
4J05A
2G7OA
2CQ7A
5VU2E
3ZPJA
1O5UA
2W1SA
4O5FA
2CVEA
3NVOA
3HI2B
2K9HA
5XEFA
3CT6A
4IYSA
4EWEA
2KEHA
3QKRA
2CQNA
2KDTA
3C9IA
3EF8A
6C0F8
5UJEA
2MQUA
4LMIA
4X8KB
4LWKB
3ZPMA
3S8IB
3IZSs
1HWUB
5T48B
3PLWA
5M4YA
5OOLp
2PKGC
2EQXA
5AJTA
1L3PA
2IA7A
4U4TA
4GS5A
1ERDA
4XPYA
3C6NA
5EXEA
6G10B
1ECMA
3BRNA
3AJVA
1V7MV
2MW7A
2P82A
3VIQA
4LB6B
3G13B
5HLJA
2KMUA
1T33A
2M2QA
2CU2A
1WIDA
4JWJA
1VR3A
1FGPA
4V29A
3U8VB
4P78A
3LFJA
5E04B
2MSVA
6AO4A
4X0RA
4NDPA
1UF2Q
4P78C
3L41A
5GRSF
4ZNFA
4RGWB
5CW4A
4QLBG
2DZQA
3J38Q
5LM7N
5D8KB
3H95A
3GUDA
5JL7A
3P3GA
2GOMA
4GJRA
6FKHd
1FQJC
4W8GA
2MPWA
3DFUA
2P4FA
2XKIA
5A43A
4I17A
4ZMIA
4DIDB
5NNVD
5K9KF
3X0UA
2XVCA
2L7SA
1SEDA
4UUUA
3VUYD
4J9ZB
5L0WA
1DQNA
2CWRA
1JKVE
2NR9A
1YU5X
2O6NA
3MBHA
6FUEC
4QYZI
1VW4d
2MHYA
6CV9A
1YZ1A
3AY5A
2VFKA
1EHJA
4MU6A
4DIVA
1FOBA
2BZVA
4ZR1B
2RMKB
2I88A
2OFLA
1LNGA
4NJLA
3SJRB
4YE0B
5T58N
3GMVX
2ESHA
3C1QA
2HG6A
5LBKB
1GRJA
3FD9C
1UTAA
5DNCA
1E4MM
3AA0B
2HI0B
4R0SA
5CTAA
3RAGA
2JSTA
5T47B
1PAVA
4DKWA
2RAAA
3KDGA
5JPQG
4QT9A
2H7TA
3EVYA
1CR8A
1PYIB
2P0TA
5CXWA
4B2Qi
4WPEA
2FQMA
1WT8A
4HC9A
1H6DA
2PQ4B
3PJ0A
4J80D
3OYMA
4GHNA
2B9KA
3KU0A
1VP8A
2LE3A
2X5CA
4BPFA
5V6EC
2VY2A
2BKFA
1ZXFA
4L9PB
3GSEA
1UJLA
2JMOA
3C4RA
2D3DA
2I1SA
1U2MC
2JTSA
4I68A
2PH7B
1Q90G
3H7IA
2I9DA
4CXDU
2GENA
1MN3A
6CILN
3LAYJ
3RBHB
3LNLB
2KWVA
1VQOB
2KE4A
3P6BA
4IAOC
3I4RA
4RSWB
4FQNA
3FPNB
2B0CA
5VGBB
4WFWA
3BBZB
4JN3A
5LB7B
5IRXF
2N5NA
3P06A
2WG7A
2KVEA
5BXAA
3WNDA
2JNEA
5W2IA
2JWGA
2KPNA
2OLTA
2ZCXA
5GJEC
5VNYA
3FNIA
4W9MD
3BQWA
3GHMA
2PBDP
2MDGA
2LOHA
6G72A
5IP1B
3RX6A
5ERMB
2HYBJ
3PZ7A
2A6QA
2D1PC
3BB6A
3SHOA
4XK8K
2MKCC
2QSIA
5WDMF
4D0KB
5TC1M
2I00A
2FJ6A
2PX9A
2Z5EA
4YUTB
3P45N
4B1ZN
5V13A
5FUGF
1ADEB
4GQ4A
2MHJA
1DM9A
2D86A
1UYOX
1MKNA
1WIBA
5FJZA
4WVRA
5A65B
4KT6B
1W61A
2WP4A
3NRLA
4DDDA
2YYOA
1SCJB
5EGIC
4PQPD
1OEYA
5N77A
2OX1A
4FZ0O
2LN8A
5L2DC
3TQGA
3O3VC
4U5HA
3GWRA
4Q5EA
4NX3D
4E2LD
2QLTA
2AEUA
4Y0AA
2VGHA
4ESUA
5E7FH
2OXLB
2R19B
3CWIA
3V9OA
2D9KA
3KW6A
3TS7A
4RSIB
4CGSA
2RASA
3L9BA
1M1LB
2Q4FA
1ZV8G
1P9DS
3FDSC
1YHMA
5JROA
2GFQA
2DNXA
4C92B
1US8A
5YDNA
3JD5b
2LOJA
3SJLD
4F2DA
5VU3D
5YUDC
4HDDA
5TD8A
4DNYA
2KBQA
4HICA
4ZTKA
1NG7A
4LO0C
1QB7A
3CA7A
2PBLA
2OQ8A
1JR2A
5VF4B
4HUQS
5E4WD
4LMPA
3KC2B
2KQ5A
4MYYA
4RB64
4UU4A
2JMPA
1M0DA
1M93A
2I53A
1WK8B
2LHUA
6ALYA
2WDQD
2LWYA
3E1EA
3TEBA
1V9DC
1HYNR
5Y38B
1U0SA
2QQPF
1QBJA
1R8OA
3MW8A
4GR6A
3O48A
1PCFA
2K21A
4V1Aq
3AJWA
2GW6A
2GIYA
5OA1W
3G7LA
3II6X
2AL6A
3U07B
3POPA
4CC0A
2O5WA
4F1HA
1LG4A
2N1UA
2R6IA
2BBDA
3IB6D
1VIBA
3OXPB
2JX4A
2DOQD
2Q5WD
4AJYV
3UC2A
3W1EA
1FVYA
3LMFA
3DL8D
2BSJA
4W79A
1EK9A
4YTLA
2DSQG
2G9LA
5NCBA
5E10A
2KO6A
1UW4A
4DRIB
1JJOB
1T77A
4RW0A
5HUSA
2IJRA
3D4RA
3TR4E
4KF9A
5N2UD
2KSWA
4L0RA
4N04A
3R1VA
3F75P
5CWJA
3FCMA
3MF7A
2R37A
4UZKA
3N7SC
3EFFN
2HCFA
2E3MA
5CKLA
3N5LA
1IG0A
2E58D
4YS2A
5NKZD
3HOEA
3FXDC
6B87B
4U7UH
3VLFD
2O4AA
5EE2A
2LCKA
1IJXA
2OR0A
4PSCA
5L3XB
2GF4A
4GQOA
5YZ0D
2HJ3B
5UZ5B
5XTDd
1KQ6A
2JVWA
1G66A
2R5UA
2BUDA
1VDMG
2M2LA
4INEA
1TUWA
3V53B
1RYLB
2J5LA
3S99A
2RQXA
5JDOB
1U7KA
4LZKA
3RYLA
3J7Yo
5CDQS
3CJHE
1NZ8A
2L5BA
5AJ3h
1Y96A
2IIEA
1QW2A
4HAEA
1B35B
4O6YA
2I4RA
4XLXA
3DTHA
4HD4A
3O0FA
1EEJA
3KWRA
4X9RA
1YF2A
2GJVA
2XV5A
1WV8A
2CWHB
5XTDi
4L8RC
3J61r
3KNYA
5KMXC
2XQQA
3FO8D
3OKPA
1T17A
3J2NC
1D6BA
2MF3A
4ERRA
5FMMA
1Z7LC
1EPTA
2M4EA
5C8JI
3FRQA
3L5QF
4YARA
5N86A
2GECA
4M16A
5WAMB
1NF1A
4Y1PB
2NYEB
1LWUA
3QHQA
1M4UA
4CITA
4ID2A
2N04A
5XBDA
3JD5o
2YN0A
4BF5A
3DDJA
4V1Ao
2QJVA
2YVMA
1XFSB
3J6VU
3WASA
2OUTA
5GPLA
1VQOM
2ES4D
3FZXA
2OIWA
5WSGI
2YZVA
1YOZA
4K1CB
2ML7A
5MZAA
1Y0KA
5FCUG
3LW5K
3DCXA
6F40M
3VW4B
1K8VA
2MXAA
3K7XA
4GXTA
3UA0B
3LH2U
1U07A
2Q3QA
2K4FA
6CFWI
4R10B
2VPDD
2XZ2A
4R1JA
2QPVA
3M1MA
4FAOC
2HXXA
2PT7G
2NYSB
5TUBA
3K1IA
2NLVA
3SPEA
1ZPWX
5ONUC
3MZNA
2DCVA
3N28A
3UNYE
1WIHA
1YWYA
4BZAA
3PH0C
1V66A
5FCMC
1KAPP
2V0OA
2K3QA
4OOGA
4MTUA
5OR1A
2PTTA
4GITA
2N8HA
4RKIA
5WAKB
3D6JA
3WZMA
1KJNA
3UTMC
2FTPA
2L92A
2I3SF
2G9MA
3HEMA
4HRND
2AFFB
3IUSA
2N2UA
4CYJE
4J7HB
1QD6C
1NEIA
2WWEA
1TOCT
5B0UA
5AYWC
1AT0A
2K9PA
3MR7A
6DT7B
5GAOE
2MLYB
2HRJA
4UQWB
4PTYD
4BT0A
2M09A
2IBOB
3JD5i
4P3XA
2QTPA
4HL4A
2B9DA
3CI3A
4JVSA
3E7HA
2D4XA
2L6LA
3QQMA
5I4QB
1XSZA
4AX2A
5C4VD
3W5KB
4F0QA
1M8LA
1XU6A
2N12A
4TVSA
2ZW5A
2KQRA
2OEEA
4YAAA
5UC2C
1VW4X
2DB0A
1VQOY
2M36A
2YF4A
4A5XB
1Q8BA
2Q4XA
3NKZA
2FYGA
3D3LB
2D9MA
3CXJD
1EPTB
2MCRA
2L6ZB
3N7PA
2L6OA
1JYKA
1Y8QA
3E1IA
4HE8N
3JD5n
3IR9B
2ZDIC
