3K26A
1QWZA
3UW3A
3OXQF
1PXQA
5O9ZH
2A1DE
2KT9A
4P7CA
3IYUN
1ODMA
4C9YA
5LDXo
4TV0A
1VQOC
3WRVB
3E3XA
5BQ9A
1N1QA
2EFXF
3N5BB
5CX7B
2EAQA
4O87A
5IRIB
1Y3JA
2JNAB
5Z1WD
3BRYB
2YRKA
2DYJA
5OQRD
1FXKA
2N5DA
2HY5B
5X41E
1AWCA
5OSHI
2OTMA
3WPXB
2UWJE
2RTSA
3ENHD
5DYRA
3ZZOA
3FVZA
1GPPA
5YZDA
2Q46A
2D48A
1AKOA
3FJSA
3TFZA
2MC0A
5AONA
4BEHB
2KZ9A
2PMYA
2FQHA
4YC2G
3QYEA
2CT7A
2ROWA
5KTFA
5GYYA
2GVQD
4B6IA
4QIWO
1NYUD
1CWVA
6FKIp
1K9VF
2ZF8A
4QASA
1Y2IA
1Z9LA
2J5VA
1LUZA
3FHFA
1YWFA
1DCQA
1DIHA
5IJPA
5VMDC
5X8T6
6B4GD
5MMII
2MF9A
3KZQA
3ETOA
2OOYA
3EJVA
5A53A
1U0BB
2PGCA
3MSWA
4H2WA
2DG5B
2IKEA
6F2DA
2RPRA
3ETBK
1AVON
1SX5A
1FZVA
5GARY
1SRKA
3J36Q
5V6JD
2IUYA
4D79A
1KJSA
1C17M
2QJXA
3ZPNA
5UUSB
5FIYB
4R7KA
2L2RA
3MYFA
4WPCA
3VSJB
1O51A
2RNNA
1BJAA
3RKVA
3LQNA
5LUTF
3U95A
2ILKA
5YRZB
1TLVA
3FGTA
4G1IB
3E4WB
3AU4B
3FAUA
3ACHA
3NRFA
2ACMB
3U12A
2AU5A
4HLSA
3ZLJC
2HSXA
3WOZA
5DJOA
1B67A
4B6XA
5MHKD
5AJ3j
4MZ9A
6F8SD
4RHKA
2QYAA
4MYZA
3IZ6E
4RQOA
4QU6A
4PT2B
2DS2B
1SF9A
1AISB
5HFTB
4HG2A
4R03A
3N2QA
2F4LA
1ZU1A
2VACA
3CG3A
1XPJA
2KI9A
2KSMA
1OFYA
1QAJA
4LGCA
1AU1A
3X29C
2I1PA
2HRVA
1IHKA
6F42W
1FDJA
2KWZA
3O2UA
2FGTA
5DOQA
2QZGA
1PJUA
4UYPB
2BTVH
2POFA
3X1LH
5U0ST
3BCWA
2JXNA
2NNCA
1EXKA
5EWUB
5D0QG
2HALA
1OHUB
5K5WB
4AY9B
3VBHC
4UN1B
1E9KA
3VJJA
1OE4A
2P8XS
2KB2A
3VK8A
2HRAA
2PFWA
1NKPA
4G1UA
2IG3A
4ZWRE
1YS1X
3DM5A
2W3YB
5NDAA
4JNHA
3CUEG
3A15B
1H21A
2ELXA
1VTNC
3RXYA
2P26A
2CZJA
3VX6A
3G5ID
2MVBA
4RN7A
1Z8UA
6F7PB
4FDTA
1U7NB
4YMUC
4DQZA
3ADRA
2L48A
2KJEB
4PWSA
2FJRA
3HIUA
2MVNA
3X2DA
3N3TB
1QRVA
5V8WA
1QF8B
2WW5A
5WIXA
5B3HF
2WYQA
4BT7A
4MB0A
3KYDB
6EM5r
3HCNA
4RB6G
2Z67A
2WJVD
2BJRA
4XFKA
3IABA
5VWLA
4M70L
2MXRB
4JIXA
2Q3VB
2ES9A
1OHAA
1WE8A
1XF5L
3FLPA
3FGVA
4S24A
2NOCA
5U1HC
1TL2A
4KJRB
1PZWA
1RFYA
1UKFA
3MP7B
1AN4A
6EZNG
3K7DA
2J3XA
3ISMC
2LLHA
3NFQA
4HORA
4JO7A
2OGFA
4ALYA
1F1EA
2LLZA
2HINA
2HX6A
3PT3A
2NR7A
5IR6B
5CBPA
2JEKA
1UVVC
4BK0A
6DIPA
3CTRA
2W82C
4I1LA
2QA4G
4QBAA
2L58A
1USYA
2OSEA
3RGCA
2QC5A
4B1MA
4YSXD
5DICA
6AS4B
1VW4P
4K48A
3AA0A
3GK6A
3FNCA
5LCIA
5W3NG
3DSBA
3EJ9A
4ARTB
5MSMB
5E3VA
6B48K
5A3DA
2RR3B
3LCZA
1ZZPA
2LFCA
1Z0KB
3RJ1U
5Y10C
5EKQC
5MU4D
5HALA
1T3UB
6B1GA
4OGNA
2E1MC
4V1AD
2PNVA
1YKEC
4PZJA
4HASA
5XJR2
1ZG2A
1TZAA
2CTUA
3EO7A
5ZGH1
5DJEA
4WVEA
3FH3A
3IE4A
5XMZA
5HZPA
4MZAA
2H00A
1VHEA
6F1Vm
5F5MB
3T7VA
2I06A
3TBDA
1Q01A
1X6IA
5W7BB
4BJTA
6BZHB
2GTAD
5XNLz
5CGZB
2Y2LB
3CPQA
5Y5YG
1OA8A
4DCIB
1CO4A
2CRLA
3GA9S
2K0MA
3BGEA
3FSGA
1RQ6A
1TU1A
3RJ1J
3MZYA
4LAYA
3M33A
3E6QF
3CM1A
2PMSC
4QPLA
4D6KA
6EU0V
3K93A
6ET5S
2J9CA
5JW9A
3CEXA
2D1GB
2VYOA
3CJHL
5ZVTj
2KUJB
2LLAA
3T6OA
4RT1A
4G7XB
4ZRJB
2BKYX
5AL7A
5V8CA
2QIHA
5CYJA
4RGIA
3FH6F
2J49A
2FYUI
6C6KC
3R8JA
4AOQE
3V5WG
4RB61
1W4SA
5GKKB
3B4SA
1VQOQ
4DJIB
2WW9J
5TSBA
3FACA
1VQON
2XEMA
6F1Vf
2XVRE
2YAVA
2JVUA
3AYHA
3I7MA
1JHJA
2F6MB
3AIHA
5JH0D
4B9WA
4K12B
2ZX2A
2PA2A
3SSOA
2KFVA
1PW4A
1C1YB
2QSDC
4LO6B
1YD2A
3EMIA
2AB9A
3NUHB
2Z84A
2E7VA
2V14A
4GBSA
1YWWA
3QH9A
4FLAA
3V6PA
2CX7A
4K61B
1X5MA
2CZSA
3GRHA
2ARCA
4Q29A
4CQIA
2PRGC
3QXLA
4KM8A
1BOUD
3R6AA
1M9OA
5EYOC
2HIYD
3LDTA
3J12J
1RF8B
2LAIA
4RB66
3TUJB
2HERA
5XRWC
5JNOA
3FSPA
3KP1E
5N9JC
2HJMB
2DLKA
3A4RA
5GWMB
3P8DA
1MOFA
3VGZA
3H8DA
4OY7A
4UI9M
3X0HA
1I4UA
3MDGB
5FLDA
4AC7B
2MEMA
5K0YM
5A21G
1XDTR
5I1UB
2EBEA
4QTCA
4ZOHB
6B0XC
5XN4X
6G51v
6B5BF
2JYSA
2EO2A
3FDQA
4L9BA
2ZKRG
5OF4D
5F6RA
2RE9B
2JMKA
5LY0B
5YZ9A
3ZRIA
3KPBC
2XU6A
2G7CA
3BJEA
3UC1A
3WW0B
1VQOT
4J20A
4N81A
4ZCEA
3E58B
5LXYH
3N72A
5IS0B
2BDRA
1Y88A
4MB7A
2Z0JA
3R9JD
5IHFB
2Q01A
4R8OA
1SK7A
2QVKA
1QHXA
4O2TA
3JZ0A
2HX0A
2F22A
4GXGA
3LLIA
6EXPD
3AG3D
2W2XC
5FQ7G
2MD0A
2LT8A
3AJFA
3R84V
4LD7G
3FKAA
1MR0A
5BPZA
2N72A
1I6FA
1TWFI
3IRPX
3R20A
4J7OA
1SR8A
3B21A
4F98A
5HDAC
6EUXA
4FCAA
2BEQA
3DYJA
3HVZA
3U4GA
3LLOA
2VZNB
1VYBA
2CAYA
5WPNA
5UJ0B
4KWDA
1QBZA
1VQOU
3OA8B
5CH6C
1PQHA
6BUCA
3DA5A
6G53t
2VT8A
2L3FA
4CKND
2MX4A
2FM9A
3I2VA
2B3WA
1Q8DA
3NO7A
3K3KA
3QTED
1GDOD
2O9MA
2GJHB
5XTCc
3BCYA
5AJ8A
4X36A
4RB5R
1UADC
2YQ1C
3LD2A
2YV6A
2MPQA
4A1KA
3KINB
5EQZA
4LFLA
3GU3A
2QL2B
3S6XA
2JX6A
2WAKA
2EFKA
3IOXA
3CWZB
4H6HC
4FM3A
1A73A
5VK2a
2C2ZB
1G1ZA
4NPFX
4XJ6A
1VAZA
4HTEA
5J9TC
3SJMA
4ZJMF
3F5MC
4KBXA
3RVCA
5FIID
2HJQA
3PQHA
2HWJA
3BF4A
3ZZHA
2A6HE
2IY2B
4G2KA
5FNAF
3FD3A
2HHIA
5T2XC
2XCME
2H7AA
1DQCA
1U61A
1YPYA
2P09A
1B02A
3A1GB
2W1NA
4I6XA
2QYFB
2JV2A
1CKMA
4XIGM
2R1IA
5U96A
1T4HB
5VTGB
4BGNB
4J42A
1KR4A
1C3ZA
2MDFA
1XLYB
2FHPA
1VQOE
3WO6A
3E5ZA
1VHDB
2QRLA
4R33A
3UF1D
1W1HA
2JUGA
4NKBA
3K6QA
2XVSA
2GWPA
5GNWF
3KL7A
3K29A
5J9QB
4RLDC
4BMCA
4GQMA
4ORLA
3B48F
5UKHA
5AIZA
4M8KA
3D8LA
2CY5A
6F40W
2NAEA
6CFWA
5FIYF
2GSLF
1X60A
3KV0A
1JYAA
4ZNMA
2RSIA
1FIUA
4KG3A
2LUVA
4O5JA
6EU9A
2YH5A
5Z9AA
6B4EC
3IP4B
4BFAA
2BW2A
2KVSA
2MULA
2O98Q
5T86I
4FR9A
2KZ0A
2KICA
3GFYA
3GRDA
1VQOP
2ZKQQ
3O0ZA
5CEGA
5E4MA
3TD7A
2IOJA
1Y1LD
2AZJA
1STFI
3CUEO
3ZF7j
1ZQ7B
5BWEC
3LUAA
5JN6A
3OUEA
1TWFF
1SSLA
5JYSA
1R48A
5A61A
2CS8A
5OA1V
2M60A
5W87B
4NPAA
1F3UA
1I26A
3WPSA
3RT3C
5M2YB
4WBXC
2M1LA
2R9RB
5OOM6
3FP9A
3Q4HB
3J7Ye
2JM2A
3VEAA
2HGJE
2JC9A
2YV4A
1XWEA
5V68D
3FJVA
4FMLA
4F03A
2KSKA
1DBTA
2LD3A
1NO5A
2Y9WA
3JTOD
3NQIA
5MS9A
5J6PB
1MM0A
3WSCA
1NYCA
5A96A
6F36M
1KFYC
2PH0A
3CPTA
2J2JA
3FGYA
2R5OA
4FQ0D
1H2SB
3TJ7C
4RPFA
2Z0LB
3UKMC
3DINH
1J5BA
5U4WI
1YJNI
1WC4A
4BM5A
5UNQF
4V16A
5IC9D
2WCWA
4TT0B
5YL7A
4UNCD
4OE9A
1Q2HA
4ZXSA
1SF8G
5OBTF
6B4ED
3R9RA
6G16B
2ITBA
4UJ0B
2KA2A
4CG7C
2GAXA
1KBFA
2N2SA
3EARB
2E30B
4M64B
5IECA
2JETB
1BIFA
3E8VA
3MAZA
5EDLA
4GEYA
3FVVB
2JXZA
4LILA
1A2ZA
2ZQKC
2ZYRA
1R2JA
5Z00K
1QS0B
5WODA
3IB7A
4H3WA
3FHKA
1LPBA
2RSOA
3KMIA
2D51A
3MSTA
2C5WB
4PN6B
4GNSA
4QNCB
2VVFA
2BE3A
3MKLA
1WM9B
1KZQA
2M0DA
2EE1A
3U7IA
5AWWY
2LOOA
4UZ0B
4LN0C
2JUCA
4QM6A
3J21l
4C5EE
2E3UA
3M21A
3CTWD
3PYFA
2Z0TA
6F1SA
1WMXA
5H6TA
2NABA
3E7LA
5JG9C
3BCVA
4A1RA
3PNNA
3VRDA
1UGLA
4PSLC
5M1SF
1Z9VA
4JQPA
5HTLB
3R07C
5UZ5H
1HLVA
3E59A
5VMOA
2LWXA
3F40A
2PQCA
3NJTA
2N26A
3BBGA
4EBYA
5FSAA
2YS0A
1R5SA
4FTXA
4LDUA
2MC6A
3LD7A
3EZIA
1HY5A
3ZVLA
6F0KF
1F4SP
4ZGQB
5GZTA
1P9OA
4AE8A
3PKVA
3KBHG
4HE8E
5C8AA
2N8EA
3ODNA
4IKVA
3EOFB
2QHLA
4RA9B
3O7PA
5U4WF
3MTXA
2N4AA
5I65A
4EZEB
1PYVA
1TWFJ
3WS1A
5TV5B
4LU1B
4HZUS
3ZF7B
3NTWA
3FB8C
6D6VE
2MPNB
4E84B
2KPSA
3BKRA
4HZ9B
1Z21A
1M6YA
4NFWL
3P5NB
4LORA
3TYSA
5IP0G
4YZ0A
3RSNA
4RXVA
2E5ZA
4GVBB
1JX6A
1K7CA
2BL8A
4MITG
5WAIG
1E8PA
4AYCA
3K8JA
2A7UB
1X3CA
3U80B
2K3OA
1F5VA
2QRUA
1VW42
2XMXB
3T47A
2AAMA
2N99A
3MMYD
4EOGA
6ANSA
2L9VA
2QQZA
4WHEA
2G8YA
3X1LC
2LMKA
2KESA
5LJMA
3SY6A
2KFSA
2EQFA
5XYWC
3EMXA
4QN1A
5LSJB
5Y81C
3N89B
5HE9E
4Z80A
5APAA
1ZXUA
3TTMA
4N3YB
1CBFA
2GQCA
4G6DA
2PIJA
6EM5w
2X26A
1WHZA
3PC7A
2RINA
2KXEA
4JYRK
3MOND
1GU9A
2HPUA
4U12A
4WFCE
1K1VA
3X37A
2MA9A
1XV2C
4P6VE
5WX9A
3VPBA
1HN6A
3MK4A
2XT2A
2L35A
5HVNA
2XXNA
4JBWF
2LBOA
3TMKA
5IA9A
1D2PA
3CJPA
2BYCB
5JAKA
6AZPB
1GYXA
3WXXF
4MJKB
1ED7A
3EPUB
3KYEA
2QEAA
2NTYB
2CV8A
3AL2A
5TR7A
3D5LA
4HEOA
1F5XA
2ZU0A
3NO0B
2F1NA
2I5UA
1FJRA
3VUBA
2DVZA
4NPXA
3F9SA
3GOXA
4UTQA
5MS0L
1TIQA
4HYNB
1WDGB
1JY4B
3G43F
1UEBA
2X9CA
2BHVD
1YD8H
2L31A
1PBAA
4RHZA
5MG8B
3BM2A
2B2AB
1VKEE
3G2BA
2WT7B
1WH0A
1TQGA
2HUJA
2DSKA
2XI8A
2N5XA
2L0ZA
1OEYJ
4RS7B
3UUXB
1NFVA
1S99A
1TLWA
5G3QB
1POIB
5TJWA
5VHFd
3Q98A
3CYGB
2V5NA
3L0AA
1MMSA
2J3TC
3QAUA
2P62A
4JB3A
5A4HA
1XTZA
2MLAA
5X90H
2JVPA
5LDDD
1EERA
1XUVA
3WX7A
4N9Fi
1DDBA
3MKQB
2YFAA
1UG7A
2RK5A
4YXZA
3DNFA
5KWBA
3J60P
4ER8A
4G0AA
4QWOB
2FUEA
3VEPC
2VXDA
1JB0C
2HBOA
2N8BA
4P3HA
6EN4D
2G8LA
1EB6A
5GOUG
4N3TA
2PO1B
3U0OA
4GQUA
2J2SA
6AN7D
1ADNA
4PDNA
3FLOB
3MTQA
5LMXG
5WHGA
2AXQA
3Q6BA
3CXNA
1E8RA
5B64B
4YZGA
4N78D
2ZE7A
4CFPA
3IR4A
1TOLA
3W8VA
2NLQD
5VBNF
2HH3A
2DO1A
3ONRA
3TM2A
4B19A
4UZ3A
5HP0A
1I7XB
2LHRA
5I5CC
1T4AA
3K6GF
4WT5B
4RMOA
4ASMB
4BG7B
4MGQA
1HP7A
4WXSA
1JW9B
3Q6CI
3X27A
5O9EB
1ZV8F
4Q63A
5BUTI
5LLMA
3KFOA
1SG5A
4FH0A
3VIVA
6FHSG
5VFYD
4GHBA
2WFBA
5MNTA
5GJ4C
2QSAA
3S9JA
3TJQA
3C7AA
2JBYA
5GMXA
4TPWA
5K79A
5UA4A
5OENB
1XJHA
4IYAA
2DOEA
5GAPB
3GNEA
4BQ7F
2W2AA
1YX5A
3J3AL
4JLRC
1V64A
2R15A
2D00A
4NBIA
3OFGA
1PMIA
1J1VA
2XEDA
3QNQB
5LP2C
5YMAA
2V7CA
3QF7A
4A1DO
5JLVC
3SF4E
2OJQA
1TC3C
4Y7SB
4EPZA
2WY3C
1XTCA
1BGYI
5YHHA
1SZHA
3U52E
3BLNA
3GNAA
2VVWA
3E9VA
1X22A
3NZZA
3MYDA
3HHOD
5BV8A
6D05F
6CB17
3H36A
4AFHA
3HWPA
5TPMA
2F60K
1SRQB
3HIAC
4LCQA
3U3UC
1P5DX
2GJ0A
2WU9A
2LKLA
4X2HA
4Z4AA
5XLMB
2QGOA
1JB7B
2V4XA
5I6CB
2XTLA
5UYTA
2HNTC
3U2UA
2MMBA
1UOYA
4E4WA
2LN3A
4QTJA
4Y28K
3DF6A
3VDJA
2RJZA
2K7YA
2RQ2A
2D4RA
4AKMA
1EJ5A
3PS0B
4QTSD
5DILB
4JE3B
3ABQA
1EM2A
3QD6B
3PR6A
4W8WD
6CB8A
3LKWA
3PSSB
2GHVC
2MXWA
4LDBA
3UN6A
3SB1A
4UX8C
1CQ3A
2K3UA
2RMHA
1VK4A
3MQZA
2GRUA
2FKCA
3HRDF
1RDUA
2A50A
4DGHA
3F5RA
3NRWA
4WCGA
1B3TA
3CAZA
1Y4OA
2MHDA
5U4ZA
3IJWA
2B9SB
6G72n
1NFKA
1UAPA
4NT5A
4X5PA
1X4QA
4RB6H
3TZXB
3ELIA
2JESO
4ZL4A
2W9OA
5MQ0s
1VW41
3CT4B
1ICFI
3IUOA
2KSDA
1TAFB
3VX8D
4S12A
1Q2ZA
2F07A
5ZKOH
4B0ED
5IQJA
4BWCA
4KE2B
2K9LA
4HU8A
2KAKA
1YUEA
2C5UA
3NPPA
5XTDv
5BUDA
5E24B
1UZ3A
2KW3C
2Q37A
4ZYAA
2LYIA
4U4CB
2L1QA
3I0TB
5EN7A
2KRXA
5T59C
2YQRA
5FV8B
2PKAA
3LA9A
2MZ7A
2DVYA
3CK2A
1FVAA
2PJUA
3SOOA
1E41A
4JPBA
3FH1A
3L6IA
2OQBA
4IWBA
4BNDA
3FF2A
2FE1A
4TN5A
3JROC
4J7BF
5H6IC
4JZ8A
3ONHA
4NWBA
2XXPA
1KQFC
4TPSA
4H05A
2HUHA
2MEV4
1I25A
1XD3A
1TWFC
1WQ6A
1EZWA
3DL8F
3KDRC
3OT2A
2WJNM
1T13A
2F4MA
3O14A
5A0KA
1TUAA
1YSXA
2OARD
5XK9C
5M2OB
6C24P
1VL4A
3MX7A
4YMRA
1WOUA
3D0DB
5U4Jd
4FJOC
3RF7A
3RI2B
3QOCC
1PIEA
2Q82A
2BOLB
3BT5A
1J83A
3LQKA
1SAUA
1RJ1A
1VQOV
2GD5A
1YFNA
5TGFA
4NYHA
1PYIA
2OY9A
1ES9A
2BYDA
4FKZA
4YH8B
3QVGB
2OOXD
6G5HR
5CK3A
6CKOB
3CRCB
1ORUA
2JOIA
5WRHA
4DJDD
3CJMA
5J03A
1VRAA
1YXYA
4A54B
5TVFC
1J58A
5T51A
2Z30B
1ZP2A
2QZBA
1O50A
2NZCA
2NSFA
3ZJ1A
6BL5A
2HIPA
2CE0A
2FKBA
4NLHA
3OY2A
3HIXA
5JKIA
4RV7C
4CGBB
4O1SB
1KQFB
2NXVA
2VOYH
4QUSA
1ICHA
1RRZA
3GIWA
2VOYE
1X3LA
1QOJB
2MOEA
2HU9A
4Z29A
6AR3A
2WB1Q
4F0HB
4EJRA
4RUDA
1SGOA
3T3LA
2VVYC
5NF8A
3IRUA
5IBLA
2IIAA
3HRDE
6FC0B
2IABA
2ZD7A
3J26N
3QSLA
1H7CA
4FK9A
3E9GB
3KXYW
1JKEC
3EWIA
5A8UA
1DECA
1E52A
5W2FA
2KNPA
1E1HB
3PJZB
5MDRB
2OZ9R
4L1NA
4OY2D
1SJWA
2OF3A
4R6YA
2QSQA
2XDJA
12ASA
2ETGA
2KWAA
2CONA
1I49A
3GKJA
4OX0A
4NV0A
4O64A
2B4HA
2QNIA
1NRJA
3OLOA
1AOAA
5VJ4B
1N91A
2EBBA
3NPDA
5MJIA
4P5FB
4HPPA
4NJ6A
5V7SA
5FILU
2E2WA
1KMDA
3BZLB
3VHJA
2OHWA
2J5YA
2LTFA
4D8BA
5BQKA
2D8DA
2PYWA
4EDVA
1GL2D
3RONA
3HJGA
4U8FA
2OFHX
2GZQA
3T9OA
5A6GB
2IC6A
3J9UL
4MHPA
4GEXD
3NWCB
5WB8B
3K1QE
4HW0A
1LR5A
5KXFA
3PZFA
5FZ2B
2CG8A
1B9WA
2YUHA
1VRVA
4EP4A
3UCIA
1VW4R
3N40F
3KDWA
1RH6A
5KVMA
5U4Jw
5DN6H
2VKJA
5W5YQ
4Q45F
3SFTA
2VRSA
4ZJVD
4OC9A
4LADB
2IEQA
2P4LA
3F1ZA
1R62A
2AMHA
5JCEA
2OZNB
2KJIA
3HZSA
2PRVA
2L09A
5L85B
2Z7BA
4R29B
3D7NA
4YTOB
2BYKB
5BSZA
1HNFA
4DPPA
4IZZA
5BMQA
2YREA
3MXAA
4F3FC
5AZCA
1BDSA
3ZRGA
2ZC2A
3DZDA
1A62A
4RB6V
4G7XA
1M3UA
2IT9D
5H5CA
4ATHA
1IO1A
3BWLA
4KTWA
4HC5A
3ERVA
5XA6A
1J5YA
4P67C
2LU2A
4HI6A
3K9VB
5CTGB
4QANA
2QV6A
2EG3A
5TW9C
4R1ZB
1UV7B
2A7OA
3TW8A
1KNBA
3VIQB
1OMAA
5CAJA
2LUDA
3P0YA
3GIAA
4L8PA
2GEYA
1PBJA
3CU3A
1WGWA
6CJ0A
1NR3A
1TUPC
2KXRA
3DSHA
1D1GA
1X75A
3CTVA
3HRNA
4AE4A
3BJOA
4Z48A
5CH4G
1QFHA
3GLVA
4M8AA
2JONA
3EIPA
4ZY8A
2OFYA
4YKBA
4FCHB
1VR7A
4RFUA
5MLC9
3JA7B
6G72J
2HQTT
2PJWH
1U8VB
5Y0YA
1YTFC
3EK3A
1T50A
3EOZA
3HSBA
3AAGB
4WSOA
5GOLD
4KM6A
4LDDC
4JHGA
1XOUB
2K2UB
1BPLA
1T7SB
1YACA
3U83A
1J0LA
2Y0NB
5KLVI
5I5DD
2TSSB
2WCC3
5WYLB
3M0DC
3ZQOA
3QV2A
3IGHX
2ICHA
1KAFA
3GZBA
2YK4A
4K2UA
1ZZFB
5V50F
6EM3B
6C5DD
4XLGB
2FZVA
5LSIE
2D9DA
2LJWA
1HA8A
4P6VD
3F08A
6C4HD
1R88A
3H6JA
2L25A
3AEIA
5AGQA
2QTDA
1UJWB
4M70K
5X2DB
1OCSA
4PH1C
6BAQF
2K8EA
6F0KC
6BJCP
4I6OA
5HY3B
1QMOC
4B8VA
3TUFB
2LLGA
4M2AA
2MN3A
4AY9A
2AUHB
5H8AA
5HRJA
2M89B
3LOGB
6EM5J
2M7QA
1ZV1A
5COTA
6CI7A
4GHUA
2N17A
2HD0A
4D5BA
2KDXA
1ZXJA
4RSIA
2VQGA
2DJPA
3L82B
3SZPA
6BS9A
2M86A
1K3KA
1XN8A
1WMHA
3MSXB
2LF0A
4DW0A
3IDWA
5MMJw
2LD7A
2K9KA
5OQMh
5H3WA
2IJQA
4U5AB
2MHRA
4OYDB
1T6UA
4M1AA
4IFDK
4BG0A
1DD3A
1VRYA
4L5CA
4YGTA
5BONA
3IXSF
1R7LA
4QDGA
3QSZA
3RK6A
3TR3A
6EY0B
3HF7A
2A6AA
4V3DA
2O5VA
4PNBA
1XU0A
2FP4B
3VHXD
1KLOA
2Y3VA
1LMIA
5EROA
5AWFA
2H36X
4ZOXA
4DQJA
1VR8A
4C6SA
5VGLA
2GHTA
4W78B
3VY8X
5MC9B
5GNJB
1VR6A
2N8FA
5GZYA
4X8AB
1WFPA
4BB2B
4KU0A
2XUVB
1G9PA
4YC7B
3M03A
1TWFK
4BZ4D
4OPBA
3ZZLA
5CV1A
2RMSB
3O5TA
3F59B
4CE4L
2YVTA
5D3QA
3D0WA
2Q4ZA
1JB0L
4WJIA
3J9CA
1VSRA
3O2RA
4PN0A
1L1PA
3E20K
5XTCn
3D3KC
4OL8E
3GAEA
2F4EB
3GQHA
1E44B
4XKHC
2IZPA
4HSTA
1HY9A
1BY1A
4BVYA
4DULB
3LRTA
5ML1A
4CHGA
2R9FA
5MX5L
1YFQA
4UYJB
3CGLF
1UT3A
2FFMA
1UGOA
5KEWC
5LDXp
4Q3RA
5OQQC
4XB4A
6EU0Q
2D49A
3IEZA
1Y43B
1IURA
2CSHA
5TJ5P
3IZSJ
5JHOB
3J46N
4RB6I
1Y2YA
4HYGB
3LQCA
5KYHL
3GA4A
3R2TA
5JYHA
4CKMB
4MWFC
1WPHA
3NREA
4RWXA
2ZQMA
4PCKB
2GS5A
1SJ7A
4Z8LB
1HPLA
5O8OA
2Z0UA
5VOUF
2EP8A
3K1SA
2V4HA
1ZKEA
1L3YA
4JEMA
3H4XA
1K20A
3BEYA
2JR1A
2MCFA
4MEEA
1JPXA
2VE7C
4Z0VA
1DFUP
4EXOA
2K1KA
3D1PA
5FL3A
1AC5A
2YO2A
5O9ZE
3NWZA
4XOMA
3MALA
4RGKA
1Q3JA
5IJNM
2MX0A
2MAOA
2W01A
5XDZA
2FNFX
2HKTB
3EEYA
3U1WA
1GH8A
2EPTA
4BL0B
4E0GA
2M0MA
2NBBA
4DOYA
1L5XA
2O30B
2W7VB
4M5RA
2QTVD
2P3HA
2KV9B
5DCKA
5Y81E
2B4JC
2HL7A
4ZGMA
5EP6C
5DA9D
2XHQA
1KHIA
5OA30
2O8SA
2DMIA
2IDYA
6CFZJ
6BL7B
4BOEA
3PUFI
1VZVA
3E9TA
2M4FA
1B33N
3CGVA
4S1PA
6G2Jc
4KK7A
5K5LG
4RM7A
1QHHC
5A9DA
3U6XU
2PN2A
5CHSA
3R12A
4U4HA
1MW7A
2HEOA
2V8HA
3MQ1D
3Q9QA
3NR7B
3SM4A
6EM4o
3QE7A
4ZVAA
3VPYA
3NNKA
1W53A
5X0SA
2R1JL
2Y8NB
3HNXA
4DAGA
1QJKA
2BAFA
1WYPA
2DM9A
2RE3A
2K8OA
4DZOA
3EHDA
5Y6OE
5JFTB
2MN5A
2MOBA
3OF4C
4U5RA
4DX8H
3NV0A
2BBHA
4BJMA
2PFMA
2D81A
3KDQB
3A7RA
2N95A
5WUJB
3L3UA
3BRJB
3G36A
1HBNB
4ZBOA
6EWYA
2KSFA
2LO0A
5KKXA
3N8EA
3ALRA
1VW4A
2XGYA
3IWPA
4FBJA
3EC4A
5A0NA
2J2MD
2K8PA
4LPLA
1VPCA
6CWXA
2CKAA
1SV0C
1RUTX
1KCGC
5DZ2A
2LRMA
2JRBA
2LXOA
3VP6A
4X7YA
1XL3C
1VJ2A
2YMAA
2JUZA
1FC3A
3ZIBD
3I9FA
3PA6A
4YZFA
1VA1A
5GW1G
3O2IA
3LWXA
4A9AD
2OA5A
5H69B
3EXRA
2ER8A
2N1PA
2KEOA
2OD4A
1KN7A
4N4OD
2N2TA
4BMDA
2RB6A
2L0YA
2P4PB
4X3IA
3RKOA
2AZEC
5MRWC
5O7BA
4LQXA
1Z23A
2PHPA
1SAZA
2YYBA
1XNFA
3JTCB
2IX6A
1W8XP
5GYQA
1M36A
1R8HA
1HZ4A
5F2TB
1ETEA
2XZ8B
3FDJA
1Y44A
6EPHA
4EXRA
4OOUA
2JU4A
1MYNA
4UJ4E
3ASLA
2FYZA
3QV0A
5U7ZA
2FREB
5IFGC
5CBHF
5FFCA
5NPLA
1B8ZB
6CUMA
1XNPA
1GUXA
5L3XA
3AJ1A
5ICAD
1V65A
5I61B
6AOKA
6G18x
2QZ7A
5EMXB
5CQ9A
4B6WA
5FL7H
5LCSA
4JYSA
2YNZA
1ZAEB
2LHTA
3BRCA
4GI3C
4V3LC
4GOQA
5UEBA
4OQ2A
5HX2F
4V1Al
1INPA
4REGA
1YUJA
6CEIA
3TBMA
3HRZB
1XKOB
2KMXA
1WVEC
2OXLA
5J0HB
2ODCI
3VZ9B
2ACMA
1VX1k
2RA9A
2QULA
3FLDA
4PIOA
1XX1A
1VQOS
2XBGA
4YHCA
3VSIC
1DH3A
5J5KA
3LD1A
4A9ZC
3ZQ6A
3IF8B
4IZXA
4RT5A
1UFIC
1G7DA
5VOCC
3GXQA
5IKFA
1IJDD
5X9XB
2OZJA
2QVLA
2NSVA
1H6HA
2N6NA
3CJLA
4PKFB
2PK9D
2I5VO
2HG7A
6F1Un
5OC0A
3SJDE
3QU3A
3AQBA
3T5QA
6BZEH
3Q0HA
3L1EA
4WWMA
4U9RA
1Y0GA
4MUOB
2KHKA
5LF8A
5C50A
4M5EA
2RQ1A
2E1MA
4AP4A
3FGXB
2MXZA
3SEBA
5NHQA
3ASIA
6CWXB
3TQFB
2JI4A
2F3LA
5O9ZL
3DD7A
1S12A
1QTFA
5NV9A
3G3ZA
4ZXAA
2HGSA
2KNJA
3FPVH
1IUQA
4IMVA
3LUIC
3UXJA
5LSKP
1BFRK
3BWVB
1JO0A
3K1YA
3NQHA
4QS4A
5UPHA
3N79A
1Z6MA
5D9RA
5X42D
1E0FK
4P99A
1OQAA
3BY9A
2RPSA
2PM7A
5G2ER
6DGMB
3MEZC
5FZVA
3LL5B
5EPEA
2Z26A
4R6HA
1MWIA
3TPQM
4YXXA
4K70A
1PA4A
6GBZM
2NNRA
3BH1A
1F2UB
1KJ0A
6F7JA
1VHGB
2GK4A
1VKKA
5V6ED
2H31A
3FB9A
3QBYA
4NOCC
4RB6X
3FYBA
3MAHA
4ZGFA
4MOZA
1MTPB
2JYDA
1WUSA
4RR5A
1JOGA
5HX2I
2NDJA
5JNOB
2RSYB
1FOUC
1K99A
4UYTA
4O89A
3TG9A
4NNGA
3TLQA
3ZJAA
4G9YA
4UZXA
2ICWG
3CZCA
2E2DC
3DR5A
1EB0A
1W2YB
2GK9D
4A8XA
1F60B
5B1QA
2ARIA
1GHEA
4I0WA
2CQEA
4I4NA
2R88B
2C5ZA
5NUSB
2MDNA
6CBPP
4BWVA
4TLFA
1TDPA
4U60A
4HR6A
3OF7A
3JYWG
3HFOA
2WBTB
2B30B
2L95A
3RKOK
2OXOA
2FWHA
1X6FA
4I7AE
4MTXC
4PKMA
4I1XB
2NC2A
4A1BP
3IPJA
3ZC0B
5HHAA
2Z51A
3KF6B
6F0AA
6B12B
3I1KA
4DOIA
2M1XA
1SR2A
4A60A
2YFUA
3KZPA
5M30B
4NUUB
4KT3B
3MTUA
1I8AA
1AFPA
2J7QA
1XVAB
1GMXA
3W6JD
2LUTA
3E0ZA
3RCCN
1S28C
3GDZB
2Z5CD
5FIGF
3EPZB
4GNKE
3LQMA
2ZGID
1GPCA
1LY1A
5B5RA
1U97A
1PZSA
3IUWA
3BHGA
1RKUA
1A1ZA
4MO0A
5XFSB
3OIZA
1KOYA
3TJZF
4KXQA
4CHHA
1LDFA
4YK8A
3D3OA
3M7LA
1Y9JA
1N1CB
2KQWA
3IZBP
1OTKA
2QF9A
3RV0C
2P11B
3G33B
4HK1A
4RB62
1O3XA
4ESKA
3OR8A
3HPCX
6ANZA
1JB0E
3CQXC
2XNFA
4DGFA
3DSMA
3IPFA
5U8TC
5HHKA
4B1PI
3OEHQ
1WGSA
1NLTA
2E9XB
5GJWE
3ZF7P
3U3WA
1JB0F
4PQQA
6EXNO
5M48A
3EE1B
2FLGA
3PP5A
4UF6F
2HH8A
2R31A
2QJYA
4BLFA
5FIRF
1V9XA
2DH2A
4HRSA
4OOGC
1HEKB
2ANNA
4HZOA
2IL5A
2MLXB
3HZPA
3HV9A
4L9UB
2Q14A
1PCHA
1TWUA
3GE6A
2XWSA
1C15A
2APOB
1WE1A
6FKFg
2BCGG
2O4DA
1SFKB
2Y8TE
2E71A
2N2LA
2PN0A
4EI7A
1DGWY
1LWBA
2VQPA
4QXBB
5Y9WC
2N5EA
4NTQA
3O0DA
2J8JB
4XTTA
2KLNA
4R19A
3ONJA
2KOGA
5YO8B
3CNYA
3FW9A
3MOPF
4A1FA
4DX8K
2GTIA
4ISBB
5O33B
3FYRC
3CWXC
4ABMA
4WRIA
5TWAB
1YKGA
4MJDA
4LLAA
5U0SI
2LWFA
4WKZA
3B7CA
1GTG1
1BB8A
4WTPA
3MSHA
2MZ4A
2NDIA
4DYLA
1V76A
4C47A
3WUPA
1E2BA
5CJ3A
3A9BA
2JG6A
4WQKA
4AMMA
5MQFS
2CZVC
2KONA
3EGWC
5LJ3F
4RC8A
4FYMG
5XBIA
2LONA
2GLDA
3IQUA
1ZS3J
4G3AA
5MM2A
5UBPA
3BOEA
4PHZB
2OV6A
2B8PA
3ULTA
4GF4A
4INOA
3QS2A
3IFVB
3IEEA
2RHKC
2XVOA
2ROPA
1H65A
3HH7A
2KO5A
5VOBB
1FXRA
3RBYA
2NB2A
1EV0A
1CXZB
5IJJB
5XNWA
4XPMB
3KZXA
1HTJF
4L54A
1WCWA
3E53A
2PCRA
5H7UA
1KRCA
2QEBA
2C4IA
1EWFA
3RY0B
1U57A
3NZTA
4MESA
1B5FC
2AKOD
4REVB
4REPA
4D4WA
3B98A
4W8CA
1MP1A
4MLLA
3QKCA
6BDEA
3BYPA
1FBMC
1LOPA
2EWCA
5IIQA
4QJVB
3KLUA
1BL0A
4IOZC
4H7RC
5L82A
1A3AC
3AG3E
3CRDA
4RSJA
3IBPA
2WNFA
3R9MA
1Z0PA
5DN6Z
1JH6A
5DMPA
4GEKA
2UX0A
2ZSCA
3WY8A
3WQMA
5O63A
4RO3A
5M8RA
3G1CA
5AOQL
3CNUA
4LVNP
4UUJC
2N39A
3EYTA
5LSKD
4H14A
2X5FA
3TY1A
1YZVA
3NMDA
5WCOC
3NAPA
5J0LF
3HE5A
3A32A
1RLIA
1S9UA
3ZDSA
5WBMB
1ZW8A
1K0EA
3OQ9C
2G04B
3V69A
1JADB
2IKDA
4DGWB
2OBPA
2AJ1A
3VPBE
3LRXF
6EQTA
5A4OA
5JBTY
1GMUA
2UW1A
2PG4A
5ZGBO
1L4VA
2YYYA
3RRLB
4GBMA
3E6CC
1UX5A
1GHHA
1R4VA
2L9NA
5DAYA
2YMSB1VPQA
1R0DA
4D0QA
3TEDA
1F6VA
5TF3A
4GSKZ
2P5VA
2MXTA
1I1RA
1PBUA
1BB9A
2XOLA
4CBKA
4F0AB
3N4RB
2RKLA
2QE8A
3NGGA
2WY3B
5EX2B
5UQDA
4LJRA
3WV7A
4HKQA
3BZ6A
3J3Ah
2D9FA
4ZLDA
4XHJB
3D34A
2X9KA
5M94A
3I2MX
4UISB
4JE3A
2DBSA
2MMPA
5N4KB
1NLWD
2E9XA
2NARA
5OXEA
2QJWA
1WY0A
3TL8B
5V6PA
2PXGA
1Z9IA
3HL1B
2O14A
3OSSC
3HZJC
1TV8A
3J21d
3F6AA
2UUYB
6G41H
4WHIA
3X2MA
2ZDPA
1LWTA
5NCNB
3DANA
2ZGYA
3NZLA
2MNIA
3MABA
1KN6A
2O013
3HLUA
3FQMA
3QFMA
5ABVB
1C44A
1G5ZA
3CSXA
1JJRA
3ID6A
4GK9A
4AB5A
5IOOA
1WL1A
2LPBB
1EAQA
4NDSA
4XIGN
4HRZA
5GOTA
6F2SJ
2EEOB
1J6WA
3VASA
2O3GA
5YNLA
3GBWA
3DBYA
2H8LA
3VA9A
5LAAA
2ND4A
1VW4T
3KB2A
4EFAE
5F2KA
2P0QA
4FDYA
4PHZC
2KYYA
1LGHE
3OIYA
4V2OA
1DIPB
1PNBA
1SSEA
6ELMA
1UCSA
1L6L7
4QIWT
4JGLA
2MHCA
2E75B
2LTLA
2ARKD
2MP8A
1Z60A
3JVFB
4N05F
5OQMg
1RI5A
2EJXA
5JD0A
1EOKA
5Y81H
3LKVA
5DJIA
3LHOA
3ZLCB
3SZYA
1OKCA
5DPOA
1ZAVA
3S0XB
3G16A
3J9JA
3VDOB
3ZITA
1U02A
4F6PA
5WSUC
3D7AA
1HKYA
2JDJA
3BIDA
5O9ZF
1X4TA
5GV3A
4YC3B
4CRUB
4Y5TA
4H62Q
2NVMA
2J4LG
3ID9A
3J6PD
3S35X
4C3IN
5HO3A
3KD6B
2N75A
4CD5A
2X79A
3PASA
6G2Jr
1OI6A
2W83C
4M7RA
2DDLA
5D75A
3LWUA
2P2UA
2LHKA
2N88A
2LUHB
2YUKA
1F3MA
2AMWA
4UF5B
5KUIA
3U5ZA
1KW4A
2MFZB
2KQEA
4CDBA
4DZ4D
3U66A
5SZGB
6FIKC
4V1NR
1Y9XA
1OGCA
1ITHA
2PJRG
3QKRC
5LMEA
3LUYA
2MAUA
2P58B
1QDPA
4XLZA
1QXNA
4AEYA
1MVPB
5ABBZ
1GMEA
2KWHA
2MTQA
4V1AP
2F5YA
5LM2A
3HRPA
4D9AA
5C3LB
3VR0A
5FILQ
5AYHA
3QQZA
2KNSA
1HXNA
3M70A
3ZCBA
2IZVA
4ZXSD
2QMIA
1HULA
3R5EA
3BQZA
2P5TG
4EAIB
3LGDA
2XHGA
2PW8I
5WC3L
2YGOA
4J14A
4O8SA
5IJ4A
5GAPF
3VK0A
1JYOA
3UAMA
2K5KA
2RIQA
5VO5A
2JMBA
2LE2A
2PW6A
4U6UC
3EEHA
1Z1AA
2GPIA
5MPSc
1JXCA
1R8UA
3OGID
2MDZA
4GT8A
2LPBA
5L75G
4CYKA
2DIRA
3PH0A
4PEVA
4MPOA
5J0JC
2QCVA
3G7PA
3IYMA
2KSGA
2FN2A
1CHKB
4ATVA
5FMTB
5VOXS
1UL4A
3L51B
5A34C
1AOCA
1O22A
3FKSI
4KSNA
2MJGB
2VSGA
3M2TA
2A90A
1S7BB
4HFQA
3ETPA
2W1KB
1KS6A
4EXWA
5LSBH
3O2PE
2YS8A
1E5KA
4ZY7B
1T08B
1S7OA
2LWWB
3BIIE
5BUZC
1WJZA
2GIXA
4L3RA
2F09A
1RQUA
5WTLC
1KXUA
3ES4A
4DNHA
1WGFA
1LXJA
5JAAB
4RI2A
3GGMA
5XJ0Y
1ZOTA
4G9QA
2X5XA
2V0FA
4AKVA
2MJMA
3JX9A
3CFUB
3VL1A
5MQFQ
2KWUA
2A26B
2J43A
2LBTA
1MHMB
4XCPA
1R8GA
2JLIA
2N2HB
3JXVA
5HA6B
3CX5I
1PUFA
4NPGA
4XVXB
2WY8Q
2BH1A
5T4QK
1S3LA
2R2AA
4H0AA
4ONSB
3EUKM
6FZVA
2X57A
4P29A
2MRLA
1VPKA
1ESCA
3ME7A
4U10A
4GJ4A
3E20C
2MKNA
1VJLB
3EWNA
3J5WL
1O70A
2MI2A
5FQUB
2Z0NA
3RF1A
5CZFB
5GMKP
2JX0A
1GVNA
2FNOA
2FPEA
2M8VA
3SFVB
2L4LA
5J10A
6AO5B
2YR1A
1UUNA
1CFZA
4J8QA
2EE7A
4PYHA
2EHWA
1S20G
5JTLE
3QW9A
1SY6A
1WOCA
1JQ6A
5EC6A
3NTNA
1LN1A
4BRCA
2B1YA
4BKMA
4UOSA
4X83A
1H9FA
2JZ7D
1HHNA
3HGFA
1RKTA
2ND9A
4OG9C
5EL3A
4GIPA
1SS3A
2NDPB
2ZC3E
3F9PB
3M6JD
2OR8A
1LKOA
3ZWLF
2QS9A
1WF6A
5IR0A
3L9FA
3N3MA
4AJ52
3UMNA
3TJ8A
3P0KA
3U5Ch
5H72G
2LCUA
2J8KA
4XKZA
4WHNA
1W98B
4DOOA
2OOJA
4OZ6A
3AG3J
4PX7A
5ZJIO
2CR7A
5JW7A
5WX8B
5KZBA
5XYIM
4Z8NA
5K57A
1ZUOA
3PEZC
2QM4A
2P90A
4WXAA
3O9XA
2IW5B
4F3VA
4XKLB
1L2PA
1OW1A
5X8Ry
2DSQH
5OOM9
2YNYA
2JLQA
2O6WA
3VYGB
2ZSHB
1YGTA
2K72A
1F94A
4BKWA
5CFLA
1HX6A
4JMFA
2FT0A
2O5UA
5Z8OA
2AZNB
3ZMDA
4RB5I
1SQSA
2PK7A
2FH5A
4QQFC
4HYZA
5AWEA
1QRJB
3BUXB
5VF0B
2F6UA
3H31A
5L1XG
4LVRA
2N4XA
3JTPA
2I33A
2BYKA
2II7A
5L1CA
3HQSA
1X5VA
1SYXB
2WH7A
3S8SA
5VMXA
4LJOA
3ZE3A
5LQYI
2KSLA
1T23A
2PQRC
2JP3A
3J36I
4EBBA
3JTWB
2R2ZA
4BQNA
1VLUA
3DUPA
3FRYA
5C8HA
3CG7A
1XCQQ
2K6XA
3KLYA
1VCTA
2MQAA
5UIFA
3NUWA
3E7MB
2CXHA
1WWGA
4RUWA
5LGFA
4OI4A
5UZ9F
1JJDA
2XSPA
6BU9A
3ITFA
6F62B
1CE4A
2RV4A
5G05E
1U14A
5EZCF
3E8TA
3KYJA
1WC2A
4R80A
5M1GA
2WLRA
2N32A
2GL9C
3GX1A
2EFEC
3KWSA
4RXJA
4XWJA
3EDSA
2JV7B
2BW3B
6CFWE
4BJJB
4UG3C
4FKBA
3LXRF
4XVVA
3BCZA
1KQ4C
1AXHA
3WRBA
3BASB
4BUCB
5JFMF
4KV2A
2FI0A
5CZYA
2IJPB
4TR3A
4IN0A
5DLYA
1MPGA
3BWUD
1V8HA
2LZFB
1QSDB
2DDWB
3VAJA
2G18A
5NPYA
5OARA
3ZIEA
2XDGA
4FVGA
2QZTA
1VW4V
2E2ZA
1WKRA
1P4XA
3JYVS
2D3O1
5CZOC
1TG0A
1VZYB
4RAXA
4OHCA
2FV6A
2GUKA
5NCMB
3OQQA
1OP1A
5EXEC
1GURA
3MSQA
3H6QA
3QB8A
1NHLA
3MXNB
5U0S3
5AJ3A
3EO2A
3AJ6A
1G5CE
4PWUA
5HY3A
2K1IA
1ZEEA
2MPHA
2AM1A
5ODWC
4R7RA
3CEDA
1N2FA
1UGJA
3PM2A
5VREA
1EIAA
1ZK6A
4X90A
1AEPA
2INCC
2L73A
2NS9A
4GIWB
1P4TA
4HEQB
5U4KB
5INTA
1YB0A
1O8RA
5IR6C
1U05B
3HJHA
5CWSJ
1FX3A
3Q5XA
1VQSA
5HC7A
4RWRA
2Q0OC
5TVBB
1XOUA
2G0IA
5NOCA
5TDYD
1C4ZA
5TROA
3OR1A
4OMGA
4MF9A
2AEEB
6C26C
4L6Vk
1JEKB
4NAWA
2BBEA
5JQPB
1VGFA
4YN1A
5BW9n
5ODVX
4JIOA
2N3DA
3M7AA
3L7YA
6CP7U
4B8RA
1Y9BA
5YIXB
1VK6A
4WZIA
5N7EB
4IJ5B
2H1CA
1JKZA
1JY2S
2V9HA
2NBIA
3GUVA
4WDCA
5ECFJ
1IOJA
2OU3A
1WFAA
2E0GA
4UAFB
3FGRB
4G5AA
4PP8D
1UUCA
5F5TA
1RHXA
3MGJB
4U5YD
5CWSK
2FE0A
3LHNA
2IP6A
4NARA
3LYWA
3NHVA
4CG5A
4CS7C
1RJDA
1BWXA
1KPTA
2BZBA
6C24Q
1KCAH
5HJQA
3SXUB
2M4GA
2GE4A
2WQ4A
3EXMA
3N7NB
3E56A
3IGRA
1B5DB
5NSJB
2EBOA
4BRWB
5M30A
4MT4A
5CW7G
4L8AA
3F4SA
4OWKA
1K3RA
4R24B
1KO7A
4W2QF
6DT7A
4N0HF
4DWLB
1UN7A
4WT3A
5LIIP
1QQHA
5D5NB
1NVPD
4DN7A
5OWNA
1T4WA
2MXXA
2D68A
5EZUB
4G9SA
2GP8A
2ZKR9
2RNRA
4YK1A
2W9YA
3TL4X
1GJJA
1GUUA
1TTZA
4XZVF
1BDEA
5WTQD
2Y2BC
3LG8A
4PXYA
1SSUA
4O66A
2Z02A
4YL5A
3IZ0D
5CFFE
5ZQ3B
3K8UA
4HE7A
4AGHA
2IGSA
2FFTA
4OEJA
4TN0A
1UJCA
2EW2A
2EPPA
4G1GB
4CT0B
1J27A
2W0CT
3V9RA
3B79A
3HFHA
5H0JA
1A92C
2IB1A
3UIDA
1M7LC
5CJ1A
1HD6A
4BZ5B
2WXWA
5MVIB
4JHDF
4WO7B
5IZSD
5NJGA
1UW4B
4FDXA
5H1NB
2J4NA
2K5GA
1X4VA
2VN5D
3I71A
1R4GA
1VQOW
3ZX4B
5OONA
4MDWA
2WD5A
3UNOA
2VNQB
4D2HF
3OIQB
1X4RA
1W5CL
2K9MA
2OB9B
2EHOH
4XK8h
3K5JA
3ZNVA
1BH7A
4ZW9A
2XPWA
1HS7A
3OCUA
5LOSA
1U5YD
2Q78A
3AG3F
2GVIA
3T7JB
1UIXB
3LLVA
4DKNA
3FEWX
5B0VB
3OPCA
2CQWA
1WMIA
1SU2A
4CG4A
3G7MA
1ZHCA
2L7KA
3B5ND
3FFMA
1S2XA
1G12A
1KVEA
3F14A
2CR9A
1TUJA
1JVRA
1IQSA
2OC6A
2QH1B
2CTQA
2GHFA
2QCQA
3LQ0A
4G0HA
5EVGA
6AXDA
5IKFB
1NXHB
3PISD
3J47V
1S96A
1USOB
5IXHA
2NPSB
1VHXA
3U7QA
2A50B
4ZFLA
1VGJA
3JA6K
1HP3A
3C6OA
3AE6D
5SV0G
5OQMQ
6ELCA
4Z04A
3OMTA
4X2CA
4YP6A
5L2DA
1JN9A
3CNGA
3PFNC
4OTNA
3S64A
5MG8C
3ZYTA
2CW9A
6BJYA
2P61A
2R41D
2DB7A
2VXCB
4C53A
2A0BA
5W5ZA
5VAIP
2JQTA
3Q8JA
5V8WH
3EFAA
5MUUH
2ATZA
2RUPA
3N24B
2RRLA
3FBZA
5UBCA
3PO8A
3FXQA
6FZVD
3LVKB
6CP36
1NTFA
2D9IA
2MU1A
2GQBA
3TXNA
3BVOB
2XW2B
4TQ1B
3J4UC
2NQWA
2EFVA
4P6QA
5EZBA
5XYIe
5K12E
2EKYB
4FAYA
2K13X
2YMSA
5LC5Y
4MT8A
6F41V
1SVJA
2O3IB
5J8TA
1NE5A
3RPFC
6G8ZE
2OU6A
4F9KB
6F5DH
4XB6A
3ABQB
1EYVA
2ANXA
5I8LA
2O3FA
6CHSA
2FA8A
1MJ4A
5TODD
6AX9A
1G26A
1S6XA
4QGPA
5YGHA
3Q8DA
2LE1A
5O4UN
5CK3E
4IZ7B
5UQYJ
1QYIA
2JQQA
3BPDF
5L37E
2MABB
2N76A
2FUPA
4HTTB
4FQDB
2PSBA
1V63A
2M4LA
4DSDA
2WLVA
2C3BB
2EHPA
5VEGC
1NLQA
5XTDZ
1BO1A
1EWSA
1RO0A
2DE3A
2Z1DA
1X7OA
2F5KA
3VC8A
1N81A
3BJQC
3TC8A
5XTDU
5C5ZB
1WDVB
4OZKA
4D86A
1ON0A
1TILD
5M9FB
3GNLA
4YI8A
4K82A
3HFWA
5U0P2
2DFWA
3TFGA
1RWUA
5J9QD
5Y39I
1LKTD
2IYBE
4HESA
3UR8A
5US5A
2RBGA
1VHQA
4EM8B
4RI1A
1GWMA
3CQJA
1VK8C
1NXIA
2ONFA
4ID3A
4Q3FA
5B6EA
3FRRA
2DSMA
6CFWC
2RDQA
2QB7A
4DG8A
1PC0A
3ADYA
2NTKA
5XAQB
1P8BA
2IG8A
3CVEA
5O5JB
5OWOC
2F40A
2JKGA
3JYVD
3UD2C
5X5SA
4PWOA
3J36M
4ZAVA
1YBXA
1PV5A
5CGEE
4WYUA
2RH3A
1WXPA
6G2Je
3JU0A
3EN0A
1A6BB
1WJWA
3TDGA
3ZU3A
5FN5C
5Z38G
4A42A
4BH5A
1NC7A
2WACA
3ICXB
2JN4A
3PG6A
3BKUD
2D8MA
3GWLA
4LIRA
2W1RA
3H2DA
2JWHA
2A0MA
3OE3D
3K8RB
1KHZA
3JSJA
4IL7A
1VW48
2AF7D
3UB6A
3TUFA
2W495
3NVMA
3GN3A
4L7AA
2Q1KA
3WZIB
4P7SA
2BDUA
3S13B
3O1LB
2Z72A
2PP4A
2VSVA
6C6LO
3LEQA
4M40C
1DG4A
2K8IA
3OP6B
3ZLDB
2K10A
4RCTA
2LFUA
2MPKA
5LJ5P
2H1EA
2LHFA
4G9MA
3WQBB
1O5FL
1CYOA
3C7MA
4FPRA
1S7MA
2HJJA
5ELHB
3QT2A
1HDFA
1VJGA
1C17H
1L1CA
4N74A
5ICAC
2NN4A
4YOOA
1FWQA
3T69A
2F2AA
2BL7A
5K6DA
2P06A
4C5WA
4GZRA
2H9XA
5XG2A
2FFGA
5T59B
1YVVA
4N9GY
3ES5B
2MHGB
4DZGA
2FC6A
1Z0ZC
1G31A
3LAXA
1L3EB
4FP9B
5L1AA
4O9PD
2P1ZA
2KR6A
1Y0NA
5XEBA
5EXRB
2LU1A
2PKFB
1K7JA
1TXLA
6G18t
2W9JA
4DJBA
6EZNC
2QENA
2Q3LA
2RVBA
5N9JF
1YBJA
4F6UB
2IIDA
1YRKA
4I16A
1XK7A
2KKHA
5FL2K
2Q22A
5MM2B
2LMZA
4W4LC
5YD0C
4I6MD
1VW4Q
1SHQB
3CBNA
1WSOA
2N2JB
4KRWA
1TJLA
4Y66B
4EOYA
4PLIB
2DVKA
2KMWA
2RP4B
2QSBA
5JENC
2FLHB
2KLZA
3GUUA
3V4YH
2NNUA
1GXLA
3SOLA
2D32B
2UUZA
2BZTA
5IFMJ
2WVFA
1O9GA
4TZQA
4DOVA
3ZV0B
2NLLB
4NT1A
4RB65
4V0PA
1MHMA
2FJI1
4A2XA
4FQKD
3IPWA
4P1WE
1U8SA
4PEUA
3U1DA
2FSDA
3UEJA
2YWQB
4F9ZD
4QFQB
3UCSA
3RHTA
2X9AB
3PLTA
2AOTA
5E0YA
2L6RA
3FEFA
1FQYA
1KZYC
2ND2A
2CJSC
5DQUA
2OQMA
3ZXUD
1X3AA
6F1Ta
3PNLB
2IXSA
4MO9A
3IV3A
3LUUA
1H4YB
5XNBO
3HE4E
5UKEA
5MLFA
4EW7A
4W20S
4ZHEA
4KG8C
1IXLA
4M70B
4Z39A
1R3SA
1XAUA
2VH1B
1IIJA
5OQM1
5U0PF
3R72A
1AM9A
4Y66A
2GMYA
5JNPB
4YITA
5KKOC
2GTTL
1U10A
2R2YA
2I3TF
3G1PA
2KSRA
1BM9A
4ML7B
3OADD
4BGBA
1GH9A
4DK2A
3ZGXZ
4IFAA
4WFCC
5UZLA
3WE9A
2DL6A
2P3XA
3GITD
3FOZA
4UZMA
5IEUB
5B0ME
3SXMA
2MA4A
3OONA
5X1UA
4JTMA
5O31d
5N9JB
2ODMA
5OQMj
2WD6B
5MF9A
2JODB
2D1PA
5DCQD
5Y70A
4BG2A
3LAEA
4O9IX
3WISA
5VJIA
5FRHA
2VECA
4CC9B
3ZIAT
3OHGA
5LDTA
3OKZB
2MRFA
4ES7A
4CZ8B
2YVIA
1PIIA
1UEOA
2N85A
2P9RA
2D56A
3ZYLA
2E5SA
3E38A
5XYVC
6B8Hi
4QIUA
3MILA
3X38A
2YJNB
3KR3D
4QIWM
2VFRA
4EO9A
3OC8A
2OGGA
3F3BA
4EAHB
1BX7A
3EDOB
2B8TA
3U27A
3NZNA
5YHRB
2LOMA
4QYSA
3Q87B
3M5FA
5NCAA
1CF4B
1UZCA
4W8OB
1OZJA
3AAIA
4G3OA
5LW8A
6EKBA
5TVLA
6CFWD
2M9XA
1MZTA
2KTVA
1H6FA
3LVGD
3TQ2A
5JQ3A
5O7HC
3T7ZA
4Z18A
1O6BA
5HXGA
3WBZA
1LMB3
1V8DA
3HC7A
4QQ1B
4CLQA
2EBYA
2L7XA
1OR7C
3U16B
4P63A
3N27A
2ALJA
2RU1A
2M2KA
4DLOB
2KI0A
2YMSD
2DI4B
5NQGB
3E0HA
1KA1A
3ZF7h
4DKJA
1GTVA
3HZ7A
5VJJB
1MDYC
1VW4B
2KM6A
2KXOB
4CDCE
3R45C
2J7AA
6CDCA
3F6HB
3DNOG
4WYQA
5IKJB
3GYCA
3O2EA
4QMFB
3WYCA
3BS7A
5IBKB
3F47A
2F1TA
2Z3QB
2I9IA
2O9XA
3FGAD
4V1AN
4JQUB
2WTGA
3MC3A
3H9XA
1Z91A
3BSDA
1JRJA
2PSMA
1GCQC
5VJPB
2PN1A
1MSKA
2L3LA
3DCDA
2QGMA
4OD8C
6G3FA
1U84A
2INWA
3MHSC
1Z0NA
5U0LA
1M3WD
2X43S
3NYBB
5A6SB
3T4RA
5VZ4B
3VC1A
1B12C
4ZWRG
5GNFA
3OTGA
5VEYC
5C3QA
4H86A
4UX5A
5VK2A
3KZHB
2VWAD
3VBHA
5T2PD
5TD8B
3N8BA
1SH8A
4ES8A
1B1UA
3GGRA
4WV4B
3TNUA
4AK2A
1PM3B
1T0FD
3APTA
3QFGB
2R9IA
4L2IB
2I6HA
5TJTE
6CAYD
1KIGL
2OBBA
5LHXB
5HPDA
3NW4A
1VQOO
2NRTA
2A6CA
3PCVA
1WV3A
4YH8A
2G3PA
3TS2A
5ODTB
1EMUA
4O1RA
4RHWE
5ODIC
3SSUB
1X51A
5X6BF
4QSGA
3C9AA
2J73A
2KNMA
2V3SA
3EGNA
5MHSA
2W7AA
3DKQA
3IC5A
5C74A
3QC1A
5MQFN
5B47B
1WV9B
3RRLA
6CFWF
3P3VA
1PHTA
2R18A
6EXNP
5WWLN
2AR5A
2C0JB
1SC5B
2W3GA
4Q51A
5GHRB
2M5YA
2EQ5A
2IQ8A
3ACXA
3J3Bt
4IQJP
5N9JZ
5LSJC
6F6RA
4OMFA
2JRAB
5A9QE
2FIWA
4W5XA
1MK0A
2C3GA
1DJ0A
1J0WA
2WNOA
1WR8A
4K30A
2JPNA
1RLJA
1FD9A
1L8RA
4GBAA
3T2CA
4N4EE
3M9QA
6F9WB
5CWBA
5W9FA
2LUAA
6EM4u
5N9JG
5UOUA
1RGOA
1F1MB
3UAUB
4YX1A
3QP6A
2JX1A
5N5AA
5N5EQ
5BOIA
5OQOB
5UKYB
1AFOB
2CTOA
1I78B
1VQOJ
5U0PK
2PSPA
1VZ8B
2Q9VA
4DOLA
2DLAB
3LO7B
3MVPA
2CLBA
1JHSA
4CSQA
5LNKW
6EM4x
3NJNA
2DBGA
6EM5b
3VBJA
2ETSA
2Y8LE
3DDHB
5XUMA
3NVJA
5C1FB
2BAYA
6BRSF
2K6BA
3GJYA
1Q68A
2CKLA
2M7BA
2XC7A
2BL6A
2VZFA
5O65B
3R3PA
1ND7A
2VRZB
1LTUA
2JXUA
4QY1S
4FTFA
5VOYR
1U1VA
2N7QA
1WPBA
3BB5A
5DIKA
2MDAA
2NCLA
5MM2C
2PWWA
4CXDt
2N34A
2KJFA
3IG9A
1GQYB
2MU4A
6D6QL
3IIBA
5Z5KB
2QAIA
4MI8A
3MAWB
4MEAA
4ES6A
3TERA
4AVMA
5GY2D
5BRKB
2JROA
4FK5E
4HKSA
2VC8A
6DCQB
1Y14A
4ZHWA
6CESN
5W0KY
2E52A
4LDSA
4GDZA
5DMBD
2V8NB
3G1EB
5DQRC
4O7JA
1Q9UA
2RKNA
1NJHA
1QWRA
1NHDD
4EX8A
4J2CA
3IMKA
2QGUA
5T42A
1O5HB
2JPFA
1Q5ZA
2DTTE
2JL1A
5OOMv
5N4CH
1SSEB
1OFLA
3GMFA
5CW7F
3UWPA
2K9AA
2IQQA
1KUTA
1VMGA
2BH1X
5EO3B
2GUHA
6CFWM
4ZV0B
3A63A
4V12A
2K2WA
3HJ9A
1CJCA
1A8DA
4K8WA
2K85A
2KFQA
5AQ5A
3PDYA
5OOLq
3ZW5A
2OWLB
1UW9W
6B9XA
4YU8A
1Q08A
2C9QA
2MQDA
4N68A
2LV8A
3RF3A
4PD9A
6EM3L
4V14B
3MJHD
2NV4A
2A33A
2YT9A
1C5EA
1VIGA
5JR9A
2K7MA
3DKMA
5UE0A
4YSXC
3NO4A
2ZAIA
5JGED
5XXUM
2QLVA
6CH3B
3M6ZA
2PCSA
4JOIC
1QV9A
2LAUA
5A5YB
2I5EA
2DTCA
1VW4L
5I1MV
3SLTA
2ND3A
3KXYT
5OF3E
3KYFA
3IEYB
1HI9A
2YYHA
2FTXB
5M32j
5NVKD
4OYCA
2CTTA
3DDDA
2LQLA
4KE2A
4PEOB
4XD1A
1DMGA
4NZRM
3WCAA
4F7HA
3R4KA
3QQ2A
5JYXB
5LC5Z
2MAFA
3QJGA
5LNKp
2GKPA
2PO8A
5E5QA
3MWQA
1KBHA
2BAIA
1QHHB
5C4YA
2YYVB
5XTAC
3R6QA
1F3UF
4BPPZ
6D6TE
2FFJA
3SCYA
3QL9A
2WUQA
4XZ8A
1DEBA
4M3OA
3ANWB
2JM3A
5H9DD
5CWOA
4YEPA
5OACE
2K89A
1MBYA
1YB3A
3UV1B
1J2MA
1YCNB
5MUSA
5J4NA
5GYYH
2KX2A
4XMND
5NJFD
4KQTA
3WQCA
1BHAA
6EXNR
5LGDA
4LRVA
2Y5NB
1QJSA
2H4OD
5V2Cc
4E5XG
3HL0B
5WI2A
2N86A
1TBCA
2X5HA
5JA1B
2J8IA
4FQGA
1J1EE
1VQOK
2LVLA
5DMUA
3GXVA
1SFSA
3NFGA
2JYTA
4WRTC
4PVZC
1J8RA
5CWPA
4CQ8A
2BBZA
4IRVD
4V1CK
4R11F
1DZFA
1V9SB
4ACVA
3PG7A
5FD9A
3K4GA
5TN2D
3THFB
4G2SA
2V0EA
3D59A
1YK3A
4R2KA
3OFEB
5TVOB
1NIJA
2KYAA
5TI9A
2EUCB
3VKWA
4DN9A
3VORA
2G3WA
2MV4A
5LJ5D
2CRQA
3BJAA
3I8II
5HCCD
5UHKB
3G27A
1BHIA
3RBNB
1RJ8A
5KESA
2O7GA
3D3SA
1V6HC
5LC5n
3C85A
4LW4C
2OT3A
4QYBB
5BXDA
4HJHB
4LQZA
2ALPA
5CYAA
2PQPA
4WRPA
4DUNA
5XTCg
2EHBD
4J2GB
1USVF
6FVRE
3AXJB
2K3MA
2LEQA
1PZRA
3J81m
3MYXA
5BMOC
3NASB
3SHGB
1JOSA
4H3UA
2MM4A
1GUQA
4N2PA
4AXVA
3ZDKA
1S1DA
3FIAA
1RY3A
4ESYB
5OF1A
1YXBD
3QC7A
4UP0A
2OD6A
3JR1A
2MK6A
2DI3A
5L35A
5UTVA
3OEIC
2IZYE
6FO1G
5HK6A
2MMVA
5DRKA
5MWWA
4W83A
4MMTB
5OOMe
2IECB
4EJXD
3K60A
2LIDA
2LSMA
4BWDC
1M1HA
2JOEA
4EAKB
1XI8B
5CZCA
4EAZD
2EW0A
1OCYA
3LJ4h
2GH0A
1XQIA
1O4TA
2N9ZA
3EGLC
4ANOA
2N9TA
2JUBA
2QQPH
3U7UJ
1EITA
3NKEA
4EBGA
2GFPA
2N83B
2OQQA
4YIZB
2VOXA
1RRVA
3BHQA
3FXTC
2PFUA
3JYMA
2I71A
2D7LA
3UQ8A
3J43F
4AV2T
1RQBA
5DA9C
5WEZB
4WZAE
4LHXE
2DVNA
2C1TC
4F1VA
1O7DC
2EENB
1MKCA
3OS6C
2CYJA
2YV9A
2D35A
4E6FA
2E62A
5VKVA
3DDEA
3E4XA
3CE7A
4Q3KA
2CJJA
5W3SC
3LVYA
2XQOA
4QOYE
3P8BB
2YGUG
2AZWA
5C50B
2LWEA
4RD8A
1Y6DA
4UZZA
1H6S1
2KDDA
2CW5B
4DTHA
5SWCA
5HY7D
1Y0HA
1EI0A
5I5NA
1WEHA
3H87C
5WK1E
5HOUA
4MHVA
5B23A
4L9HA
3H35A
6C03D
1NLFA
2IM8B
4LDAA
3TVQA
1NJQA
2XC8A
1Q7FA
4E2I2
4FUVA
4NOAA
1Y1PA
1RMKA
1VLAA
5WK1S
5TZNF
2P8QB
4RVQA
4TXDA
1K04A
4CSOA
2LJ2A
4IM9A
1DVKA
3N9YA
3RHUA
5MPSO
5O60I
2C9LY
5EZ1A
1XKPB
2GIDG
1UTRA
5CWSL
1L3EA
4K0DA
4N7BA
1LFPA
5A1SD
4L57A
1B63A
4MDXA
2WB0X
3QWUA
2ABYA
2HEVF
5XFSA
3QHCA
2M6NA
2KNGA
1KNVA
1XV3A
5XJJA
3WMMW
3W6BA
3M7NA
3P9YA
3B9WA
5W5YK
2W2ME
3J60S
3FZQA
4PYUA
2OAFA
6FC1B
4P1NC
1ED1A
4FC5A
3VOPA
4CMLA
1PYAA
5XNLK
3QBRX
4QTPA
1PGXA
1NH1A
2F0CA
1J0TA
1ZR9A
1SFUA
4FZPA
3RLFG
1MKFA
2RE2A
2NVNA
4IVVA
4OKEA
2NCAA
1LM5A
3VFZA
3GCGB
3EGRB
4YIFA
4B1OQ
4HQOA
2XGRA
1YT5B
4UEYA
4LUQC
2RJIA
4AXDA
3DZMC
4D0PA
4H2VD
2YPSC
4YX7A
1TAFA
4H32J
5XNBH
1FCTA
3CUEN
4C1SA
3A57A
5VAPA
2E1MB
3BQXA
2NAOB
3MAYA
1VX7N
1VW4K
3NDZE
2DT6A
3H4CA
4BPWD
3LYGA
3NXHA
2DC1A
5EZNG
3K17A
2ODIA
3D73B
1HF9B
4ERNA
1QHDA
5XWEB
2LQGA
2GIBA
2CMGA
3RMRB
4U9NA
2KO0A
4X01C
3KCRC
2FKKA
2IVWA
4RGPA
3WJ9A
4AUTA
4HFKB
3T5SA
1X7DA
2OV9A
3CRYA
3ENUA
4YCZC
3LUBH
1T61A
3NYMA
6F2DF
3A1DA
5JI4A
1R1FA
1CI4A
4RB5D
4X33A
1KXGA
2QZUA
5N9YE
4YDZA
4OJKD
2NR5E
2ZL4A
4PQXA
4WMAA
1PUZA
1OZ9A
5LDXd
3IF8A
4A64A
2JXCB
3CMBA
3LQVP
5CWWC
5C3LC
2LXLA
1EBFA
1XWVA
2P12A
5MSLA
3UFIA
2QEEA
1D7OA
3NBCA
2HPSA
5H65B
2QNDA
4ZU4A
1OQJA
3SSIA
1WLOA
6C262
2AGYH
2CCVA
2YQZA
2MZOA
2EJNA
3GWNA
1YQBA
3EGQA
4JJ9A
4UX3B
4Z6MA
1TNFA
3SJQD
3Q0WA
2F2EA
1I4VB
3NRKA
4ELNA
3V22V
2FGCA
3ED5A
2O70A
1JIXA
5CWIA
5U2LA
4JK2E
4JZPA
6EHFA
2K3VA
4V1AH
1J6RA
4TNHt
2HJDB
6AZIA
1EDSA
3LZKA
3VNYA
2FC3A
5ACA4
3ZS7A
4PWQA
1Y2TA
3G1JA
4XDIA
2ODBB
2H8BB
2PIHA
4HD1A
2LSEA
3UENA
5FFPB
2KC5A
5XXFC
4L5RC
2W51A
3GWXB
2Y9OB
3BCHA
2KP6A
1Y9WA
3WT0A
3WFDB
1IWPB
1XDQC
2FRGP
2KN6A
2XETA
4IX9A
3EGEA
3FPRA
5X90G
2XDPA
3C9PA
3J7YI
3B13A
3P9ZA
4MO1A
3H3MA
5T4PL
3AXGA
2M47A
5GOXA
2XEVA
2CKKA
4XZAB
6COYB
3U7SA
2C0UD
3U4VA
3W6SA
3O39A
1YNSA
2KK1A
2RTXA
3OI8A
3EI3B
2PHNA
4UI9S
5ED7A
3RKGA
1WIRA
1YD7A
2RR7A
3CZ3D
4HB1A
3O2ZL
4QPVA
2LVGA
3DU1X
3FI7A
3J36D
3TULD
2AORA
4I86A
2XSEA
5IEFB
5GQSA
2FG1A
2WTEA
4U3KA
1LG7A
1CEEB
2NU8A
3IF4A
4GDOC
2CKZA
2YFVC
5SVAV
5L25A
2R4IA
1AVOK
6AR7C
5LGDB
2G7JA
1ZZKA
1WMHB
2GB4A
3DC7A
2W4EB
2RBCA
4XU4A
3P09B
4B2VA
1GY6A
4CHMA
2AYDA
4R0GA
5VB2D
2PD0A
2L26A
6EM5n
3MLQA
2HEWF
4KQDA
1S3JA
2QV5A
1WJ0A
4P6VB
2ODKA
2ED6A
3H25A
2AF4C
4KT6A
5DX1A
3GXHA
4LJ2B
2AO7A
1ATYA
1APJA
2EOCA
5E6GA
3H13A
2HLGA
5WLWF
3NQNA
3TQ6A
4RB6T
2MF8A
5WD6B
3Q3WA
3J7Ya
2OM2D
2C4NA
1IL8A
3LW3A
4CN0A
3PHFT
3MZKC
1YKEB
4NOXA
1J03A
1BTNA
4YSXB
1VKFA
3OC9A
2KV5A
3UWSA
3JV1A
5LPIC
4MGEA
2INUA
4GEHA
4EXTA
2W50B
1IIOA
2HUEC
2JVEA
4DT5A
1VW47
3WKNL
1DTDB
4N5UA
3K7CA
3M7KA
2MLWA
1VRAB
3FXDB
2LCRA
3JSYA
4I0WB
2KQPA
2QFIA
3SAFA
2WBNA
4H1BA
1DLPC
1ZJCA
3QD1X
1SUMB
3V7EA
6BASA
4JJ0A
5T3PC
1RMVA
3HHZC
2O8IA
4JP6A
6C08C
1DMDA
2MIJA
2XF5B
4LESA
3SAKC
4D7EC
2JE2A
1IIEC
3VVPB
1RAJA
6DEXB
1E4RA
1P65B
4PJ2B
2LWRA
3G7KA
4U89A
6BUZN
2C5JA
4I0XB
2DYDA
2YZKD
4PIQA
1VQ0A
2XUTA
3W4SA
1L7BA
6BB9B
4OWWC
1A98B
4W7ZA
5T0FB
3DKTE
1JR5A
4H7YA
4N6CA
1W8KA
5J69A
4WJ3L
4RB6D
6BWEB
4ME8A
1AXKA
3TQMA
4DAHA
5MQ0R
3KORA
2FDRA
2DDXA
1RKIA
2A14A
4NOOA
5NJCC
4RS2A
5M86J
3AX2A
4KWYA
2LXRA
1G8LA
3M50P
2IUMA
4XZFA
2PJYC
1EZGA
1UT7B
1YRXA
1ZZAA
3QO6A
2A8IB
4P55A
2HOXA
3W15B
2QW6D
2J05A
5COZA
2Q40A
1OVOA
2VPWG
4K34B
3L1NA
2JVAA
3KPTA
2AQ6A
3WMNL
4RBRA
4M6TA
2NT0A
5BUSB
4CC2A
2IZ7A
1EI7A
2BOPA
3KFUJ
3C2IA
3HTUA
5LQZY
4HQUA
3QU1B
4MKOA
4J4YA
3QJQC
4RFSS
3DFGA
2PMAB
4ZEVA
1X32A
2KK4A
3IZSG
6G72W
4OM3C
3ZH5A
3FYQA
1MTYB
2VOYG
5FJKA
5EPWA
3PIVA
3CQGB
2YUFA
1LQ7A
2DCHX
2MJKA
2E2SA
6CAMA
3IM1A
4JOXA
1WDDA
2JR3A
5M1UA
4Z47A
1DMLG
2H2MA
2FTXA
3CKDC
2LD6A
3HYJA
5AHUA
4CXFA
2MXFA
1UXYA
2YRMA
3KGYA
4MAFA
3S4RA
3O9ZA
5A6WC
6F0KH
4G3HD
2ODAA
6CP6U
3NFWA
5HB6B
4Q65A
2DSCA
4NG0A
2RCIA
4OKVE
2JNCA
1XBFC
3MHVC
3BTPA
2LQTA
2KOYA
3E8OA
2W2SA
2R55A
1X0TA
2QYWA
4O6UA
5WASB
3PN9A
1E1HA
3N90A
2XNDI
4ZXAW
5OAGD
3NA6A
1LXNC
4DS7G
2MMUA
5MNVI
2KL7A
6F0KA
2BA2A
1ZVAA
1D6GA
2ZKRY
3J38h
2LTMA
1DP7P
3RJ1P
4YNXA
6ATKD
5T77A
4GKFA
3QWEA
2VBUA
2KJSA
2MFKA
2PFKD
2PLSC
2EQGA
4JB7A
6CB1e
5TJBA
4JPDA
4AEZC
3VYGA
2J8PA
4HP3C
2I7GA
4I6MC
3BPQB
1WHUA
1VHHA
2KIOA
4RLEA
3EO6A
5VGTB
5CJQA
3N7PC
1XL3A
1Q1VA
2XGFA
3UAFA
4LTTA
1MBMA
3E0XA
6FZWD
2CO9A
3WI3A
1CSHA
2ZK9X
2V4IE
1FX7A
3OSJA
2DQ2A
3QTLD
2V5PA
4N0TA
4K7JA
3OUFA
4HHUA
3KA5A
5EDFA
1FAFA
3K05B
1WJTA
1GZSB
4ZPMA
3GKRA
2J4BB
4XB6D
5LO4A
3HJ7A
2D0BA
4U3TB
6B3NA
2HNUA
3HS2A
5CQFA
2ICUA
4LXRJ
1MRRB
2PMZX
3NO6A
3H3YC
4HT3A
2XLKA
1KJKA
1S1IP
3NS6A
1TD3A
4A0TA
3PE5A
4TSHA
2AZ4A
1N6ZA
5X55B
2EEYA
2PK8A
4NOFA
2N4DA
2GDLA
2MXQA
5A98A
1XS0A
1WKAA
1DD5A
1BMXA
3V33A
3GF5B
2EPBA
1PUGA
4UOPA
2DBFA
2OH3A
5AJ3D
1EQ1A
5I4RE
5VKYB
5LNKu
2RCFA
2OF5L
4V1OW
4LIDB
1HRFA
2B7EA
1VW4c
2CT5A
3ZTAA
2GD9B
5IX5A
3GZIA
4HA7A
2IAZB
3RPXA
1YZ7A
2TPSA
4F35B
3CU2A
1TVGA
1SZ9A
5MBGA
2NSZA
5A4RA
3GR3B
2E6IA
1YBBB
5ZR1F
4K2MA
1NYUC
1P4QA
4YTWB
4YZJA
1BO9A
3BRVB
4EIUA
3Q6AH
5AAQA
5AZSC
5LQYJ
3BC1B
5MLC6
2Z7FI
5DIRA
2EKDA
2H3OA
2R4QA
3EVSC
4YZUB
1DL5A
1NVMB
2QQYA
5HL8A
2ZKZA
2XOCA
1YH6A
2Q03A
3HUGA
3OYVA
4XVNF
2M67A
1WT6A
1VR9A
3FF4A
2N70C
5UZ9A
3FBNB
2K3PA
4D40A
1W7OA
1WQBA
1F35A
4HI8B
2H0UA
3RD4C
3Q91A
5AVYG
1VSGB
1SS6A
2O2XA
1OZZA
3FV6A
4YJDA
1R5ZB
1O7DB
3EABA
1O67C
1KHYA
1NNVA
2X67A
3HB0A
2PW4A
3BBPE
4EG2A
4TQ5A
1IW4A
2CMZA
3ABFA
6C90B
4LEVA
1XFEA
6C5RE
3LKUF
2IFAA
1SPPB
5VJXM
4KNVB
3QKBA
3O7BA
1MZWB
5ES2A
2J3WA
1SBXA
5JHIA
3U88N
4DLHA
1HW7A
4YL8B
4YO5H
3J44a
2N3XA
1B77A
2CA5A
1IYCA
5FIDB
4FA8E
4PZ3A
4E6ND
3JB9i
4JJAA
1SP3A
4XEDA
3GO5A
1ZTCA
2MK0A
3M86A
3U43A
3KZ5E
2QZQA
2P14A
5IZ3B
2KIFA
5OQMi
3FYMA
3O12A
4WL2A
3AJIB
3CNHB
3IAGC
4WJAB
2Y7CA
6C5WB
2YUAA
3EO8E
3DB9A
3L2BA
4DJGB
2CHCA
4ZBHA
1OH1A
5AJ3k
1HUFA
3UH8A
3J36B
1K3SB
1JL7A
5CS4B
3ORHA
1ZSOA
1MHYG
5CWKA
1Q2FA
2GU9A
3BT4A
3V6IA
2L9BB
3HKVA
4Q25B
3IDSB
1EFUD
3H41A
2FLDB
4HKJD
3AGNA
2V8TA
4EQAC
4BUBA
5UDGD
4YV4H
2VLAA
4R3LA
5CS2A
5UGWA
5BW9k
5UBMI
4PKYF
3FZBG
4LB0B
1IE6A
5XVNJ
4DWRA
2DK4A
3G3OA
3JR7B
4JDOA
2R8RA
1VYEA
2MPEA
4M8DA
5AUJA
5OEOC
2NZ7A
4YIIA
5I96A
3H9PA
2M7OA
5WB7E
2PLGB
4V24B
1D1RA
4ZFVA
2KRUA
2L03A
2E72A
1HZ6A
2PU3A
2XCMC
1UK5A
1L4DB
2PR7A
5VVWC
4ZOQP
1OYGA
2JOPA
4QHUC
4KUNA
2AHMA
2W5WA
1XCRA
5T58D
2YNAA
3GRNB
3TVAA
1JY2O
2Q4KB
6CFBA
1IS7L
3PV9D
3T3PB
4DGWA
3MTSA
2CNTA
2CTLA
1JNMA
1UW2A
2EHOA
3LK5A
4N9Fb
2MA8A
3JB3E
5Q13A
3IZSt
3GN4E
1T3GB
4TXWA
4X0JA
1EDXA
2PNLA
4TN4A
2KJMA
4ANNA
1W18A
1PU3A
2YZIA
3WKSD
5YK6A
2RLDC
6G4WR
5VOCE
2QNUA
3FJUB
1VDHA
1VW43
2DB6A
2MVZA
2CTEA
2YRNA
4K5AA
1ZBSA
1V5RA
4URPB
1PP7U
1W5DA
5IYCN
2HG5C
2L00A
5INWC
1OF9A
1SP0A
2LBWA
1TM9A
1WRGA
3VLDA
2ZKRX
4K7BA
3P9AA
5USHX
4HWHE
1CI6B
5VJ2A
3N40P
2FCJA
4PXVD
1O0WA
2ELPA
4RB5C
2CYCA
4YJ0B
3CVFB
3PJYA
3LCCA
6F5DI
5F11A
2HYNE
2DBHA
1LA4A
1NYNA
4XTVA
1DF6A
4RZ9A
5WUQC
1QEYD
5GS9A
3WHJA
3ERMA
2X4IA
3VYPA
4ASCA
5UP5A
4X09A
4RLCA
5VG9A
2X3GA
1THFD
4JG9A
6FEAC
1HZ8A
5V77B
2CWZA
3IFUA
4G6TB
1SA3A
2LT5A
3BA3A
2O94C
5G06P
2WMMB
4W23P
5JIEA
2I0MA
2DANA
1P9CA
4OCVA
4JM1A
1RMJA
5LBDB
2D28C
2EQ7C
3P5CA
5U9AA
5WDDB
4A94C
3G7GA
2V7SA
2HNTE
5BNXC
1G5TA
1LUCA
3CSWB
4Q2UA
4NG2E
2O40A
2PFXA
3KYQA
5JJPB
2KKMA
4UAPA
2YH6D
5FT0A
3NE2C
1VX72
4WY4C
4PGRA
4O2HA
1HPIA
2RNDA
4C12A
4EW5A
3O0GD
6FKIb
2CB5A
2LVHA
3QQCA
2ZBTA
3EEQB
2B06A
2F06A
4ZOQG
4EV1A
3A4CA
2VY5A
5DS2A
3KXYI
5KN7B
2CKXA
1YKDA
3HUIA
4QT6A
5FGOB
2YJEM
1HUWA
1NCSA
5UXTA
1UTYA
4L9AA
1QW9A
4YHVA
5O57A
3SK2A
2MH3B
3ROED
5DZZA
3US3A
3DLOA
5H8OB
3BBNU
4L0NA
4UI1C
2LLVA
3KU7B
3G5BA
1NQYA
4FZ5A
2Q5CA
5ZJLB
4BBOA
3GA9L
3KUPA
2I51A
2BOXA
2PC1A
5O5SA
2O26W
1HZMA
4X1ZA
1CD34
2D1LA
4QBBA
3H7HB
4IU3A
5NPTA
3RL0U
1CSEI
5LNKi
2HO0A
5CESA
1E7LA
5E7TA
2KAOA
5A7AA
4LA5A
2YZQA
5UU5E
1KYFA
2YVEA
2JU0B
3LQ9B
4XNGB
1Z9BA
2XV9A
1H67A
6C0FD
4WFQA
1VZSA
1RQTB
2RFCA
2HDZA
4LEAA
5LNKf
4ACLB
4M5BA
3IN6A
3MFNA
5ZCYA
2JSWA
1W3ZB
3ITWA
1Z6UA
2H9ZA
4R7QA
2KD3A
3J60V
3JB9g
4GEIA
4P1NA
2IAYA
3AIAA
2ID3A
2QHQA
4NSMA
2DZDA
2NWIA
3RT9A
1ZMEC
1S9RA
6GEDA
3QYFA
2KKTA
2ZFDB
4BDXA
5ME7C
2F5GA
1Y0UA
1U20A
4Y67A
5Z3Gb
4HFSA
3A7OA
3C5PC
1CXCA
3BL4A
1ORLA
2R3BB
2XHEB
3IRBA
5FN5B
4EBAG
3C3DA
2K7RA
2D9RA
5XYWB
5J73A
2CS7A
1ISUA
3T0PA
1KHXA
3BN3B
2GBBA
2INNL
4RYEA
3OQGA
2K9DA
4WH9A
4X0NB
4RXUA
5L7AD
2MH0A
2K9YA
3B2EE
3SMZA
3C2QA
3I57A
3O5HH
5O3OG
4WPXC
2C1LA
4GQVA
2MYHA
2NCJA
2MOLA
2GV0A
2OYYA
1PPJI
3CP5A
2QCPX
2P6YA
1O7DA
1JYHA
5JTNF
5XVJA
5U6ZA
4IUHA
3W2ZA
1VX7g
5MMIX
2F6KA
2ADVA
4JPPA
3SUMA
1GS9A
1MWQA
4LSDA
4K84A
1YQHA
2XDHA
1VX1L
4ZI2C
3ARCj
1L3IA
2POSA
2WHNB
1IODG
1HP8A
2PVOA
2FPNA
1OSDA
3ON3A
1Y6XA
6G72Z
2LLWA
1UB4C
1TR8A
2CGQA
2FFSB
4RZKB
2EWLA
4WBEA
2MXDA
2JX3A
1JWHD
5FN2D
3A9FA
5OK8A
5NG4A
5DN6I
3LHRA
3R2PA
1QGKB
3LL4A
3M05B
1NYOA
3A5YA
4MJGA
2IBGA
3P96A
4OWWB
3SNKA
3ZD0A
4DOKA
6G2Jg
1GPRA
5OOOB
1O9KF
2YWTA
2KKJA
1TFEA
6B46I
2G7RA
2FEAA
5F13B
3C5VA
4JO7D
2L9PA
4H10A
2P51A
2LXWA
5YJ3D
1SMOA
1JDWA
2WT1A
5UZ5G
3DI5A
1KQPA
3AITA
2M2FA
3O69A
2CDPA
1KCMA
1ZQ1B
1U9LA
5B5IA
5AY6B
3GWIA
1OLPA
1JRMA
2RSMA
3J9Ub
1TI5A
1P9YA
1UI1A
3MJFA
3HFIA
3W0EA
1F3VA
3ZF7C
3M6EA
2VP4A
2AUWA
4HE8A
2L1SA
5HFTC
4RB6Q
1J2JB
3KKFA
1SS4A
3IHMA
1QS0A
3ZBIh
1N8VA
5DA7B
4AP9A
1Q5YA
5OOMJ
3CXBA
5T86A
4IOHA
2O6FA
2YWXA
5F3OA
4N0LB
2COEA
3FAVA
5W98A
4DYWB
5EURC
5LOUB
2G5GX
6A6BF
2N55B
4QY7A
3V3KH
5EVHA
5HXLA
2I4LA
5GO6A
1DQ3A
3QOYA
5LJ3G
2B9ZA
5V0SB
1SGVA
2IVYA
4DIXA
4BPTA
1ORSC
4JD9G
1Y7XA
4FGLD
1HXVA
4M9VF
4LHSA
5EYGB
3ICUA
1I7BB
6AP0A
2F9ZD
4HWVA
2JWYA
1TVTA
3L32A
2RNOA
4WJ1A
2QS7C
3IEYA
5M1MA
2P4ZA
5L75F
4DGWC
3TBIA
5KYMB
3KS7A
4KNKA
6FMLH
2NWHA
5UFTA
2KR7A
3WG3A
5Z42A
3FAJA
3H1NA
4LBHA
3B8FA
1BI6H
4Q7OA
2NMLA
1FC6A
4X9MA
3DM8A
5OQRC
3E6RF
5WAIF
2VD3A
1HFOE
3UX4B
5NL2B
4BKHA
4BF8A
2ATPB
4EAEA
4B0TA
4R0JA
4U7UB
4H5BA
4E2GA
1H12A
2VLQB
1RSOB
4AS2A
3U2AA
5H4EA
4UOIC
3UB0B
2L7YA
3CB6A
2ZVYA
5OAYA
4QDCA
3CVJA
1T6AA
4F8YC
4ZC4A
3TC1A
3B4QA
2MARA
1CCWB
2L8KA
3N3FA
6CFWB
2AB5B
3EE4A
2KOEA
3NJ2A
2KB8A
1KEWA
2I2AA
2EV1A
3HLTC
2A2BA
6BK6A
1WXNA
1WJPA
4CIIA
2YB5A
4FZSB
2LEZA
2XA6B
6EXNc
4IGVA
1U8BA
2K4VA
2NSAA
5M0JC
1LJOA
4TWBE
5HWYA
2D1PH
3QTAA
4WICC
4K12A
1JUVA
3PMSA
5VOCD
1VJXA
3FWZA
3N1EA
2LLIA
3MZZA
1SV1D
2D46A
5UQYB
5YVSA
4GV5A
4E0IA
2MQBA
3H5LA
4DMIB
2LC0A
5CLLB
1R1TA
2ZKTA
4X8EA
1XOVA
5JAAC
3EOPA
5ANPB
4U7YA
2LGNA
1N6JA
1KG1A
4CIJA
3BJVA
4JPBW
3QDRB
3EFDK
5APTC
3M9GA
6AX2A
3KHNB
2JH1A
3D2WA
5GWGB
5DQSD
2P6VA
3D2OA
2A05A
2DIIA
2LORA
3VEJB
1SRQD
1ZN6A
5TDYA
6C0Fw
1PM4A
5UQ1D
5O1RB
6D0NB
1HWTC
3AXJA
1BD3A
4HWIB
4PS2A
3U2GA
4QQGE
2P7IA
1U6ZA
2CY2A
3COQA
4Y0CA
1KSQA
2J63A
2B3NA
6EUAA
3BV8A
3RJ2X
2F62A
6G72X
4QDJA
4MT2A
3K8VA
1WJVA
1U5UA
6BMSA
1YELA
5LG9A
1SQWA
4LHFA
5C98A
4F9BB
4NUXA
5CL8A
6F2DG
2EHGA
3F7SA
2DK6A
4HCZA
3ENPB
5H1Sg
4I9OA
4EHSA
4B9PA
2M74A
4ZBWA
3ZC4H
2Z5CB
4L58A
5MYID
1H0ZA
3J16G
5FDOD
5JBHA
4GYTB
4ITRA
4GU4B
4DCKA
2RREA
3VTOA
1B5FD
1WFDA
3UITA
2JSPA
4KX6P
3EXNA
1W9RA
3LLUA
4EVHA
2E7GA
3DLCA
5W4DC
1R44D
3B8OG
1ZMMB
3EABI
4D74A
5UFKA
4MVKA
4EVUA
5HYBB
5CUFD
5OHGC
4BJQA
4PP4A
1V5NA
2QRRA
4N3XA
5LXOE
4BWGA
3PU9A
4N09A
4Z80D
3IP4C
3IFQD
5SVAR
1XP2A
5U4WJ
4JXEA
2CMEB
4MONA
3KDEC
2DT8A
4M0QA
4NRHA
1R0VC
1DMLD
1R8NA
3G7KC
3OGFB
2KZ7C
5LXLA
4F5CF
6BWOA
2RUYA
1VDIA
3KQ4B
2RH0A
4PTBA
4V1XA
2LG6A
3E57A
2AU3A
5L1ZD
3I7JA
3WYZA
3NYIA
2BDEA
3RLSA
4LMGC
2B2MA
1G6UA
2DG1A
2WSFN
4QR0A
1HH8A
3M20C
3J61M
3DXEA
2V6ZM
4BJPA
2A22A
2K0ZA
2FZ6A
1WY5A
1JDHB
XXX2A
2LGEA
4AXPA
2M71A
5W66P
4YTBA
5OUOA
5UD5B
3ER6A
3L2NA
5VLIC
3HRGA
4HR6B
3IHUA
4E29A
4DMUG
1P7AA
2WN0A
2XVYA
2IACA
1I58A
3G80A
1TZ4A
1VMOA
5L0RB
2W7QA
4LQ8A
2RNBA
2Q3TA
1RP0A
3LX3A
4EWCA
1W2WA
2V8QB
6APJE
2XNSD
4E72A
2K35A
5ABKA
3PVIA
3A1GA
3PF6A
4CRYB
2P9XA
1ECZB
1R4QL
5HMOC
4HH3A
1R8OB
6C23A
4CZXA
6FQMD
5YDFA
2PJPA
2Y3ND
4TS5A
4UL8i
2BM8A
5OOMa
2RNGA
1I5JA
2DDZA
3NZOA
2OZHA
3V4OA
4V1AM
4P5NA
4O7QA
2FHXA
1QWOA
4J7ZC
4ZRLB
4LZIA
3U1UB
3RMIA
3GASA
2LNVA
4P9JB
1VW5j
3SKQA
3NRHB
1YA5T
3H9MA
4ZHBA
5ID3D
2KPYA
2BH9A
2HSJA
2YQQA
3CLWA
5H07C
3T5VC
3V3QB
4AODB
3BHPA
5XHBA
2J58A
1ZKPA
3D5PA
2OM6A
2MJZd
3K2QC
1HLEB
5JBLD
5AJ3o
2ROGA
3HGBA
2LX0A
4EHXA
3JRVA
4V1FA
2LW3A
1CLDA
5L2XB
4Q8KA
2MJFA
1TBAA
5C9EA
2PFIA
4P82A
1RHFA
3N08A
5DOMA
4JR6A
4LWSB
3LNOA
2WCJA
5AFRB
2KR1A
5OC3A
4O4AC
3D31C
5J2LA
1Y7RA
2KJXA
1EJ6E
1WINA
1NY9A
6F1Yf
4Q11A
3D19A
2DO5A
4G6TA
6CP7Z
3OP8A
4CWEA
3HNNB
3BIJB
5H9CA
2MWRA
2KL0A
4CGQA
1OMBA
1HH0A
3V42A
5K21B
4Y5JA
5B3DB
3J7AJ
2GWCF
1HYOA
2HQ7A
1VQO1
2JRTA
4KT0K
5UZ9B
3G14A
1I9GA
1FNFA
2P38A
2N67B
3QOOA
3RGUA
2F4NB
1V8MA
2EK1A
5JQZB
5LAHA
4HEAA
1ZRXA
3VZAF
2YQYA
1W55A
5U0PG
3C8IA
4E6KG
4YN3B
2ZTBA
2MTSA
2V7QH
5XYIG
5SVHB
1ZDYA
5MF1A
1RSOA
1XE1A
3OV5A
4Y28G
2K2SB
2D0OB
2EODA
3Q39A
3DT5A
3KPIB
3L22A
5VNNC
2OHCA
2M7AA
1JL3C
4CLQB
4IWTA
3JYZA
2EEMA
4J8ZA
5J45A
3GGNA
4HR1A
3NOIA
2HQYA
2OVSA
3P8CE
4Z7FF
2M5SA
3TDQA
5XVNM
4J3RA
3BDVA
3GWCA
4I8OB
3ONQA
4EWIB
1PZ4A
1SG7A
1QHHA
4R3ZA
3NI8A
3BFQG
3ST1A
1RK6A
2MTDA
6B8Hq
4BG5B
4ACJA
4TYZA
4X3XA
XXX3A
2GRGA
2L42A
2ELSA
3PW3A
2MBGA
3ISQA
3DLMA
2LKAA
1DMHA
2XNYN
2DT7B
2OS5A
2DYOB
3WU2U
4A0ZA
3TDWA
5GVXA
4W4KB
2RDCA
5WP3B
2MGVA
3G8ZA
4FP4B
2LWLA
4A5VA
5BU3D
2K3DA
3HWUA
2K6IA
4XAAA
2LW1A
3G5LA
1UTEA
2DT5A
5HUQA
4H2WC
3N4IB
3CJSA
1RPUA
3DAHA
3ZXNA
3LMBA
1K6KA
3N54B
1S7IA
3SQFA
3LIYA
5IM8A
2MHEB
3FXHA
2K7FA
5XMJK
2CXIA
2FI1A
2Q02A
2KK9A
1PXYA
1L0BA
3BEMA
2XTCA
4WYBT
4GKWA
5AXMB
4DVKA
1QQRA
4OFZA
4Q9VA
3H9WA
3TSOC
1XKRA
4NTQB
2KIQA
6F36N
1YJ92
4EMHA
5T58B
1TUKA
4PKEA
1XHSA
2ITAA
2E9XD
4ALZA
5DURC
3AGFB
1T07A
2QTSA
5FQ2B
1STMA
4TSDA
4DHXB
2A01A
2FGYB
2COPA
2V6VA
5ZR1A
6BR9A
3GIFB
1EVSA
1HFES
3SBUA
3FRMA
3VP7A
2E0YA
4QA8A
3BBOF
2KJGA
3D2YA
1X2IA
1SU0B
3OV8A
5B5YB
5MQIA
3TFMA
2JJZA
5A9QH
2L6AA
5JVOA
4EC6A
3IUFA
2LCIA
4PS6A
3UWSB
4LMXA
2JCBA
1VMJA
2KC8B
5IWWB
4N77A
3EMFC
2HA9A
2AXCA
2B5BA
1AA3A
2PJWV
1KNZM
4P17A
2JVFA
5EU0B
2PF4E
1ZTNA
4W64A
6C06E
3IPIA
1H1JS
5KGZA
3LGBA
3IVVA
2WYAA
5TECB
1NT2B
1GD2E
2MSXA
2UZ8A
5DO6A
2XDQA
1PP1X
3HZQA
3BT2B
2AVUF
5YQ7C
5HJFD
4GFCB
5VSOA
3K2YA
3T0YD
3CLOA
2M5IA
2I4KA
4G75A
2YJ3A
2KQDA
1K78A
3KT9A
3FAYA
5DYQD
1JEKA
1Q7TA
5MU7B
6EU1N
5J62A
3WU2A
2E2FA
1RZHH
2D42A
2ZOPA
3CL3B
4HYQA
3SLZA
1Q3IA
1XI7A
1DL0A
3J3Bi
2OWYA
1DF9C
2EI9A
1ABZA
3FJYA
3NIWA
4PT7A
2LO3A
1YG0A
2W4SC
2JUAA
3ME4A
3HGLA
6ETXR
2HM5A
3TU3A
3BYQA
1BCSB
1K81A
4G6VD
4LMYA
4BHUA
5M9EB
4ETRA
1WYYB
3M1CB
2QW5A
1Q3KA
1F2DA
1DJ8A
5FORA
2LE0A
1ZFDA
2KWYA
3V7QC
1WYRA
1QSMA
2XCIA
1YREA
3JU3A
5HWKB
4A1BL
4COFA
2QNLA
2Q5WE
2HFQA
5YS3B
3OQIA
2I7RA
3QR7A
4FZ2A
3RETA
2VT1B
2YNQA
3PLOX
1NU7D
1QFDA
4A2NB
4Y7KA
4NOIB
1PLQA
1XN6A
1DX5I
5JFFD
4CADI
2HZMF
5YDMA
1JLYA
2MNTA
2RQMA
1WRJA
6EM5I
3H33A
4PW1A
1GH6A
3F5CC
2WP0C
4H61A
3UB0A
3I9YA
4OLSA
2N2YA
3A0BM
1XTEA
4ENEA
2QIKA
5NJLA
2KWTA
5C39A
1YE9G
3J39f
3FNAA
5FURB
4HWXA
2KZ6A
4C7AA
2FAZA
5YI4A
4P0ZA
1VW49
4GOFA
2LG4A
1VC1A
1W78A
3V0RA
3JB5C
2QRTA
3KITJ
3HN0A
5J28C
2LH0B
2JYNA
3BH2A
2X9AA
1QHQA
1F2IH
1R75A
4QLAA
2YQPA
4Q6TA
4HWMA
2MI5A
5FRVA
4J8CB
3L8FA
2WAWA
1MTPA
3L20A
3ZXUC
1SKZA
2HN8A
4J25A
2N6RA
3EZQC
2ZMVA
5IZ2A
4HUKA
5ERAA
3KD3A
3KV9A
1U6MA
4KRRA
1SWGA
1YHNB
1FH1A
1K9MJ
3B9TA
3HWCA
4AUOC
5IMUA
3ODPA
5MH3L
4CUAA
2D16A
3EHFC
3RRIA
5XYWA
4R78A
2NAJA
5IAZA
2BQ4A
2PV4A
2K3IA
5VE9C
2N92A
5MR0D
2P2RA
4OH7B
3TR8A
1FI8E
4EACA
4TQLA
2MU3A
1YE9A
4MXPA
3G8YA
1ZGAA
4EWFA
4J4HA
5BTZA
4P5IA
5MUZA
5XRWA
4RKGA
4HUQT
3EXVA
1T3KA
5LSID
3G67A
3H8DE
5GJ8D
2Z6OA
2GCCA
4KU0D
2LD7B
2JS9A
4ZKYA
1T71A
4EQQA
1U2UB
3QNHA
2WGOA
1X4PA
2Y44A
2RNMC
4CLCC
3WMQA
3WURA
1PU1A
2W7NA
3FESD
3LIDA
3IU6A
2PMZC
3ONTA
1AQ5B
2E60A
4BY2B
1NGMB
4RSXA
2W6IH
3H20A
5VOXc
2J4US
4NU3A
2ECEA
3FBNC
6C261
5VR3A
2YNKA
1FWOA
5XUKA
2Z0RA
4KOQA
2L8TA
2DLBA
2MFSA
1QU7B
3F13A
1JB0K
2JKRS
5CS0A
5LY5A
3N3YA
4RU3A
2JGSC
2ICSA
2GSOA
5SVAT
5CD4I
2Q2GA
5J8EB
1J3CA
2EQBC
2OD5A
1H20A
5DN6X
2OUXB
2HJ1A
2J6BA
1XZPA
1LPVA
4QTNB
2IMLA
6CNOB
3FIDA
4GIPD
3DI4B
3KIOC
1SPFA
2Q4WA
4LGTA
2RC3C
5L20A
5AYMA
2QSVA
1VZMC
3DXRB
3MOPL
6F1Tb
2FQPA
3GZ8B
1RW2A
5YT6F
4N30A
1DQGA
3KXEA
2J5HA
3OL0C
4AJYB
1DP5B
2YJLA
1UJSA
3MLNA
3E0MA
4O30A
1HYPA
4HZ9A
1H9EA
3J00Z
2AGHC
2X3MA
1UFBA
5I9EE
2I15B
3Q3FA
5A49A
4F67A
3KBQA
4QXAB
1XJCA
4YHBA
4R42C
1EIJA
4Q75A
1WP8A
5UYOA
1MM5A
5A0MA
1OZ2A
3BESR
1K4UP
1XAOA
2ZZTA
1Q90N
3PEVB
1O9YA
4EZIA
4CGKA
3FM2A
1VYKA
1IIPA
2DT4A
1NVMA
1ERPA
5X3GA
5JCDA
1GXJB
5NENB
2CTDA
4OM7A
3VU0B
5JHFA
3EXCX
2KKRA
1ZC3B
1VLYA
5N8VA
2YS2A
2V1LA
4CD8A
5I7DB
1TZNB
4YMKA
4QTQA
4R1DB
2VTWA
6B85C
2ZQEA
4FC9A
4D2KA
4U77A
3OWCA
4WY4A
4D7ED
3TQUA
5DOLA
5FVCD
2V64A
5GMKt
1HE1A
3WA1A
3ZXCB
2LQHB
4GA6A
2B82A
3CZXA
3BH7B
3F2IF
5T09A
2FZPA
5FR7B
2JYPA
3O4PA
3QJ3A
6EM4n
1KDDA
4M62S
3O5AB
1O4VA
1WDJA
3QD7X
2LN7A
6COZB
1M1EB
1K91A
1RL1A
2ICNB
3VZ9D
4P09A
5H1QA
3ZJXA
1SZQB
4CV5A
2VDFA
4MEJA
1B35A
5HKNB
5BTAD
4DS3A
2Y9FA
5O6VF
2VXAB
6EXND
4RGQB
1PBYB
1F8MA
4E1TA
4A20A
2NA4A
3UO9A
4X28C
2L1NA
1FU9A
1SPPA
5VHXE
2IICB
3KN3A
3IXSA
1WGVA
3G0TA
1ZE3H
1N4CA
3LHQA
3FN2A
1A0AB
5U0SR
2MM8A
4OF8A
5A4AA
1YEMA
4QLPA
2KW1A
2A9UA
1ZSWA
5LCYB
5C3LA
4ZEYA
1XVHB
5N7SA
3UBMA
5MVWC
3RKLA
1T1JA
6BEVA
5JNBE
2FOMA
3RWNA
4HROA
2JPIA
2VVEA
1B8WA
1YCOB
2QWRB
5N7IB
6DEXA
5LZNA
3B8LA
4W6YA
2OF5B
4ATGA
1VX7e
2HGKA
3DCYA
5O9ZN
5FKVE
1QLOA
3TJYA
1ZT2B
3Q4HC
2LQ4p
2MQ9A
2RH2A
4EGWA
3J7AR
2ASFA
3SXNA
6FPRB
5O32H
5T1YH
2YMVA
4BWZA
5LNKM
4GC8A
4CRUA
5DXVA
5FN1A
2KISA
1OR4A
3A5DG
2Z5AA
2HAHA
4K24U
3PESA
2KPQA
3TYPB
5E9OC
2K9JA
3TOWA
5LE0B
1OFVA
1Q2YA
2FSXA
1B1CA
3N2NE
3J3BG
1HARA
4XDNB
1NNWA
5O0TA
2QMHH
5LWGD
3UUWA
2N94A
5W7LA
1XDNA
4EYTA
6G94B
3SIPA
4XOSA
4UG1B
1GQAA
4JIDA
1UANB
3WDCA
1LYBB
5KP0A
2MYJA
2EY4C
2DQAA
3E0RA
5IX9A
2QSRA
3T5XA
3SNGA
2EJ4A
2G80A
2WJ9A
3JX8A
3ZK9A
2WSSW
4N82A
2PLIA
1LM7A
4QPWA
1VKYA
2BVHA
4LHPA
3LE4A
4ZJAA
2CXCA
3K94A
3KKCA
2WNMA
5CWDA
3O10A
2PENF
1GSAA
5FN3B
5CECA
3IZRk
5D91A
4INAA
3MCSA
5KI9A
2NP8B
1PXVA
5INEB
3GF6A
2UVPA
1OQKA
1IVZA
3TZGB
3Q2RA
5C9HB
5AOXA
3G65C
2M6BA
3AMRA
1T57C
3OPXA
5UC0B
1R6KA
5X6VG
2W7ZA
4B0MA
4ELDA
1HZFA
4PT1A
3DGPB
4JXRA
3FO5A
1WRUA
1T0CA
1FLCB
2FZ0A
1VSQA
2M7ZA
3H6PC
2MURA
1X0PA
5K5LE
4FPPA
2WD5B
5OA1U
6D9ZC
4HDJA
4WG2B
4RUGA
6FHSI
4MH6A
4KBJB
5C6GD
2M2JA
3ZR8X
2JYAA
2FZFA
5EQWE
3PF0A
4ZCGB
1OH4A
4P87A
5X8Rx
3DDCB
2I9NA
5FD3B
4WMYA
5UN5C
4B8TA
5LXVB
3GD9A
5WWLM
3R24A
4DVEA
1E2WA
3LULA
5O7HF
1R0UA
2YBVF
1KP6A
3OK8A
2C52B
3E3VA
5TSZA
1KYTB
4EBJA
4I90A
1I7NA
1M6JA
2L93A
3WJ8D
4OI3A
1FI8F
4RPMA
4WZNA
3FP5A
2P6WA
4ZHVA
4QVRA
5LDXX
2CIUA
2RTYA
3C3VA
2FZ4A
1Z56C
4G6QA
2H1TA
4CCFD
2GF5A
2KGLA
2YPWG
1HG0B
4UZZB
4GAMS
3EUDA
3HVWA
2NDAA
3VA4A
5BXVB
5JFZF
1WH2A
4UW2D
4DCDA
1JB3A
2NOJF
6G2JQ
3S4OA
3B0BC
1S2OA
4OTMA
1VBKA
4CUYe
3GPKA
4K0QC
4XT7A
3K1QF
3BBJA
3D5DJ
1XHNA
5D1RA
5AJ3M
3FHVA
4KGMA
3KK7B
3ZZYA
5LSKN
2MJFB
4HEAR
2NTEA
3VH5A
1H8PA
4RPCA
3K1TA
2WPVA
2OPKA
2AJAA
4RKSA
2HH6A
3S2JA
1IKTA
3J7VC
5JIRB
2M0QA
2WO3B
4V3IA
3ULQA
5ELKA
1KMIZ
3ZJ2A
4CNDA
2WSSX
1PD3B
1HTWA
4H6QA
6G2JK
3IKHA
2RBDA
2P30A
3OSTA
2WCYA
3BIYA
2D0WA
4IDUA
1K1FC
1G8SA
1IZCA
2A9IA
1ULYA
1LO7A
3H38A
2F3NA
3WX4A
6BN1B
4LTBA
2L9DA
3ML3A
2KPTA
5U6HA
1ZHXA
4O6IA
5ODHJ
3UGOA
4B9GA
3VHLA
1K9CA
1CD3B
3R27A
3G0KA
4HH6A
4YO3B
3HA4A
3DWAA
1D3YA
2OEZA
3CK6A
2CWOC
3NSWA
4RHOA
2BICA
5BY8B
2ZKRI
2ZG6A
1U89A
5O9ZQ
3QMEA
1DEKA
5B7WB
2HLTA
4G92A
5C8GA
6C0FW
2QFAC
1ZL8A
2N2EA
3RRKA
2XRHA
1VW46
3FLHA
5B0OG
3RUIA
4OA3A
4ESPA
4E45J
1LSLA
2ZW3A
2G0QA
4WFTA
1RCUD
4HFXD
4CVDA
2MLZB
3NNFA
1NJGA
6EHRF
5NGNB
3OJ3K
3BZWA
3GE3E
6BV7A
4YJWA
4HPZA
2MZ0A
2QN6B
2VJEB
4HTUA
2DHMA
2K2BA
4K15A
4XS5C
2MCTA
4PJUB
5FIKW
5CEGB
2E0ZB
4H79A
1CEUA
1VFIA
2NSCA
5UVGA
3I7AA
3LM2A
3IO2A
3JC7A
4O9LA
4X1OA
2LUGA
1YDUA
3BJ4A
1KLRA
2LTNC
3NGWA
4IYJA
1C8UA
3G0MA
3VRDB
4QE9A
1XGKA
3S93A
3IZ6O
5WASC
3HK4A
3MZOA
4H9NC
4EZFA
1I4JA
1EJBA
5D50G
2F23A
4JXUB
1JBIA
2L6PA
5M1HA
4RZLA
1VX7T
4OYZA
1H8GB
5LEFD
1DSVA
2H7GX
2LYYB
4JRLA
2GM2A
2LOQA
4MZZB
3LDQB
6B4FC
1ON2A
3LRQA
1IYRA
2N0PA
2HMVA
1ZOQD
2G4RC
3SMVA
1WJOA
1X9BA
4ECGA
3FJZA
1V31A
2KKFA
2M1JA
6F42C
3LHKA
1P6XA
2LC3A
1IHNB
6F0KD
3N77A
2KSNA
1TTWA
5A2TO
1S4KA
1MU2B
1S3CA
4PK9A
5U1DX
2QDJA
3L1KA
4C0FA
3J7Yp
3HZAA
5D5NA
2XS6A
1Z8YP
2MKDA
3J36S
3H2BA
2HIQA
4IBNA
2M35A
2PSTX
4YK3B
2LPUA
5XYNC
5CXYB
1OSYA
3OKGB
5KBOA
3BY5A
1MAIA
3I41A
1YRBA
6C6GC
3DCMX
5LDDE
4EIJA
5TJ5A
1SR4C
4PHRA
2KY5A
1AJ2A
2VXZA
4OKZA
2HLQA
1IWPG
3S6EA
5X56A
1IJAA
1UKLF
5FIMA
1P88A
4B93A
2Z5WA
4O9PC
3UK3C
3EUSA
2WMNA
3AONB
1B4AA
1SKVD
2HFNA
2RO0A
2VGAA
2KUOA
5M0WA
1O5ZA
3BD1A
2C4WA
3C6WA
5VU2Q
6C265
2I39A
3I9SA
3DO9A
5VF3I
5DL8B
2MN4A
4QMDA
5JHFF
2O3OD
3GQUA
3O59X
3RFIA
2ZOGA
3KBYA
4YK2B
5CETA
3P0CB
4Y25A
4RB5M
4NBOA
2R01A
3JB9C
4PQZA
3W1ZA
3DFFA
2RM8A
2N8KA
1QR0A
1HR6A
2B9WA
2MPCA
4GWPD
3WVQA
1LTGC
3J01B
3PVVA
1LFWA
3WRWF
5EO4A
4LU2A
1X3QA
1G8EA
2G30A
2A9SB
3QWLA
3CWCA
2ASKA
1Y0BA
5Y18A
4UUKJ
3MB2B
1JX7D
4QE0A
3LYHA
4FBCA
2DCOA
4OIZB
6F2XA
5JK7H
3BROA
1K0PA
1O13A
5OOMN
4Y97H
3BEXA
3H16A
3T33A
2KVTA
2KHEA
1CQ4A
5TVME
4Q2GB
2EXUA
2XQYA
4AWXB
4AR2A
3PNXA
5L7SA
3VTQF
1LQAA
4HHVA
5M4TA
3J9AA
3NA7A
4ZSXA
5J6ZA
2PE4A
5IWSA
3V6IB
2CIWA
3E8YX
1REGX
5DUKA
2IXNB
4FEYA
3IZ6V
4HBQA
3P1VA
3U3ZA
1X9ZA
5YKEA
1ZRJA
5FC3A
1J5UA
4W78A
4RP9A
1X5WA
5Y8FB
2JV5A
1FC4A
4AMUA
3LLBA
2A7WL
6C0Fs
1WTEA
1AL0B
2VA4A
2JOBA
4KQ7A
4BMOB
3IJMA
3KF2A
2JO1A
4NOOB
2LV5A
3E3UA
2JOVA
4CJDA
4I9XC
2WSHA
1XYIA
1RL0A
3OYOA
3HN7A
4FI5A
5XTCQ
2JZ5A
2YZ8A
1TT8A
1TE5A
1L5PA
2IN5B
2OFGX
5Z43A
6ELUA
4IUMA
2OD0A
6FX3B
3TBNA
3TNLA
1Q67A
1DKGB
4ICWA
2BDDA
5TFPB
2Q7AA
4DOXA
2FJ8A
4UFTB
3GWKC
3HYNA
3G20A
4M1UB
5L85A
2D7EA
3K6GA
4K91A
5GUFA
4UMIA
2YXMA
2KFDA
5XTCS
2JORA
2WL8A
4TTBB
1AX4A
2QP2A
1TXJA
3FK9A
3BYWA
1TOVA
3OMDA
3E7QA
1R79A
5DUOA
4ESNA
2J1NA
3J9VQ
5XQID
1UGIA
3HMUA
3H6RA
1UUJA
3DZVB
3BKHA
1AIWA
2IJAA
3AX1A
1L1SA
3RHGA
4FEAA
1D2ZA
5XKLA
3ILHA
1VX4K
4MN4B
3R15A
2N28A
2I9SA
3T1OA
2L3XA
3C7JA
4E1PA
4S39A
3CY4B
4NV4B
4WPXE
3IB5A
2LNHA
2VNLA
3G7ZD
2JJSC
2O8PA
3H3IA
3MVNA
2XZHA
3DV8A
2JAAB
3HE5D
4Z0OA
1ZQ9A
3RHZA
5NOHA
1YBTA
5WRUD
5BQMB
3FGNA
4M1PA
5NODA
2BN5A
3P54A
5VZMB
3JB9h
2YSAA
3CVOA
4CE4Q
1ZPYA
4I1SA
1L0LF
2ZC4C
2PQXA
5NUPF
2PPXA
2B99E
5WNAA
4NQIC
2YVSA
4AR9A
3NR1A
4TMXA
2K5QA
5DMRB
2UYTA
2BM5A
3G74D
3SNOA
3WMIB
1ZDRB
2P2EA
2X8NA
3S63A
4L7IA
4YK8B
3WMIA
1TIFA
4IAJA
1RIFA
4DXTA
5TCEA
2MT8A
4QICB
3TOJA
2L7AA
3GI7A
2D7DB
3HGVB
3MPCA
1Z4EA
5H0QA
1YGMA
1M8NA
4FQEA
4F55A
4RB5N
2LC4A
4Y7DA
4XA7A
2MN2A
3ZFJA
6B3OB
4FXXD
2N24A
5VA4A
6CP37
1XAKA
3K6EB
2K87A
3BF0A
4HFVA
2LTAA
3IJTA
4WYHA
2BZ0B
4NJCA
2LUHA
5AOHB
1QQP1
6G72i
2GV5C
5G2VA
2M7YA
3S57A
3CLQA
3HWJA
1UPTB
2JNQA
5HEEA
1TULA
2BSEA
4FZQC
4PZ1A
1V5IB
1VJQA
2MH0B
3CE8A
1EO0A
2A6HA
3F3GH
1L9LA
3UI3B
6CFWG
3P0LA
3TC3A
2H7VD
4DCZA
2MC7A
3RH0A
6CH2E
5X41F
3QTHA
1M7KA
2N1DA
3OVKD
3G98A
2JP6A
2I79A
3EJHA
3JTYA
4JQTA
4BVQA
2PQ4A
4CGUB
1UDKA
3A7MA
5LWCA
3S0YA
5LQZW
2CBHA
3O8SA
4CDJA
2XJ4A
4RB5J
1UN6D
2CC6A
2RFLG
4QJFA
1HBXE
2IHXA
4GCZA
2FTZA
2OSDA
1X0HA
4RB6N
5IJ7T
2K42B
1EIWA
5Y39D
4NOHA
5MUFA
4CHEA
4K6LG
2I9XA
3WZSA
1Y8AA
6G18y
4BHQA
3HUGB
1OAIA
5NCWB
4F3JA
5XJ9A
2O5RA
3O9LC
1GXMA
5D3KA
2RT6A
2LCYA
2R7DA
3S6UB
2L0CA
1K92A
5YS2E
5IC9B
4IT6A
4Q2SA
4NI2A
1PDKB
3KN1A
3N2LD
4UOIE
4RN3B
1RWRA
2M48A
4BYZA
1VMBA
2K2CA
1NWBA
3POHA
3NATB
3S5TA
5XOXF
1NRGA
3IEHA
5XBCA
5LSJF
3PMDA
4I4CA
2N2CA
3O3XA
4QUVB
4FZBC
2QYBA
3MCBB
3ANWA
3G5CA
5BYOA
2P0BA
2K4NA
2PIMA
1DI2A
4BE3A
4RDQE
3ZDMA
3NB3C
1Q8CA
3PU2B
2HC5A
3LJEA
5O9JB
1Y74B
5CCFA
1BXYA
4ROCA
2MDPA
2NYIB
2AFRA
2IT2A
4UW2C
1GL4A
2X5QB
3NVBA
4HT1T
5YRXA
4UKZi
4NOMA
3DCZA
4PH2B
3MGAA
5IY92
2O5HB
1S98A
3BPJA
2CROA
1NOAA
2RPBA
1JVWA
1AQSA
3T38B
3B33A
1A8RA
2MKVA
1PDQA
4X3TA
2LJUA
5CFIC
3LYXA
4BJJA
1NA8A
3JCUw
4E5VA
5A20D
3S0AA
5T82A
2FH0A
4OC6A
2RIFA
1WD2A
1OKGA
2OPEA
4FE9A
1EHSA
2NXPA
3TX1A
2LM4A
3HTRA
5YGUB
5IFCA
3NT8A
2LVWA
2V0XA
4UEBD
5V2OD
3DWGC
6B2Za
2MVIA
3IABB
3ET6B
5XMEA
4NMXA
1ZTDA
1JQGA
3V46A
2WJRA
4DX8I
4FBLA
2RGQA
3ZLEA
2LDSA
5WOXA
4GM6D
4I8IA
1D3BA
1RK8C
4I4M6
2A2LA
2D7VA
3IC3A
2XFVA
3KOQD
2JW5A
2IWDA
3AKBA
3OL3A
3DB7A
2F5UA
2DZNF
4L63B
5BY4A
4O8TC
2QSFX
2VX8D
4JZLA
3U52C
3C8CA
1EDVA
2LNMA
5IC9A
2FIDB
2FTRA
1C0PA
3JZLA
3D1BA
3WCTC
3LK3T
3J39d
2KSEA
2XOMA
1WNAA
1L6PA
2GSCB
2K7IB
2YMMB
4C1AA
2OAAA
5XUOA
1M5IA
1YQ5A
2HQ4A
2KZYA
3BO6A
4X86B
4HVZD
5MY7A
3L4HA
4ADNA
3PCSB
2GE7A
2F9HA
3DDXA
2LY31
2ARPF
2WATA
1MGTA
2N0AC
2PQIC
3RCOA
1ZVPD
5T5DA
3DNXA
5C9NA
2N8OA
5WUCA
1IUJA
3TY6A
3BK6A
1YF3A
1H3LA
5IWDA
2XWTC
3B4RB
2Z3XC
3WB0A
1NI4B
4E6ZA
1WHFA
5WD9A
5YQ0C
6B2ZN
3HY0A
3HQFA
4MOBA
2WQPA
1N2DC
5C8QB
3J61t
2R47A
1DBFA
2FPSB
4CO6C
1V32A
1PYOD
4GN2A
4BEHA
4J05A
2CQ7A
5VU2E
1V74B
3GLDA
3NVOA
2K9HA
5XEFA
3CT6A
4IYSA
2KEHA
3QKRA
2CQNA
2KDTA
3C9IA
1J3EA
6C0F8
5UJEA
2MQUA
4LMIA
4X8KB
4LWKB
3ZPMA
3S8IB
3IZSs
1HWUB
5T48B
3PLWA
5M4YA
5OOLp
2PKGC
3RFYA
2EQXA
5AJTA
3WU2E
4U4TA
4GS5A
1ERDA
4XPYA
3C6NA
5EXEA
6G10B
1ECMA
5AMHA
2MW7A
3G13B
3DAWB
5HLJA
2KMUA
2M2QA
3MUJA
1PPRM
2CU2A
1WIDA
1FGPA
4R4KA
3U8VB
5E04B
2MSVA
6AO4A
4X0RA
4NDPA
1UF2Q
2WH6A
5GRSF
4ZNFA
1V1HA
2AJ7A
3MWDA
4QLBG
2DZQA
3J38Q
5LM7N
3H95A
4WIAA
5JL7A
3RW6A
4GJRA
6FKHd
1FQJC
4W8GA
2MPWA
4HHXA
3DFUA
2P4FA
2XKIA
5A43A
1H4PA
5NNVD
5K9KF
2L7SA
4UUUA
3VUYD
4J9ZB
5L0WA
1DQNA
1JKVE
2O6NA
3MBHA
6FUEC
4QYZI
4I6VA
1VW4d
2MHYA
6CV9A
1XS1A
3BFOA
3AY5A
1EHJA
4MU6A
4DIVA
2BZVA
4ZR1B
2RMKB
3JSRA
2I88A
2OFLA
1S55A
1LNGA
2R44A
3SJRB
4YE0B
5T58N
3GMVX
3LUMA
3C1QA
3ESIA
2HG6A
5LBKB
1GRJA
1VQO3
3FD9C
1UTAA
1JILA
2HI0B
1EAYC
3PVHA
1B35D
4R0SA
2Q7BA
2JSTA
5T47B
1PAVA
4DKWA
2RAAA
3KDGA
5JPQG
4QT9A
2H7TA
1CR8A
3BAMA
3NO2A
1PYIB
2P0TA
5CXWA
4B2Qi
4WPEA
3PQKA
2FQMA
1WT8A
1B35C
1GAKA
2PQ4B
4LJ9A
4J80D
3OYMA
4GHNA
2B9KA
3KU0A
2LE3A
5V6EC
2VY2A
4U13A
2BKFA
1ZXFA
4CVNA
3GSEA
1RUWA
1UJLA
2JMOA
3C4RA
2I1SA
2JTSA
4O6DA
2PH7B
1Q90G
3H7IA
3RKCA
4CXDU
4YLFA
6CILN
3LAYJ
3RBHB
3LNLB
2O6KA
2KWVA
1VQOB
2KE4A
4IAOC
3I4RA
4RSWB
4ZQUB
4K6NA
3FPNB
2B0CA
5VGBB
4NK2A
3BBZB
5LB7B
1Y9LA
5IRXF
2N5NA
2WG7A
2KVEA
3WNDA
2JNEA
2RBBA
5W2IA
2JWGA
2KPNA
2W2UA
4GA2A
5GJEC
5VNYA
4W9MD
4H7LA
4R7EA
3GHMA
3C19A
2PBDP
2MDGA
2LOHA
6G72A
5IP1B
5ERMB
2HYBJ
4G7VS
3BM3A
2D1PC
3SHOA
4XK8K
2MKCC
5WDMF
4D0KB
5TC1M
3MCBA
3ZBDA
2FJ6A
2PX9A
4YUTB
3ZH9B
3P45N
4B1ZN
5V13A
5FUGF
2MHJA
2D86A
1UYOX
1MKNA
2CALA
1WIBA
4WVRA
5A65B
1W61A
2WP4A
3NRLA
4DDDA
1SCJB
1TCBA
5EGIC
4PQPD
4NJHA
5N77A
4FZ0O
2LN8A
5L2DC
1N8FA
3TQGA
3O3VC
3QY2A
5C2UA
4U5HA
4Q5EA
4NX3D
4E2LD
2QLTA
3G5JA
1I3JA
2VGHA
5E7FH
2OXLB
2R19B
1X31C
5BMTA
3V9OA
4LFLB
2D9KA
3TS7A
4RSIB
2FB0A
1M1LB
2Q4FA
3FKQA
4F8LA
1ZV8G
1P9DS
1JJ2Y
3FDSC
5JROA
2GFQA
2DNXA
1US8A
5YDNA
3JD5b
2LOJA
4JBUA
3SJLD
4F2DA
5VU3D
5YUDC
4FYYB
5TD8A
1GO4E
3O6QA
4LQKB
2KBQA
4HICA
1NG7A
3P51A
4Z3TA
4Q6VA
3CA7A
5AHWA
4QLPB
1JR2A
5VF4B
4HUQS
5E4WD
3KC2B
2KQ5A
4MYYA
4UU4A
2JMPA
1M0DA
1M93A
2I53A
1WK8B
3QAOA
2LHUA
6ALYA
2LWYA
3TEBA
3KTBA
1V9DC
1HYNR
5Y38B
2QQPF
1R8OA
3MW8A
3C1OA
4GR6A
4G0IA
4EZCA
2K21A
4V1Aq
3AJWA
2GW6A
5OA1W
1YWMA
3II6X
4ZSFA
1D2NA
3U07B
3POPA
2O5WA
2HR2A
2FZTA
4F1HA
1LG4A
2N1UA
2BBDA
3IB6D
1VIBA
3OXPB
2JX4A
2DOQD
1FVYA
3LMFA
3G5OA
3DL8D
4TLGA
4W79A
1EK9A
2DSQG
2G9LA
4N0PA
3AG7A
5NCBA
5E10A
2HW2A
1WUBA
2KO6A
1JJOB
4GT6A
1YDLA
3FPFA
4RW0A
5HUSA
2I9FA
2IJRA
3TR4E
5N2UD
2KSWA
1GNYA
4N04A
3R1VA
3F75P
1F5QB
5CWJA
3FCMA
2QPXA
3MF7A
1EYHA
2R1FA
2OGIA
3N7SC
3EFFN
5A9PA
2HCFA
3SUKA
2E3MA
5CKLA
3N5LA
1BOUA
1VQOR
2E58D
4YS2A
5NKZD
3VYXA
1DFMA
3HOEA
3FXDC
6B87B
4U7UH
4DWEA
3VLFD
5EE2A
2LCKA
2OR0A
4PSCA
5L3XB
2GF4A
4PLPA
3K1HA
4JZUA
4GQOA
5YZ0D
2HJ3B
5UZ5B
5XTDd
4HE6A
1KQ6A
2JVWA
2IH2A
1G66A
2WBQA
2BUDA
1VDMG
2M2LA
1OO0A
3V53B
1RYLB
2J5LA
3S99A
2RQXA
5JDOB
3H8TA
3RYLA
3J7Yo
3WJTA
5CDQS
3CJHE
1NZ8A
2L5BA
4E2UA
5AJ3h
1CKAA
3VKJA
4HLYA
2I4RA
4XLXA
4HD4A
2RFRA
3O0FA
1EEJA
4TX5A
3KWRA
1YF2A
2XV5A
1WV8A
2YQ2A
2CWHB
5XTDi
4L8RC
3J61r
3KNYA
5KMXC
3OKPA
1T17A
3J2NC
4ODJA
1D6BA
2MF3A
5FMMA
1Z7LC
3EPWA
2NN5A
1EPTA
2M4EA
5C8JI
3JVOA
3L5QF
5N86A
4FZ4A
5WAMB
1NF1A
4Y1PB
2NYEB
1YZYA
1LWUA
4JG4A
4EM2A
1M4UA
4CITA
2N04A
5XBDA
4CNKA
3JD5o
2YN0A
3T6GB
4HH3C
3DDJA
4V1Ao
2YVMA
1XFSB
3J6VU
4MZVA
3WASA
2OUTA
5GPLA
2ES4D
2OIWA
5WSGI
2R25A
2YZVA
3ME0B
3WEBA
1YOZA
4K1CB
2ML7A
4G92C
5MZAA
1Y0KA
5FCUG
4I99A
3LW5K
6F40M
5AJJA
3VW4B
1K8VA
2MXAA
3K7XA
4GXTA
3UA0B
2IVFC
3LH2U
2PY6A
2V79A
2K4FA
6CFWI
4R10B
2VPDD
3M1MA
4FAOC
2HXXA
2A0UA
2NYSB
5TUBA
3K1IA
2NLVA
3SPEA
2R4FA
1ZPWX
5ONUC
4EI0A
2PTTB
3MZNA
2RDEA
2DCVA
3N28A
3UNYE
1WIHA
1YWYA
4BZAA
3NOJA
3BM7A
1V66A
5FCMC
3ZNUA
2HTDA
2V0OA
2K3QA
4MTUA
5OR1A
2PTTA
3WU2H
4GITA
2N8HA
4RKIA
2QZIA
4QBSA
5WAKB
3D6JA
3R0RA
3WZMA
3UTMC
2FTPA
2L92A
2I3SF
2G9MA
2X3VA
4HRND
2AFFB
3IUSA
2N2UA
3W42A
4CYJE
4J7HB
1NEIA
4PDCE
1TOCT
5AYWC
2K9PA
1WM1A
3MR7A
6DT7B
1DS6B
5GAOE
2MLYB
2HRJA
4UQWB
4PTYD
4BT0A
3Q64A
2M09A
2IBOB
3JD5i
2QTPA
1VHTA
3CI3A
4JVSA
2L6LA
1TKEA
5I4QB
1XSZA
2OA2A
4AX2A
5C4VD
3W5KB
4LM6A
2Q52A
1M8LA
1XU6A
2N12A
2KQRA
2OEEA
5UC2C
1VW4X
2M36A
4A5XB
4GIMA
3D3LB
2D9MA
3CXJD
1EPTB
5AN6A
2MCRA
2L6ZB
3N7PA
2L6OA
1Y8QA
3E1IA
4HE8N
3JD5n
3IR9B
2ZDIC
