3K26A
1QWZA
3UW3A
1PXQA
2B5IC
5O9ZH
2A1DE
2KT9A
4P7CA
1ODMA
4C9YA
4TV0A
1VQOC
4BEGA
5BQ9A
1N1QA
3N5BB
5CX7B
5CE7A
2EAQA
3QC0A
4O87A
5IRIB
1ZHSA
1Y3JA
2BLFB
5Z1WD
3BRYB
2YRKA
2DYJA
1FXKA
4L3UA
2N5DA
2HY5B
5X41E
1AWCA
2Z0VA
2OTMA
3SD4A
2UWJE
2RTSA
3ENHD
5DYRA
3ZZOA
3OFKA
3FVZA
1GPPA
5YZDA
2Q46A
2D48A
1AKOA
3FJSA
3TFZA
2PMYA
3QYEA
2CT7A
5KTFA
4B6IA
4QIWO
1CWVA
6FKIp
1K9VF
2ZF8A
4QASA
4LD1A
1Z9MA
1Y2IA
1Z9LA
2J5VA
1LUZA
3FHFA
1YWFA
1DCQA
1DIHA
5IJPA
5X8T6
6B4GD
2ZC3A
5MMII
2MF9A
3KZQA
3ETOA
1DYNA
3EJVA
3FDEA
5A53A
1U0BB
2PGCA
3R2UA
3MSWA
4H2WA
2DG5B
2IKEA
2RPRA
3ETBK
1AVON
1SX5A
1NJ1A
3Q6KA
1FZVA
5GARY
7FD1A
2FHZA
1SRKA
2IUYA
4D79A
1KJSA
3DMGA
2QJXA
3ZPNA
4R7KA
2L2RA
3MYFA
4WPCA
3VSJB
1O51A
2RNNA
1KCZA
2PYTA
1BJAA
3RKVA
3LQNA
5LUTF
3U95A
2ILKA
5YRZB
4G1IB
3E4WB
1LBUA
3FAUA
3EXZA
3ACHA
3NRFA
2ACMB
3U12A
4HLSA
3ZLJC
4M1XA
3WOZA
5DJOA
1B67A
4B6XA
5MHKD
4MZ9A
4RHKA
2QYAA
1JERA
2XR4A
4MYZA
3M9LA
3IZ6E
4RQOA
1VQOX
4QU6A
4PT2B
2DS2B
1SF9A
1AISB
5HFTB
1D2ZB
4HG2A
4R03A
3N2QA
1ZU1A
2VACA
3CG3A
1XPJA
1OFYA
4LGCA
1AU1A
2HRVA
4ESQA
1IHKA
1FDJA
2KWZA
3O2UA
5DOQA
2QZGA
1PJUA
3D4IA
4X8QA
4UYPB
2BTVH
2POFA
3X1LH
2A06H
5U0ST
2X7QA
1AA0A
3BCWA
2SNSA
4RL8A
2NNCA
1EXKA
5D0QG
1VCAA
2HALA
1QZGA
4YORA
4AY9B
3VBHC
4UN1B
1U9DA
3VJJA
1OE4A
2P8XS
2KB2A
3VK8A
2HRAA
2PFWA
4LGJA
1NKPA
3A1YA
3Q7RA
4EUKB
2Q4UA
4G1UA
2IG3A
4ZWRE
4RB5Q
1YS1X
3DM5A
5NDAA
4JNHA
2IDOB
1P5VB
3A15B
1H21A
1VTNC
3RXYA
2P26A
4O8YB
3VX6A
2AXWA
4RN7A
1Z8UA
4FDTA
1U7NB
4YMUC
4DQZA
3ADRA
4PWSA
2FJRA
3HIUA
3X2DA
2VSWA
2Y8DA
1QRVA
5V8WA
3C18A
1QF8B
2WW5A
5WIXA
5B3HF
2WYQA
4BT7A
4P96A
4MB0A
6EM5r
3HCNA
3K63A
4RB6G
2Z67A
2PNYA
2O34A
2BJRA
4XFKA
3NA2A
5VWLA
4PWAA
4RNAA
4JIXA
2Q3VB
3NZ3A
1U69A
2ES9A
3SJ5A
1OHAA
1W2LA
3GR5A
3GODA
1XF5L
3FLPA
3FGVA
4S24A
2NOCA
5U1HC
1TL2A
2OJHA
4KJRB
1PZWA
1RFYA
1UKFA
1AN4A
6EZNG
3G79A
1C7KA
3K7DA
2J3XA
3ISMC
4F3LA
4KRDB
3QORA
3NFQA
4HORA
4JO7A
3K3VA
2OGFA
4ALYA
1F1EA
2LLZA
2HINA
2HX6A
1GXYA
2NR7A
5IR6B
2PD1A
2JEKA
3I3VA
1UVVC
4BK0A
3CTRA
4I1LA
3IUPA
3B5QA
4PSNA
4QBAA
1USYA
2OSEA
2QC5A
4B1MA
5DOKA
4YSXD
4WWFA
1WD5A
2DTJA
6AS4B
4B89A
4K48A
3AA0A
3GK6A
3FNCA
5W3NG
3DSBA
3EJ9A
1XXAA
4ARTB
2Y1BA
5E3VA
6B48K
1FMJA
3SOJA
5A3DA
3LCZA
5BNCA
4PZLA
1ZZPA
1Z0KB
3RJ1U
5EKQC
4ID8A
5HALA
3GOEA
4OGNA
2E1MC
4V1AD
3FCNA
3LMCA
1YKEC
4PZJA
4HASA
1VLQA
1TZAA
2OYAA
2CTUA
5DJEA
4WVEA
3FH3A
3IE4A
5HZPA
4MZAA
2H00A
2OP5A
1VHEA
2RHFA
6F1Vm
3T7VA
1ZD0A
2I06A
3TBDA
1X6IA
5W7BB
4BJTA
3DM3A
3F0PA
6BZHB
3WWLA
2GTAD
5CGZB
1WDEA
2Y2LB
1OA8A
4UYIA
2PQVA
4DCIB
1CO4A
2CRLA
3GA9S
2K0MA
3BGEA
3FSGA
1JAKA
1TU1A
4K2PA
3RJ1J
2WKNA
3MZYA
4LAYA
3M33A
3KDFA
4QPLA
3FFVA
4Q7GA
4D6KA
3K93A
3WZ3A
2J9CA
5JW9A
3CEXA
2VYOA
2KUJB
2LLAA
3T6OA
4RT1A
4G7XB
4ZRJB
2BKYX
3O0LA
1LR0A
2QIHA
2OMOA
5CYJA
4RGIA
3FH6F
2FYUI
4MLMA
3R8JA
4AOQE
3V5WG
4RB61
4MAKA
1W4SA
2W5QA
1VQOQ
5TSBA
3FACA
3I00A
4HBEA
1VQON
2XEMA
6F1Vf
2YAVA
2JVUA
3AYHA
3MHXA
1JHJA
2F6MB
3AIHA
5JH0D
2FF4A
4B9WA
4K12B
3A07A
2ZX2A
2PA2A
3SSOA
2KFVA
1PW4A
1C1YB
2QSDC
4LO6B
1FN9A
3EMIA
1XXQA
2AB9A
3NUHB
2Z84A
2E7VA
2V14A
3QH9A
4FLAA
4WAIA
3V6PA
2CX7A
4K61B
1X5MA
2CZSA
3GRHA
2ARCA
4Q29A
4CQIA
2PRGC
3E8LC
3QXLA
4XHTA
2F4PA
3R6AA
1M9OA
5EYOC
1CMCA
3J12J
1RF8B
4RB66
3IVPA
4G2AA
3FSPA
3KP1E
5N9JC
2HJMB
2FHDA
2Y7LA
2DLKA
3A4RA
3P8DA
1MOFA
3VGZA
3H8DA
4OY7A
4UI9M
3X0HA
1I4UA
3MDGB
1FSGA
5FLDA
4AC7B
5A21G
1XDTR
5I1UB
2EBEA
4QTCA
4ZOHB
2D4GA
6B5BF
2JYSA
2EO2A
3FDQA
4L9BA
2ZKRG
3ONDA
5F6RA
2JMKA
5LY0B
3ZRIA
2XU6A
2G7CA
3BJEA
2W0GA
3WW0B
1VQOT
3O5YA
4J20A
4N81A
4ZCEA
4RU0A
5LXYH
3N72A
5IS0B
3ZEUB
2BDRA
1Y88A
4MB7A
2Z0JA
3QZMA
1R77A
5IHFB
2Q01A
4R8OA
2QLCA
2GJ2A
1SK7A
2QVKA
1QHXA
4O2TA
3JZ0A
2HX0A
1VBWA
2F22A
4YXCB
6EXPD
3AG3D
2W2XC
5FQ7G
2JK9A
1E29A
2MD0A
2LT8A
1G6GA
3AJFA
4LD7G
3FKAA
1MR0A
5BPZA
1TWFI
3IRPX
3R20A
3MNPA
4J7OA
1SR8A
3B21A
4F98A
5HDAC
6EUXA
4FCAA
2BEQA
3DYJA
4WPYA
3HVZA
2VZNB
1VYBA
2CAYA
4KWDA
1QBZA
1VQOU
3OA8B
3ALJA
5CH6C
4XAQA
1PQHA
3DA5A
3W6KB
3CX5B
1EM9A
2VT8A
2L3FA
4CKND
1LJ8A
2FM9A
3I2VA
2B3WA
4J6OA
3NO7A
3K3KA
2PYGA
3F4AA
2O9MA
3I6XA
3BCYA
5AJ8A
4X36A
4RB5R
1UADC
2YQ1C
3LD2A
2YV6A
2MPQA
4A1KA
3KINB
5EQZA
3GU3A
2QL2B
3S6XA
2WAKA
3IOXA
4H6HC
4FM3A
1A73A
5VK2a
2C2ZB
4NPFX
2C60A
4XJ6A
4HTEA
3QIKA
5D16A
3F1TA
5J9TC
3SJMA
4KBXA
3RVCA
2HJQA
3PQHA
3BF4A
3ZZHA
2A6HE
4G2KA
3FD3A
2HHIA
3OOSA
2XCME
1U61A
1YPYA
2P09A
1B02A
3A1GB
2W1NA
4I6XA
2QYFB
1CKMA
2R1IA
1T4HB
1YARA
4J42A
1KR4A
4QXZA
1DVOA
2FHPA
3ORUA
3SXUA
1VQOE
3WO6A
3E5ZA
1VHDB
2YADA
2QRLA
4R33A
3UF1D
1W1HA
1ZX3A
2JUGA
4NKBA
1IS1A
3K6QA
2XVSA
3D1NI
2GWPA
5GNWF
3KL7A
3K29A
9WGAA
4GQMA
4ORLA
3B48F
5UKHA
5AIZA
4M8KA
3D8LA
2CY5A
6F40W
2GSLF
1X60A
4NYQA
1JYAA
1CBKA
4ZNMA
2RSIA
1FIUA
4KG3A
2LUVA
2AQXA
4O5JA
2YH5A
6B4EC
3IP4B
3UTKA
4BFAA
4FR9A
4FHGA
2KICA
3SD2A
2NS0A
3GRDA
1GU3A
1VQOP
3O0ZA
5CEGA
4PEDA
3TD7A
2IOJA
1Y1LD
3MX1A
2AZJA
1STFI
3ZF7j
3BRUA
4RCJA
3CEIA
1ZQ7B
3LUAA
3OUEA
1TWFF
1SSLA
5JYSA
1R48A
5A61A
2CS8A
5W87B
1F3UA
3WPSA
3RT3C
5M2YB
4WBXC
2R9RB
5OOM6
2H8EA
3FP9A
3Q4HB
3VEAA
2JC9A
2YV4A
2VXTI
5V68D
4IQHA
3FJVA
3PMRA
1HQZ1
4FMLA
4F03A
1LSHB
2KSKA
1DBTA
1NO5A
2Y9WA
3NQIA
5MS9A
5J6PB
1MM0A
3WSCA
1NYCA
4PUGA
5A96A
1AHSA
6F36M
1KFYC
1IN0A
2GLLA
2PH0A
4MJ7A
3CPTA
2J2JA
3FGYA
2R5OA
4FQ0D
1H2SB
3TJ7C
2FP3A
4RPFA
4K92A
1J5BA
1WC4A
5UNQF
2WCWA
4TT0B
5YL7A
4UNCD
4OE9A
1Q2HA
4ZXSA
3PYCA
1SF8G
5OBTF
6B4ED
3R9RA
2ITBA
2KA2A
4CG7C
2GAXA
1KBFA
3EARB
4RB5T
3CXMA
5IECA
2JETB
1BIFA
2D4PA
3E8VA
3MAZA
2VYWA
5EDLA
3RGOA
4AC1X
2FP1A
3FVVB
2JXZA
3WOEB
4JHYA
1A2ZA
1UB9A
2ZYRA
1R2JA
5Z00K
1QS0B
4O7KA
5WODA
3IB7A
1HH2P
4HS4A
4H3WA
3FHKA
1LPBA
2RSOA
3KMIA
2D51A
3MSTA
2C5WB
4GNSA
4QNCB
2VVFA
2BE3A
3MKLA
1WM9B
1KZQA
2M0DA
2EE1A
3U7IA
1DKQA
2JUCA
4QM6A
3J21l
4C5EE
3GA2A
3M21A
3CTWD
3PYFA
3FOCA
2Z0TA
3L46A
1WMXA
2NABA
3WU2O
3E7LA
5JG9C
3BCVA
4A1RA
3PNNA
3VRDA
1UGLA
4PSLC
1Z9VA
4JQPA
5HTLB
5UZ5H
1HLVA
4PX8A
3E59A
3A2ZA
3F40A
2PQCA
2NYXA
2N26A
4EBYA
5FSAA
1R5SA
4FTXA
4LDUA
1U7LA
3LD7A
3LWTX
3GY9A
3EZIA
1HY5A
3ZVLA
5GZTA
1P9OA
4AE8A
3PKVA
2P97A
5C8AA
2N8EA
3ODNA
4IKVA
3EOFB
2QHLA
4RA9B
1AAZB
3O7PA
3MTXA
2N4AA
5A10A
5I65A
4UEXA
1PYVA
1TWFJ
1Y9QA
3WS1A
4LU1B
4HZUS
3ZF7B
3NTWA
3SONA
3FB8C
2KPSA
3BKRA
4HZ9B
1M6YA
4NFWL
4LORA
3TYSA
4IABA
5IP0G
4YZ0A
3RSNA
4RXVA
3F1IS
1JX6A
2G8SA
4YWAA
1K7CA
2BL8A
5E3IA
4MITG
4AYCA
1M2DA
4CYFA
3B49A
4L2IA
1X3CA
3U80B
2K3OA
2QRUA
2XMXB
3T47A
2AAMA
2N99A
4EOGA
2L9VA
2QQZA
3HNWA
4WHEA
2G8YA
3FMBA
3SY6A
2EQFA
5XYWC
3EMXA
4QN1A
5LSJB
1XPPA
5Y81C
3N89B
4Z80A
5APAA
1KVEB
1ZXUA
3TTMA
3M8JA
4LDCA
4N3YB
1CBFA
2GQCA
4G6DA
1RO5A
4Q2LA
2PIJA
6EM5w
2X26A
1WHZA
3PC7A
2RINA
3NISA
1GU9A
3FAVB
2HPUA
2W8XA
4U12A
3X37A
1XV2C
2G0WA
3IQTA
4P6VE
3VPBA
2XT2A
3HA9A
3L7HA
1I5NA
2XXNA
4MNUA
3QHPA
2LBOA
3TMKA
2CH9A
5IA9A
1D2PA
3CJPA
5JAKA
6AZPB
1GYXA
4MJKB
1ED7A
4WFCB
4RB5P
3KYEA
3CWRA
1QO0D
2QEAA
2CV8A
3D5LA
4HEOA
2ZU0A
4F7GB
2F1NA
2I5UA
1FJRA
4J8SA
3UO3A
3VUBA
2DVZA
4NPXA
2IWAA
3F9SA
3GOXA
4UTQA
5MS0L
1TIQA
2JA4A
4HYNB
1WDGB
3G43F
1UEBA
2X9CA
2BHVD
1YD8H
4RHZA
2GT1A
3G8QA
5MG8B
3BM2A
2B2AB
3GYGA
1VKEE
3G2BA
2WT7B
1WH0A
2HUJA
2DSKA
2XI8A
2P3PA
2L0ZA
1OEYJ
4RS7B
3A1JC
4F2LA
1NFVA
1S99A
2ZYZA
3WVAA
1TLWA
1POIA
2BT9A
5G3QB
1POIB
5TJWA
5VHFd
3Q98A
3VK6A
1L9XA
3L0AA
4ZKQA
1MMSA
2J3TC
3QAUA
2P62A
4JB3A
5A4HA
1XTZA
3NKGA
2MLAA
5X90H
5CZ3A
1EERA
1XUVA
4DM5A
2D4UA
3WX7A
1DDBA
3MKQB
3IUUA
2YFAA
1UG7A
2RK5A
5KWBA
3J60P
4ER8A
3ZUXA
4G0AA
4QWOB
2FUEA
3L5IA
1JB0C
2HBOA
2N8BA
3H2SA
4P3HA
1WLZA
2G8LA
1EB6A
5GOUG
3PWXA
4N3TA
2PO1B
2IMFA
3U0OA
4GQUA
2J2SA
1ADNA
2VE8A
4QPTA
3FLOB
3MTQA
4NC7A
5WHGA
2AXQA
3Q6BA
2E7JA
3CXNA
5B64B
4UF1A
4YZGA
4WPMA
2ZE7A
4CFPA
3IR4A
2NLQD
5VBNF
4J0DA
3ONRA
2E6XA
4UZ3A
5HP0A
1I7XB
2LHRA
1BGFA
1T4AA
3K6GF
4RMOA
4ASMB
3O3MA
4P1MA
4MGQA
4WXSA
1JW9B
3X27A
2CXKA
4Q63A
3KFOA
1SG5A
4FH0A
3VIVA
2WFBA
5MNTA
4XB6B
5GJ4C
1RP3A
2QSAA
3S9JA
3TJQA
3C7AA
4TPWA
3RNME
5UA4A
5OENB
1XJHA
2DOEA
5GAPB
3GNEA
4BQ7F
2W2AA
1YX5A
1VLPA
4JLRC
1EJ0A
3P2CA
3IGFA
1V64A
2R15A
2D00A
4NBIA
3OFGA
1DGWX
1PMIA
1J1VA
2A5ZA
2XEDA
3GDWA
3QNQB
5LP2C
2V7CA
3QF7A
5JLVC
4GUCA
3SF4E
1TC3C
4Y7SB
4EPZA
2WY3C
1XTCA
1BGYI
1SZHA
3U52E
4E01A
3BLNA
3GNAA
4QAFA
2VVWA
3E9VA
1X22A
2F4MB
3KSPA
3NZZA
3MYDA
3HHOD
1KV0A
1ZX8A
5BV8A
6CB17
3H36A
4AFHA
3HWPA
2F60K
2O28A
4LCQA
1P5DX
2HP0A
2GJ0A
2WU9A
3CE9A
4V00A
4X2HA
4Z4AA
2QGOA
4JIVD
1JB7B
2ZCAA
2V4XA
5I6CB
2XTLA
5UYTA
2HNTC
4PEIA
3ISMA
3U2UA
4Q1QA
1UOYA
4U0WA
4E4WA
4I1SB
4QTJA
2V3GA
1TD6A
4Y28K
3DF6A
1EAIC
3VDJA
2RJZA
2K7YA
2RQ2A
2D4RA
4AKMA
3PS0B
4QTSD
4LIZA
4JE3B
3ABQA
1EM2A
3PR6A
1CVRA
4W8WD
3LKWA
2GHVC
2MXWA
4LDBA
3UN6A
3SB1A
4UX8C
1CQ3A
2K3UA
2BL2A
3D0JA
2RMHA
1VK4A
2OITA
3MQZA
2EDMA
2GRUA
2FKCA
1RDUA
2A50A
4DGHA
3F5RA
3NRWA
4WCGA
1SXRA
1B3TA
5U4ZA
3IJWA
2B9SB
1NFKA
4NT5A
4X5PA
1X4QA
4RB6H
3TZXB
3ELIA
4ZL4A
2W9OA
3CT4B
1ICFI
3IUOA
2KSDA
1TAFB
1SNZA
3VX8D
4S12A
2F07A
5ZKOH
4B0ED
5IQJA
4BWCA
2K9LA
4HU8A
4LWRA
4FXIA
1YUEA
3MTRA
2C5UA
3NPPA
5XTDv
5BUDA
1UZ3A
3A8YC
2LYIA
2GRRB
4DYQA
4U4CB
2L1QA
5EN7A
2KRXA
3OBQA
2ACVA
2YQRA
2MZ7A
2HY5C
3A8RA
3H6NA
4LQ6A
3LAZA
4PU7A
1NMUB
2ODLA
1H3OB
3CK2A
2PJUA
1OFZA
4XP8A
3FH1A
3L6IA
2OQBA
4IWBA
4BNDA
3FF2A
2FE1A
4TN5A
3JROC
4J7BF
5H6IC
3A0SA
4JZ8A
3ONHA
4NWBA
4FDWA
2XXPA
4JD0A
1KQFC
4TPSA
4H05A
2HUHA
2MEV4
2QNEA
1I25A
1XD3A
4R7FA
1TWFC
1WQ6A
1EZWA
3DL8F
3KDRC
3OT2A
2WJNM
3RWXA
2F4MA
3O14A
4D63A
5A0KA
1TUAA
1YSXA
2OARD
6C24P
3MX7A
3MMLA
4YMRA
1WOUA
3D0DB
5U4Jd
1FJ2A
3RI2B
1PIEA
2Q82A
2BOLB
3BT5A
1DWKA
1J83A
1V30A
3ZVKA
3LQKA
1SAUA
1RJ1A
1VQOV
2GD5A
1YFNA
5TGFA
4NYHA
1PYIA
2OY9A
1ES9A
2BYDA
4FKZA
3F52A
4YH8B
3QVGB
4N1LA
2OOXD
6G5HR
2HSBA
3CRCB
1ORUA
1LQ9A
5WRHA
4DJDD
3CJMA
5J03A
1YXYA
4PHQA
2VMLB
4ZJHA
5TVFC
1J58A
2Z30B
1ZP2A
2NZCA
2RG4A
2NSFA
6BL5A
2HIPA
2CE0A
3U0HA
2FKBA
1PYTA
4NLHA
3OY2A
3HIXA
5JKIA
4RV7C
4O1SB
3DZAA
1Q33A
1KQFB
2AHME
2NXVA
2VOYH
4QUSA
1ICHA
3GIWA
2VOYE
1XFKA
1X3LA
1GFLB
1O4WA
2HU9A
4Z29A
2YGLA
6AR3A
3K0ZA
2WB1Q
4F0HB
2FIPA
4EJRA
4RUDA
1SGOA
3T3LA
2VVYC
5NF8A
3IRUA
1C1KA
1YD6A
2IIAA
6FC0B
2IABA
4ACFA
3CP0A
2ZD7A
1PMHX
3J26N
3QSLA
2V6GA
4KG0A
1H7CA
4FK9A
3E9GB
3KXYW
3EWIA
5A8UA
1TLQA
1DECA
1E52A
3PJZB
3HGMA
5MDRB
2OZ9R
4UAFE
4L1NA
1SJWA
2OF3A
2CWYA
1ZBPA
2QEUA
2I49A
4R6YA
2QSQA
2XDJA
12ASA
2KWAA
1I49A
3TUOA
3GKJA
4OX0A
4NV0A
4O64A
2B4HA
2QNIA
3OLOA
5VJ4B
2EBBA
3NPDA
5MJIA
4HPPA
4NJ6A
5V7SA
1IAPA
3VHJA
2OHWA
2J5YA
4D8BA
5BQKA
2D8DA
2PYWA
4EDVA
1GL2D
3RONA
3HJGA
4U8FA
4Y97A
2OFHX
2GZQA
3TEQA
5A6GB
2IC6A
1Q7LA
4MHPA
4GEXD
3TE8A
3NWCB
3K1QE
4HW0A
1LR5A
4JONA
5KXFA
3NVWB
2CG8A
1V8CA
2B8MA
1B9WA
2YUHA
1VRVA
4EP4A
3N40F
3KDWA
1RH6A
5U4Jw
5DN6H
2VKJA
5W5YQ
4P1ZA
4Q45F
3SFTA
2VRSA
5AURA
4OC9A
4LADB
2IEQA
3R9FA
3F1ZA
1R62A
2OWPA
5JCEA
3L48A
2NUJA
2OZNB
2KJIA
4OU6A
3HZSA
2PRVA
2GLZA
5L85B
2W5EA
4HI4A
2Z7BA
1K2EA
4R29B
2BYKB
5BSZA
1HNFA
4DPPA
2YH9A
4PY6A
4C92A
1XV5A
4IZZA
5BMQA
2YREA
3MXAA
4F3FC
5AZCA
1BDSA
1YLMA
3ZRGA
2ZC2A
3BP3A
3DZDA
1A62A
4RB6V
4G7XA
2YXHA
1M3UA
3LI9A
5H5CA
4ATHA
1IO1A
3BWLA
4KTWA
1NWZA
4HC5A
3ERVA
5BY1A
5XA6A
1J5YA
3NKLA
2LU2A
4HI6A
4N6QA
3OZIA
3K9VB
4QANA
2QV6A
2EG3A
2RFFA
5TW9C
4R1ZB
1UV7B
2A7OA
3TW8A
1R71A
1WLGA
3VIQB
1OMAA
4AYAA
1Z05A
2LUDA
3P0YA
3GIAA
4L8PA
2GEYA
4LURA
3CU3A
1WGWA
6CJ0A
1TUPC
3RLEA
3DSHA
1D1GA
1X75A
3HRNA
4AE4A
3BJOA
4Z48A
5CH4G
1QFHA
3GLVA
4M8AA
2JONA
3EIPA
4ZY8A
5A07A
2OFYA
4AFLA
1VR7A
1DGWA
3P8CF
4RFUA
3R84A
6G72J
2HQTT
2PJWH
1U8VB
1WP5A
3FDIA
1RO7A
3EK3A
1T50A
3HSBA
3KCPA
3IHTA
3AAGB
4WSOA
1ZHVA
5GOLD
4KM6A
4LDDC
4JHGA
1XOUB
1T7SB
1YACA
3U83A
1J0LA
2Y0NB
5I5DD
2TSSB
5WYLB
3M0DC
4OMFG
3ZQOA
3EDNA
3QV2A
3IGHX
1KAFA
3GZBA
2YK4A
5V50F
6EM3B
4XLGB
2FZVA
2D9DA
3GFSA
4P6VD
3F08A
1R88A
3H6JA
2L25A
4G3VA
3AEIA
2QTDA
1UJWB
2X5RA
3F42A
5X2DB
1OCSA
4PH1C
6BAQF
4HI0B
4I6OA
2GWFA
5HY3B
3N0QA
1QMOC
2PIEA
4B8VA
3TUFB
3S9GA
2LLGA
4M2AA
2MN3A
1Q0RA
4AY9A
5H8AA
5HRJA
2M89B
3WWCA
4G08A
6EM5J
3S6PG
1ZV1A
2JA9A
5COTA
1Z1YA
4GHUA
2HD0A
4D5BA
1ZXJA
4RSIA
2VQGA
2DJPA
3L82B
3SZPA
1W8IA
2M86A
1XN8A
1WMHA
3MSXB
4DW0A
3QTPA
3IDWA
2LD7A
5OQMh
5H3WA
2IJQA
2YSKA
2MHRA
1R1MA
4OYDB
1T6UA
4M1AA
4BG0A
1DD3A
2DSYA
4L5CA
4YGTA
4GB5A
5BONA
3LFKA
1R7LA
4QDGA
3QSZA
3RK6A
3TR3A
2Y2ZA
3HF7A
2A6AA
2O5VA
1XU0A
2FP4B
1KLOA
2Y3VA
1LMIA
2H36X
4ZOXA
4DQJA
1VR8A
4C6SA
5VGLA
2GHTA
4W78B
3VY8X
5MC9B
1NE7A
1VR6A
4X8AB
1WFPA
4KU0A
2XUVB
4YC7B
3M03A
1TWFK
4BZ4D
4OPBA
3ZZLA
5CV1A
3O5TA
3F59B
2YVTA
5D3QA
3D0WA
1KX5A
2Q4ZA
1JB0L
4WJIA
1VSRA
3O2RA
1L1PA
2GBWA
3E20K
2FL4A
3GAEA
2F4EB
3GQHA
2IZPA
4HSTA
1HY9A
3GBYA
4BVYA
4DULB
3LRTA
5ML1A
4CHGA
2R9FA
3L8WA
1YFQA
4UYJB
1RZUA
3CGLF
1UT3A
2FFMA
1UGOA
4LBAA
4Q3RA
2BH8A
5OQQC
3OOUA
4XB4A
2D49A
3IEZA
1Y43B
1IURA
3IZSJ
3J46N
4RB6I
2I6EA
4HYGB
3LQCA
5KYHL
3GA4A
3R2TA
5JYHA
4MWFC
4LQEA
1WPHA
3NREA
2ZQMA
4PCKB
2GS5A
1SJ7A
4Z8LB
1HPLA
2Z0UA
5VOUF
3K1SA
1ZKEA
4K2JA
1L3YA
4JEMA
4DADA
3D82A
3H4XA
1K20A
3BEYA
2JR1A
1R12A
1JPXA
2VE7C
4Z0VA
1DFUP
4EXOA
2K1KA
3D1PA
5FL3A
1AC5A
3D9RA
5O9ZE
3NWZA
2QJLA
4XOMA
3MALA
4RGKA
1Q3JA
5IJNM
1EI9A
2MAOA
2W01A
2FNFX
2HKTB
3EEYA
3U1WA
1GH8A
4BL0B
4E0GA
2M0MA
2NBBA
4DOYA
3WDGB
1L5XA
1F5MA
2O30B
4M5RA
2P3HA
2KV9B
3ZHIA
5DCKA
5Y81E
2B4JC
2HL7A
4ZGMA
5EP6C
5DA9D
2XHQA
1KHIA
6CFZJ
3DNJA
4BOEA
1VZVA
3IGMA
3E9TA
2M4FA
1B33N
3CGVA
4P7XA
4S1PA
4UQUA
1SRAA
4KK7A
4RM7A
1QHHC
5A9DA
3U6XU
2PN2A
5CHSA
3R12A
4U4HA
2QYCA
1MW7A
4WZXA
2HEOA
4JLEA
2V8HA
4BFCA
2OKMA
3SM4A
4ZVAA
3VPYA
3NNKA
1W53A
3LYDA
4LPQA
2R1JL
2Y8NB
3HNXA
2ICGA
2BAFA
1WYPA
2DM9A
1O7IA
2RE3A
3EHDA
5JFTB
2MN5A
2MOBA
1FT5A
4U5RA
5A1QA
3RJUA
3ORJA
3CO1A
3NV0A
4BJMA
2PFMA
2D81A
3A7RA
2N95A
3L3UA
3G36A
1HBNB
4ZBOA
1KXPD
4UMGA
3N8EA
3ALRA
5CRBA
3W0OA
4J5MA
2XGYA
3IRAA
3IWPA
4FBJA
3EC4A
3SHSA
5A0NA
2K8PA
4LPLA
1VPCA
6CWXA
2B2HA
1SV0C
1RUTX
1KCGC
2JRBA
3VP6A
4X7YA
1XL3C
1VJ2A
2YMAA
1FC3A
3JQWA
3ZIBD
3I9FA
3PA6A
4YZFA
3O2IA
2ZDJA
3LWXA
3EXRA
2ER8A
3NCTA
2OD4A
2RK0A
2PZ4A
1KN7A
4N4OD
2N2TA
4CCSA
2Z43A
4BMDA
2RB6A
2P4PB
4X3IA
3RKOA
5MRWC
4LQXA
2PHPA
1SAZA
2YYBA
1XNFA
1VIMA
5GYQA
4RHZB
1R8HA
4UXEA
1HZ4A
5F2TB
1ETEA
2XZ8B
3FDJA
1Y44A
4EXRA
4OOUA
2JU4A
4UJ4E
3ASLA
3B0DB
1EXSA
3QV0A
5U7ZA
2FREB
5IFGC
5FFCA
5NPLA
1B8ZB
1XNPA
1GUXA
5L3XA
3AJ1A
4IPUA
3MY2A
6AOKA
2QZ7A
5EMXB
4B6WA
5FL7H
5LCSA
4JYSA
2YNZA
1ZAEB
2LHTA
3BRCA
3LQVA
2VTCA
4GI3C
4V3LC
3RQ4A
4GOQA
4OQ2A
5HX2F
4V1Al
1INPA
4REGA
6CEIA
1OOHA
3FY6A
3TBMA
3HRZB
1XKOB
2KMXA
3HN5A
1WVEC
3S6FA
2OXLA
5J0HB
3KY8A
2ODCI
3VZ9B
2ACMA
3CPKA
2QULA
3FLDA
4PIOA
1XX1A
1VQOS
4LUKA
1N26A
2XBGA
4YHCA
1DH3A
3LD1A
4A9ZC
3ZQ6A
4IZXA
4RT5A
3JYBA
3ZFIA
4YY2A
3GXQA
5IKFA
5X9XB
2OZJA
3NFIA
2QVLA
1H6HA
3CJLA
3GHDA
4PKFB
2PK9D
2I5VO
2HG7A
6F1Un
3SJDE
3QU3A
2QSWA
1ROWA
3AQBA
3Q0HA
2XZZA
3L1EA
2GF3A
4WWMA
4U9RA
4CCVA
4MUOB
2KHKA
1SBPA
5C50A
4M5EA
4AP4A
3SEBA
3ASIA
6CWXB
4QFTA
2JI4A
2F3LA
5O9ZL
3DD7A
1S12A
4AEQA
1QTFA
3G5OB
1HUSA
5NV9A
3G3ZA
4ZXAA
2HGSA
2KNJA
2Q3WA
3LUIC
3UXJA
3X37B
1K8KD
4RB6U
1JO0A
3K1YA
3NQHA
2QYXA
4QS4A
2NX2A
4FAKA
3N79A
1Z6MA
5D9RA
4X6GA
2BO9B
3A5PA
4P99A
3BY9A
3LO3A
5G2ER
3MEZC
5EPEA
2Z26A
4R6HA
3I38A
1MWIA
4K70A
6GBZM
2NNRA
3BH1A
1KJ0A
6F7JA
1VHGB
2GK4A
1VKKA
2TGIA
1ZK8A
3FB9A
3QBYA
4NOCC
4RB6X
3FYBA
3EFGA
3MAHA
4ZGFA
4MOZA
1MTPB
2JYDA
1WUSA
1JOGA
5HX2I
2NDJA
1FOUC
4UYTA
4O89A
2V8QA
4NNGA
3TLQA
3ZJAA
4G9YA
2ICWG
3CZCA
2E2DC
3DR5A
2YILA
5C6UA
2GK9D
4A8XA
1F60B
5B1QA
2ARIA
1GHEA
4I0WA
4M6RA
4I4NA
3MVAO
2R88B
4BWVA
4WZ0A
4TLFA
3I1AA
1TDPA
4U60A
3OF7A
3HFOA
2WBTB
2B30B
4V0BA
3RKOK
2OXOA
2FWHA
4I7AE
1VMDA
4PKMA
3A6RA
1TXOA
3IPJA
3ZC0B
2Z51A
3ZVKE
3KF6B
6F0AA
3TT9A
3I1KA
4DOIA
4A60A
2YFUA
3KZPA
3ILSA
5M30B
4KT3B
3MTUA
1I8AA
2J7QA
1XVAB
1GMXA
3E0ZA
4LG3A
2J6AA
3ZBOA
3GDZB
16PKA
2Z5CD
5FIGF
3EPZB
4GNKE
4I3MA
2IN0A
3LQMA
1GPCA
1LY1A
5B5RA
1PZSA
3IUWA
1RKUA
4ZB3A
1SR4A
1A1ZA
3DCLA
4MO0A
5XFSB
3OIZA
1KOYA
1VKIA
3TJZF
4KXQA
4CHHA
1LDFA
3D3OA
1N1CB
2KQWA
1OTKA
3RV0C
2P11B
3G33B
4HK1A
4RB62
1O3XA
1Z3EA
1DMUA
4ESKA
1W9EA
1NYKA
2Q9UA
3OR8A
3HPCX
1JB0E
3CQXC
2XNFA
4DGFA
3DSMA
3IPFA
5U8TC
3PFOA
4B1PI
1NLTA
2E9XB
3F1IH
3ZF7P
3U3WA
1JB0F
4PQQA
5M48A
2FLGA
3ZEUA
3P04A
2R31A
3OJ0A
2I7HA
2QJYA
5FIRF
1V9XA
2DH2A
2OTNA
4HRSA
4OOGC
1HEKB
2ANNA
4O8WA
4HZOA
4A5UA
2MLXB
3HZPA
3HV9A
4L9UB
2Q14A
1PCHA
1TWUA
4ZVCA
3GE6A
2XWSA
2FCWA
1C15A
2APOB
1WE1A
6FKFg
2BCGG
1SFKB
2Y8TE
2E71A
4EI7A
1DGWY
3I4OA
1LWBA
3E98A
3KWPA
2VQPA
4QXBB
4NTQA
3O0DA
2J8JB
4XTTA
2KLNA
3ONJA
2KOGA
5YO8B
3ANPA
3CNYA
3FW9A
3MOPF
4A1FA
2GTIA
3AGCA
5O33B
3FYRC
3CWXC
4ABMA
4WRIA
3R5YA
1YKGA
4MJDA
2RETA
4LLAA
5U0SI
2LWFA
4WKZA
3B7CA
1BB8A
4WTPA
3MSHA
2HKUA
3QSJA
4DYLA
1V76A
4C47A
1E2BA
5CJ3A
3A9BA
3D0FA
1K0IA
2EX5A
2JG6A
4WQKA
1AIHA
4AMMA
5MQFS
2CZVC
2KONA
3EGWC
3JXOA
5LJ3F
4RC8A
4FYMG
5XBIA
2LONA
2GLDA
3IQUA
4G3AA
4N06A
5MM2A
3BOEA
3PVTA
4PHZB
2OV6A
3FBLA
1URRA
3ULTA
2WDQC
4INOA
3QS2A
3IEEA
2RHKC
3RFAA
2XVOA
4LQBA
1H65A
4GMQA
2KO5A
1FXRA
2H98A
3RBYA
1CXZB
5IJJB
5XNWA
4XPMB
1L8DA
3KZXA
4L54A
3OTNA
1L8WA
1WCWA
3E53A
5H7UA
1KRCA
2QEBA
4IEUA
2C4IA
1EWFA
4F7UA
3NZTA
4MESA
1B5FC
4REVB
4REPA
3B98A
4W8CA
1Z2NX
4DJDC
1MP1A
4MLLA
4NL9A
3QKCA
6BDEA
3BYPA
2EWCA
5IIQA
4QJVB
1BL0A
4IOZC
3IMOA
5L82A
1A3AC
3AG3E
3IBPA
3R9MA
1Z0PA
1VPRA
5DN6Z
4NDOB
1JH6A
5DMPA
4GEKA
2UX0A
2ZSCA
3WY8A
4U5WA
2G3RA
4NZGA
5O63A
4RO3A
5M8RA
5AOQL
3CNUA
4LVNP
4UUJC
3EYTA
4TJVA
4H14A
2X5FA
3TY1A
1YZVA
3NMDA
3EK6A
3NAPA
5J0LF
3HE5A
4TPSB
3A32A
1RLIA
1S9UA
2XJPA
3ZDSA
2W31A
2G04B
3V69A
4DGWB
4C92E
2OBPA
2AJ1A
3VPBE
3LRXF
1FASA
4US3A
4NSVA
1TU9A
2Q30A
5JBTY
1GMUA
4IC4A
2UW1A
2PG4A
1L4VA
2YYYA
3RRLB
4GBMA
3E6CC
1UX5A
1GHHA
1R4VA
2L9NA
2ENDA
5DAYA
1NPSA
2YMSB2D1CA
1VPQA
1R0DA
4D0QA
3TEDA
1F6VA
4GSKZ
2P5VA
2MXTA
1I1RA
1PBUA
5C5VA
1BB9A
2XOLA
3CCFA
4CBKA
4F0AB
2RKLA
2QE8A
3NGGA
2WY3B
4LJRA
3WV7A
3BZ6A
3PM7A
3SEIA
2D9FA
4ZLDA
3D34A
2X9KA
5M94A
4JE3A
2DBSA
2MMPA
5N4KB
4L7MA
2DUYA
3PU5A
2E9XA
5OXEA
2QJWA
1WY0A
3TL8B
2PXGA
2O14A
4PVAA
1TV8A
4R7SA
3J21d
3F6AA
2UUYB
2XMJA
6G41H
4UC8A
4WHIA
3X2MA
2ZDPA
5NCNB
3DANA
2ZGYA
3NZLA
2MNIA
3MABA
1IBYA
4XURA
1KN6A
2O013
3HLUA
1A0CA
3FQMA
3UPLA
3QFMA
5ABVB
3F67A
1C44A
1G5ZA
3CSXA
4GK9A
4AB5A
3HSHA
5IOOA
1EAQA
4NDSA
4HRZA
2FGOA
6F2SJ
4HTGA
4A0EA
1J6WA
3VASA
2O3GA
5YNLA
3GBWA
3DBYA
3CI0J
2H8LA
3VA9A
5LAAA
2ND4A
3KB2A
5F2KA
2X0KA
2SAKA
2P0QA
4FDYA
4PHZC
3W54A
2KYYA
1LGHE
3OIYA
4V2OA
4R2FA
1DIPB
3L4QC
6ELMA
1UCSA
1L6L7
4JGLA
2E75B
4G3QA
2ARKD
1FX2A
4CFSA
5OQMg
1RI5A
2EJXA
5JD0A
4RZYA
4B6DA
3MQQA
1EOKA
5Y81H
3LKVA
5DJIA
3LHOA
3SZYA
1OKCA
4NE4A
5E3EB
5DPOA
1ZAVA
3M66A
3S0XB
3G16A
3J9JA
3VDOB
3ZITA
1U02A
3D7AA
2JDJA
5O9ZF
1X4TA
4YC3B
4CRUB
1ID1A
4I99C
4Y5TA
2WVQA
4HSQA
2NVMA
3ID9A
3S35X
5HO3A
3KD6B
2N75A
4CD5A
2X79A
3PASA
6G2Jr
2R78A
1OI6A
2W83C
4M7RA
4X9CA
3UFCX
3LWUA
1EERB
4AUKA
4LERA
2YUKA
1F3MA
1NV8A
4UF5B
1TZ0A
3KZTA
5KUIA
1KW4A
1S68A
4CDBA
4DZ4D
3U66A
5SZGB
6FIKC
3U28C
3KP8A
1ITHA
3EHCA
3QKRC
3LUYA
4XLZA
4AEYA
2MTQA
4V1AP
2F5YA
3HRPA
4D9AA
1LC0A
3VR0A
4YNHA
5FILQ
2Q0TA
3QQZA
1N7SC
2KNSA
3M70A
3ZCBA
2IZVA
4ZXSD
2Z7EA
2QMIA
1HULA
3R5EA
1G61A
3BQZA
2P5TG
3LGDA
2XHGA
5WC3L
1DDZA
3OUVA
2YGOA
4J14A
4O8SA
5GAPF
3VK0A
1JYOA
3UAMA
2K5KA
2RIQA
4JF8A
4OD6A
5VO5A
4K3ZA
3EEHA
3NVNB
1LEDA
2GPIA
5MPSc
1R8UA
3OGID
2MDZA
4GT8A
1S7ZA
4PEVA
4MPOA
5J0JC
3G7PA
1CHKB
4ATVA
4AXIA
1FLTX
4IRFA
1MSCA
1UT1A
1UL4A
3N9UC
3FK8A
5A34C
1AOCA
1O22A
3FKSI
4KSNA
2VSGA
3M2TA
1S7BB
2HC8A
4HFQA
3ETPA
2W1KB
1KS6A
3B42A
2IXMA
5LSBH
3O2PE
1E5KA
3E4GA
4ZY7B
1T08B
1S7OA
3MXNA
4HL9A
5BUZC
1WJZA
2GIXA
4O4OA
4L3RA
2F09A
3DJMA
4RB68
2AG4A
1RQUA
1KXUA
3ES4A
4RP3A
4DNHA
4H08A
1WGFA
1LXJA
4RI2A
3GGMA
1ZOTA
1XKNA
4RB5O
4G9QA
2X5XA
4AKVA
4H6CA
3JX9A
3CFUB
3VL1A
1JIWI
5MQFQ
2A26B
3TXSA
4MK6A
2J43A
2LBTA
1MHMB
4XCPA
1R8GA
2JLIA
2N2HB
3JXVA
3CX5I
1PUFA
3TKVA
4MTLA
4USOA
4XVXB
2WY8Q
2QG3A
2BH1A
5T4QK
1S3LA
2R2AA
4H0AA
4ONSB
3EUKM
4ZMKA
6FZVA
2X57A
4P29A
1VPKA
1ESCA
3ME7A
4U10A
4GJ4A
3D30A
3E20C
4NN2A
1VJLB
3EWNA
3J5WL
1T8HA
1O70A
5FQUB
3RF1A
5CZFB
4TORA
5GMKP
3TACB
1GVNA
4ZQXA
2FNOA
2FPEA
2M8VA
4QHWA
3SFVB
5J10A
2YR1A
1UUNA
1N52B
1CFZA
2X32A
3O72A
4J8QA
4WH5A
3C0FB
4PYHA
2EHWA
3QW9A
1SY6A
1WOCA
2W39A
2CZQA
1JQ6A
5EC6A
4U1EG
3NTNA
1LN1A
4BRCA
2B1YA
4BKMA
4UOSA
4X83A
2E85A
3HGFA
1RKTA
4OG9C
5EL3A
4GIPA
2NDPB
2ZC3E
3M6JD
2OR8A
1LKOA
3ZWLF
2QS9A
1WF6A
1YLQA
1X92A
5IR0A
3L9FA
3N3MA
1PSRA
3I1IA
5DINA
3UMNA
4OW1A
3TJ8A
3P0KA
3U5Ch
5H72G
2LCUA
1QFTA
2IB0A
4ROHA
3NUFA
4WHNA
1W98B
4DOOA
4OZ6A
3AG3J
4PX7A
2P4QA
1LBAA
5JW7A
5WX8B
5XYIM
4Z8NA
1ZUOA
4CCGX
3PEZC
2QM4A
2P90A
4WXAA
3O9XA
2IW5B
2P0NA
4F3VA
1L2PA
1OW1A
4PAWA
5X8Ry
2DSQH
5OOM9
2JLQA
2O6WA
3VYGB
5A12A
1YGTA
5COSA
4Q34A
2K72A
1V9FA
5CFLA
1HX6A
3K11A
1YLXA
4JMFA
2FT0A
2O5UA
5Z8OA
2AZNB
3ZMDA
4RB5I
3IV1A
1SQSA
2PK7A
2FH5A
4HYZA
3LWFA
5AWEA
4YBNA
1GU2A
3BUXB
2FVVA
2C1DB
4FTDA
2RDMA
2F6UA
1RLWA
3H31A
4LVRA
2N4XA
3JTPA
2BYKA
3IT5A
2II7A
5L1CA
3HQSA
1S29A
1X5VA
3DGPA
1SYXB
2ERFA
2WH7A
3ETNA
3S8SA
5VMXA
4LJOA
1ID0A
3ZE3A
5LQYI
2KSLA
2FCWB
4EBBA
1WYXA
2R2ZA
4BQNA
1VLUA
3DUPA
3PL0A
3FRYA
5C8HA
3CG7A
3RPCA
3KLYA
3UT4A
1VCTA
2MQAA
3E7MB
2CXHA
2P3YA
2BK8A
1IDPA
4ICVA
4RUWA
3URRA
3WMVA
4OI4A
5UZ9F
1JJDA
1LRWB
2XSPA
3KZ9A
6BU9A
3ITFA
2RV4A
5G05E
1U14A
5EZCF
2Z4TA
3E8TA
1M55A
3KYJA
1WC2A
4R80A
5M1GA
2WLRA
3HLSA
2GL9C
3GX1A
3KWSA
4RXJA
4XWJA
2JV7B
1SDIA
2BW3B
4UG3C
3SC0A
4FKBA
4RB6P
3LXRF
4XVVA
3BCZA
1JOFA
1KQ4C
2AENA
2FHZB
1AXHA
3WRBA
3BASB
4BUCB
5JFMF
4KV2A
3F6OA
2FI0A
5CZYA
2IJPB
4TR3A
4IN0A
5DLYA
1MPGA
2PS5A
1P35A
3BWUD
3DCPA
2AJ6A
2RG8A
1V8HA
2YWKA
3VAJA
2G18A
1UJ2A
5OARA
3ZIEA
4ZDSA
2AXYA
2XDGA
4FVGA
2QZTA
3RLKA
2E2ZA
1FIPA
1WKRA
1P4XA
3JYVS
2D3O1
4CHDA
1TG0A
4RAXA
4OHCA
2FV6A
2GUKA
2CZLA
5NCMB
3A1FA
3OQQA
2P0WA
2GUZA
3DN7A
3H6QA
3QB8A
3MXNB
5U0S3
3N91A
3V68A
3WFDC
3EO2A
3AJ6A
4PWUA
5HY3A
1VDDA
2K1IA
1ZEEA
2MPHA
2AM1A
5ODWC
2RD9A
3CEDA
1N2FA
1UGJA
3PM2A
5VREA
1EIAA
4X90A
1AEPA
2INCC
2L73A
2NS9A
1P4TA
4HEQB
4QB0A
1A0TP
3I0YA
5INTA
1YB0A
1O8RA
5IR6C
3HJHA
1FX3A
1VQSA
5HC7A
2Q0OC
2BB6A
4GCKA
5TVBB
3QWGA
1NW1A
1XOUA
4AFMA
3OR1A
4OMGA
4JYKA
4MF9A
6C26C
4L6Vk
4NAWA
2BBEA
4EB0A
4WCKA
3U97A
5JQPB
4YN1A
5BW9n
2XGGA
1V33A
4RB6S
4JIOA
3UV0A
2N3DA
3M7AA
2GBOA
3T7DA
4B8RA
1Y9BA
5YIXB
1VK6A
1EP5A
4WZIA
4IJ5B
2H1CA
2V9HA
2NBIA
4WDCA
5ECFJ
4GIZC
2OU3A
4U98A
4XB6C
4UAFB
3FGRB
4G5AA
4PP8D
5F5TA
1RHXA
3ROJA
2A6ZA
3FPNA
3LHNA
3O6CA
2IP6A
4NARA
4D7PA
3LYWA
3NHVA
4CG5A
1GOTG
4NXYA
1RJDA
1BWXA
1KPTA
1KCAH
3SXUB
2WQ4A
4RGDA
3EXMA
3N7NB
3E56A
2EWTA
3CEWA
3IGRA
3F6VA
5D70A
2A1IA
1RGXA
5NSJB
2EBOA
4BRWB
5M30A
4MT4A
4WLRB
3LQHA
4L8AA
3F4SA
4OWKA
1K3RA
4R24B
1KO7A
6DT7A
4FLEA
4DWLB
1UN7A
4WT3A
3ZSUA
4NZKA
1NVPD
4DN7A
2BHWA
5OWNA
2D59A
3F7CA
1T4WA
3W8HB
2D68A
1FKMA
4G9SA
1DP4A
2GP8A
2ZKR9
2RNRA
4YK1A
3TL4X
1FAOA
1GJJA
1GUUA
1TTZA
4XZVF
5WTQD
4PXYA
4O66A
2Z02A
4YL5A
3IZ0D
5CFFE
5ZQ3B
3K8UA
4HE7A
4AGHA
2IGSA
1UJCA
2EW2A
2PKDA
4G1GB
4CT0B
1J27A
3V9RA
3B79A
3HFHA
5H0JA
1A92C
2V1QA
3V67A
3UIDA
5CJ1A
1HD6A
5MVIB
1WKUA
4WO7B
5IZSD
4QMHA
4CBHA
1UW4B
4FDXA
3C6FA
3GGDA
2K5GA
1X4VA
2VN5D
3I71A
1R4GA
1VQOW
4MDWA
2WD5A
3UNOA
4D2HF
1I8DA
1X4RA
4QNDA
4D53A
1J8UA
2OB9B
4XK8h
3K5JA
3ZNVA
4E0AA
4ZW9A
2XPWA
1HS7A
4BFZA
3OCUA
5LOSA
2Q78A
3AG3F
2GVIA
3KA7A
3T7JB
3KFWX
3LLVA
3CD4A
3FEWX
16VPA
5B0VB
3OPCA
3CX5F
1WMIA
1SU2A
4CG4A
3G7MA
3B5ND
1S2XA
1G12A
1KVEA
4MTMA
2J8BA
3F14A
1M8AA
1IQSA
2OC6A
2QH1B
2CTQA
1K8KF
2QCQA
3MQ7A
3LQ0A
6AXDA
3GDHA
5IKFB
1EQ7A
1S96A
1USOB
1GK4A
2NPSB
2EVVA
1VHXA
3U7QA
2A50B
3ZIGA
4ZFLA
1VGJA
3JA6K
1HP3A
3C6OA
5C79A
3AE6D
5OQMQ
6ELCA
4Z04A
3OMTA
4X2CA
4YP6A
2I1BA
1KAEA
1JN9A
3CNGA
3PFNC
1TO6A
4OTNA
3S64A
5MG8C
3ZYTA
2CW9A
4EO0A
2QKVA
2DB7A
2VXCB
4C53A
2A0BA
5VAIP
2JQTA
3Q8JA
5V8WH
3EFAA
2ATZA
2Y6XA
1VRMA
1QH4A
3FBZA
1ZPVA
5UBCA
3PO8A
4F2FA
3FXQA
3E2QA
6FZVD
3LVKB
3DXYA
3TXNA
3BVOB
4RB5B
3JSBA
2NQWA
2EFVA
4P6QA
5EZBA
5XYIe
2EKYB
3ZJ0A
4WKZB
4FAYA
2YMSA
3HR0A
4C16A
4MT8A
3IKBA
6F41V
1SVJA
2O3IB
3RPFC
6G8ZE
2OU6A
6F5DH
4XB6A
3ABQB
1EYVA
2ANXA
2O3FA
2FA8A
1MJ4A
5TODD
4QGPA
5YGHA
3Q8DA
1QAUA
5O4UN
1O20A
4R9IA
4IZ7B
5UQYJ
1QYIA
4CSBA
3BPDF
5L37E
2MABB
4R2YA
4HTTB
3KYZA
2M4LA
2WLVA
2C3BB
2EHPA
5VEGC
1NLQA
3ROBA
5XTDZ
1T6T1
1RO0A
2DE3A
4A3ZA
2Z1DA
1X7OA
2F5KA
3VC8A
1N81A
3EKIA
3TC8A
5XTDU
4D86A
1ON0A
1TILD
5M9FB
3GNLA
4YI8A
4K82A
3HFWA
2DFWA
3TFGA
1LKTD
2IYBE
4HESA
3UR8A
1GD8A
5US5A
2RBGA
3Q63A
4FEIA
1VHQA
4EM8B
4R9PA
4RI1A
1GWMA
3CQJA
1NXIA
2ONFA
4ID3A
3FKEA
3FRRA
2RDQA
2WNYA
2QB7A
1PC0A
3ADYA
3RF2A
2B0AA
2VJ4A
2NTKA
5XAQB
1EDYA
2IG8A
3CVEA
3AG3H
5OWOC
2F40A
2JKGA
2WZOA
3JYVD
3UD2C
5X5SA
4G4KA
4PWOA
4ZAVA
1PV5A
1POCA
5CGEE
4WYUA
2RH3A
1WXPA
6G2Je
3JU0A
1P4CA
2GNOA
3EN0A
4XZ6A
1A6BB
3TDGA
3ZU3A
5FN5C
4A42A
4BH5A
1NC7A
2WACA
3LMZA
2JN4A
3PG6A
2D8MA
3GWLA
4LIRA
2W1RA
3H2DA
3ED4A
4ONQA
2JWHA
2A0MA
3K8RB
3JSJA
3ZQSA
4IL7A
3UB6A
2FM8A
3TUFA
2W495
3NVMA
3GN3A
4L7AA
2Q1KA
4P7SA
3BMBA
2BDUA
3S13B
4B0ZA
2Z72A
2PP4A
4FD7A
2VSVA
6C6LO
4LJXA
1FO0B
1DG4A
3OP6B
4C1BA
3ZLDB
2K10A
2XHIA
3BS5B
4RCTA
2LFUA
2J6PA
5LJ5P
2H1EA
4G9MA
3WQBB
1O5FL
1CYOA
3C7MA
1JB7A
4FPRA
4WCWA
1S7MA
3QT2A
1HDFA
1W66A
1VJGA
1L1CA
4N74A
2NN4A
3T69A
2F2AA
2BL7A
5K6DA
2P06A
4Z1VA
4BT9A
4C5WA
4GZRA
2H9XA
2IG6A
2FFGA
1YVVA
1T3YA
2MHGB
2IGPA
4YTWA
4DZGA
4CU5A
4MZYA
4PH8A
1Z0ZC
1G31A
3FD4A
4OLEA
1L3EB
4FP9B
5L1AA
4O9PD
2KR6A
5XEBA
1PNOA
2H9UA
1M70A
2LU1A
2PKFB
3GHFA
1K7JA
4LAFA
1TXLA
2BMOB
3NNGA
4ZQAA
4DJBA
6EZNC
2QENA
2Q3LA
5N9JF
2BIIA
4F6UB
2IIDA
1WPUA
1YRKA
4I16A
1XK7A
3KWLA
3CT5A
1RM6B
2FYWA
5MM2B
4W4LC
5YD0C
1SHQB
1WSOA
2N2JB
4KRWA
1TJLA
2OTAA
4EOYA
4PLIB
1H9MA
2QSBA
3FETA
3RMQA
3GUUA
4AGSA
4Q4W2
4EWTA
2NNUA
1GXLA
3SOLA
2D32B
5A7ZA
2UUZA
2BZTA
2WVFA
4KYSA
1O9GA
4DOVA
3ZV0B
2NLLB
3T7AA
3FCHA
4NT1A
1OTJA
4RB65
4V0PA
2GZ4A
1MHMA
4HFIA
3H87A
2FJI1
4A2XA
3IPWA
4PEUA
3U1DA
2FSDA
4RRQA
3UEJA
2YWQB
4F9ZD
4QFQB
3UCSA
3RHTA
4RPTA
2X9AB
3KLBA
2AOTA
3HF5A
5E0YA
3FEFA
1FQYA
2I6VA
1KZYC
4QU7A
2CJSC
5DQUA
2OQMA
3ZXUD
1X3AA
6F1Ta
3PNLB
2IXSA
4MO9A
3IV3A
3LUUA
3JYUA
1N12A
1T9HA
3HR8A
5MLFA
4EW7A
4W20S
4ZHEA
2J0WA
4KG8C
1IXLA
4Z39A
1R3SA
1J3WA
1XAUA
3PTYA
2VH1B
1IIJA
1VTZ7
5OQM1
3LPMA
4L5GA
1AM9A
2GMYA
4YITA
5KKOC
2GTTL
1U10A
2R2YA
2I3TF
3G1PA
2GFGA
4LYPA
1BM9A
4ML7B
3T61A
4BGBA
4DK2A
3ZGXZ
4IFAA
5UZLA
4QXLA
4GPAA
3WE9A
2DL6A
1PF5A
2P3XA
3GITD
3FOZA
4UZMA
5B0ME
2MA4A
3EQZA
4C9SA
3CS1A
3OD8A
4OK7A
4JTMA
5N9JB
5OQMj
2WD6B
2JODB
2D1PA
5Y70A
4BG2A
3LAEA
3WISA
5VJIA
3IV4A
2VECA
3ZIAT
3OHGA
5LDTA
4ES7A
4XPZA
4CZ8B
2YVIA
1PIIA
3CX5H
2C1VA
2P9RA
3ZYLA
2E5SA
4AIVA
3E38A
6B8Hi
4QIUA
3MILA
3X38A
3KR3D
2YZTA
2VFRA
3OC8A
2OGGA
3F3BA
1BX7A
3CNIA
3EDOB
2B8TA
3U27A
4W4KA
3NZNA
5YHRB
4QYSA
3Q87B
1CF4B
1UZCA
4W8OB
1OZJA
3AAIA
4G3OA
6EKBA
5TVLA
2GF6A
1MZTA
1U6TA
1H6FA
3TQ2A
5JQ3A
3T7ZA
2QHFA
4Z18A
1O6BA
5HXGA
3WBZA
1LMB3
4KQIA
1V8DA
3HC7A
4QQ1B
4CLQA
2EBYA
1OR7C
3N27A
2ALJA
1APYA
3TEKA
2RU1A
2M2KA
2KI0A
2YMSD
5NQGB
3E0HA
1KA1A
3ZF7h
4DKJA
1GTVA
3HZ7A
3FR7A
1QUPA
2KM6A
2R0YA
2J7AA
6CDCA
4WX0A
3F6HB
3DNOG
4WYQA
3GYTA
3GYCA
2COVD
3O2EA
3WYCA
3BS7A
5IBKB
3F47A
4TX1A
2F1TA
2Z3QB
2I9IA
2O9XA
4JEHB
3FGAD
4V1AN
4JQUB
2WTGA
3MC3A
3H9XA
1Z91A
1JRJA
2PSMA
2HHGA
1GCQC
3C8FA
5VJPB
2PN1A
1MSKA
2L3LA
3DCDA
2QGMA
4OD8C
1U84A
2INWA
3MHSC
1Z0NA
5U0LA
1M3WD
2X43S
5A6SB
3T4RA
5VZ4B
3VC1A
4ZWRG
5GNFA
3OTGA
5C3QA
4H86A
4UX5A
3KZHB
3VBHA
3LPEB
5T2PD
5F4CA
5TD8B
3N8BA
1SH8A
4ES8A
1B1UA
3GGRA
4WV4B
2Z1CA
3TNUA
4AK2A
2EK0A
1VCHA
3APTA
2R9IA
4L2IB
2I6HA
3QE9Y
1KIGL
2OBBA
5LHXB
5HPDA
3NW4A
1VQOO
4X1CA
2NRTA
2A6CA
3PCVA
3Q4OA
1WV3A
4YH8A
2G3PA
4FYBA
3TS2A
1X9IA
4O1RA
4RHWE
2H5NA
1EG3A
3CX5G
3K6OA
1Y96B
3C9AA
2J73A
2FIUA
2V3SA
1WUDA
3EGNA
5MHSA
4F0ZA
2W7AA
3DKQA
3IC5A
5C74A
3QC1A
5B47B
4HKUA
3RRLA
6CFWF
1PHTA
2R18A
1OJHA
2AR5A
2C0JB
2W3GA
2YDTA
4Q51A
2EQ5A
3ACXA
3J3Bt
5N9JZ
5LSJC
4OMFA
3ZN4A
2FU4A
3NBMA
2FIWA
4W5XA
1MK0A
2C3GA
1DJ0A
1J0WA
2WNOA
2QWZA
1WR8A
4K30A
4OXPA
1RLJA
2QK1A
1FD9A
3KMAA
1L8RA
4GBAA
3T2CA
4M73A
4N4EE
3M9QA
1QWYA
3GWMA
5CWBA
1D0DA
2I74A
5N9JG
5UOUA
1RGOA
2P8IA
3UAUB
3QP6A
2JX1A
5N5AA
3K4OA
5N5EQ
5BOIA
5OQOB
5UKYB
3SQGC
2CTOA
3NJCA
2X3HA
1I78B
3PRBA
1VQOJ
2PSPA
1VZ8B
1WWZA
1XKPC
4Q5WA
2Q9VA
3SDOA
3LO7B
3MVPA
2CLBA
1JHSA
1F60A
4CSQA
5LNKW
3NJNA
2DBGA
6EM5b
3VBJA
2ETSA
2Y8LE
5XUMA
3NVJA
5C1FB
2BAYA
4U9BA
2K6BA
3GJYA
2A15A
1Q68A
2CKLA
4Q98A
3HLZA
2BL6A
2VZFA
5O65B
3R3PA
1ND7A
2JXUA
4CQ4A
4FTFA
5VOYR
2N7QA
1WPBA
4EVWA
3BB5A
5DIKA
3ZGHA
4B29A
2MDAA
5MM2C
2PWWA
2FP8A
2N34A
2KJFA
3IG9A
1GQYB
2MU4A
3FLAA
6D6QL
1JSUC
3IIBA
5Z5KB
2QAIA
4MI8A
3MAWB
4MEAA
1ZUD2
4ES6A
3TERA
2Y5PA
4AVMA
3PA8A
5GY2D
5BRKB
1Y3TA
2JROA
4FK5E
4X86A
2VC8A
1Y14A
1H70A
5W0KY
2E52A
4LDSA
4GDZA
2IW1A
4O7JA
4N6FA
1Q9UA
2RKNA
1QWRA
1NHDD
4EX8A
4J2CA
3IMKA
2QGUA
3E7KA
4QN8A
3U6GA
1O5HB
1Q5ZA
3QX1A
2JL1A
4XZZA
5OOMv
5N4CH
3G3SA
4UW9A
4NVSA
2F20A
1OFLA
3GMFA
3UWPA
4HSPA
1TR0A
3PM9A
4WSFA
1VMGA
2GNPA
3F62A
2BH1X
5EO3B
2GUHA
4PSFA
3H0DA
4ZV0B
1H6WA
3LOIA
4V12A
2PNEA
3HJ9A
1CJCA
4RV0B
1A8DA
4K8WA
2K85A
4IDOA
5AQ5A
3PDYA
3ZW5A
1UW9W
6B9XA
1Q08A
2C9QA
4N68A
3RF3A
6EM3L
4V14B
3ZYPA
1YBKA
3MJHD
2NV4A
3FT1A
3LMOA
2A33A
1C5EA
5JR9A
3DKMA
4NSWA
5UE0A
4YSXC
3NO4A
3C1YA
3U9JA
4JDXA
2ZAIA
5JGED
3M6ZA
4JOIC
1QV9A
5A5YB
2I5EA
2DTCA
3M92A
5I1MV
3SLTA
4J29A
3KXYT
5OF3E
3KYFA
4JPKA
3IEYB
1HI9A
2FTXB
5M32j
5NVKD
4OYCA
2CTTA
3DDDA
2LQLA
4KE2A
3PAJA
4XD1A
1DMGA
4C9RB
4NZRM
3WCAA
4F7HA
3R4KA
3USBA
3QQ2A
5JYXB
2MAFA
3CNEA
3QJGA
5LNKp
3I9XA
3VBCA
4OD8A
2PO8A
5E5QA
3MWQA
1KBHA
2BAIA
1QHHB
5C4YA
3R6QA
1F3UF
3SCYA
4TQJA
3QL9A
4XBAA
3F43A
4XZ8A
1DEBA
4M3OA
3ANWB
2JM3A
4PMOA
5CWOA
2QFFA
4YEPA
5OACE
2GS4A
2K89A
1MBYA
1YB3A
3UV1B
1YCNB
5MUSA
2AZEA
4GR2A
2KX2A
4XMND
5NJFD
4KQTA
3WQCA
5LGDA
4LRVA
2Y5NB
5V2Cc
4E5XG
3HL0B
1TUHA
1XZWA
5WI2A
2N86A
3E17A
4L8JA
1TBCA
2X5HA
4NACA
4FQGA
1J1EE
1VQOK
2LVLA
3FFLA
2O62A
5DMUA
3GXVA
1J24A
1SFSA
1ZLHB
3NFGA
4WRTC
1J8RA
5CWPA
1EW0A
4CQ8A
2BBZA
4IRVD
4V1CK
4AL0A
3PXPA
4R11F
1DZFA
2CZ4A
3PG7A
5FD9A
3K4GA
3THFB
4G2SA
3D59A
1YK3A
4R2KA
1NIJA
3X0TA
2KYAA
1EJFA
3VKWA
4V28A
4DN9A
3VORA
2G3WA
2MV4A
5LJ5D
4BEMJ
3BJAA
3GT5A
4N72A
5UHKB
3G27A
1Z02A
1RJ8A
2FDOA
2O7GA
3D3SA
1ZL0A
5LC5n
3C85A
4LW4C
2OT3A
4QYBB
5BXDA
4RU8A
4HJHB
2ERWA
4LQZA
2ALPA
2PQPA
4WRPA
4DUNA
2EHBD
4J2GB
1USVF
4MKMA
6FVRE
3AXJB
2K3MA
1YU0A
2LEQA
1PZRA
3MYXA
5BMOC
3M6WA
3NASB
3SHGB
1E0BA
1JOSA
4H3UA
2MM4A
1GUQA
4N2PA
4AXVA
3ZDKA
1S1DA
1PC6A
3FIAA
5OF1A
3QC7A
4UP0A
2R60A
2OD6A
3JR1A
2MK6A
2DI3A
5L35A
3OEIC
6FO1G
5HK6A
2MMVA
5DRKA
5MWWA
4CS6A
4W83A
4RV9A
5OOMe
3OSKA
4EJXD
3K60A
2QSKA
2LIDA
1WYUB
2LSMA
4BWDC
1M1HA
2E1FA
4EAKB
3THGA
1XI8B
4EAZD
2EW0A
1OCYA
1LLNA
3LW6A
2GH0A
1XQIA
1O4TA
3EGLC
4ANOA
4PW0A
1EITA
3NKEA
4EBGA
2I9CA
2A4XA
2GFPA
2OQQA
1Y8CA
4YIZB
1RRVA
3BHQA
1O5LA
3FXTC
2PFUA
2I71A
2D7LA
3ADGA
3UQ8A
1DYOA
3W61A
1JIDA
3J43F
4AV2T
1RQBA
4ATOA
5DA9C
4ZLHA
5WEZB
4WZAE
4LHXE
2DVNA
4LE3A
4F1VA
4LB8A
2EENB
3E1IB
1MKCA
3OS6C
2CYJA
2YV9A
4E6FA
2E62A
1M5HA
1N7SD
3DDEA
3E4XA
3CE7A
4QM9A
4Q3KA
2CJJA
3LVYA
2XQOA
2ZFUA
3P8BB
5C50B
2LWEA
4RD8A
4UZZA
2KDDA
4DTHA
2QJYB
1Y6KR
5HY7D
2AS0A
1Y0HA
5I5NA
3H87C
5WK1E
5HOUA
4MHVA
2O2GA
4DAMA
4L9HA
3H35A
6C03D
3FF5A
5CFFA
1NLFA
1IM3D
2IM8B
4LDAA
3TVQA
3PF7A
2XC8A
1W0NA
1Q7FA
4KP3C
4FUVA
4NOAA
4HQEA
1Y1PA
1RMKA
1VLAA
5WK1S
5TZNF
4RVQA
4TXDA
1K04A
4CSOA
2LJ2A
4IM9A
1DVKA
3N9YA
3RHUA
4KH8A
5MPSO
2C9LY
5EZ1A
1XKPB
2ZRRA
1L3EA
4K0DA
2VG3A
4N7BA
1LFPA
5A1SD
3L8QA
1WDCA
4L57A
1B63A
4MDXA
2HDIB
3QWUA
2ABYA
5XFSA
4G0XA
1KNVA
4HCIA
2GR8A
3W6BA
3MUDA
1MVHA
3M7NA
3P9YA
3B9WA
5W5YK
2W2ME
3KXTA
3J60S
3FZQA
2CU9A
4PYUA
2OAFA
6FC1B
4F54A
4P1NC
3K44A
1ED1A
2IXAA
4FC5A
3VOPA
2FU2A
4CMLA
1PYAA
5XNLK
4QTPA
1PGXA
1NH1A
2F0CA
3MUXA
1SFUA
1EJEA
4FZPA
3RLFG
1H6GA
1MKFA
2RE2A
3VG8A
4OVXA
2NVNA
3OQ3B
4OKEA
2NCAA
3VFZA
3EGRB
4TSHB
4YIFA
3ON1A
5BPXA
4GC1A
4HQOA
1FPZA
2XGRA
4UEYA
4LUQC
2RJIA
4AXDA
2QKLB
1KOEA
1IZMA
3DZMC
4D0PA
4H2VD
2YPSC
4YX7A
1TAFA
1NWWA
1FCTA
3P1XA
3G9GA
4C1SA
3A57A
5VAPA
2E1MB
3BQXA
3RNLA
3MAYA
3NDZE
4BOPA
4G26A
3KJHA
3H4CA
4BPWD
1MG4A
3LYGA
3NXHA
2DC1A
3K17A
5BPDA
1NKSA
3Q8TA
2ODIA
1HF9B
4ERNA
1QHDA
2GIBA
2CMGA
3RMRB
4U9NA
2IVWA
4RGPA
3Q9DA
4AUTA
3MFBA
4HFKB
1X7DA
4HKGA
2OV9A
3CRYA
3ENUA
3LUBH
1T61A
3NYMA
3A1DA
5JI4A
1R1FA
1CI4A
4RB5D
4X33A
1KXGA
4IPAA
2QZUA
4OJKD
2ZL4A
4WD8A
4PQXA
4WMAA
1PUZA
1OZ9A
1JMXA
2F5TX
3W0TA
4A64A
3S6OA
2JXCB
2HNGA
3CMBA
3HFTA
5C3LC
2LXLA
1EBFA
1UPQA
1XWVA
2P12A
5MSLA
3UFIA
2QEEA
1D7OA
4BAXA
3NBCA
2HPSA
3SY1A
2QNDA
4ZU4A
1OQJA
6C262
2CCVA
2YQZA
4W8PA
3O3MB
3U1CA
2MZOA
2EJNA
2Q97T
1YQBA
3EGQA
4JJ9A
4UX3B
4Z6MA
1TNFA
3SJQD
1NG6A
3Q0WA
3NZMA
3VGIA
2F2EA
1I4VB
4ELNA
3V22V
2O70A
1JIXA
4JK2E
4JZPA
6EHFA
2K3VA
4V1AH
1J6RA
3VK5A
2HJDB
1EDSA
3LZKA
3VNYA
4RZ3A
2FC3A
5ACA4
3ZS7A
4PWQA
1Y2TA
3G1JA
4XDIA
2H8BB
2PIHA
4HD1A
2LSEA
3UENA
4OO3A
5FFPB
2KC5A
4OFAA
4QJFB
4L5RC
4FYPA
3GWXB
3BCHA
3JYGA
2KP6A
4N03A
1Y9WA
2GA1A
3WT0A
3WFDB
1IWPB
1XDQC
3CWQA
3NHEA
2FRGP
2XETA
4IX9A
3EGEA
2E2OA
3FPRA
4PU5A
5X90G
2XDPA
3C9PA
2QTQA
2GUIA
4MO1A
3H3MA
4EFOA
3AXGA
2M47A
3QY7A
5GOXA
2XEVA
2CKKA
2C0UD
3U4VA
3W6SA
3K2OA
3O39A
1YNSA
2KK1A
2RTXA
3OI8A
3EI3B
2PHNA
3RKGA
1WIRA
1YD7A
2RR7A
3CZ3D
4HB1A
3O2ZL
4QPVA
2LVGA
4IGIA
3DU1X
3FI7A
3TULD
4BJSA
2AORA
4I86A
1SQHA
5IEFB
2FG1A
2WTEA
3U2BC
4U3KA
2NU8A
3IF4A
4GDOC
2CKZA
3H7JA
1XW3A
2YFVC
1QZMA
5L25A
3LHCA
2R4IA
1JMCA
2G7JA
1ZZKA
4JHTA
1WMHB
2GB4A
3DC7A
2W4EB
2RBCA
4RXNA
4XU4A
3P09B
1GY6A
4CHMA
2AYDA
5C2IA
2PD0A
6EM5n
3MLQA
2HEWF
4KQDA
1S3JA
2QV5A
1WJ0A
4QRLA
4P6VB
2ODKA
2ED6A
3H25A
4YDXA
2AF4C
4KT6A
5DX1A
3GXHA
3VLAA
2AO7A
2EOCA
2YZJA
3H13A
2QQIA
2HD9A
2HLGA
2XHAA
3NQNA
3TQ6A
3CZQA
4RB6T
4HTIA
4IC9A
3Q3WA
4AT7A
2OM2D
1V72A
1IL8A
3LW3A
4CN0A
4XALA
5BQ8A
3PHFT
3MZKC
1YKEB
1J03A
1BTNA
4YSXB
1VKFA
3OC9A
4BI3A
3ECFA
3UWSA
4JVCA
3JV1A
5LPIC
4MGEA
2INUA
4GEHA
4EXTA
2W50B
1IIOA
2E56A
2HUEC
4DT5A
3WKNL
1DTDB
4N5UA
3HTYA
3K7CA
3M7KA
1VRAB
3FXDB
2LCRA
1UTGA
3JSYA
4HLBA
4I0WB
2QFIA
3SAFA
3HX8A
4KO8A
2WBNA
4H1BA
1DLPC
4UZYB
1ZJCA
3QD1X
1SUMB
3V7EA
6BASA
4JJ0A
5T3PC
1RMVA
3HHZC
4JP6A
1DMDA
2XF5B
2EK5A
3SAKC
2JE2A
1IIEC
3VVPB
6DEXB
4PJ2B
3G7KA
4U89A
3CC8A
4OFKA
2C5JA
4I0XB
2DYDA
3GL6A
2YZKD
4PIQA
1VQ0A
2XUTA
1D02A
3W4SA
1L7BA
4OWWC
1VKBA
1QGIA
1A98B
4W7ZA
1QWGA
5T0FB
4H7YA
4N6CA
1W8KA
4WJ3L
4RB6D
4ME8A
1AXKA
3TQMA
4DAHA
1JB0D
3KORA
2FDRA
2DDXA
1RKIA
1Q7LB
2A14A
4NOOA
5NJCC
4RS2A
2R6UA
3AX2A
4KWYA
2LXRA
1G8LA
3M50P
2IUMA
4OWTA
4XZFA
2RA1A
3BGYA
3BVPA
1EZGA
1UT7B
2AE0X
1ZZAA
3QO6A
3CAOA
2A8IB
4P55A
2HOXA
2QW6D
2J05A
5COZA
4HCSA
2E8GA
4HPMA
1OVOA
4XCBA
4K34B
3L1NA
2JVAA
3KPTA
3K62A
2A40B
2AQ6A
4RBRA
4M6TA
2NT0A
5BUSB
4CC2A
2IZ7A
1EI7A
2BOPA
3KFUJ
3C2IA
3HTUA
4HQUA
3QU1B
4MKOA
4J4YA
3QJQC
5C9FA
4RFSS
3DFGA
2PMAB
4ZEVA
4M3LA
1X32A
3IZSG
3MEMA
1QJ8A
4OM3C
3ZH5A
1MTYB
2VOYG
5FJKA
2FB6A
3PIVA
1LQ7A
3QQWA
6CAMA
3IM1A
4JOXA
1WDDA
2JR3A
5M1UA
4Z47A
1DMLG
5DEUA
2J7AC
2FTXA
3CKDC
3HYJA
5AHUA
4CXFA
2MXFA
1UXYA
3DX5A
3DEEA
3KGYA
3V4KA
4MAFA
3O9ZA
5A6WC
4G3HD
2ODAA
3NFWA
4Q65A
2DSCA
4NG0A
4OKVE
3DP7A
2JNCA
3MHVC
3BTPA
2P8RA
2KOYA
3E8OA
3QWNA
2W2SA
1X0TA
2QYWA
4O6UA
3MGGA
5WASB
3PN9A
3N90A
2XNDI
4ZXAW
3QWXX
4FP5D
3NA6A
1LXNC
4J8LA
5MNVI
2KL7A
2BA2A
1D6GA
2ZKRY
2LTMA
1DP7P
3RJ1P
4D05A
4YNXA
6ATKD
4GKFA
3QWEA
2VBUA
2KJSA
2PFKD
2FB5A
4JB7A
2BNMA
6CB1e
4NK6A
4JPDA
4AEZC
3VYGA
2J8PA
4HP3C
2FI9A
2I7GA
3BPQB
4NB5A
1VHHA
1LJ2A
2KIOA
4RLEA
4OU9A
3EO6A
5CJQA
2DP9A
1Q1VA
4ZJNA
2XGFA
3UAFA
4LTTA
1MBMA
3E0XA
2CO9A
3WI3A
1D9CA
2XU8A
4X5MA
1CSHA
2ZK9X
2V4IE
1FX7A
3OSJA
2DQ2A
3QTLD
4CS4A
3VBHD
4N0TA
4K7JA
3OUFA
4HHUA
3KA5A
5EDFA
4Q7QA
1WJTA
1GZSB
4ZPMA
3GKRA
3DSAA
4XB6D
3HJ7A
2D0BA
4U3TB
6B3NA
2HNUA
3HS2A
5CQFA
2ICUA
4LXRJ
1MRRB
2VZCA
2PMZX
3NO6A
1KNYA
3H3YC
4HT3A
2XLKA
1KJKA
3ZILA
3NS6A
4A0TA
3PE5A
4TSHA
2AZ4A
3CVZA
2EEYA
4YVOA
1SNNA
2PK8A
4FVLA
3SP8A
4NOFA
4I1KA
4DKCA
2N4DA
2OH1A
1LUAA
2MXQA
5A98A
1XS0A
1WKAA
2VZYA
1DD5A
4OAYA
3V33A
1PUGA
1EQ1A
3P4GA
1C75A
5I4RE
5VKYB
5LNKu
2RCFA
4V1OW
4LIDB
3IT4A
2CT5A
3ZTAA
4MFKA
2GD9B
1JHFA
5IX5A
2QN0A
3KH5A
3GZIA
2IAZB
1PYAB
3PH9A
4RXXA
4ESWA
1YZ7A
3LY7A
2TPSA
3CU2A
1TVGA
4JDEA
3BN7A
4L1JA
1SZ9A
5MBGA
2NSZA
4CJXA
3GR3B
2E6IA
1YBBB
5ZR1F
3NX6A
4K2MA
1P4QA
1NO1A
4YTWB
4YZJA
2GUZB
1BO9A
3BRVB
4EIUA
3Q6AH
5AAQA
2P13A
5LQYJ
3BC1B
2Z7FI
2EKDA
2H3OA
2R4QA
3EVSC
4YZUB
1DL5A
2XI7A
1NVMB
2QQYA
5HL8A
2ZKZA
2XOCA
1MSPA
4RB6Y
2Q03A
2RFPA
3HUGA
3F7EA
3OYVA
2M67A
4IQNA
1WT6A
3VWCA
1VR9A
3Q94A
1YYVA
3FF4A
5UZ9A
2K3PA
4D40A
1W7OA
1F35A
4HI8B
3BJNA
3RD4C
3Q91A
5AVYG
4NQJA
1SS6A
2O2XA
1OZZA
3FV6A
3EABA
1O67C
1KHYA
1NNVA
2X67A
3HB0A
2QFEA
2PW4A
3BBPE
1WWCA
4EG2A
5AGIA
1IW4A
2CMZA
3ABFA
4LEVA
3LKUF
4DNIA
2IFAA
1SPPB
1XK5A
2YHGA
5VJXM
3TRTA
5DTCA
3QKBA
1K77A
3O7BA
2J3WA
1SBXA
4DLHA
4FGWA
1HW7A
3J44a
1B77A
2CA5A
3U64A
4FA8E
2IPBA
4PZ3A
4E6ND
4JJAA
1SP3A
4XEDA
3GO5A
4LRZE
2QUDA
1ZTCA
1D5RA
3PKZA
2MK0A
3M86A
3U43A
2QZQA
2P14A
5IZ3B
5OQMi
3FYMA
3O12A
4WL2A
3AJIB
3CNHB
3IAGC
2QIPA
4WJAB
2Y7CA
6C5WB
2YUAA
3EO8E
4QI3A
3L2BA
2CWQA
4DJGB
2CHCA
4ZBHA
1HUFA
3UH8A
3P42A
5C00A
4HJ1A
1K3SB
1JL7A
5CS4B
4G4GA
4GHJA
3SHPA
3ORHA
1ZSOA
3A2EA
3T6PA
1MHYG
5CWKA
1Q2FA
2GU9A
4KPPA
3BT4A
3V6IA
2B3ZA
2L9BB
3RNQA
3HKVA
3IDSB
1EFUD
3H41A
1XMTA
4DQAA
4HKJD
4KRGA
3AGNA
3EDVA
1FNLA
2V8TA
4EQAC
4QCJA
4BUBA
2OWNA
4KYPA
4L2HA
4MYMA
2VLAA
4R3LA
3KK4A
5CS2A
5UGWA
5BW9k
5UBMI
1Q7RA
1SFXA
3FZBG
4LB0B
1IE6A
4DWRA
2DK4A
3G3OA
3JR7B
4JDOA
2R8RA
2PORA
4M8DA
3IA8A
3FEUA
3LLCA
3CQOA
2NZ7A
1S3ZA
2XZEA
4YIIA
5I96A
1HQ0A
2M7OA
5WB7E
3MHSB
2GFIA
2PLGB
3QZXA
3E29A
4V24B
3RQ9A
3GZ7A
1D1RA
2QGGA
4ZFVA
4UBRA
1HZ6A
2PU3A
2XCMC
1UK5A
1L4DB
2PR7A
5VVWC
1M8RA
4ZOQP
1OYGA
2AEGA
2JOPA
4QHUC
4KUNA
2AHMA
1XCRA
5T58D
2YNAA
3TVAA
1JY2O
2Q4KB
6CFBA
3EYIA
3PV9D
3T3PB
2Y9UA
4JGGA
4DGWA
3MTSA
4WXAD
2CNTA
2HQLA
1JNMA
1UW2A
4G59C
2MA8A
5Q13A
1BNDA
3GN4E
1HCRA
4TXWA
4B4YA
3OBKA
3KGZA
4X0JA
1EDXA
2PNLA
4TN4A
4ANNA
1W18A
2YZIA
3WKSD
5YK6A
6G4WR
2QNUA
3AXSA
2ET1A
3FJUB
1VDHA
2DB6A
2CTEA
2YRNA
4K5AA
2AZEB
2Z37A
1ZBSA
1V5RA
2GAGD
4RM8A
4URPB
2ZQOA
1PP7U
1W5DA
5IYCN
2HG5C
2WJNC
2L00A
3FLJA
2Q04A
5INWC
1OF9A
1WRGA
3W1OA
3VLDA
2ZKRX
4K7BA
3P9AA
5USHX
1CI6B
5VJ2A
3N40P
2FCJA
3EBBA
1O0WA
4RB5C
2CYCA
4LPSA
4YJ0B
3CVFB
1VQ2A
3LCCA
3AG3I
5F11A
2HYNE
3S84A
1NYNA
3OSEA
4XTVA
1DF6A
4RZ9A
5WUQC
1QEYD
5GS9A
3WHJA
3CKMA
3ERMA
2X4IA
4JG2A
1S5AA
3AAFA
3VYPA
4ASCA
5UP5A
4X09A
4RLCA
5VG9A
1THFD
4JG9A
2WUJA
5V77B
2CWZA
4G6UA
1KIJA
3IFUA
4G6TB
3CGXA
4DHIB
1WB4A
4Z7XA
1F32A
3RPFA
2Q4QA
1SA3A
2P65A
2EJQA
3BA3A
2O94C
3S9XA
5E97B
1JMVA
5JIEA
2I0MA
2V89A
1VZIA
2DANA
1P9CA
4OCVA
4JM1A
1RMJA
1R9LA
5LBDB
2EQ7C
3P5CA
5WDDB
3EXQA
4A94C
3G7GA
5F5XA
2V7SA
1VP7A
5BNXC
1G5TA
1LUCA
4Q2UA
4NG2E
2O40A
2PFXA
3KYQA
2KKMA
4UAPA
5FT0A
4WY4C
3WU2Z
4PGRA
4O2HA
2RNDA
4C12A
4EW5A
3O0GD
1OQ1A
6FKIb
2CB5A
2LVHA
2ZBTA
3EEQB
2F06A
4ZOQG
4EV1A
3A4CA
5DS2A
4XINA
3KXYI
2CKXA
1YKDA
3HUIA
4QT6A
2X49A
1HUWA
1UTYA
3KRTA
4L9AA
1QW9A
4YHVA
2CCLB
3SK2A
2PXXA
2MH3B
5DZZA
3US3A
3DLOA
5H8OB
3BBNU
2CU3A
4L0NA
4UI1C
4BSXA
3G5BA
4FZ5A
3CPTB
2Q5CA
5ZJLB
1JNIA
4Z8TB
4BBOA
3GA9L
3KUPA
2I51A
4RB5L
2PC1A
2O26W
1HZMA
4X1ZA
1CD34
2R51A
2D1LA
4QBBA
3H7HB
4IU3A
3RL0U
1CSEI
5LNKi
2HO0A
5CESA
1E7LA
5A7AA
2IDLA
1KYFA
2YVEA
2JU0B
1Z9BA
2XV9A
4WFQA
2RFCA
2AHNA
2HDZA
5LNKf
4ACLB
4M5BA
3IN6A
3MFNA
5ZCYA
2JSWA
1C8ZA
1W3ZB
3ITWA
3EY5A
1Z6UA
2H9ZA
4R7QA
2KD3A
2OX6A
4F7UP
4GEIA
4P1NA
2IAYA
3AIAA
2ID3A
2QHQA
4NSMA
2DZDA
2NWIA
2WTMA
3RT9A
1ZMEC
1S9RA
6GEDA
3QYFA
2KKTA
4BDXA
5ME7C
2F5GA
4MVEA
1Y0UA
2G45A
1U20A
4Y67A
1BYRA
4HFSA
1HC9A
3A7OA
1CXCA
3BL4A
1ORLA
2R3BB
2XHEB
3IRBA
2P4GA
2D5VA
5FN5B
3C3DA
2K7RA
1VK1A
2D9RA
5XYWB
4OB0B
4APXB
4HN7A
2CS7A
1ISUA
3T0PA
1KHXA
3BN3B
2GBBA
4QHZA
2AVNA
4RYEA
3OQGA
2K9DA
4WH9A
3UIPD
4RXUA
2MH0A
3DSOA
3B2EE
3SMZA
3C2QA
3I57A
3O5HH
5O3OG
2C1LA
4GQVA
2GV0A
2OYYA
1PPJI
3CP5A
2QCPX
1JYHA
4IUHA
3D3YA
3G5TA
3W2ZA
3K3SA
5MMIX
2F6KA
4JPPA
3SUMA
1GS9A
1MWQA
1YOCA
4LSDA
4K84A
1YQHA
2OUWA
2XDHA
4ZI2C
3ARCj
1L3IA
2POSA
3BWSA
2FPNA
1OSDA
3ON3A
2HV8E
1OW4A
1Y6XA
2LLWA
1UB4C
1TR8A
2CGQA
4RZKB
2EWLA
4WBEA
2MXDA
2JX3A
2YZ1A
3A9FA
2I8TA
5DN6I
3LHRA
3CPXA
3R2PA
3LL4A
1NYOA
3A5YA
4MJGA
2IBGA
3P96A
2QLWA
4OWWB
2RCKA
3SNKA
3ZD0A
4DOKA
1GPRA
5OOOB
2YWTA
6B46I
2G7RA
2FEAA
3C5VA
4JO7D
2L9PA
4H10A
2P51A
2GSVA
2QDLA
2LXWA
5YJ3D
1SMOA
1JDWA
2WT1A
5UZ5G
3DI5A
1KQPA
3AITA
3O69A
2XM6A
2CDPA
1KCMA
1ZQ1B
1U9LA
5AY6B
3GWIA
3JZ7A
1OLPA
3ZO5A
1JRMA
2RSMA
1TI5A
1P9YA
1UI1A
3MJFA
3HFIA
3W0EA
3LT7A
1F3VA
3ZF7C
2VP4A
2AUWA
2L1SA
5HFTC
3HXAA
4RB6Q
1J2JB
5CL2A
3KKFA
1SS4A
4DEVA
3IHMA
1QS0A
3ZBIh
1YGHA
1N8VA
5DA7B
1Q5YA
2IQYA
1NTVA
5OOMJ
3UUNA
3CXBA
4IOHA
1F08A
2O6FA
1YN4A
2YWXA
5F3OA
4M7XA
3FZYA
2COEA
3FAVA
5W98A
4DYWB
5EURC
5LOUB
2G5GX
5BXYA
3HJ4A
3SOYA
6A6BF
4QY7A
3V3KH
5EVHA
2Q0XA
5HXLA
2I4LA
1DQ3A
3QOYA
5LJ3G
3A1PB
1SGVA
2IVYA
4DIXA
3DUKA
2XVEA
1ORSC
4JD9G
4FGLD
4M9VF
3GFUA
4LHSA
5EYGB
3ICUA
1I7BB
3D9NA
6AP0A
2F9ZD
4CAHB
1SD4A
4HWVA
2JWYA
4WJ1A
2QS7C
3SEEA
2P4ZA
5L75F
4DGWC
3C4SA
3TBIA
5KYMB
4EHUA
3KS7A
4KNKA
6FMLH
2NWHA
5UFTA
3WG3A
5Z42A
3H1NA
1QAZA
3UP1A
4LBHA
3B8FA
1BI6H
4Q7OA
2NMLA
1FC6A
4Z8AA
4X9MA
3DM8A
3PYWA
3E6RF
2VD3A
1HFOE
5NL2B
4BKHA
4BF8A
2ATPB
4B0TA
4U7UB
4H5BA
4E2GA
3MJ6A
1H12A
2VLQB
1RSOB
4AS2A
3U2AA
4UOIC
4YL9A
4DA2A
2L7YA
3CB6A
2ZVYA
5OAYA
4QDCA
3CVJA
1T6AA
1XMKA
4F8YC
2DXAA
4ZC4A
3TC1A
2MARA
1CCWB
2L8KA
3N3FA
2PV2A
2AB5B
1OXJA
3EE4A
3NJ2A
2KB8A
2O3BB
1KEWA
2EV1A
3HLTC
2A2BA
6BK6A
4FD5A
1WXNA
3BEEA
1WJPA
4CIIA
4A6QA
4FZSB
4E3EA
2XA6B
4IGVA
2K4VA
2NSAA
1LJOA
4TWBE
5HWYA
2D1PH
3QTAA
3DHXA
4QXDA
4WICC
4K12A
1JUVA
3PMSA
4BFGA
1VJXA
3FWZA
3N1EA
2LLIA
3MZZA
1SV1D
2D46A
5UQYB
3SSCA
3IX7A
4E0IA
2E8BA
3H5LA
2LC0A
5CLLB
3BY8A
1R1TA
2ZKTA
4X8EA
1XOVA
3EOPA
5ANPB
4U7YA
5BXGA
1N6JA
1KG1A
4CIJA
3OWRA
2P58C
3BJVA
4NRHB
2OKQA
4YMHA
3D2WA
5GWGB
3DXRA
5DQSD
3RNVA
2P6VA
3D7IA
3D2OA
2A05A
2DIIA
2LORA
3VEJB
3D4EA
6C0Fw
1PM4A
5O1RB
6D0NB
1QVEA
1HWTC
3AXJA
4NQ0A
1BD3A
1RMGA
4HWIB
4PS2A
1X6MA
3U2GA
3MADA
4QQGE
2P7IA
1U6ZA
2CY2A
4U7AA
3COQA
1SEFA
3COVA
4Y0CA
1KSQA
4WYWA
3EOIA
2B3NA
6EUAA
1GL4B
3RJ2X
1Y66A
3U5VA
2F62A
6G72X
4LWSA
4QDJA
4MT2A
3K8VA
1NUYA
1WJVA
2HKJA
2CMXA
1U5UA
6BMSA
5LG9A
1SQWA
4IEJA
4LHFA
4F9BB
4J2NA
4NUXA
5CL8A
4MDUA
2EHGA
3F7SA
2DK6A
4HCZA
3B73A
3ENPB
5H1Sg
4I9OA
4EHSA
3K3CA
4B9PA
2M74A
4ZBWA
3ZC4H
4F42A
2NVOA
4L58A
2Y4OA
5MYID
4ITRA
4DCKA
2RREA
3VTOA
1WFDA
3UITA
2JSPA
3EXNA
3LLUA
3MC8A
3DLCA
3B8OG
1ZMMB
1PAQA
5UFKA
4MVKA
1YDXA
2REEA
1Y8XB
3BV6A
4BJQA
3UFEA
4PP4A
2QRRA
4N3XA
5LXOE
3B5MA
3PU9A
4Z80D
3IP4C
3IFQD
3DWOX
3U4ZA
1XP2A
5U4WJ
4JXEA
2CMEB
4M0QA
1R0VC
1DMLD
1R8NA
3G7KC
2KZ7C
6BWOA
2RUYA
1VDIA
3KQ4B
2RH0A
4PTBA
4V1XA
2FQ3A
2O0JA
3E57A
2AU3A
3I7JA
3WYZA
3NYIA
2BDEA
3RLSA
4LMGC
5C5GA
2B2MA
4ZNKA
2DG1A
4PC4A
4QR0A
1HH8A
3J61M
3DXEA
4BJPA
2A22A
2K0ZA
2FZ6A
4MEWA
1WY5A
1WWLA
1JDHB
1V74A
XXX2A
2AEXA
3VYGC
4OPCA
4YTBA
5UD5B
3ER6A
3L2NA
5VLIC
3HRGA
3IHUA
4DMUG
2WN0A
2XVYA
1I58A
3G80A
1TZ4A
1VMOA
2W7QA
3OQ4A
2W1JA
2RNBA
2Q3TA
1RP0A
3LX3A
4EWCA
2IF6A
1W2WA
2XNSD
1NEZG
5ABKA
1SZ7A
3PVIA
3A1GA
3PF6A
3EJ9B
4CRYB
2P9XA
1ECZB
5HMOC
4HH3A
1R8OB
4CZXA
6FQMD
2PJPA
2Y3ND
3U7ZA
4TS5A
4UL8i
2BM8A
5OOMa
2DDZA
3NZOA
4XQMA
2W6KA
2OZHA
4V1AM
4P5NA
4O7QA
2FHXA
1QWOA
4J7ZC
4ZRLB
4LZIA
3U1UB
3ON9A
3RMIA
4N8X1
3GASA
4P9JB
4Q0YA
1VW5j
3SKQA
3NRHB
1YA5T
4ZHBA
5ID3D
2BH9A
2HSJA
3CLWA
4I4KA
5H07C
3T5VC
3V3QB
3BHPA
1T0BA
5XHBA
1I8NA
3B7HA
2J58A
1ZKPA
3D5PA
2OM6A
3K2QC
1HLEB
2ROGA
3HGBA
2LX0A
4EHXA
4WJTA
4Q8KA
3K2NA
1TBAA
1YDYA
2PFIA
4P82A
1RHFA
3N08A
5DOMA
4JR6A
4LWSB
3LNOA
1QEXA
2WCJA
5AFRB
4PHZA
5OC3A
3D31C
5J2LA
1Y7RA
2KJXA
1EJ6E
3CEBA
6F1Yf
2F6MA
3D19A
4G6TA
6CP7Z
1MW5A
3OP8A
4CWEA
3BIJB
5H9CA
3EF2A
4IX7A
4CGQA
4DEYA
1HH0A
3V42A
4Y5JA
3OISA
1HYOA
2HQ7A
1VQO1
2JRTA
1GVPA
2PBIA
4U65A
5UZ9B
2ZEXA
1I9GA
1FNFA
2P38A
4GE1A
2N67B
3QOOA
3RGUA
1V8MA
2EK1A
3VZAF
2YQYA
1XHKA
1W55A
3HCSA
3C8IA
4E6KG
2ZTBA
2MTSA
2V7QH
5XYIG
5SVHB
1ZDYA
5MF1A
1RSOA
1XE1A
3RFWA
3OV5A
4Y28G
2D0OB
2EODA
3Q39A
3DT5A
3KPIB
1TC5A
3L22A
5VNNC
2OHCA
2M7AA
1JL3C
1HLQA
3JYZA
4J8ZA
5J45A
3GGNA
4HR1A
3NOIA
2HQYA
2OVSA
1Q25A
4HYLA
2P4OA
3P8CE
2M5SA
3TDQA
5XVNM
3LURA
3BDVA
1DDWA
3GWCA
4I8OB
3ONQA
4EWIB
1PZ4A
1SG7A
1QHHA
4R3ZA
1G2RA
3NI8A
3BFQG
3ST1A
1RK6A
2MTDA
3N71A
6B8Hq
4ACJA
4TYZA
4X3XA
3AALA
2GRGA
1XTYA
2L42A
2ELSA
3PW3A
3WNZA
3ISQA
3DLMA
1DMHA
2DT7B
4QRKA
2OS5A
3WU2U
3IBWA
4A0ZA
3TDWA
5GVXA
3RH2A
4QEGA
4W4KB
2RDCA
2MGVA
3G8ZA
3B55A
5BU3D
2K3DA
3HWUA
4XAAA
3G5LA
1UTEA
2DT5A
5BQ5A
4H2WC
3N4IB
3DAHA
3TU8A
3ZXNA
3LMBA
1K6KA
3N54B
1S7IA
3SQFA
4JS1A
1HXIA
3LIYA
2MHEB
3FXHA
2A5HA
2K7FA
5XMJK
2CXIA
2ISBA
2Q02A
4CP6A
2KK9A
1PXYA
3BEMA
2XTCA
2CCQA
4WYBT
1RCWA
4DVKA
1QQRA
4Q9VA
3H9WA
3TSOC
1XKRA
2WBMA
4MQDA
4NTQB
2KIQA
6F36N
4EMHA
5T58B
1TUKA
1XHSA
2ITAA
2E9XD
4ALZA
1WERA
1IICA
1T07A
2QTSA
1STMA
3BMAA
4USKA
4TSDA
2A01A
2FGYB
2COPA
2V6VA
1SVMA
4K90A
3ELBA
1EVSA
1HFES
3SBUA
3FRMA
3VP7A
2E0YA
4QA8A
3D2YA
1X2IA
3LPHA
3OV8A
5B5YB
5MQIA
3TFMA
2JJZA
2L6AA
4EC6A
3IUFA
2LCIA
4PS6A
3UWSB
2FUKA
2GQ0A
3DS8A
4LMXA
3AQEA
2JCBA
1VMJA
4N77A
2HA9A
1AA3A
1T6SA
4OMFB
3L2HA
2PJWV
1KNZM
4P17A
2JVFA
5EU0B
1Y9KA
1MN8A
4W64A
3IPIA
3EW1A
5KGZA
3IVVA
2WYAA
2I5IA
4G7NA
3G6SA
4LKBA
1GD2E
5DO6A
4MNOA
2XDQA
2AVUF
5YQ7C
1EZJA
3K2YA
3CLOA
1FEUA
3B1BA
2QASA
2I4KA
4G75A
2YJ3A
2KQDA
1K78A
1HCUA
3KT9A
1AOLA
3FAYA
4Q9BA
5DYQD
6EU1N
3RBSA
1RQPA
3WU2A
1RZHH
3ID1A
2D42A
2ZOPA
2IZZA
3CL3B
4HYQA
3SLZA
1Q3IA
1DL0A
3J3Bi
2OWYA
4C0ZA
3I24A
1DF9C
4WXMA
2EI9A
2Q0YA
1ABZA
3FJYA
3NIWA
4PT7A
2LO3A
3JUWA
4O0AA
2B8IA
2JUAA
3ME4A
3HGLA
1UHVA
6ETXR
3TU3A
3BYQA
1BCSB
1K81A
4G6VD
4LMYA
4BHUA
5M9EB
4ETRA
2QW5A
1Q3KA
1F2DA
1DJ8A
2KWYA
1S0PA
4D5TA
1WYRA
4TPUA
1QSMA
2XCIA
4YZZA
1YREA
3JU3A
5HWKB
4COFA
2QNLA
2Q5WE
1JNRB
4E9KA
4KTBA
3OQIA
2I7RA
3QR7A
4FZ2A
3RETA
3GM5A
2VT1B
2YNQA
3PLOX
1K4ZA
1DHNA
1LDDA
3QZBA
4HIKA
3TU6A
1NU7D
1QFDA
4NOIB
1PLQA
1DX5I
2OO2A
2CZRA
1TUVA
4CADI
2GUDA
1JLYA
2RQMA
1WRJA
3U0CA
6EM5I
3H33A
4PW1A
1GH6A
4N0NA
2WP0C
4H61A
3I9YA
3KUSA
4OLSA
4NTWB
1TVFA
3A0BM
2HSNA
4ENEA
2KWTA
5C39A
3J39f
3FNAA
2Y7BA
4JBBA
4HWXA
1R8EA
4C7AA
1NZ0A
2FAZA
4P0ZA
4GOFA
1VC1A
1W78A
2WTPA
4F0WA
3V0RA
2QRTA
3KITJ
3HN0A
5J28C
2LH0B
3BH2A
4CVNE
2X9AA
2Y0OA
1QHQA
1F2IH
4BOQA
1R75A
4QLAA
2YQPA
4Q6TA
4HWMA
2MI5A
1RPOA
3L8FA
2WAWA
1MTPA
3L20A
3ZXUC
1SKZA
4J25A
3GE2A
5IZ2A
4HUKA
5ERAA
3KV9A
1U6MA
1SWGA
1YHNB
3B9TA
3HWCA
3ODPA
5MH3L
4CUAA
2D16A
4XO1A
4MDAA
3RRIA
5XYWA
4R78A
3V43A
2NAJA
2BQ4A
2PV4A
4FC3E
2K3IA
3LZDA
4OVYA
2N92A
2P2RA
1LISA
4OH7B
3FUYA
3TR8A
3CHMA
1FI8E
4EACA
3QBTB
2NW8A
4MXPA
3G8YA
1ZGAA
1TP6A
4EWFA
4J4HA
4P5IA
5MUZA
4RKGA
4HUQT
3EXVA
1T3KA
3G67A
3H8DE
5GJ8D
2Z6OA
2GCCA
5CUKA
2LD7B
4ZKYA
2O0MA
1T71A
4EQQA
1U2UB
3QNHA
3OOQA
1CL8A
2WGOA
1X4PA
4D0NB
4CLCC
3WMQA
3WURA
2W7NA
3FESD
3LIDA
3IU6A
2PMZC
3ONTA
2QCSB
2E60A
4BY2B
1NGMB
4RSXA
2W6IH
2J4US
4NU3A
2ECEA
6C261
2YNKA
1FWOA
5XUKA
1JYOE
2Z0RA
4KOQA
2L8TA
2DLBA
2MFSA
3F13A
5CS0A
5LY5A
3N3YA
1RA0A
4RU3A
4BD9B
2JGSC
2ICSA
2GSOA
4M6BA
2Q2GA
2EQBC
2OD5A
2F96A
1ZW0A
2OUXB
2ANEA
2HJ1A
2J6BA
1XZPA
1LPVA
4QTNB
2IMLA
6CNOB
3FIDA
4GIPD
5BY8A
1SPFA
4U9VB
2Q4WA
4LGTA
3TCVA
5AYMA
2QSVA
3DXRB
3MOPL
6F1Tb
3LETA
2FQPA
3GZ8B
1RW2A
5YT6F
4N30A
3UFBA
1DQGA
3KXEA
2J5HA
4LEUA
3OL0C
4AJYB
1DP5B
2YJLA
5AUNA
3MLNA
3E0MA
4O30A
1HYPA
4HZ9A
1Y60A
1H9EA
3KOSA
2X3MA
1UFBA
2I15B
3Q3FA
1K8KB
5A49A
2G3AA
4F67A
3KBQA
4QBOA
4L0JA
4QXAB
1XJCA
4YHBA
4QQ0A
1EIJA
4Q75A
1WP8A
5A0MA
1ZMAA
1OZ2A
3BESR
1K4UP
1XAOA
3PEVB
1O9YA
4EZIA
4GNEA
4CGKA
3FM2A
3QSQA
1VYKA
1NVMA
5X3GA
4OM7A
3VU0B
5JHFA
1QQGA
3EXCX
2KKRA
3EHGA
1ZC3B
1VLYA
2VKLA
5N8VA
2YS2A
2V1LA
4CD8A
5I7DB
1TZNB
4YMKA
4QTQA
4R1DB
2A06E
2VTWA
3DMCA
6B85C
4FC9A
4D2KA
4U77A
3OWCA
4WY4A
3TQUA
5DOLA
5GMKt
1HE1A
3WA1A
3ZXCB
2LQHB
4GA6A
3IFEA
2B82A
3CZXA
3BH7B
3F2IF
5T09A
4BLUA
3C8LA
4ILOA
3EX7D
2FZPA
5FR7B
1APYB
3O4PA
3QJ3A
4M62S
3QBGA
1O4VA
4N5BA
1WDJA
4JF3A
3QD7X
3IRSA
1CFBA
6COZB
1RL1A
3VZ9D
4P09A
3GHXA
4MEJA
2QPWA
1B35A
5BTAD
1M7GA
4QR9A
2Y9FA
2VXAB
4RGQB
1PBYB
1F8MA
4E1TA
4A20A
2NA4A
3UO9A
1FU9A
2TRCP
5VHXE
2DQLA
2YEVC
4WOYA
4WATA
3KN3A
3IXSA
3BJ6A
3OKQA
4M9PA
3G0TA
1ZE3H
3LHQA
3FN2A
1A0AB
5U0SR
2MM8A
4OF8A
5A4AA
1YEMA
4QLPA
2KW1A
4DNNA
2A9UA
1ZSWA
5LCYB
5C3LA
4ZEYA
1XVHB
5N7SA
2WM8A
3KG0A
4OO0A
3UBMA
3RKLA
1T1JA
5JNBE
2FOMA
4N7CA
3RWNA
4HROA
2JPIA
2VVEA
1UCRA
4C69X
2QWRB
6DEXA
3RGAA
3B8LA
4W6YA
4ATGA
2HGKA
3DCYA
5O9ZN
4G6DB
1QLOA
1ZT2B
1M4IA
2RH2A
4EGWA
2OBDA
2ASFA
3HVAA
3SXNA
5AE0A
6FPRB
4LMOA
2YMVA
5LNKM
4GC8A
5DXVA
5FN1A
2KISA
1OR4A
3A5DG
2Z5AA
2HAHA
4K24U
3PESA
4M91A
3GW2A
3TYPB
3TOWA
5LE0B
1OFVA
1Q2YA
2FSXA
1B1CA
3N2NE
3J3BG
3BALA
1HARA
4IP8A
1NNWA
4ABXA
5O0TA
5LWGD
3UUWA
1XDNA
4EYTA
6G94B
3SIPA
4XOSA
4UG1B
1GQAA
3HJLA
3VWBA
4UUPA
2PY8A
3WDCA
3SOVA
4L2WA
5KP0A
2EY4C
3PD7A
2YOPA
2DQAA
3E0RA
5IX9A
3T5XA
3SNGA
2O38A
2EJ4A
2G80A
2WJ9A
3JX8A
4BFOA
3GW4A
3ZK9A
2WSSW
4N82A
2PLIA
4QPWA
1VKYA
4LHPA
3LE4A
3DNSA
4ZJAA
2CXCA
3K94A
3KKCA
2WNMA
5CWDA
3O10A
1GSAA
5FN3B
5CECA
1ZJKA
5D91A
4INAA
3MCSA
5KI9A
1PXVA
3GF6A
3BYIA
2UVPA
1IVZA
4F87A
3D7JA
3Q2RA
5C9HB
1I27A
2IQTA
5AOXA
1JQLB
3G65C
3AMRA
3OPXA
1R6KA
5X6VG
4B0MA
2AP3A
1HZFA
4PT1A
3DGPB
4JXRA
3FO5A
3NF5A
1WRUA
1T0CA
2FZ0A
1VSQA
3SBTA
3H6PC
2MURA
4J5RA
1T0IA
1X0PA
4FPPA
4U4PA
3T6AA
4HDJA
4RUGA
4GB7A
3MMLB
4MH6A
3L39A
2D3YA
4KBJB
5C6GD
3ZR8X
2JYAA
2NPSD
2FZFA
3PF0A
2FBQA
4ZCGB
1OH4A
4P87A
5X8Rx
3DDCB
2I9NA
1Z0JB
4WMYA
4B8TA
2XQXA
3R24A
4DVEA
1E2WA
1KP6A
3OK8A
2C52B
3E3VA
5TSZA
3HL6A
1KYTB
4EBJA
4I90A
1I7NA
1M6JA
3WJ8D
4OI3A
1FI8F
4RPMA
4WZNA
3FP5A
3KQ0A
2P6WA
4ZHVA
4QVRA
3IDFA
2CIUA
2RTYA
3C3VA
1Z6OA
2FZ4A
1Z56C
4G6QA
2H1TA
1LKIA
2GF5A
2KGLA
5A9AA
2YPWG
4CVOA
1HG0B
4UZZB
3EUDA
3HVWA
1U5FA
2NDAA
1XQRA
3VA4A
2GIAB
5BXVB
3POWA
1WH2A
3K6TA
4DCDA
1JB3A
3S4OA
3B0BC
3R4QA
1S2OA
1VBKA
4L3NA
3GPKA
4K0QC
4XT7A
3K1QF
3BBJA
3IM3A
3D5DJ
2ZZRA
1XHNA
5D1RA
3EJKA
3FHVA
4KGMA
3KK7B
3ZZYA
2MJFB
4OBMA
4HEAR
2NTEA
3VH5A
1H8PA
1LVMA
1SKNP
3CF4G
4RPCA
3K1TA
5D9BA
1N7ZA
2WPVA
2OPKA
2AJAA
4RKSA
2HH6A
3S2JA
3J7VC
2WO3B
2WB6A
3ULQA
5ELKA
1KMIZ
3ZJ2A
1D1QA
4CNDA
2WSSX
1HTWA
2HY7A
4H6QA
2RBDA
2P30A
3OSTA
2WCYA
3BIYA
2D0WA
4IDUA
2A8EA
1G8SA
1IZCA
2A9IA
1ULYA
1LO7A
3H38A
2F3NA
3WX4A
6BN1B
3I5QA
4LTBA
3UQCA
3ML3A
4PUXA
2KPTA
1ZHXA
4O6IA
3UGOA
4B9GA
1TIGA
4OSNA
3R27A
3G0KA
4HH6A
3HA4A
3DWAA
2OEZA
3CK6A
2CWOC
3NSWA
4RHOA
2BICA
5BY8B
2ZKRI
5O9ZQ
1DEKA
5B7WB
4G92A
3HKLA
5C8GA
2QFAC
1ZL8A
1I1JA
2N2EA
3O6UA
2XRHA
4QPRA
3FLHA
5B0OG
3RUIA
4OA3A
4ESPA
1LSLA
3F9UA
4G6XA
2ZW3A
2I2XA
2G0QA
4WFTA
3WHRA
4HFXD
4CVDA
2MLZB
2PPVA
3OMYA
1OKQA
3NNFA
1NJGA
5NGNB
3HQXA
3BZWA
3GE3E
4G65A
6BV7A
4YJWA
4HPZA
4OBXA
2QN6B
2VJEB
4HTUA
2K2BA
1RU4A
4K15A
3AYVA
4QQ6A
4PJUB
5CEGB
4L80A
4H79A
3IX1A
4ZC3A
1VFIA
2NSCA
5UVGA
4GKGA
3I7AA
3LM2A
3IO2A
4O9LA
4X1OA
2LUGA
3BJ4A
1KLRA
3NGWA
4IYJA
1C8UA
4GIOA
3VRDB
3LE2A
4QE9A
1XGKA
3S93A
3IZ6O
5WASC
3HK4A
3MZOA
4H9NC
4EZFA
1I4JA
1EJBA
5D50G
2F23A
4JXUB
1JBIA
4RZLA
3GMGA
2H7GX
1VYIA
2LYYB
4JRLA
3LDQB
3KE7A
1ON2A
3LRQA
2HMVA
2AJRA
1ZOQD
1TZVA
3SMVA
1WJOA
1X9BA
1V2ZA
4ECGA
1V31A
2KKFA
4GL6A
3LHKA
4IOYX
1P6XA
2A1VA
3N77A
3T8KA
2KSNA
2C0GA
5A2TO
1S4KA
1MU2B
1S3CA
3NDQA
3G21A
4PK9A
2QDJA
3L1KA
4LJ0A
4C0FA
1F0KA
3RIOA
3HZAA
5D5NA
2XS6A
2MKDA
3H2BA
2HIQA
4IBNA
2M35A
2PSTX
1LGPA
2LPUA
5XYNC
1OSYA
3OKGB
3VQJA
3BY5A
1MAIA
3I41A
3NJAA
1ND6A
1YRBA
3DCMX
2PBQA
1QKRA
4EIJA
5TJ5A
5D18A
1SR4C
4PHRA
1AJ2A
3IRGA
4KIEA
2VXZA
3GZGA
4OKZA
2HLQA
1IWPG
3S6EA
5X56A
1IJAA
4B93A
2Z5WA
3TM8A
2YORA
4O9PC
4Q5TA
3UK3C
3EUSA
2WMNA
3AONB
1B4AA
2HFNA
2RO0A
2VGAA
2ZZJA
5M0WA
3BD1A
4ZA6A
2C4WA
3C6WA
5VU2Q
6C265
2I39A
3I9SA
3DO9A
5VF3I
4QMDA
5JHFF
2O3OD
3GQUA
3O59X
3RFIA
2ZOGA
3KBYA
4YK2B
5CETA
4Y25A
4RPOA
4RB5M
4NBOA
3CK1A
3DSDA
3L53A
1JSGA
4PQZA
3W1ZA
3DFFA
4IFSA
5FISA
2RM8A
3L9AX
2N8KA
1QR0A
1HR6A
2B9WA
4GWPD
3WVQA
1LTGC
3J01B
1LFWA
1I1RB
2A2MA
5EO4A
4HBZA
2XCJA
4LU2A
1X3QA
1G8EA
3KLQA
2G30A
2A9SB
3QWLA
2ASKA
1Y0BA
5Y18A
4UUKJ
4RS8A
4QE0A
3LYHA
4FBCA
2DCOA
6F2XA
5JK7H
3BROA
1K0PA
1O13A
4E4TA
5OOMN
4Y97H
3BEXA
1CJWA
3H16A
3T33A
2KVTA
2KHEA
4Q2GB
2EXUA
2QF4A
4AWXB
4AR2A
3PNXA
5L7SA
1LQAA
4HHVA
2OB5A
5M4TA
4EMOA
3NA7A
4ZSXA
4LMSA
5J6ZA
2PE4A
3V6IB
2CIWA
3E8YX
1REGX
5DUKA
4P0GA
4FEYA
3IZ6V
4HBQA
4YN9A
3P1VA
3U3ZA
1X9ZA
5YKEA
1ZRJA
1J5UA
4W78A
3D6WA
4RP9A
2RJ2A
1X5WA
2JV5A
1FC4A
4AMUA
1WTEA
1AL0B
2JOBA
4KQ7A
3IJMA
2JO1A
4NOOB
2LV5A
3E3UA
3FG8A
2JOVA
4CJDA
4I9XC
2WSHA
1XYIA
4RJWA
3OYOA
3HN7A
2YZ8A
1TT8A
1TE5A
1L5PA
2IN5B
3HG9A
6ELUA
4IUMA
2OD0A
3TBNA
3TNLA
1Q67A
1DKGB
4ICWA
5E3EA
5TFPB
2OOCA
3BT7A
2Q7AA
2FJ8A
3GWKC
3HYNA
3G20A
3F2EA
3NFGB
4M1UB
2D7EA
4H0PA
3K6GA
3NYYA
5GUFA
4UMIA
2YXMA
1LVAA
1WSCA
3ZRXA
2WL8A
4TTBB
1WQJB
1AX4A
3FK9A
3BYWA
4RB5E
1TOVA
3OMDA
3E7QA
1R79A
4XRTA
3BE3A
4ESNA
2J1NA
1STZA
3J9VQ
5E97A
5XQID
1UGIA
3HMUA
4JOIA
3H6RA
1UUJA
3BKHA
1GQEA
2IJAA
1F46A
1L1SA
3RHGA
4LOXA
1D2ZA
3ILHA
4MN4B
3R15A
2N28A
3T1OA
3C7JA
4E1PA
4S39A
4NV4B
3IB5A
4RE1C
4Q14A
1WRDA
2LNHA
2VNLA
3G7ZD
1R89A
2JJSC
2O8PA
3H3IA
3MVNA
2XZHA
3DV8A
3HE5D
4Z0OA
1ZQ9A
3RHZA
5NOHA
4M0NA
1YBTA
5WRUD
5BQMB
3FGNA
4OEBA
4M1PA
2BN5A
3P54A
5VZMB
3WXMB
2HDWA
3CVOA
1ZPYA
4I1SA
1L0LF
2H7ZB
2PQXA
5NUPF
2PPXA
4IMIA
2B99E
5WNAA
2ERVA
4NQIC
2YVSA
4AR9A
3NR1A
3AONA
3ER7A
2CO5A
4TMXA
2GU3A
2K5QA
5DMRB
4RHPA
2UYTA
2BM5A
3G74D
4UUWA
1ZDRB
2P2EA
2X8NA
3S63A
4L7IA
3WMIA
1TIFA
4IAJA
1U0TA
1RIFA
4DXTA
3MJ0A
5A0RA
2YIZA
3CAXA
2MT8A
4QICB
3K1RB
3TOJA
2Q24A
3KXRA
3GI7A
4H5IA
3MPCA
4HCEA
1Z4EA
2PYQA
5H0QA
1M8NA
4F55A
4RB5N
2LC4A
4Y7DA
4TT9A
4XA7A
4O8BA
3ZFJA
6B3OB
4FXXD
2N24A
4N8NA
1XAKA
2K87A
3BF0A
4HFVA
2LTAA
3IJTA
4WYHA
2BZ0B
3NY7A
4NJCA
3GP4A
3B08B
2O0QA
1QQP1
6G72i
2F4IA
2GV5C
2M7YA
3S57A
3CLQA
3HWJA
2I2OA
1UPTB
2JNQA
5HEEA
1TULA
3W36A
4FZQC
4NNBA
4PZ1A
1V5IB
1VJQA
2MH0B
3CE8A
2A6HA
1L9LA
3KE2A
3TRKA
3P0LA
3TC3A
1TJOA
4DCZA
1IGQA
2MC7A
6CH2E
3GMIA
5X41F
3QTHA
3SALA
1M7KA
3SZ3A
2Q8OA
3OVKD
3G98A
2QWUA
2JP6A
2I79A
3WWTB
3EJHA
3JTYA
2E5YA
4JQTA
4BVQA
2OEBA
4CGUB
1UDKA
4FIOA
3A7MA
5LWCA
3S0YA
5LQZW
3O8SA
4CDJA
2XJ4A
4RB5J
2JDCA
2CC6A
3ZFPA
1XG2B
4QJFA
2IHXA
3O7AA
4GCZA
2FTZA
4RB6N
3R87A
2YY3A
2K42B
1EIWA
3A76A
1PUFB
4NOHA
5MUFA
4CHEA
4K6LG
2I9XA
3WZSA
1Y8AA
6G18y
3NOHA
4BHQA
3HUGB
1OAIA
2APLA
4F3JA
5XJ9A
3PDDA
3O9LC
1GXMA
5D3KA
3FX7A
1Z6NA
2R7DA
3S6UB
2L0CA
1K92A
5YS2E
3P1GA
4IT6A
4Q2SA
1PDKB
1ASWA
4H7WA
4UOIE
2G3VA
3TEGA
4RN3B
1RWRA
2M48A
4BYZA
1VMBA
2K2CA
4I0XA
1NWBA
3POHA
4UE0A
3S5TA
5XOXF
1NRGA
3IEHA
5LSJF
1Q4UA
4JPHA
3PMDA
1XO0A
4I4CA
3WWVA
3O3XA
4QUVB
2QYBA
3MCBB
3ANWA
3D6MB
3G5CA
2P0BA
2EO4A
3WKMA
2PIMA
4RUQA
1DI2A
3M3PA
4BE3A
3ZDMA
3NB3C
1Q8CA
2HC5A
2FCLA
2Q9KA
1Y74B
5CCFA
4ZP0A
1BXYA
4ROCA
4NQGA
2NYIB
3WUZA
2AFRA
2IT2A
4UW2C
1GL4A
4DHXA
3NVBA
2ZDSA
4EVXA
5YRXA
4UKZi
4NOMA
3DCZA
3MW6A
3MGAA
5IY92
2O5HB
1S98A
1EL6A
3BPJA
2CROA
1NOAA
1MP9A
2RPBA
1JVWA
2WFOA
1FXKC
3T38B
3B33A
1A8RA
2MKVA
4X3TA
3LYXA
2XP1A
3L9WA
4BJJA
1NA8A
3JCUw
4E5VA
2VSDA
3S0AA
3AJ4A
3P9VA
4OC6A
1MGRA
2RIFA
1WD2A
1OKGA
2OPEA
4FE9A
2NXPA
4RYOA
3TX1A
5AG3A
3UEBA
2LM4A
3HTRA
5IFCA
5CVDA
3NT8A
3TOSA
4RPLB
2LVWA
4UEBD
5V2OD
3DWGC
6B2Za
4FPWA
2MVIA
2G64A
3ET6B
5XMEA
1VICA
3DLIA
4NMXA
1ZTDA
1JQGA
3V46A
2ASTB
4FBLA
2RGQA
3OOVA
3ZLEA
4GM6D
4I8IA
1D3BA
1RK8C
4I4M6
2A2LA
3OG6B
2D7VA
3IC3A
2XFVA
2JW5A
3AKBA
3OL3A
3DB7A
2OQGA
2DZNF
4L63B
5BY4A
4O8TC
2QSFX
3VPZA
2PC6A
4H4NA
3EUFA
3U52C
3C8CA
2FTRA
1C0PA
3B09A
3I4ZA
3JZLA
2OKUA
3D1BA
3WCTC
3LK3T
1XVIA
3J39d
4KFUA
2KSEA
2XOMA
1FR3A
2FPHX
1WNAA
1L6PA
4A69C
2GSCB
2YMMB
4C1AA
3DF8A
2OAAA
5XUOA
1YQ5A
2HQ4A
3BO6A
4X86B
4HVZD
5MY7A
3L4HA
3OLCX
4ADNA
3PCSB
3ISRA
2GE7A
3NNBA
1T0FA
4MUQA
2F9HA
2LY31
2ARPF
2PJSA
1JAYA
1VKCA
1MGTA
3C5KA
2N0AC
3B0DC
3RCOA
5T5DA
3DNXA
5C9NA
2N8OA
1IUJA
3TY6A
3BK6A
1YF3A
1H3LA
5IWDA
4NZVA
2XWTC
1P90A
3B4RB
2Z3XC
3WB0A
4E6ZA
6B2ZN
3HY0A
4MOBA
2WQPA
5C8QB
1UFOA
3J61t
2R47A
1DBFA
4CO6C
1V32A
1PYOD
4GN2A
4J05A
2G7OA
2CQ7A
5VU2E
3ZPJA
1V74B
1O5UA
2W1SA
4O5FA
2CVEA
3GLDA
3NVOA
3HI2B
2K9HA
5XEFA
3CT6A
4EWEA
3QKRA
3C9IA
1J3EA
3EF8A
4LMIA
4X8KB
3ZPMA
3S8IB
3IZSs
5T48B
3PLWA
3RFYA
2EQXA
5AJTA
1L3PA
2IA7A
3WU2E
4GS5A
1ERDA
4XPYA
5EXEA
1ECMA
5AMHA
3BRNA
3AJVA
1V7MV
2P82A
3VIQA
4LB6B
3G13B
3DAWB
5HLJA
1T33A
3MUJA
1PPRM
2CU2A
1WIDA
4JWJA
1VR3A
1FGPA
4V29A
4R4KA
3U8VB
4P78A
3LFJA
5E04B
2MSVA
6AO4A
4X0RA
4NDPA
4P78C
3L41A
2WH6A
5GRSF
4ZNFA
1V1HA
4RGWB
2AJ7A
5CW4A
3MWDA
4QLBG
3J38Q
5LM7N
5D8KB
3GUDA
4WIAA
3RW6A
3P3GA
2GOMA
1FQJC
4W8GA
2MPWA
4HHXA
3DFUA
2P4FA
2XKIA
5A43A
4I17A
4ZMIA
1H4PA
4DIDB
5K9KF
3X0UA
2XVCA
2L7SA
1SEDA
4J9ZB
5L0WA
1DQNA
2CWRA
2NR9A
1YU5X
2O6NA
3MBHA
6FUEC
4I6VA
2MHYA
6CV9A
1XS1A
3BFOA
1YZ1A
3AY5A
2VFKA
4MU6A
1FOBA
3JSRA
2I88A
2OFLA
1S55A
1LNGA
4NJLA
2R44A
5T58N
3GMVX
2ESHA
3LUMA
3C1QA
3ESIA
2HG6A
5LBKB
1GRJA
1VQO3
3FD9C
5DNCA
1JILA
1E4MM
3AA0B
2HI0B
1EAYC
3PVHA
1B35D
4R0SA
5CTAA
3RAGA
2Q7BA
2JSTA
5T47B
4DKWA
2RAAA
3KDGA
5JPQG
4QT9A
3EVYA
1CR8A
3BAMA
3NO2A
1PYIB
2P0TA
5CXWA
4B2Qi
3PQKA
2FQMA
1B35C
1GAKA
4HC9A
1H6DA
4LJ9A
3PJ0A
3OYMA
4GHNA
1VP8A
2LE3A
2X5CA
4BPFA
5V6EC
2VY2A
4U13A
2BKFA
1ZXFA
4CVNA
4L9PB
1RUWA
1UJLA
2JMOA
3C4RA
2D3DA
2I1SA
1U2MC
4O6DA
4I68A
2PH7B
3H7IA
3RKCA
2I9DA
2GENA
4YLFA
1MN3A
6CILN
3LAYJ
2O6KA
2KWVA
1VQOB
2KE4A
3P6BA
4IAOC
4RSWB
4ZQUB
4K6NA
4FQNA
5VGBB
4WFWA
4NK2A
4JN3A
1Y9LA
5IRXF
3P06A
5BXAA
3WNDA
2JNEA
2RBBA
5W2IA
2JWGA
2W2UA
2OLTA
2ZCXA
4GA2A
5GJEC
3FNIA
4W9MD
4H7LA
3BQWA
4R7EA
3GHMA
3C19A
2PBDP
2MDGA
2LOHA
5IP1B
3RX6A
2HYBJ
3PZ7A
2A6QA
4G7VS
3BM3A
2D1PC
3BB6A
3SHOA
4XK8K
2QSIA
4D0KB
5TC1M
3MCBA
3ZBDA
2I00A
2FJ6A
2Z5EA
3ZH9B
5V13A
1ADEB
4GQ4A
2MHJA
1DM9A
2D86A
2CALA
5FJZA
4WVRA
4KT6B
1W61A
2WP4A
3NRLA
4DDDA
2YYOA
1SCJB
1TCBA
4PQPD
1OEYA
4NJHA
2OX1A
4FZ0O
2LN8A
1N8FA
3TQGA
3O3VC
3QY2A
5C2UA
4U5HA
3GWRA
4Q5EA
4NX3D
4E2LD
2QLTA
2AEUA
3G5JA
1I3JA
4Y0AA
2VGHA
4ESUA
2OXLB
2R19B
1X31C
3CWIA
5BMTA
3V9OA
4LFLB
3KW6A
4RSIB
4CGSA
2RASA
2FB0A
3L9BA
1M1LB
3FKQA
4F8LA
1P9DS
1JJ2Y
3FDSC
1YHMA
2GFQA
4C92B
1US8A
5YDNA
3JD5b
2LOJA
4JBUA
3SJLD
4F2DA
5VU3D
5YUDC
4FYYB
4HDDA
5TD8A
4DNYA
1GO4E
3O6QA
4LQKB
4HICA
4ZTKA
3P51A
4Z3TA
4LO0C
1QB7A
4Q6VA
3CA7A
5AHWA
2PBLA
2OQ8A
4QLPB
1JR2A
5VF4B
4HUQS
5E4WD
4LMPA
2KQ5A
4RB64
2JMPA
1M0DA
2I53A
3QAOA
2WDQD
3E1EA
3TEBA
3KTBA
1V9DC
1HYNR
5Y38B
1U0SA
1QBJA
1R8OA
3MW8A
3C1OA
4GR6A
4G0IA
3O48A
1PCFA
4EZCA
4V1Aq
3AJWA
2GW6A
2GIYA
3G7LA
1YWMA
4ZSFA
1D2NA
2AL6A
3U07B
4CC0A
2O5WA
2HR2A
2FZTA
4F1HA
2N1UA
2R6IA
2BBDA
3IB6D
3OXPB
2DOQD
2Q5WD
4AJYV
3UC2A
3W1EA
1FVYA
3LMFA
3G5OA
3DL8D
4TLGA
2BSJA
4W79A
1EK9A
4YTLA
2DSQG
4N0PA
3AG7A
5E10A
2HW2A
1WUBA
2KO6A
1UW4A
4DRIB
1JJOB
4GT6A
1T77A
1YDLA
3FPFA
4RW0A
5HUSA
2I9FA
2IJRA
3D4RA
3TR4E
4KF9A
5N2UD
2KSWA
1GNYA
4L0RA
4N04A
3R1VA
3F75P
1F5QB
3FCMA
2QPXA
3MF7A
1EYHA
2R37A
2R1FA
2OGIA
4UZKA
3N7SC
5A9PA
3SUKA
5CKLA
3N5LA
1IG0A
1BOUA
1VQOR
4YS2A
5NKZD
3VYXA
1DFMA
3HOEA
6B87B
4U7UH
4DWEA
2O4AA
2LCKA
1IJXA
2OR0A
4PSCA
5L3XB
2GF4A
4PLPA
3K1HA
4JZUA
4GQOA
5YZ0D
2HJ3B
5UZ5B
5XTDd
4HE6A
1KQ6A
2JVWA
2IH2A
1G66A
2R5UA
2WBQA
2BUDA
1VDMG
1OO0A
4INEA
1TUWA
1RYLB
2J5LA
3S99A
2RQXA
1U7KA
3H8TA
4LZKA
3RYLA
3WJTA
1NZ8A
4E2UA
1CKAA
1Y96A
2IIEA
3VKJA
4HLYA
1QW2A
4HAEA
1B35B
4O6YA
2I4RA
4XLXA
3DTHA
4HD4A
2RFRA
3O0FA
1EEJA
4TX5A
3KWRA
4X9RA
1YF2A
2GJVA
2XV5A
1WV8A
2YQ2A
5XTDi
4L8RC
3J61r
3KNYA
5KMXC
2XQQA
3FO8D
3OKPA
4ODJA
2MF3A
4ERRA
5FMMA
3EPWA
2NN5A
1EPTA
5C8JI
3JVOA
3FRQA
4YARA
5N86A
4FZ4A
2GECA
4M16A
5WAMB
4Y1PB
2NYEB
1YZYA
1LWUA
3QHQA
4JG4A
4EM2A
1M4UA
4ID2A
4CNKA
2YN0A
3T6GB
4HH3C
4BF5A
4V1Ao
2QJVA
2YVMA
4MZVA
3WASA
2OUTA
5GPLA
1VQOM
3FZXA
2OIWA
2R25A
2YZVA
3ME0B
3WEBA
2ML7A
4G92C
1Y0KA
4I99A
3LW5K
3DCXA
6F40M
5AJJA
1K8VA
3K7XA
4GXTA
3UA0B
2IVFC
1U07A
2PY6A
2V79A
2Q3QA
4R10B
2XZ2A
4R1JA
2QPVA
2A0UA
2PT7G
2NYSB
2NLVA
3SPEA
2R4FA
1ZPWX
5ONUC
4EI0A
2PTTB
3MZNA
2RDEA
2DCVA
3N28A
3UNYE
1YWYA
4BZAA
3NOJA
3BM7A
3PH0C
1V66A
3ZNUA
1KAPP
2HTDA
2K3QA
4OOGA
4MTUA
2PTTA
3WU2H
4GITA
4RKIA
2QZIA
4QBSA
5WAKB
3D6JA
3R0RA
3WZMA
1KJNA
3UTMC
2FTPA
2L92A
3HEMA
2X3VA
4HRND
2AFFB
3IUSA
3W42A
4CYJE
1QD6C
2WWEA
4PDCE
1TOCT
5B0UA
1AT0A
1WM1A
3MR7A
6DT7B
1DS6B
5GAOE
4UQWB
4PTYD
4BT0A
3Q64A
2M09A
4P3XA
4HL4A
1VHTA
2B9DA
3CI3A
4JVSA
3E7HA
2D4XA
2L6LA
3QQMA
1TKEA
1XSZA
2OA2A
3W5KB
4LM6A
4F0QA
2Q52A
1XU6A
2N12A
4TVSA
2ZW5A
4YAAA
2DB0A
1VQOY
2YF4A
4A5XB
1Q8BA
2Q4XA
4GIMA
3NKZA
2FYGA
3D3LB
1EPTB
5AN6A
1JYKA
1Y8QA
3E1IA
2ZDIC
