3K26A
1QWZA
3UW3A
3OXQF
2B5IC
5O9ZH
4P7CA
3IYUN
1ODMA
4C9YA
5LDXo
1VQOC
3WRVB
4BEGA
3E3XA
5BQ9A
2EFXF
3N5BB
5CE7A
2EAQA
3QC0A
4O87A
1ZHSA
2BLFB
2JNAB
5Z1WD
3BRYB
2DYJA
5OQRD
4L3UA
2N5DA
2HY5B
1AWCA
2Z0VA
5OSHI
2OTMA
3WPXB
3SD4A
2UWJE
2RTSA
3ZZOA
3OFKA
3FVZA
1GPPA
2Q46A
2D48A
1AKOA
3FJSA
3TFZA
2MC0A
5AONA
4BEHB
2KZ9A
2PMYA
2FQHA
4YC2G
3QYEA
2CT7A
2ROWA
5GYYA
2GVQD
4B6IA
1NYUD
1CWVA
1K9VF
2ZF8A
4QASA
4LD1A
1Z9MA
1Y2IA
1Z9LA
2J5VA
1LUZA
3FHFA
1YWFA
1DCQA
1DIHA
5IJPA
5VMDC
2ZC3A
5MMII
3KZQA
3ETOA
1DYNA
2OOYA
3EJVA
3FDEA
5A53A
1U0BB
2PGCA
3R2UA
3MSWA
4H2WA
2DG5B
2IKEA
6F2DA
1SX5A
1NJ1A
3Q6KA
1FZVA
5GARY
7FD1A
2FHZA
3J36Q
5V6JD
2IUYA
4D79A
1KJSA
1C17M
3DMGA
2QJXA
3ZPNA
5UUSB
5FIYB
4R7KA
4WPCA
3VSJB
1KCZA
2PYTA
1BJAA
3RKVA
3LQNA
5LUTF
3U95A
2ILKA
5YRZB
1TLVA
3FGTA
3E4WB
3AU4B
1LBUA
3EXZA
3ACHA
3NRFA
2ACMB
3U12A
2AU5A
4HLSA
4M1XA
2HSXA
3WOZA
5DJOA
1B67A
4B6XA
5MHKD
5AJ3j
4MZ9A
6F8SD
4RHKA
2QYAA
1JERA
2XR4A
3M9LA
3IZ6E
4RQOA
1VQOX
4QU6A
2DS2B
1SF9A
1AISB
5HFTB
1D2ZB
4HG2A
4R03A
2F4LA
1ZU1A
2VACA
3CG3A
1XPJA
2KI9A
2KSMA
1QAJA
1AU1A
3X29C
2I1PA
2HRVA
4ESQA
1IHKA
6F42W
1FDJA
3O2UA
2FGTA
2QZGA
1PJUA
3D4IA
4X8QA
4UYPB
2BTVH
2POFA
2A06H
5U0ST
2X7QA
1AA0A
3BCWA
2JXNA
2SNSA
4RL8A
2NNCA
1EXKA
5EWUB
1VCAA
2HALA
1OHUB
1QZGA
5K5WB
4YORA
4AY9B
3VBHC
4UN1B
1U9DA
1E9KA
3VJJA
1OE4A
3VK8A
2HRAA
2PFWA
4LGJA
1NKPA
3A1YA
3Q7RA
4EUKB
2Q4UA
4G1UA
2IG3A
4RB5Q
1YS1X
3DM5A
2W3YB
4JNHA
3CUEG
2IDOB
1P5VB
1H21A
2ELXA
1VTNC
3RXYA
2P26A
4O8YB
2CZJA
2AXWA
3G5ID
2MVBA
4RN7A
1Z8UA
6F7PB
1U7NB
4YMUC
3ADRA
2L48A
2KJEB
4PWSA
2FJRA
3HIUA
2MVNA
2VSWA
2Y8DA
3N3TB
1QRVA
5V8WA
3C18A
1QF8B
2WW5A
5B3HF
2WYQA
4BT7A
4P96A
4MB0A
3KYDB
3HCNA
3K63A
4RB6G
2Z67A
2PNYA
2WJVD
2O34A
2BJRA
4XFKA
3IABA
3NA2A
4PWAA
4RNAA
4M70L
2MXRB
4JIXA
3NZ3A
1U69A
2ES9A
3SJ5A
1W2LA
3GR5A
3GODA
1WE8A
1XF5L
3FLPA
3FGVA
1TL2A
2OJHA
1PZWA
1RFYA
1UKFA
3MP7B
3G79A
1C7KA
3K7DA
2J3XA
3ISMC
2LLHA
4F3LA
4KRDB
3QORA
3NFQA
4HORA
3K3VA
2OGFA
4ALYA
1F1EA
2HINA
2HX6A
1GXYA
3PT3A
2NR7A
5CBPA
2PD1A
2JEKA
3I3VA
1UVVC
4BK0A
6DIPA
3CTRA
2W82C
4I1LA
3IUPA
2QA4G
3B5QA
4PSNA
4QBAA
2L58A
1USYA
2OSEA
3RGCA
2QC5A
4B1MA
5DOKA
4YSXD
5DICA
4WWFA
1WD5A
2DTJA
1VW4P
4B89A
4K48A
3AA0A
3GK6A
3FNCA
5LCIA
3DSBA
3EJ9A
1XXAA
4ARTB
5MSMB
2Y1BA
6B48K
1FMJA
3SOJA
5A3DA
2RR3B
3LCZA
5BNCA
4PZLA
2LFCA
1Z0KB
5Y10C
5EKQC
4ID8A
5MU4D
5HALA
3GOEA
1T3UB
6B1GA
4OGNA
2E1MC
3FCNA
3LMCA
2PNVA
1YKEC
4PZJA
4HASA
5XJR2
1ZG2A
1VLQA
1TZAA
2OYAA
2CTUA
3EO7A
5ZGH1
4WVEA
3FH3A
3IE4A
5XMZA
4MZAA
2H00A
2OP5A
1VHEA
2RHFA
5F5MB
3T7VA
1ZD0A
2I06A
3TBDA
1Q01A
1X6IA
4BJTA
3DM3A
3F0PA
3WWLA
5XNLz
1WDEA
2Y2LB
3CPQA
5Y5YG
1OA8A
4UYIA
2PQVA
3GA9S
3BGEA
3FSGA
1RQ6A
1JAKA
1TU1A
4K2PA
2WKNA
3MZYA
4LAYA
3M33A
3KDFA
3E6QF
3CM1A
2PMSC
4QPLA
3FFVA
4Q7GA
4D6KA
6EU0V
3K93A
6ET5S
3WZ3A
2J9CA
3CEXA
2D1GB
2VYOA
3CJHL
5ZVTj
3T6OA
4RT1A
4G7XB
2BKYX
3O0LA
5AL7A
1LR0A
5V8CA
2QIHA
2OMOA
5CYJA
4RGIA
2J49A
2FYUI
4MLMA
6C6KC
3R8JA
4AOQE
3V5WG
4RB61
4MAKA
1W4SA
5GKKB
2W5QA
3B4SA
1VQOQ
4DJIB
2WW9J
5TSBA
3FACA
3I00A
4HBEA
1VQON
2XEMA
2XVRE
2YAVA
3AYHA
3MHXA
3I7MA
1JHJA
2F6MB
2FF4A
4B9WA
4K12B
3A07A
2ZX2A
2PA2A
3SSOA
2KFVA
1C1YB
4LO6B
1YD2A
1FN9A
3EMIA
1XXQA
2AB9A
3NUHB
2Z84A
2V14A
4GBSA
1YWWA
3QH9A
4FLAA
4WAIA
3V6PA
2CX7A
2CZSA
3GRHA
2ARCA
4Q29A
4CQIA
3E8LC
3QXLA
4XHTA
4KM8A
2F4PA
1BOUD
3R6AA
1CMCA
2HIYD
3LDTA
3J12J
1RF8B
2LAIA
4RB66
3TUJB
2HERA
5XRWC
3IVPA
5JNOA
4G2AA
3FSPA
3KP1E
2FHDA
2Y7LA
2DLKA
3A4RA
5GWMB
3P8DA
3VGZA
3H8DA
4OY7A
4UI9M
3X0HA
1I4UA
1FSGA
5FLDA
4AC7B
2MEMA
5K0YM
5I1UB
2EBEA
4QTCA
4ZOHB
6B0XC
2D4GA
5XN4X
6G51v
2JYSA
3FDQA
2ZKRG
3ONDA
5OF4D
5F6RA
2RE9B
5LY0B
5YZ9A
3ZRIA
3KPBC
2G7CA
3BJEA
3UC1A
2W0GA
1VQOT
3O5YA
4J20A
4RU0A
3E58B
5LXYH
3ZEUB
2BDRA
1Y88A
4MB7A
2Z0JA
3R9JD
3QZMA
1R77A
2Q01A
2QLCA
2GJ2A
1SK7A
2QVKA
1QHXA
4O2TA
3JZ0A
2HX0A
1VBWA
2F22A
4GXGA
3LLIA
4YXCB
3AG3D
2W2XC
2JK9A
1E29A
2MD0A
1G6GA
3AJFA
3R84V
3FKAA
1MR0A
5BPZA
2N72A
1I6FA
1TWFI
3IRPX
3R20A
3MNPA
4J7OA
1SR8A
3B21A
4F98A
4FCAA
3DYJA
4WPYA
3HVZA
3U4GA
3LLOA
1VYBA
2CAYA
5WPNA
5UJ0B
4KWDA
1VQOU
3OA8B
3ALJA
5CH6C
4XAQA
1PQHA
6BUCA
3DA5A
3W6KB
3CX5B
1EM9A
6G53t
2MX4A
1LJ8A
1Q8DA
4J6OA
3NO7A
3K3KA
3QTED
1GDOD
2PYGA
3F4AA
2GJHB
3I6XA
5XTCc
3BCYA
5AJ8A
4RB5R
1UADC
3LD2A
2YV6A
4A1KA
3KINB
5EQZA
4LFLA
3GU3A
2QL2B
3S6XA
2JX6A
2EFKA
3IOXA
3CWZB
4FM3A
1A73A
2C2ZB
1G1ZA
4NPFX
2C60A
4XJ6A
1VAZA
3QIKA
5D16A
3F1TA
3SJMA
4ZJMF
3F5MC
4KBXA
3RVCA
5FIID
3PQHA
2HWJA
3BF4A
3ZZHA
2A6HE
2IY2B
5FNAF
3FD3A
2HHIA
5T2XC
3OOSA
2XCME
2H7AA
1DQCA
1U61A
1YPYA
2P09A
2W1NA
4I6XA
2JV2A
1CKMA
4XIGM
2R1IA
5U96A
5VTGB
4BGNB
1YARA
4J42A
1KR4A
4QXZA
1C3ZA
2MDFA
1DVOA
1XLYB
2FHPA
3ORUA
3SXUA
1VQOE
3WO6A
3E5ZA
1VHDB
2YADA
2QRLA
4R33A
1W1HA
1ZX3A
2JUGA
4NKBA
1IS1A
3K6QA
2XVSA
3D1NI
2GWPA
3KL7A
3K29A
5J9QB
9WGAA
4RLDC
4BMCA
4GQMA
4ORLA
5AIZA
4M8KA
2CY5A
6F40W
2NAEA
6CFWA
5FIYF
2GSLF
4NYQA
3KV0A
1JYAA
1CBKA
4ZNMA
1FIUA
4KG3A
2AQXA
4O5JA
6EU9A
2YH5A
5Z9AA
3IP4B
3UTKA
4BFAA
2BW2A
2KVSA
2MULA
2O98Q
5T86I
4FHGA
2KZ0A
2KICA
3GFYA
3SD2A
2NS0A
3GRDA
1GU3A
1VQOP
2ZKQQ
3O0ZA
5CEGA
5E4MA
4PEDA
2IOJA
1Y1LD
3MX1A
1STFI
3CUEO
3BRUA
4RCJA
3CEIA
1ZQ7B
5BWEC
3LUAA
5JN6A
3OUEA
1TWFF
5JYSA
5A61A
5OA1V
2M60A
5W87B
4NPAA
1F3UA
1I26A
3RT3C
4WBXC
2M1LA
2R9RB
2H8EA
3FP9A
3J7Ye
2JM2A
3VEAA
2HGJE
2JC9A
2YV4A
2VXTI
1XWEA
4IQHA
3FJVA
3PMRA
1HQZ1
4FMLA
4F03A
1LSHB
1DBTA
2LD3A
1NO5A
2Y9WA
3JTOD
3NQIA
5J6PB
1MM0A
3WSCA
1NYCA
4PUGA
5A96A
1AHSA
6F36M
1IN0A
2GLLA
2PH0A
4MJ7A
3CPTA
2J2JA
3FGYA
2R5OA
1H2SB
3TJ7C
2FP3A
4RPFA
4K92A
2Z0LB
3UKMC
3DINH
5U4WI
1YJNI
1WC4A
4BM5A
5UNQF
4V16A
5IC9D
2WCWA
4TT0B
4UNCD
4OE9A
3PYCA
1SF8G
5OBTF
3R9RA
6G16B
2ITBA
4UJ0B
4CG7C
2GAXA
1KBFA
2N2SA
3EARB
4RB5T
2E30B
4M64B
3CXMA
5IECA
1BIFA
2D4PA
3E8VA
3MAZA
2VYWA
5EDLA
3RGOA
4AC1X
2FP1A
4GEYA
3FVVB
3WOEB
4JHYA
4LILA
1A2ZA
2ZQKC
1UB9A
2ZYRA
1QS0B
4O7KA
3IB7A
1HH2P
4HS4A
4H3WA
3FHKA
1LPBA
3KMIA
2D51A
3MSTA
2C5WB
4PN6B
4GNSA
2VVFA
2BE3A
3MKLA
1KZQA
2M0DA
3U7IA
5AWWY
2LOOA
4UZ0B
1DKQA
4LN0C
2JUCA
4QM6A
3J21l
4C5EE
3GA2A
2E3UA
3M21A
3PYFA
3FOCA
2Z0TA
6F1SA
3L46A
1WMXA
5H6TA
3WU2O
3E7LA
3BCVA
4A1RA
3PNNA
3VRDA
5M1SF
1Z9VA
4JQPA
5HTLB
3R07C
1HLVA
4PX8A
3E59A
5VMOA
2LWXA
3A2ZA
3F40A
2PQCA
3NJTA
2NYXA
2N26A
3BBGA
4EBYA
5FSAA
2YS0A
4FTXA
4LDUA
1U7LA
2MC6A
3LD7A
3LWTX
3GY9A
3EZIA
1HY5A
3ZVLA
6F0KF
1F4SP
4ZGQB
4AE8A
3PKVA
2P97A
3KBHG
4HE8E
5C8AA
4IKVA
2QHLA
1AAZB
5U4WF
3MTXA
5A10A
4UEXA
4EZEB
1TWFJ
1Y9QA
3WS1A
5TV5B
4HZUS
3NTWA
3SONA
3FB8C
6D6VE
2MPNB
4E84B
4HZ9B
1Z21A
1M6YA
4NFWL
3P5NB
4LORA
3TYSA
4IABA
5IP0G
4YZ0A
3RSNA
4RXVA
3F1IS
2E5ZA
4GVBB
1JX6A
2G8SA
4YWAA
1K7CA
2BL8A
5E3IA
4MITG
5WAIG
1E8PA
4AYCA
1M2DA
3K8JA
4CYFA
2A7UB
3B49A
4L2IA
1F5VA
2QRUA
1VW42
3T47A
2AAMA
3MMYD
6ANSA
2QQZA
3HNWA
2G8YA
3X1LC
2LMKA
3FMBA
2KESA
5LJMA
3SY6A
2KFSA
3EMXA
1XPPA
3N89B
5HE9E
4Z80A
5APAA
1KVEB
3TTMA
3M8JA
4LDCA
4N3YB
1CBFA
4G6DA
1RO5A
4Q2LA
2PIJA
2X26A
1WHZA
3PC7A
2RINA
2KXEA
4JYRK
3MOND
3NISA
1GU9A
3FAVB
2W8XA
4U12A
4WFCE
1K1VA
3X37A
2MA9A
2G0WA
3IQTA
5WX9A
3VPBA
1HN6A
3MK4A
2XT2A
3HA9A
2L35A
3L7HA
1I5NA
5HVNA
2XXNA
4MNUA
3QHPA
4JBWF
2LBOA
3TMKA
2CH9A
1D2PA
3CJPA
2BYCB
5JAKA
6AZPB
1GYXA
3WXXF
4MJKB
4WFCB
3EPUB
4RB5P
3KYEA
3CWRA
1QO0D
2QEAA
2NTYB
2CV8A
3AL2A
5TR7A
3D5LA
4HEOA
1F5XA
2ZU0A
3NO0B
4F7GB
2F1NA
2I5UA
1FJRA
4J8SA
3UO3A
3VUBA
2DVZA
4NPXA
2IWAA
3F9SA
3GOXA
4UTQA
1TIQA
2JA4A
1WDGB
1JY4B
1UEBA
2X9CA
2BHVD
1YD8H
2L31A
1PBAA
4RHZA
2GT1A
3G8QA
5MG8B
3BM2A
2B2AB
3GYGA
3G2BA
2WT7B
1TQGA
2HUJA
2DSKA
2XI8A
2N5XA
2P3PA
2L0ZA
1OEYJ
4RS7B
3A1JC
3UUXB
4F2LA
1NFVA
1S99A
2ZYZA
3WVAA
1POIA
2BT9A
5G3QB
1POIB
5TJWA
3VK6A
3CYGB
1L9XA
2V5NA
3L0AA
4ZKQA
1MMSA
3QAUA
2P62A
4JB3A
5A4HA
1XTZA
3NKGA
2JVPA
5CZ3A
5LDDD
1EERA
1XUVA
4DM5A
2D4UA
3WX7A
4N9Fi
1DDBA
3MKQB
3IUUA
2YFAA
1UG7A
2RK5A
4YXZA
3DNFA
3ZUXA
4G0AA
2FUEA
3VEPC
2VXDA
3L5IA
1JB0C
2HBOA
3H2SA
4P3HA
1WLZA
6EN4D
2G8LA
1EB6A
5GOUG
3PWXA
4N3TA
2PO1B
2IMFA
3U0OA
4GQUA
6AN7D
1ADNA
2VE8A
4PDNA
4QPTA
3FLOB
3MTQA
4NC7A
5LMXG
2AXQA
3Q6BA
2E7JA
3CXNA
1E8RA
5B64B
4UF1A
4YZGA
4N78D
4WPMA
2ZE7A
4CFPA
3IR4A
1TOLA
3W8VA
2HH3A
4J0DA
2DO1A
3ONRA
3TM2A
4B19A
2E6XA
4UZ3A
1I7XB
5I5CC
1BGFA
1T4AA
4WT5B
4RMOA
4ASMB
3O3MA
4P1MA
4BG7B
4MGQA
1HP7A
4WXSA
3Q6CI
3X27A
5O9EB
2CXKA
1ZV8F
4Q63A
5BUTI
5LLMA
3KFOA
4FH0A
3VIVA
6FHSG
5VFYD
4GHBA
2WFBA
4XB6B
1RP3A
2QSAA
3S9JA
3TJQA
3C7AA
2JBYA
5GMXA
4TPWA
5K79A
3RNME
5UA4A
5OENB
1XJHA
4IYAA
5GAPB
3GNEA
2W2AA
1VLPA
3J3AL
1EJ0A
3P2CA
3IGFA
2R15A
2D00A
4NBIA
3OFGA
1DGWX
1PMIA
1J1VA
2A5ZA
2XEDA
3GDWA
3QNQB
5YMAA
2V7CA
3QF7A
4A1DO
4GUCA
3SF4E
2OJQA
1TC3C
2WY3C
5YHHA
1SZHA
3U52E
4E01A
3BLNA
3GNAA
4QAFA
2VVWA
3E9VA
2F4MB
3KSPA
3NZZA
3MYDA
1KV0A
1ZX8A
5BV8A
6D05F
3H36A
4AFHA
3HWPA
5TPMA
2F60K
2O28A
1SRQB
3HIAC
4LCQA
3U3UC
1P5DX
2HP0A
2WU9A
2LKLA
3CE9A
4V00A
4X2HA
5XLMB
4JIVD
1JB7B
2ZCAA
2V4XA
2XTLA
5UYTA
4PEIA
3ISMA
3U2UA
4Q1QA
2MMBA
1UOYA
4U0WA
4E4WA
4I1SB
2LN3A
4QTJA
2V3GA
1TD6A
3DF6A
1EAIC
3VDJA
2RJZA
2D4RA
1EJ5A
4QTSD
4LIZA
5DILB
4JE3B
3ABQA
1EM2A
3QD6B
3PR6A
1CVRA
4W8WD
6CB8A
3LKWA
3PSSB
2GHVC
2MXWA
3UN6A
1CQ3A
2K3UA
2BL2A
3D0JA
2RMHA
2OITA
3MQZA
2EDMA
2GRUA
2FKCA
3HRDF
2A50A
4DGHA
3F5RA
3NRWA
4WCGA
1SXRA
1B3TA
3CAZA
1Y4OA
2MHDA
3IJWA
2B9SB
6G72n
1NFKA
1UAPA
4NT5A
4X5PA
1X4QA
4RB6H
2JESO
4ZL4A
5MQ0s
1VW41
3CT4B
1ICFI
3IUOA
2KSDA
1TAFB
1SNZA
4S12A
1Q2ZA
2F07A
4BWCA
4KE2B
4HU8A
4LWRA
2KAKA
4FXIA
3MTRA
2C5UA
3NPPA
5BUDA
5E24B
1UZ3A
2KW3C
2Q37A
3A8YC
4ZYAA
2GRRB
4DYQA
4U4CB
3I0TB
5T59C
3OBQA
2ACVA
5FV8B
2PKAA
3LA9A
2HY5C
3A8RA
3H6NA
4LQ6A
3LAZA
4PU7A
1NMUB
2DVYA
2ODLA
1H3OB
3CK2A
1FVAA
2PJUA
1OFZA
3SOOA
1E41A
4JPBA
4XP8A
3FH1A
3L6IA
2OQBA
4IWBA
4BNDA
3FF2A
2FE1A
4TN5A
3JROC
3A0SA
4JZ8A
3ONHA
4NWBA
4FDWA
2XXPA
4JD0A
1KQFC
4TPSA
4H05A
2HUHA
2MEV4
2QNEA
1XD3A
4R7FA
1TWFC
1WQ6A
1EZWA
3OT2A
2WJNM
1T13A
3RWXA
2F4MA
3O14A
4D63A
1TUAA
1YSXA
5XK9C
5M2OB
1VL4A
3MX7A
3MMLA
4YMRA
1WOUA
3D0DB
4FJOC
1FJ2A
3RF7A
3QOCC
1PIEA
2Q82A
1DWKA
1J83A
1V30A
3ZVKA
3LQKA
1SAUA
1RJ1A
1VQOV
2GD5A
1YFNA
4NYHA
2OY9A
1ES9A
4FKZA
3F52A
4YH8B
3QVGB
4N1LA
5CK3A
6CKOB
2HSBA
3CRCB
1ORUA
1LQ9A
2JOIA
4DJDD
3CJMA
1VRAA
1YXYA
4A54B
4PHQA
2VMLB
4ZJHA
1J58A
5T51A
2Z30B
2QZBA
1O50A
2NZCA
2RG4A
2NSFA
3ZJ1A
2HIPA
2CE0A
3U0HA
2FKBA
1PYTA
4NLHA
3OY2A
3HIXA
4CGBB
3DZAA
1Q33A
1KQFB
2AHME
2NXVA
4QUSA
1ICHA
1RRZA
3GIWA
1XFKA
1X3LA
1GFLB
1QOJB
1O4WA
2MOEA
2HU9A
4Z29A
2YGLA
6AR3A
3K0ZA
4F0HB
2FIPA
4EJRA
4RUDA
1SGOA
3T3LA
2VVYC
3IRUA
5IBLA
1C1KA
1YD6A
2IIAA
3HRDE
2IABA
4ACFA
3CP0A
2ZD7A
1PMHX
3QSLA
2V6GA
4KG0A
1H7CA
4FK9A
3E9GB
1JKEC
5A8UA
1TLQA
1E52A
5W2FA
2KNPA
1E1HB
3PJZB
3HGMA
2OZ9R
4UAFE
4L1NA
4OY2D
1SJWA
2OF3A
2CWYA
1ZBPA
2QEUA
2I49A
4R6YA
2QSQA
2XDJA
12ASA
2ETGA
2CONA
3TUOA
3GKJA
4OX0A
4NV0A
4O64A
2B4HA
2QNIA
1NRJA
3OLOA
1AOAA
1N91A
2EBBA
3NPDA
5MJIA
4P5FB
4NJ6A
5V7SA
1IAPA
5FILU
2E2WA
1KMDA
3BZLB
3VHJA
2OHWA
2J5YA
2LTFA
4D8BA
2D8DA
2PYWA
1GL2D
3RONA
3HJGA
4U8FA
4Y97A
2OFHX
2GZQA
3T9OA
3TEQA
5A6GB
2IC6A
1Q7LA
3J9UL
4MHPA
3TE8A
5WB8B
3K1QE
4HW0A
1LR5A
4JONA
3PZFA
5FZ2B
3NVWB
2CG8A
1V8CA
2B8MA
1B9WA
4EP4A
3UCIA
1VW4R
3N40F
3KDWA
1RH6A
5KVMA
2VKJA
5W5YQ
4P1ZA
4Q45F
2VRSA
5AURA
4ZJVD
4OC9A
4LADB
2P4LA
3R9FA
3F1ZA
1R62A
2OWPA
2AMHA
3L48A
2NUJA
2OZNB
4OU6A
3HZSA
2PRVA
2GLZA
2L09A
2W5EA
4HI4A
2Z7BA
1K2EA
4R29B
3D7NA
4YTOB
2BYKB
5BSZA
1HNFA
4DPPA
2YH9A
4PY6A
4C92A
1XV5A
4IZZA
5BMQA
3MXAA
4F3FC
5AZCA
1YLMA
3ZRGA
2ZC2A
3BP3A
3DZDA
1A62A
4RB6V
4G7XA
2YXHA
1M3UA
2IT9D
3LI9A
5H5CA
4ATHA
1IO1A
3BWLA
4KTWA
1NWZA
4HC5A
3ERVA
5BY1A
1J5YA
4P67C
3NKLA
4HI6A
4N6QA
3OZIA
5CTGB
4QANA
2QV6A
2RFFA
4R1ZB
1UV7B
3TW8A
1R71A
1WLGA
1KNBA
3VIQB
4AYAA
1Z05A
5CAJA
2LUDA
3P0YA
3GIAA
4L8PA
2GEYA
4LURA
1PBJA
3CU3A
1NR3A
1TUPC
2KXRA
3RLEA
3DSHA
1X75A
3CTVA
3HRNA
4AE4A
3BJOA
4Z48A
1QFHA
3GLVA
4M8AA
3EIPA
5A07A
2OFYA
4YKBA
4FCHB
4AFLA
1VR7A
1DGWA
3P8CF
4RFUA
5MLC9
3R84A
3JA7B
5Y0YA
1YTFC
1WP5A
3FDIA
1RO7A
3EK3A
3EOZA
3HSBA
3KCPA
3IHTA
4WSOA
1ZHVA
5GOLD
4KM6A
4JHGA
2K2UB
1BPLA
1YACA
3U83A
5KLVI
5I5DD
2TSSB
2WCC3
4OMFG
3ZQOA
3EDNA
3QV2A
3IGHX
2ICHA
1KAFA
3GZBA
2YK4A
4K2UA
1ZZFB
6C5DD
4XLGB
2FZVA
5LSIE
2D9DA
2LJWA
3GFSA
1HA8A
3F08A
6C4HD
1R88A
3H6JA
2L25A
4G3VA
3AEIA
5AGQA
2QTDA
2X5RA
3F42A
4M70K
5X2DB
1OCSA
4PH1C
6BAQF
2K8EA
6F0KC
6BJCP
4HI0B
4I6OA
2GWFA
5HY3B
3N0QA
2PIEA
4B8VA
3TUFB
3S9GA
4M2AA
2MN3A
1Q0RA
4AY9A
2AUHB
5H8AA
2M89B
3WWCA
3LOGB
4G08A
3S6PG
2M7QA
1ZV1A
2JA9A
5COTA
6CI7A
1Z1YA
4GHUA
2N17A
2HD0A
4D5BA
2KDXA
4RSIA
2VQGA
2DJPA
3L82B
3SZPA
6BS9A
1W8IA
1K3KA
1XN8A
1WMHA
2LF0A
3QTPA
3IDWA
5MMJw
2LD7A
2K9KA
5OQMh
5H3WA
2IJQA
2YSKA
4U5AB
2MHRA
1R1MA
4OYDB
1T6UA
4M1AA
4IFDK
1DD3A
2DSYA
1VRYA
4L5CA
4YGTA
4GB5A
5BONA
3LFKA
3IXSF
1R7LA
4QDGA
3QSZA
3RK6A
3TR3A
2Y2ZA
6EY0B
3HF7A
2A6AA
4V3DA
2O5VA
4PNBA
2FP4B
3VHXD
1KLOA
2Y3VA
1LMIA
5EROA
5AWFA
4ZOXA
4DQJA
1VR8A
4C6SA
5VGLA
2GHTA
4W78B
3VY8X
1NE7A
5GNJB
1VR6A
2N8FA
5GZYA
4BB2B
4KU0A
1G9PA
4YC7B
3M03A
1TWFK
4OPBA
3ZZLA
5CV1A
2RMSB
3O5TA
3F59B
4CE4L
2YVTA
5D3QA
3D0WA
1KX5A
2Q4ZA
1JB0L
4WJIA
3J9CA
1VSRA
3O2RA
4PN0A
2GBWA
3E20K
5XTCn
3D3KC
2FL4A
4OL8E
3GAEA
2F4EB
3GQHA
1E44B
4XKHC
4HSTA
3GBYA
1BY1A
4BVYA
3LRTA
4CHGA
2R9FA
3L8WA
5MX5L
1YFQA
1RZUA
3CGLF
2FFMA
4LBAA
5KEWC
5LDXp
4Q3RA
2BH8A
5OQQC
3OOUA
4XB4A
6EU0Q
3IEZA
1Y43B
1IURA
2CSHA
5TJ5P
5JHOB
4RB6I
2I6EA
1Y2YA
3LQCA
3GA4A
3R2TA
5JYHA
4CKMB
4LQEA
1WPHA
3NREA
4RWXA
2ZQMA
2GS5A
1SJ7A
1HPLA
5O8OA
2Z0UA
2EP8A
3K1SA
2V4HA
1ZKEA
4K2JA
4JEMA
4DADA
3D82A
3H4XA
1K20A
3BEYA
2JR1A
2MCFA
1R12A
4MEEA
4Z0VA
1DFUP
4EXOA
3D1PA
5FL3A
1AC5A
3D9RA
2YO2A
5O9ZE
3NWZA
2QJLA
3MALA
4RGKA
5IJNM
1EI9A
2MX0A
2W01A
5XDZA
3EEYA
3U1WA
2EPTA
4E0GA
4DOYA
3WDGB
1L5XA
1F5MA
2W7VB
4M5RA
2QTVD
2P3HA
3ZHIA
2B4JC
2HL7A
4ZGMA
1KHIA
5OA30
2O8SA
2DMIA
2IDYA
6CFZJ
3DNJA
6BL7B
4BOEA
3PUFI
3IGMA
3E9TA
1B33N
4P7XA
4S1PA
4UQUA
6G2Jc
1SRAA
4KK7A
5K5LG
5A9DA
3U6XU
2PN2A
3R12A
4U4HA
2QYCA
1MW7A
4WZXA
2HEOA
4JLEA
2V8HA
3MQ1D
3Q9QA
3NR7B
4BFCA
2OKMA
3SM4A
6EM4o
3QE7A
4ZVAA
3VPYA
3NNKA
1W53A
5X0SA
3LYDA
4LPQA
2R1JL
2Y8NB
3HNXA
4DAGA
2ICGA
1QJKA
2DM9A
1O7IA
2RE3A
2K8OA
4DZOA
3EHDA
5Y6OE
1FT5A
3OF4C
4U5RA
4DX8H
5A1QA
3RJUA
3ORJA
3CO1A
3NV0A
2BBHA
2PFMA
2D81A
3KDQB
3A7RA
5WUJB
3L3UA
3BRJB
3G36A
1HBNB
4ZBOA
6EWYA
1KXPD
2KSFA
2LO0A
4UMGA
5KKXA
3ALRA
5CRBA
3W0OA
4J5MA
1VW4A
3IRAA
3IWPA
4FBJA
3EC4A
3SHSA
5A0NA
2J2MD
2K8PA
4LPLA
1VPCA
6CWXA
2B2HA
2CKAA
1SV0C
1RUTX
1KCGC
5DZ2A
2LRMA
2JRBA
2LXOA
3VP6A
4X7YA
1XL3C
1VJ2A
2YMAA
2JUZA
1FC3A
3JQWA
3I9FA
3PA6A
1VA1A
5GW1G
3O2IA
2ZDJA
4A9AD
2OA5A
5H69B
3EXRA
3NCTA
2N1PA
2KEOA
2OD4A
2RK0A
2PZ4A
2N2TA
4CCSA
2Z43A
2RB6A
2L0YA
4X3IA
3RKOA
2AZEC
5O7BA
4LQXA
1Z23A
2PHPA
1SAZA
1XNFA
3JTCB
2IX6A
1W8XP
1VIMA
5GYQA
4RHZB
1M36A
1R8HA
4UXEA
1HZ4A
1ETEA
1Y44A
6EPHA
4EXRA
4OOUA
2JU4A
1MYNA
3ASLA
3B0DB
1EXSA
2FYZA
5IFGC
5CBHF
6CUMA
1XNPA
1GUXA
3AJ1A
5ICAD
4IPUA
3MY2A
1V65A
5I61B
6G18x
2QZ7A
5EMXB
5CQ9A
4B6WA
4JYSA
2YNZA
2LHTA
3LQVA
2VTCA
4GI3C
4V3LC
3RQ4A
4GOQA
5UEBA
4OQ2A
1INPA
4REGA
1YUJA
6CEIA
1OOHA
3FY6A
3TBMA
3HRZB
3HN5A
1WVEC
3S6FA
2OXLA
5J0HB
3KY8A
3VZ9B
2ACMA
3CPKA
1VX1k
2RA9A
2QULA
3FLDA
4PIOA
1XX1A
1VQOS
4LUKA
1N26A
2XBGA
4YHCA
3VSIC
5J5KA
3LD1A
4A9ZC
3ZQ6A
3IF8B
4IZXA
4RT5A
3JYBA
1UFIC
1G7DA
3ZFIA
4YY2A
5VOCC
3GXQA
1IJDD
2OZJA
3NFIA
2NSVA
1H6HA
2N6NA
3CJLA
3GHDA
4PKFB
2I5VO
2HG7A
5OC0A
3QU3A
2QSWA
1ROWA
3AQBA
3T5QA
6BZEH
3Q0HA
2XZZA
3L1EA
2GF3A
4WWMA
4U9RA
4CCVA
1Y0GA
4MUOB
1SBPA
5LF8A
5C50A
4M5EA
2RQ1A
2E1MA
4AP4A
3FGXB
2MXZA
3SEBA
5NHQA
3ASIA
6CWXB
4QFTA
3TQFB
2F3LA
5O9ZL
3DD7A
1S12A
4AEQA
1QTFA
3G5OB
1HUSA
3G3ZA
4ZXAA
2HGSA
2Q3WA
3FPVH
1IUQA
4IMVA
3LUIC
3UXJA
5LSKP
3X37B
1K8KD
1BFRK
3BWVB
4RB6U
1JO0A
3K1YA
3NQHA
2QYXA
4QS4A
5UPHA
2NX2A
4FAKA
3N79A
1Z6MA
5D9RA
5X42D
4X6GA
2BO9B
3A5PA
1E0FK
4P99A
1OQAA
3BY9A
2RPSA
2PM7A
3LO3A
6DGMB
5FZVA
3LL5B
5EPEA
2Z26A
4R6HA
3I38A
1MWIA
3TPQM
4YXXA
4K70A
1PA4A
6GBZM
2NNRA
3BH1A
1F2UB
2GK4A
1VKKA
2TGIA
1ZK8A
5V6ED
2H31A
3FB9A
3QBYA
4RB6X
3FYBA
3EFGA
4ZGFA
4MOZA
2JYDA
1WUSA
4RR5A
1JOGA
5JNOB
2RSYB
1K99A
4O89A
2V8QA
3TG9A
4NNGA
3TLQA
3ZJAA
4G9YA
4UZXA
2ICWG
3CZCA
2E2DC
3DR5A
2YILA
1EB0A
1W2YB
5C6UA
2GK9D
4A8XA
1F60B
5B1QA
1GHEA
4I0WA
4M6RA
2CQEA
4I4NA
3MVAO
2C5ZA
5NUSB
2MDNA
6CBPP
4BWVA
4WZ0A
4TLFA
3I1AA
4U60A
4HR6A
3OF7A
3JYWG
3HFOA
2WBTB
4V0BA
2L95A
3RKOK
2OXOA
2FWHA
1X6FA
4I7AE
4MTXC
1VMDA
4PKMA
3A6RA
4I1XB
2NC2A
4A1BP
1TXOA
3IPJA
5HHAA
2Z51A
3ZVKE
3KF6B
6F0AA
6B12B
3TT9A
3I1KA
4DOIA
2M1XA
1SR2A
4A60A
2YFUA
3KZPA
3ILSA
4NUUB
4KT3B
3MTUA
1I8AA
1AFPA
2J7QA
1XVAB
3W6JD
2LUTA
3E0ZA
4LG3A
3RCCN
2J6AA
3ZBOA
1S28C
3GDZB
16PKA
2Z5CD
5FIGF
4GNKE
4I3MA
2IN0A
3LQMA
2ZGID
1GPCA
1LY1A
5B5RA
1U97A
1PZSA
3IUWA
3BHGA
1RKUA
4ZB3A
1SR4A
3DCLA
4MO0A
5XFSB
3OIZA
1KOYA
1VKIA
4KXQA
4CHHA
1LDFA
4YK8A
3D3OA
3M7LA
1Y9JA
1N1CB
2KQWA
3IZBP
1OTKA
2QF9A
3RV0C
2P11B
4RB62
1O3XA
1Z3EA
1DMUA
4ESKA
1W9EA
1NYKA
2Q9UA
3OR8A
3HPCX
6ANZA
1JB0E
3CQXC
4DGFA
3DSMA
3IPFA
5U8TC
5HHKA
3PFOA
4B1PI
3OEHQ
1WGSA
2E9XB
3F1IH
5GJWE
3U3WA
1JB0F
4PQQA
6EXNO
5M48A
3EE1B
3PP5A
3ZEUA
4UF6F
2HH8A
3P04A
2R31A
3OJ0A
2I7HA
2QJYA
4BLFA
1V9XA
2DH2A
2OTNA
4HRSA
4OOGC
4O8WA
4HZOA
2IL5A
4A5UA
2MLXB
3HZPA
2Q14A
1PCHA
1TWUA
4ZVCA
3GE6A
2XWSA
2FCWA
2APOB
1WE1A
2BCGG
2O4DA
1SFKB
2E71A
2N2LA
2PN0A
4EI7A
1DGWY
3I4OA
1LWBA
3E98A
3KWPA
2VQPA
4QXBB
5Y9WC
2N5EA
4NTQA
3O0DA
2J8JB
4XTTA
4R19A
3ONJA
5YO8B
3ANPA
3CNYA
3FW9A
4A1FA
4DX8K
2GTIA
4ISBB
3AGCA
4ABMA
4WRIA
3R5YA
5TWAB
4MJDA
2RETA
4LLAA
2LWFA
4WKZA
3B7CA
1GTG1
4WTPA
3MSHA
2HKUA
2MZ4A
3QSJA
2NDIA
1V76A
4C47A
3WUPA
1E2BA
5CJ3A
3A9BA
3D0FA
1K0IA
2EX5A
2JG6A
4WQKA
1AIHA
4AMMA
2CZVC
2KONA
3EGWC
3JXOA
4RC8A
5XBIA
2LONA
2GLDA
3IQUA
1ZS3J
4G3AA
4N06A
5MM2A
5UBPA
3BOEA
3PVTA
4PHZB
3FBLA
1URRA
2B8PA
3ULTA
4GF4A
2WDQC
4INOA
3QS2A
3IFVB
3IEEA
2RHKC
3RFAA
2XVOA
2ROPA
4LQBA
1H65A
4GMQA
3HH7A
5VOBB
1FXRA
2H98A
3RBYA
2NB2A
1EV0A
1CXZB
5IJJB
4XPMB
1L8DA
3KZXA
1HTJF
4L54A
3OTNA
1L8WA
1WCWA
2PCRA
5H7UA
1KRCA
2QEBA
4IEUA
1EWFA
4F7UA
3RY0B
1U57A
4MESA
2AKOD
4REPA
4D4WA
3B98A
1Z2NX
4DJDC
1MP1A
4MLLA
4NL9A
6BDEA
3BYPA
1FBMC
1LOPA
2EWCA
4QJVB
3KLUA
1BL0A
3IMOA
4H7RC
5L82A
3AG3E
3CRDA
4RSJA
3IBPA
2WNFA
3R9MA
1VPRA
4NDOB
1JH6A
5DMPA
4GEKA
2UX0A
3WY8A
4U5WA
3WQMA
2G3RA
4NZGA
5O63A
4RO3A
5M8RA
3G1CA
3CNUA
4LVNP
4UUJC
2N39A
3EYTA
5LSKD
4TJVA
4H14A
2X5FA
3TY1A
1YZVA
3NMDA
5WCOC
3EK6A
3NAPA
5J0LF
4TPSB
3A32A
1RLIA
1S9UA
2XJPA
3ZDSA
5WBMB
1ZW8A
1K0EA
2W31A
3OQ9C
2G04B
3V69A
1JADB
2IKDA
4C92E
2OBPA
2AJ1A
3VPBE
3LRXF
1FASA
4US3A
6EQTA
5A4OA
4NSVA
1TU9A
2Q30A
1GMUA
4IC4A
2UW1A
2PG4A
5ZGBO
1L4VA
2YYYA
3RRLB
4GBMA
3E6CC
1UX5A
1GHHA
1R4VA
2ENDA
5DAYA
1NPSA
2D1CA
1VPQA
1R0DA
4D0QA
3TEDA
1F6VA
5TF3A
2P5VA
1I1RA
1PBUA
5C5VA
1BB9A
2XOLA
3CCFA
4CBKA
4F0AB
3N4RB
2RKLA
2QE8A
3NGGA
2WY3B
5EX2B
5UQDA
4LJRA
3WV7A
4HKQA
3BZ6A
3J3Ah
3PM7A
3SEIA
2D9FA
4ZLDA
4XHJB
3D34A
2X9KA
5M94A
3I2MX
4UISB
4JE3A
5N4KB
4L7MA
2DUYA
1NLWD
3PU5A
2E9XA
2NARA
2QJWA
1WY0A
3TL8B
5V6PA
1Z9IA
3HL1B
2O14A
3OSSC
3HZJC
4PVAA
1TV8A
4R7SA
3J21d
3F6AA
2UUYB
2XMJA
6G41H
4UC8A
4WHIA
3X2MA
2ZDPA
1LWTA
3DANA
2ZGYA
3NZLA
2MNIA
3MABA
1IBYA
4XURA
1KN6A
2O013
1A0CA
3FQMA
3UPLA
3QFMA
5ABVB
3F67A
1C44A
1G5ZA
3CSXA
1JJRA
3ID6A
4GK9A
4AB5A
3HSHA
1WL1A
2LPBB
1EAQA
4NDSA
4XIGN
4HRZA
5GOTA
2FGOA
6F2SJ
2EEOB
4HTGA
4A0EA
1J6WA
3VASA
2O3GA
3GBWA
3DBYA
3CI0J
2H8LA
3VA9A
5LAAA
1VW4T
3KB2A
4EFAE
5F2KA
2X0KA
2SAKA
4FDYA
4PHZC
3W54A
2KYYA
3OIYA
4V2OA
4R2FA
1DIPB
1PNBA
1SSEA
3L4QC
1UCSA
4QIWT
4JGLA
2MHCA
2E75B
2LTLA
4G3QA
2MP8A
1Z60A
1FX2A
4CFSA
3JVFB
4N05F
5OQMg
1RI5A
2EJXA
4RZYA
4B6DA
3MQQA
1EOKA
3LKVA
3LHOA
3ZLCB
3SZYA
1OKCA
4NE4A
5E3EB
5DPOA
1ZAVA
3M66A
3S0XB
3G16A
3VDOB
3ZITA
1U02A
4F6PA
5WSUC
3D7AA
1HKYA
2JDJA
3BIDA
5O9ZF
5GV3A
4CRUB
1ID1A
4I99C
4Y5TA
2WVQA
4HSQA
4H62Q
2NVMA
2J4LG
3J6PD
3S35X
4C3IN
4CD5A
3PASA
2R78A
1OI6A
2W83C
4M7RA
4X9CA
3UFCX
2DDLA
5D75A
3LWUA
1EERB
2P2UA
4AUKA
2LHKA
2N88A
4LERA
2LUHB
1F3MA
1NV8A
2AMWA
1TZ0A
3KZTA
5KUIA
3U5ZA
1KW4A
2MFZB
1S68A
2KQEA
4CDBA
4DZ4D
6FIKC
4V1NR
1Y9XA
3U28C
3KP8A
1OGCA
1ITHA
3EHCA
2PJRG
3QKRC
5LMEA
3LUYA
2MAUA
2P58B
1QDPA
4XLZA
1QXNA
4AEYA
1MVPB
5ABBZ
1GMEA
2KWHA
2F5YA
5LM2A
3HRPA
4D9AA
1LC0A
5C3LB
3VR0A
4YNHA
2Q0TA
5AYHA
3QQZA
1N7SC
1HXNA
3M70A
2IZVA
2Z7EA
2QMIA
1HULA
3R5EA
1G61A
3BQZA
4EAIB
3LGDA
2XHGA
2PW8I
1DDZA
3OUVA
2YGOA
4J14A
4O8SA
5IJ4A
5GAPF
3VK0A
1JYOA
3UAMA
2RIQA
4JF8A
4OD6A
5VO5A
2JMBA
2LE2A
2PW6A
4U6UC
4K3ZA
3EEHA
3NVNB
1LEDA
1Z1AA
2GPIA
1JXCA
2MDZA
4GT8A
2LPBA
5L75G
4CYKA
2DIRA
3PH0A
1S7ZA
4PEVA
4MPOA
2QCVA
3IYMA
2KSGA
2FN2A
1CHKB
5FMTB
4AXIA
1FLTX
4IRFA
1MSCA
1UT1A
5VOXS
1UL4A
3N9UC
3L51B
3FK8A
1AOCA
1O22A
3FKSI
4KSNA
2MJGB
3M2TA
2A90A
2HC8A
4HFQA
3ETPA
2W1KB
3B42A
4EXWA
2IXMA
5LSBH
3O2PE
2YS8A
1E5KA
3E4GA
1S7OA
3MXNA
2LWWB
4HL9A
3BIIE
2GIXA
4O4OA
4L3RA
3DJMA
4RB68
2AG4A
5WTLC
3ES4A
4RP3A
4DNHA
4H08A
1LXJA
5JAAB
4RI2A
3GGMA
5XJ0Y
1ZOTA
1XKNA
4RB5O
4G9QA
2X5XA
2V0FA
2MJMA
4H6CA
3JX9A
3VL1A
1JIWI
2KWUA
3TXSA
4MK6A
2J43A
4XCPA
1R8GA
2JLIA
3JXVA
5HA6B
3CX5I
1PUFA
3TKVA
4NPGA
4MTLA
4USOA
2WY8Q
2QG3A
2BH1A
1S3LA
2R2AA
4ONSB
4ZMKA
6FZVA
2X57A
4P29A
2MRLA
1ESCA
3ME7A
4U10A
4GJ4A
3D30A
3E20C
4NN2A
2MKNA
3EWNA
3J5WL
1T8HA
2MI2A
2Z0NA
3RF1A
4TORA
3TACB
2JX0A
4ZQXA
2FNOA
2FPEA
4QHWA
3SFVB
2L4LA
5J10A
6AO5B
2YR1A
1UUNA
1N52B
1CFZA
2X32A
3O72A
4WH5A
2EE7A
3C0FB
4PYHA
2EHWA
1S20G
5JTLE
3QW9A
1SY6A
1WOCA
2W39A
2CZQA
1JQ6A
5EC6A
4U1EG
3NTNA
1LN1A
4BRCA
2B1YA
4BKMA
4UOSA
4X83A
1H9FA
2E85A
2JZ7D
1HHNA
1RKTA
2ND9A
5EL3A
4GIPA
1SS3A
2ZC3E
3F9PB
2OR8A
1LKOA
2QS9A
1YLQA
1X92A
3L9FA
3N3MA
1PSRA
3I1IA
4AJ52
5DINA
3UMNA
4OW1A
3TJ8A
3P0KA
3U5Ch
2LCUA
1QFTA
2J8KA
2IB0A
4ROHA
4XKZA
3NUFA
4WHNA
1W98B
4DOOA
2OOJA
3AG3J
4PX7A
5ZJIO
2P4QA
1LBAA
2CR7A
5WX8B
5KZBA
4Z8NA
5K57A
1ZUOA
4CCGX
3PEZC
2QM4A
2P90A
4WXAA
3O9XA
2IW5B
2P0NA
4F3VA
4XKLB
1OW1A
4PAWA
2YNYA
2JLQA
2O6WA
3VYGB
2ZSHB
5A12A
1YGTA
5COSA
4Q34A
2K72A
1F94A
1V9FA
4BKWA
5CFLA
1HX6A
3K11A
1YLXA
4JMFA
2FT0A
2O5UA
3ZMDA
4RB5I
3IV1A
1SQSA
2PK7A
4QQFC
4HYZA
3LWFA
5AWEA
1QRJB
4YBNA
1GU2A
3BUXB
5VF0B
2FVVA
2C1DB
4FTDA
2RDMA
2F6UA
1RLWA
3H31A
5L1XG
3JTPA
2I33A
2BYKA
3IT5A
5L1CA
3HQSA
1S29A
1X5VA
3DGPA
1SYXB
2ERFA
2WH7A
3ETNA
3S8SA
4LJOA
1ID0A
3ZE3A
2KSLA
1T23A
2PQRC
2FCWB
2JP3A
3J36I
4EBBA
3JTWB
1WYXA
2R2ZA
1VLUA
3DUPA
3PL0A
3FRYA
5C8HA
3CG7A
1XCQQ
3RPCA
2K6XA
3KLYA
3UT4A
1VCTA
2MQAA
5UIFA
3NUWA
3E7MB
2CXHA
2P3YA
2BK8A
1WWGA
1IDPA
4ICVA
4RUWA
5LGFA
3URRA
3WMVA
4OI4A
1JJDA
1LRWB
2XSPA
3KZ9A
6BU9A
3ITFA
6F62B
1CE4A
1U14A
2Z4TA
3E8TA
1M55A
3KYJA
1WC2A
4R80A
2WLRA
2N32A
3HLSA
2GL9C
2EFEC
3KWSA
4RXJA
4XWJA
3EDSA
1SDIA
2BW3B
6CFWE
4BJJB
3SC0A
4FKBA
4RB6P
3LXRF
4XVVA
3BCZA
1JOFA
1KQ4C
2AENA
2FHZB
3WRBA
4BUCB
4KV2A
3F6OA
2FI0A
5CZYA
4TR3A
4IN0A
5DLYA
1MPGA
2PS5A
1P35A
3BWUD
3DCPA
2AJ6A
2RG8A
1V8HA
2LZFB
1QSDB
2YWKA
2DDWB
3VAJA
2G18A
5NPYA
1UJ2A
5OARA
3ZIEA
4ZDSA
2AXYA
2XDGA
4FVGA
2QZTA
3RLKA
1VW4V
1FIPA
1P4XA
3JYVS
4CHDA
5CZOC
1TG0A
1VZYB
4OHCA
2FV6A
2GUKA
2CZLA
3A1FA
1OP1A
5EXEC
1GURA
2P0WA
3MSQA
2GUZA
3DN7A
3H6QA
3QB8A
1NHLA
3MXNB
5AJ3A
3N91A
3V68A
3WFDC
3AJ6A
1G5CE
4PWUA
5HY3A
1VDDA
1ZEEA
2MPHA
5ODWC
2RD9A
4R7RA
3CEDA
1N2FA
3PM2A
5VREA
1ZK6A
4X90A
1AEPA
2INCC
2NS9A
4GIWB
1P4TA
4HEQB
4QB0A
1A0TP
3I0YA
5U4KB
5INTA
1YB0A
1O8RA
1U05B
3HJHA
5CWSJ
1FX3A
3Q5XA
1VQSA
4RWRA
2Q0OC
2BB6A
4GCKA
3QWGA
1NW1A
2G0IA
4AFMA
5NOCA
5TDYD
1C4ZA
5TROA
3OR1A
4OMGA
4JYKA
4MF9A
2AEEB
4L6Vk
1JEKB
4NAWA
2BBEA
4EB0A
4WCKA
3U97A
5JQPB
1VGFA
4YN1A
5ODVX
2XGGA
1V33A
4RB6S
4JIOA
3UV0A
3M7AA
2GBOA
3L7YA
6CP7U
3T7DA
4B8RA
1Y9BA
1VK6A
1EP5A
4WZIA
5N7EB
2H1CA
1JKZA
1JY2S
3GUVA
4WDCA
4GIZC
1IOJA
2OU3A
1WFAA
2E0GA
4U98A
4XB6C
4UAFB
3FGRB
4G5AA
1UUCA
3MGJB
4U5YD
5CWSK
2FE0A
3ROJA
2A6ZA
3FPNA
3LHNA
3O6CA
2IP6A
4NARA
4D7PA
3LYWA
3NHVA
4CG5A
1GOTG
4CS7C
4NXYA
1RJDA
1BWXA
1KPTA
2BZBA
6C24Q
1KCAH
5HJQA
3SXUB
2M4GA
2GE4A
2WQ4A
4RGDA
3EXMA
3E56A
2EWTA
3CEWA
3IGRA
1B5DB
3F6VA
5D70A
2A1IA
1RGXA
5NSJB
4MT4A
4WLRB
3LQHA
5CW7G
4L8AA
3F4SA
4OWKA
1K3RA
4R24B
4W2QF
6DT7A
4N0HF
4FLEA
4DWLB
1UN7A
4WT3A
3ZSUA
4NZKA
5LIIP
1QQHA
5D5NB
1NVPD
4DN7A
2BHWA
2D59A
3F7CA
1T4WA
2MXXA
3W8HB
5EZUB
1FKMA
4G9SA
1DP4A
2ZKR9
2RNRA
4YK1A
2W9YA
3TL4X
1FAOA
1GUUA
1TTZA
4XZVF
1BDEA
2Y2BC
3LG8A
4PXYA
1SSUA
4O66A
2Z02A
4YL5A
3IZ0D
5CFFE
3K8UA
4HE7A
4AGHA
2IGSA
2FFTA
4OEJA
4TN0A
1UJCA
2EW2A
2PKDA
2EPPA
4CT0B
1J27A
2W0CT
3V9RA
3B79A
2V1QA
2IB1A
3V67A
3UIDA
1M7LC
5CJ1A
1HD6A
4BZ5B
2WXWA
1WKUA
4JHDF
5NJGA
4QMHA
4CBHA
1UW4B
4FDXA
5H1NB
3C6FA
2J4NA
3GGDA
3I71A
1R4GA
1VQOW
3ZX4B
5OONA
4MDWA
2WD5A
3UNOA
2VNQB
3OIQB
1I8DA
1X4RA
1W5CL
4QNDA
4D53A
1J8UA
2K9MA
2EHOH
3K5JA
3ZNVA
4E0AA
1BH7A
4ZW9A
2XPWA
4BFZA
3OCUA
1U5YD
2Q78A
3AG3F
2GVIA
3KA7A
3T7JB
1UIXB
3KFWX
3LLVA
4DKNA
3CD4A
3FEWX
16VPA
3OPCA
2CQWA
3CX5F
1WMIA
1SU2A
4CG4A
3G7MA
1ZHCA
2L7KA
3B5ND
3FFMA
1S2XA
1G12A
1KVEA
4MTMA
2J8BA
3F14A
2CR9A
1TUJA
1M8AA
1JVRA
1IQSA
2OC6A
2QH1B
2CTQA
1K8KF
2GHFA
3MQ7A
3LQ0A
4G0HA
5EVGA
3GDHA
1NXHB
1EQ7A
3PISD
3J47V
1S96A
1USOB
5IXHA
1GK4A
2NPSB
2EVVA
1VHXA
3U7QA
2A50B
3ZIGA
4ZFLA
1VGJA
3C6OA
5C79A
3AE6D
5SV0G
5OQMQ
4Z04A
3OMTA
4X2CA
4YP6A
2I1BA
1KAEA
5L2DA
3CNGA
1TO6A
4OTNA
3S64A
3ZYTA
2CW9A
6BJYA
4EO0A
2P61A
2R41D
2QKVA
2DB7A
2VXCB
2A0BA
5W5ZA
3Q8JA
5V8WH
3EFAA
5MUUH
2ATZA
2RUPA
2Y6XA
3N24B
2RRLA
1VRMA
1QH4A
3FBZA
1ZPVA
5UBCA
3PO8A
4F2FA
3FXQA
3E2QA
6FZVD
3LVKB
6CP36
3DXYA
1NTFA
2D9IA
2MU1A
2GQBA
3TXNA
2XW2B
4TQ1B
4RB5B
3JSBA
3J4UC
2NQWA
2EFVA
4P6QA
5EZBA
5K12E
2EKYB
3ZJ0A
4WKZB
4FAYA
2K13X
3HR0A
5LC5Y
4C16A
4MT8A
3IKBA
5J8TA
1NE5A
3RPFC
2OU6A
4F9KB
6F5DH
4XB6A
3ABQB
1EYVA
2ANXA
5I8LA
2O3FA
6CHSA
2FA8A
5TODD
6AX9A
1G26A
1S6XA
4QGPA
5YGHA
3Q8DA
2LE1A
1QAUA
1O20A
5CK3E
4R9IA
4IZ7B
5UQYJ
1QYIA
2JQQA
4CSBA
3BPDF
5L37E
2N76A
4R2YA
2FUPA
4HTTB
4FQDB
2PSBA
3KYZA
1V63A
4DSDA
2WLVA
2EHPA
1NLQA
3ROBA
1BO1A
1T6T1
1EWSA
2DE3A
4A3ZA
2Z1DA
1X7OA
2F5KA
3VC8A
1N81A
3EKIA
3BJQC
3TC8A
5C5ZB
1WDVB
4OZKA
4D86A
1ON0A
1TILD
3GNLA
4YI8A
4K82A
3HFWA
5U0P2
2DFWA
3TFGA
1RWUA
5J9QD
5Y39I
2IYBE
4HESA
3UR8A
1GD8A
2RBGA
3Q63A
4FEIA
1VHQA
4EM8B
4R9PA
4RI1A
1GWMA
3CQJA
1VK8C
1NXIA
2ONFA
4ID3A
3FKEA
4Q3FA
5B6EA
3FRRA
2DSMA
6CFWC
2RDQA
2WNYA
2QB7A
4DG8A
3ADYA
3RF2A
2B0AA
2VJ4A
2NTKA
5XAQB
1EDYA
1P8BA
2IG8A
3CVEA
5O5JB
3AG3H
2JKGA
2WZOA
3JYVD
4G4KA
4PWOA
3J36M
4ZAVA
1YBXA
1PV5A
1POCA
4WYUA
2RH3A
3JU0A
1P4CA
2GNOA
3EN0A
4XZ6A
1WJWA
3TDGA
3ZU3A
5Z38G
4A42A
4BH5A
1NC7A
2WACA
3ICXB
3LMZA
3PG6A
3BKUD
3GWLA
4LIRA
2W1RA
3H2DA
3ED4A
4ONQA
2A0MA
3OE3D
1KHZA
3JSJA
3ZQSA
4IL7A
1VW48
2AF7D
3UB6A
2FM8A
3TUFA
3GN3A
4L7AA
2Q1KA
3WZIB
4P7SA
3BMBA
2BDUA
3S13B
3O1LB
4B0ZA
2Z72A
2PP4A
4FD7A
2VSVA
3LEQA
4LJXA
4M40C
1FO0B
2K8IA
4C1BA
3ZLDB
2XHIA
3BS5B
4RCTA
2LFUA
2J6PA
2MPKA
2H1EA
2LHFA
4G9MA
3WQBB
1O5FL
1CYOA
3C7MA
1JB7A
4FPRA
4WCWA
1S7MA
2HJJA
5ELHB
3QT2A
1HDFA
1W66A
1VJGA
1C17H
1L1CA
4N74A
5ICAC
2NN4A
4YOOA
1FWQA
3T69A
5K6DA
2P06A
4Z1VA
4BT9A
4C5WA
4GZRA
2H9XA
5XG2A
2IG6A
2FFGA
5T59B
4N9GY
3ES5B
1T3YA
2MHGB
2IGPA
4YTWA
4DZGA
4CU5A
2FC6A
4MZYA
4PH8A
1Z0ZC
1G31A
3FD4A
3LAXA
4OLEA
4FP9B
5L1AA
4O9PD
2P1ZA
1Y0NA
5XEBA
1PNOA
2H9UA
5EXRB
1M70A
2LU1A
2PKFB
3GHFA
1K7JA
4LAFA
1TXLA
2BMOB
3NNGA
6G18t
2W9JA
4ZQAA
4DJBA
2QENA
2Q3LA
2RVBA
5N9JF
2BIIA
1YBJA
4F6UB
2IIDA
1WPUA
1YRKA
4I16A
3KWLA
2KKHA
5FL2K
3CT5A
1RM6B
2Q22A
2FYWA
5MM2B
2LMZA
4W4LC
4I6MD
1VW4Q
1SHQB
3CBNA
1WSOA
4KRWA
1TJLA
4Y66B
2OTAA
4EOYA
1H9MA
2DVKA
2KMWA
2RP4B
5JENC
3FETA
3RMQA
2FLHB
2KLZA
3GUUA
4AGSA
3V4YH
4Q4W2
4EWTA
2NNUA
1GXLA
3SOLA
5A7ZA
5IFMJ
2WVFA
4KYSA
1O9GA
4TZQA
4DOVA
2NLLB
3T7AA
3FCHA
4NT1A
1OTJA
4RB65
4V0PA
2GZ4A
4HFIA
3H87A
2FJI1
4FQKD
3IPWA
4P1WE
1U8SA
4PEUA
3U1DA
2FSDA
4RRQA
3UEJA
4F9ZD
3UCSA
3RHTA
4RPTA
3KLBA
3PLTA
2AOTA
3HF5A
5E0YA
2L6RA
3FEFA
2I6VA
1KZYC
2ND2A
4QU7A
2CJSC
2OQMA
3PNLB
2IXSA
4MO9A
3IV3A
3LUUA
1H4YB
3JYUA
5XNBO
1N12A
1T9HA
3HR8A
3HE4E
5UKEA
4EW7A
4ZHEA
2J0WA
4KG8C
1IXLA
4M70B
1R3SA
1J3WA
1XAUA
3PTYA
1VTZ7
5OQM1
5U0PF
3LPMA
4L5GA
3R72A
1AM9A
4Y66A
2GMYA
5JNPB
1U10A
2R2YA
2I3TF
3G1PA
2KSRA
2GFGA
4LYPA
1BM9A
4ML7B
3OADD
3T61A
4BGBA
1GH9A
4DK2A
4WFCC
5UZLA
4QXLA
4GPAA
1PF5A
2P3XA
3FOZA
5IEUB
3SXMA
2MA4A
3EQZA
3OONA
4C9SA
3CS1A
3OD8A
5X1UA
4OK7A
4JTMA
5O31d
5N9JB
2ODMA
5OQMj
2WD6B
5MF9A
2D1PA
5DCQD
4BG2A
3LAEA
4O9IX
3WISA
5FRHA
3IV4A
2VECA
4CC9B
3ZIAT
3OHGA
5LDTA
3OKZB
2MRFA
4ES7A
4XPZA
2YVIA
1PIIA
1UEOA
3CX5H
2N85A
2C1VA
2P9RA
2D56A
3ZYLA
4AIVA
3E38A
5XYVC
6B8Hi
4QIUA
3MILA
3X38A
2YJNB
3KR3D
2YZTA
4QIWM
2VFRA
4EO9A
3OC8A
2OGGA
3F3BA
4EAHB
1BX7A
3CNIA
2B8TA
3U27A
4W4KA
3NZNA
2LOMA
4QYSA
3Q87B
3M5FA
5NCAA
1OZJA
4G3OA
5LW8A
6EKBA
6CFWD
2GF6A
2M9XA
2KTVA
1U6TA
1H6FA
3LVGD
5O7HC
3T7ZA
2QHFA
4Z18A
1O6BA
3WBZA
1LMB3
4KQIA
1V8DA
3HC7A
4QQ1B
4CLQA
2EBYA
2L7XA
1OR7C
3U16B
4P63A
3N27A
2ALJA
1APYA
3TEKA
2RU1A
4DLOB
2KI0A
2DI4B
3E0HA
1KA1A
4DKJA
1GTVA
3HZ7A
3FR7A
5VJJB
1QUPA
1MDYC
1VW4B
2R0YA
2KXOB
4CDCE
3R45C
2J7AA
4WX0A
5IKJB
3GYTA
3GYCA
2COVD
3O2EA
4QMFB
3WYCA
3BS7A
3F47A
4TX1A
2F1TA
2Z3QB
2I9IA
2O9XA
4JEHB
4JQUB
2WTGA
3MC3A
3H9XA
1Z91A
3BSDA
2PSMA
2HHGA
1GCQC
3C8FA
2PN1A
1MSKA
2L3LA
3DCDA
4OD8C
6G3FA
1U84A
2INWA
3MHSC
1Z0NA
3NYBB
5A6SB
3T4RA
3VC1A
1B12C
5GNFA
3OTGA
5VEYC
5C3QA
4H86A
4UX5A
5VK2A
2VWAD
3VBHA
3LPEB
5F4CA
3N8BA
1SH8A
4ES8A
1B1UA
4WV4B
2Z1CA
2EK0A
1PM3B
1T0FD
1VCHA
3APTA
3QFGB
4L2IB
2I6HA
5TJTE
3QE9Y
6CAYD
2OBBA
5LHXB
3NW4A
1VQOO
4X1CA
2NRTA
2A6CA
3PCVA
3Q4OA
1WV3A
4YH8A
2G3PA
4FYBA
3TS2A
5ODTB
1X9IA
1EMUA
4O1RA
4RHWE
2H5NA
1EG3A
3CX5G
5ODIC
3SSUB
1X51A
5X6BF
3K6OA
4QSGA
1Y96B
3C9AA
2J73A
2KNMA
2FIUA
2V3SA
1WUDA
3EGNA
5MHSA
4F0ZA
2W7AA
3DKQA
3IC5A
5C74A
3QC1A
5MQFN
5B47B
4HKUA
1WV9B
3RRLA
6CFWF
3P3VA
1PHTA
2R18A
6EXNP
1OJHA
5WWLN
2AR5A
2C0JB
1SC5B
2W3GA
2YDTA
4Q51A
5GHRB
2M5YA
2EQ5A
2IQ8A
3ACXA
4IQJP
5N9JZ
6F6RA
4OMFA
3ZN4A
2JRAB
2FU4A
5A9QE
3NBMA
2FIWA
4W5XA
1MK0A
2C3GA
1DJ0A
1J0WA
2WNOA
2QWZA
1WR8A
4K30A
2JPNA
4OXPA
1RLJA
2QK1A
1FD9A
3KMAA
1L8RA
4GBAA
3T2CA
4M73A
4N4EE
3M9QA
1QWYA
3GWMA
6F9WB
5W9FA
2LUAA
6EM4u
1D0DA
2I74A
5N9JG
5UOUA
1RGOA
2P8IA
1F1MB
3UAUB
4YX1A
3QP6A
3K4OA
5BOIA
3SQGC
1AFOB
2CTOA
3NJCA
2X3HA
1I78B
3PRBA
1VQOJ
5U0PK
2PSPA
1WWZA
1XKPC
4Q5WA
2Q9VA
3SDOA
4DOLA
2DLAB
3MVPA
2CLBA
1JHSA
1F60A
4CSQA
6EM4x
3NJNA
2DBGA
3VBJA
2ETSA
3DDHB
3NVJA
5C1FB
2BAYA
4U9BA
6BRSF
3GJYA
2A15A
2CKLA
2M7BA
2XC7A
4Q98A
3HLZA
2BL6A
3R3PA
1ND7A
2VRZB
1LTUA
2JXUA
4CQ4A
4QY1S
4FTFA
1U1VA
1WPBA
4EVWA
3BB5A
5DIKA
3ZGHA
4B29A
2MDAA
2NCLA
5MM2C
2PWWA
2FP8A
4CXDt
3IG9A
3FLAA
6D6QL
1JSUC
3IIBA
5Z5KB
2QAIA
4MI8A
4MEAA
1ZUD2
4ES6A
2Y5PA
4AVMA
3PA8A
5BRKB
1Y3TA
4X86A
4HKSA
2VC8A
6DCQB
1Y14A
4ZHWA
6CESN
1H70A
2E52A
4LDSA
4GDZA
5DMBD
2V8NB
2IW1A
3G1EB
5DQRC
4O7JA
4N6FA
1Q9UA
2RKNA
1NJHA
1QWRA
4J2CA
3IMKA
2QGUA
3E7KA
4QN8A
5T42A
3U6GA
1O5HB
2JPFA
1Q5ZA
2DTTE
3QX1A
2JL1A
4XZZA
1SSEB
3G3SA
4UW9A
4NVSA
2F20A
1OFLA
3GMFA
5CW7F
3UWPA
4HSPA
2K9AA
2IQQA
1KUTA
1TR0A
3PM9A
4WSFA
1VMGA
2GNPA
3F62A
2BH1X
5EO3B
2GUHA
4PSFA
3H0DA
6CFWM
4ZV0B
1H6WA
3A63A
3LOIA
4V12A
2K2WA
2PNEA
3HJ9A
1CJCA
4RV0B
1A8DA
4K8WA
4IDOA
2KFQA
5AQ5A
3PDYA
5OOLq
3ZW5A
2OWLB
1UW9W
4YU8A
1Q08A
2C9QA
2MQDA
4N68A
2LV8A
3RF3A
4PD9A
3ZYPA
1YBKA
2NV4A
3FT1A
3LMOA
2A33A
2YT9A
1C5EA
1VIGA
2K7MA
3DKMA
4NSWA
5UE0A
4YSXC
3NO4A
3C1YA
3U9JA
4JDXA
5XXUM
2QLVA
6CH3B
3M6ZA
2PCSA
4JOIC
1QV9A
2LAUA
2I5EA
2DTCA
3M92A
1VW4L
5I1MV
3SLTA
4J29A
2ND3A
5OF3E
3KYFA
4JPKA
3IEYB
1HI9A
2YYHA
2FTXB
3DDDA
4KE2A
3PAJA
4PEOB
4XD1A
1DMGA
4C9RB
4NZRM
3WCAA
4F7HA
3R4KA
3USBA
3QQ2A
5JYXB
5LC5Z
2MAFA
3CNEA
3QJGA
3I9XA
2GKPA
3VBCA
4OD8A
5E5QA
3MWQA
1KBHA
5C4YA
2YYVB
5XTAC
3R6QA
4BPPZ
6D6TE
2FFJA
3SCYA
4TQJA
3QL9A
2WUQA
4XBAA
3F43A
4XZ8A
1DEBA
2JM3A
4PMOA
5H9DD
2QFFA
4YEPA
2GS4A
2K89A
1MBYA
1YB3A
3UV1B
1J2MA
2AZEA
5J4NA
4GR2A
5GYYH
2KX2A
4XMND
4KQTA
3WQCA
1BHAA
6EXNR
5LGDA
4LRVA
1QJSA
2H4OD
4E5XG
1TUHA
1XZWA
2N86A
3E17A
4L8JA
1TBCA
2X5HA
5JA1B
4NACA
2J8IA
4FQGA
1VQOK
2LVLA
3FFLA
2O62A
5DMUA
3GXVA
1J24A
1SFSA
1ZLHB
3NFGA
2JYTA
4PVZC
1J8RA
1EW0A
4CQ8A
2BBZA
4IRVD
4V1CK
4AL0A
3PXPA
1DZFA
1V9SB
2CZ4A
4ACVA
3PG7A
5FD9A
3K4GA
5TN2D
4G2SA
2V0EA
3D59A
1YK3A
4R2KA
3OFEB
5TVOB
1NIJA
3X0TA
5TI9A
1EJFA
2EUCB
3VKWA
4V28A
4DN9A
3VORA
2G3WA
2CRQA
4BEMJ
3BJAA
3I8II
5HCCD
3GT5A
4N72A
3G27A
1Z02A
1BHIA
3RBNB
1RJ8A
5KESA
2FDOA
3D3SA
1V6HC
1ZL0A
3C85A
4LW4C
2OT3A
4QYBB
5BXDA
4RU8A
2ERWA
4LQZA
2ALPA
5CYAA
2PQPA
5XTCg
2EHBD
4J2GB
4MKMA
3AXJB
2K3MA
1YU0A
3J81m
3MYXA
3M6WA
3NASB
3SHGB
1E0BA
1JOSA
4H3UA
1GUQA
4N2PA
4AXVA
3ZDKA
1S1DA
1PC6A
3FIAA
1RY3A
4ESYB
5OF1A
1YXBD
3QC7A
4UP0A
2R60A
2OD6A
3JR1A
2DI3A
5L35A
5UTVA
3OEIC
2IZYE
6FO1G
4CS6A
4W83A
4MMTB
4RV9A
2IECB
3OSKA
3K60A
2QSKA
2LIDA
1WYUB
2LSMA
1M1HA
2JOEA
2E1FA
3THGA
5CZCA
2EW0A
1OCYA
1LLNA
3LW6A
3LJ4h
2GH0A
1XQIA
1O4TA
2N9ZA
3EGLC
4ANOA
2N9TA
4PW0A
2JUBA
2QQPH
3U7UJ
3NKEA
4EBGA
2I9CA
2A4XA
2N83B
1Y8CA
2VOXA
1RRVA
3BHQA
1O5LA
2PFUA
3JYMA
2I71A
3ADGA
3UQ8A
1DYOA
3W61A
1JIDA
4AV2T
1RQBA
4ATOA
4ZLHA
5WEZB
4WZAE
2C1TC
4LE3A
4F1VA
1O7DC
4LB8A
2EENB
3E1IB
2CYJA
2YV9A
2D35A
4E6FA
5VKVA
1M5HA
1N7SD
3DDEA
3E4XA
3CE7A
4QM9A
4Q3KA
2CJJA
5W3SC
3LVYA
2XQOA
2ZFUA
4QOYE
3P8BB
2YGUG
2AZWA
5C50B
2LWEA
4RD8A
1Y6DA
4UZZA
1H6S1
2CW5B
4DTHA
2QJYB
5SWCA
1Y6KR
2AS0A
1Y0HA
1EI0A
5I5NA
1WEHA
3H87C
4MHVA
2O2GA
4DAMA
5B23A
4L9HA
3H35A
3FF5A
5CFFA
1NLFA
1IM3D
4LDAA
3TVQA
3PF7A
1NJQA
2XC8A
1W0NA
1Q7FA
4KP3C
4E2I2
4FUVA
4NOAA
4HQEA
1Y1PA
1RMKA
1VLAA
5TZNF
2P8QB
4RVQA
4TXDA
1K04A
4IM9A
1DVKA
3N9YA
3RHUA
4KH8A
5O60I
2C9LY
1XKPB
2ZRRA
2GIDG
1UTRA
5CWSL
4K0DA
2VG3A
4N7BA
1LFPA
5A1SD
3L8QA
1WDCA
4L57A
1B63A
4MDXA
2HDIB
2WB0X
3QWUA
2ABYA
2HEVF
5XFSA
3QHCA
2M6NA
2KNGA
4G0XA
1KNVA
4HCIA
2GR8A
1XV3A
5XJJA
3WMMW
3W6BA
3MUDA
1MVHA
3M7NA
3P9YA
3B9WA
5W5YK
2W2ME
3KXTA
3FZQA
2CU9A
4PYUA
2OAFA
4F54A
3K44A
1ED1A
2IXAA
4FC5A
2FU2A
4CMLA
1PYAA
3QBRX
4QTPA
1PGXA
1NH1A
2F0CA
1J0TA
3MUXA
1ZR9A
1SFUA
1EJEA
4FZPA
3RLFG
1H6GA
1MKFA
2RE2A
3VG8A
4OVXA
2NVNA
4IVVA
3OQ3B
4OKEA
1LM5A
3VFZA
3GCGB
4TSHB
4YIFA
3ON1A
5BPXA
4GC1A
4B1OQ
4HQOA
1FPZA
2XGRA
1YT5B
4UEYA
4LUQC
2RJIA
2QKLB
1KOEA
1IZMA
4D0PA
4H2VD
2YPSC
4YX7A
1TAFA
1NWWA
4H32J
5XNBH
3CUEN
3P1XA
3G9GA
4C1SA
3A57A
2E1MB
3BQXA
2NAOB
3RNLA
3MAYA
1VX7N
1VW4K
3NDZE
2DT6A
4BOPA
4G26A
3KJHA
4BPWD
1MG4A
3LYGA
3NXHA
2DC1A
5EZNG
3K17A
5BPDA
1NKSA
3Q8TA
2ODIA
3D73B
4ERNA
1QHDA
5XWEB
2LQGA
2GIBA
2CMGA
4U9NA
2KO0A
4X01C
3KCRC
2FKKA
2IVWA
4RGPA
3Q9DA
3WJ9A
4AUTA
3MFBA
4HFKB
3T5SA
1X7DA
4HKGA
2OV9A
3CRYA
3ENUA
4YCZC
1T61A
3NYMA
6F2DF
3A1DA
5JI4A
1R1FA
1CI4A
4RB5D
4X33A
1KXGA
4IPAA
2QZUA
5N9YE
4YDZA
2NR5E
2ZL4A
4WD8A
4WMAA
1PUZA
1OZ9A
1JMXA
5LDXd
2F5TX
3W0TA
3IF8A
4A64A
3S6OA
2HNGA
3CMBA
3HFTA
3LQVP
5CWWC
1EBFA
1UPQA
1XWVA
2P12A
3UFIA
2QEEA
1D7OA
4BAXA
3NBCA
2HPSA
5H65B
3SY1A
2QNDA
4ZU4A
1OQJA
3SSIA
1WLOA
2AGYH
2CCVA
2YQZA
4W8PA
3O3MB
3U1CA
2MZOA
2EJNA
2Q97T
3GWNA
1YQBA
3EGQA
4JJ9A
4Z6MA
1TNFA
1NG6A
3Q0WA
3NZMA
3VGIA
2F2EA
1I4VB
3NRKA
4ELNA
2FGCA
3ED5A
2O70A
1JIXA
5CWIA
5U2LA
4JZPA
6EHFA
2K3VA
3VK5A
4TNHt
6AZIA
3LZKA
3VNYA
4RZ3A
2FC3A
4PWQA
1Y2TA
3G1JA
4XDIA
2ODBB
2PIHA
4HD1A
3UENA
4OO3A
5FFPB
2KC5A
4OFAA
4QJFB
5XXFC
4L5RC
4FYPA
2W51A
3GWXB
2Y9OB
3BCHA
3JYGA
4N03A
1Y9WA
2GA1A
3WT0A
3WFDB
1IWPB
1XDQC
3CWQA
3NHEA
2FRGP
2KN6A
2XETA
4IX9A
3EGEA
2E2OA
3FPRA
4PU5A
2XDPA
3C9PA
3J7YI
2QTQA
3B13A
3P9ZA
2GUIA
4MO1A
3H3MA
5T4PL
4EFOA
3AXGA
3QY7A
2XEVA
2CKKA
4XZAB
6COYB
3U7SA
3U4VA
3W6SA
3K2OA
2KK1A
3OI8A
3EI3B
2PHNA
4UI9S
5ED7A
3RKGA
4QPVA
4IGIA
3DU1X
3FI7A
3J36D
3TULD
4BJSA
2AORA
4I86A
1SQHA
2XSEA
5GQSA
2FG1A
2WTEA
3U2BC
4U3KA
1LG7A
1CEEB
2NU8A
3IF4A
3H7JA
1XW3A
2YFVC
5SVAV
1QZMA
5L25A
3LHCA
2R4IA
1AVOK
1JMCA
6AR7C
5LGDB
1ZZKA
4JHTA
1WMHB
2GB4A
3DC7A
2W4EB
4RXNA
4XU4A
4B2VA
1GY6A
4CHMA
2AYDA
5C2IA
4R0GA
5VB2D
2PD0A
2L26A
2HEWF
4KQDA
1S3JA
2QV5A
4QRLA
2ODKA
2ED6A
4YDXA
2AF4C
4KT6A
5DX1A
3GXHA
4LJ2B
3VLAA
1ATYA
1APJA
2EOCA
5E6GA
2YZJA
2QQIA
2HD9A
5WLWF
2XHAA
3TQ6A
3CZQA
4RB6T
2MF8A
5WD6B
4HTIA
4IC9A
3Q3WA
3J7Ya
4AT7A
1V72A
2C4NA
1IL8A
3LW3A
4CN0A
4XALA
5BQ8A
1YKEB
4NOXA
1J03A
1BTNA
4YSXB
1VKFA
3OC9A
4BI3A
2KV5A
3ECFA
3UWSA
4JVCA
3JV1A
4MGEA
2INUA
4GEHA
4EXTA
1IIOA
2E56A
2HUEC
2JVEA
4DT5A
1VW47
1DTDB
4N5UA
3HTYA
3K7CA
3M7KA
2MLWA
1VRAB
3FXDB
1UTGA
3JSYA
4HLBA
4I0WB
2KQPA
3SAFA
3HX8A
4KO8A
2WBNA
4H1BA
4UZYB
1ZJCA
3QD1X
1SUMB
6BASA
4JJ0A
5T3PC
1RMVA
2O8IA
4JP6A
6C08C
1DMDA
2MIJA
2EK5A
4LESA
4D7EC
2JE2A
1IIEC
3VVPB
1RAJA
6DEXB
1E4RA
1P65B
2LWRA
3G7KA
4U89A
3CC8A
4OFKA
6BUZN
4I0XB
3GL6A
4PIQA
1VQ0A
1D02A
3W4SA
6BB9B
1VKBA
1QGIA
4W7ZA
1QWGA
3DKTE
1JR5A
4H7YA
4N6CA
1W8KA
5J69A
4RB6D
6BWEB
4ME8A
1AXKA
3TQMA
4DAHA
1JB0D
5MQ0R
3KORA
2DDXA
1RKIA
1Q7LB
2A14A
4NOOA
5NJCC
4RS2A
5M86J
2R6UA
3AX2A
4KWYA
1G8LA
2IUMA
4OWTA
4XZFA
2RA1A
3BGYA
2PJYC
3BVPA
1EZGA
1UT7B
1YRXA
2AE0X
1ZZAA
3QO6A
3CAOA
4P55A
2HOXA
3W15B
2J05A
5COZA
4HCSA
2E8GA
2Q40A
4HPMA
1OVOA
4XCBA
2VPWG
3L1NA
3KPTA
3K62A
2A40B
2AQ6A
3WMNL
4RBRA
2NT0A
5BUSB
4CC2A
2IZ7A
1EI7A
2BOPA
3C2IA
3HTUA
5LQZY
4HQUA
4MKOA
4J4YA
5C9FA
4RFSS
3DFGA
4ZEVA
4M3LA
1X32A
2KK4A
6G72W
3MEMA
1QJ8A
3FYQA
1MTYB
5FJKA
5EPWA
2FB6A
3PIVA
3CQGB
2YUFA
2DCHX
2MJKA
2E2SA
3QQWA
6CAMA
3IM1A
4JOXA
1WDDA
2JR3A
4Z47A
1DMLG
5DEUA
2H2MA
2J7AC
2FTXA
3CKDC
2LD6A
3HYJA
4CXFA
1UXYA
3DX5A
3DEEA
2YRMA
3KGYA
3V4KA
4MAFA
3S4RA
3O9ZA
5A6WC
6F0KH
6CP6U
3NFWA
5HB6B
2DSCA
4NG0A
2RCIA
4OKVE
3DP7A
1XBFC
3MHVC
3BTPA
2LQTA
2P8RA
3E8OA
3QWNA
2R55A
1X0TA
2QYWA
4O6UA
3MGGA
5WASB
3PN9A
1E1HA
3N90A
4ZXAW
3QWXX
4FP5D
5OAGD
3NA6A
1LXNC
4DS7G
4J8LA
2MMUA
5MNVI
2KL7A
6F0KA
2BA2A
1ZVAA
2ZKRY
3J38h
1DP7P
4D05A
4YNXA
6ATKD
5T77A
2VBUA
2KJSA
2MFKA
2PFKD
2PLSC
2FB5A
2EQGA
4JB7A
2BNMA
4NK6A
5TJBA
4JPDA
4AEZC
3VYGA
2J8PA
4HP3C
2FI9A
2I7GA
4I6MC
4NB5A
1WHUA
1VHHA
1LJ2A
4RLEA
4OU9A
3EO6A
5VGTB
5CJQA
3N7PC
2DP9A
1XL3A
4ZJNA
2XGFA
3UAFA
4LTTA
1MBMA
3E0XA
6FZWD
1D9CA
2XU8A
4X5MA
1CSHA
2ZK9X
2V4IE
1FX7A
3OSJA
2DQ2A
3QTLD
2V5PA
4CS4A
3VBHD
4N0TA
4K7JA
3OUFA
4HHUA
3KA5A
5EDFA
1FAFA
4Q7QA
3K05B
1GZSB
4ZPMA
3GKRA
3DSAA
2J4BB
4XB6D
5LO4A
3HJ7A
2D0BA
6B3NA
2HNUA
3HS2A
5CQFA
4LXRJ
1MRRB
2VZCA
3NO6A
1KNYA
4HT3A
2XLKA
1KJKA
1S1IP
3ZILA
3NS6A
1TD3A
4A0TA
4TSHA
2AZ4A
1N6ZA
5X55B
3CVZA
2EEYA
4YVOA
1SNNA
2PK8A
4FVLA
3SP8A
4NOFA
4I1KA
4DKCA
2N4DA
2OH1A
2GDLA
1LUAA
2MXQA
1XS0A
1WKAA
2VZYA
1DD5A
4OAYA
1BMXA
3V33A
3GF5B
2EPBA
1PUGA
4UOPA
2DBFA
2OH3A
5AJ3D
3P4GA
1C75A
5VKYB
2OF5L
3IT4A
1HRFA
2B7EA
1VW4c
4MFKA
2GD9B
1JHFA
2QN0A
3KH5A
3GZIA
4HA7A
1PYAB
3PH9A
3RPXA
4RXXA
4ESWA
1YZ7A
3LY7A
2TPSA
4F35B
3CU2A
1TVGA
4JDEA
3BN7A
4L1JA
1SZ9A
5MBGA
2NSZA
4CJXA
5A4RA
3NX6A
4K2MA
1NYUC
1NO1A
4YTWB
2GUZB
3BRVB
4EIUA
2P13A
5AZSC
3BC1B
5MLC6
2Z7FI
5DIRA
2EKDA
3EVSC
4YZUB
1DL5A
2XI7A
1NVMB
2QQYA
2ZKZA
2XOCA
1YH6A
1MSPA
4RB6Y
2Q03A
2RFPA
3HUGA
3F7EA
3OYVA
4XVNF
4IQNA
1WT6A
3VWCA
1VR9A
3Q94A
1YYVA
3FF4A
2N70C
3FBNB
2K3PA
4D40A
1W7OA
1WQBA
1F35A
4HI8B
2H0UA
3BJNA
3Q91A
1VSGB
4NQJA
1SS6A
2O2XA
3FV6A
4YJDA
1R5ZB
1O7DB
3EABA
1O67C
1NNVA
2X67A
2QFEA
2PW4A
1WWCA
4EG2A
5AGIA
4TQ5A
2CMZA
3ABFA
6C90B
4LEVA
1XFEA
6C5RE
4DNIA
2IFAA
1SPPB
1XK5A
2YHGA
5VJXM
3TRTA
4KNVB
5DTCA
1K77A
3O7BA
1MZWB
5ES2A
2J3WA
1SBXA
5JHIA
3U88N
4DLHA
4FGWA
1HW7A
4YL8B
4YO5H
2N3XA
1B77A
2CA5A
1IYCA
3U64A
5FIDB
4FA8E
2IPBA
4PZ3A
4E6ND
3JB9i
4XEDA
3GO5A
4LRZE
2QUDA
1ZTCA
1D5RA
3PKZA
3M86A
3U43A
3KZ5E
2QZQA
2P14A
2KIFA
5OQMi
3FYMA
3O12A
4WL2A
3AJIB
3IAGC
2QIPA
6C5WB
3EO8E
4QI3A
3DB9A
3L2BA
2CWQA
4DJGB
2CHCA
4ZBHA
1OH1A
5AJ3k
1HUFA
3J36B
3P42A
5C00A
4HJ1A
1JL7A
4G4GA
4GHJA
3SHPA
3ORHA
1ZSOA
3A2EA
3T6PA
1MHYG
5CWKA
2GU9A
4KPPA
3BT4A
2B3ZA
3RNQA
3HKVA
4Q25B
3IDSB
1EFUD
3H41A
2FLDB
1XMTA
4DQAA
4KRGA
3AGNA
3EDVA
1FNLA
2V8TA
4EQAC
4QCJA
2OWNA
5UDGD
4KYPA
4YV4H
4L2HA
4MYMA
2VLAA
4R3LA
3KK4A
5CS2A
5UBMI
4PKYF
1Q7RA
1SFXA
4LB0B
5XVNJ
4DWRA
2DK4A
3G3OA
3JR7B
4JDOA
2R8RA
1VYEA
2PORA
2MPEA
4M8DA
3IA8A
5AUJA
3FEUA
3LLCA
5OEOC
3CQOA
2NZ7A
1S3ZA
2XZEA
4YIIA
1HQ0A
3H9PA
2M7OA
5WB7E
3MHSB
2GFIA
3QZXA
3E29A
4V24B
3RQ9A
3GZ7A
2QGGA
4ZFVA
4UBRA
2KRUA
2L03A
2E72A
1HZ6A
2PU3A
2XCMC
1UK5A
1L4DB
2PR7A
5VVWC
1M8RA
4ZOQP
1OYGA
2AEGA
4QHUC
4KUNA
2AHMA
2W5WA
1XCRA
2YNAA
3GRNB
3TVAA
1JY2O
3EYIA
1IS7L
3PV9D
3T3PB
2Y9UA
4JGGA
3MTSA
4WXAD
2CNTA
2HQLA
2CTLA
1JNMA
4G59C
2EHOA
3LK5A
4N9Fb
2MA8A
3JB3E
5Q13A
3IZSt
1BNDA
1T3GB
1HCRA
4TXWA
4B4YA
3OBKA
3KGZA
4X0JA
2PNLA
4TN4A
2KJMA
4ANNA
1W18A
1PU3A
2YZIA
2RLDC
6G4WR
5VOCE
3AXSA
2ET1A
3FJUB
1VDHA
1VW43
2DB6A
2MVZA
2CTEA
2YRNA
4K5AA
2AZEB
2Z37A
1ZBSA
2GAGD
4RM8A
2ZQOA
1PP7U
1W5DA
5IYCN
2HG5C
2WJNC
2L00A
3FLJA
2Q04A
5INWC
1OF9A
1SP0A
2LBWA
1TM9A
3W1OA
3VLDA
2ZKRX
4K7BA
3P9AA
5USHX
4HWHE
3N40P
2FCJA
4PXVD
3EBBA
1O0WA
2ELPA
4RB5C
2CYCA
4LPSA
1VQ2A
3PJYA
3LCCA
3AG3I
6F5DI
5F11A
2DBHA
3S84A
1LA4A
1NYNA
3OSEA
4XTVA
1DF6A
4RZ9A
3WHJA
3CKMA
3ERMA
2X4IA
4JG2A
1S5AA
3AAFA
3VYPA
4ASCA
5UP5A
5VG9A
2X3GA
1THFD
4JG9A
6FEAC
2WUJA
1HZ8A
2CWZA
4G6UA
1KIJA
3IFUA
4G6TB
3CGXA
4DHIB
1WB4A
4Z7XA
1F32A
3RPFA
2Q4QA
1SA3A
2LT5A
2P65A
2EJQA
3BA3A
5G06P
3S9XA
2WMMB
5E97B
1JMVA
4W23P
5JIEA
2V89A
1VZIA
2DANA
1P9CA
4OCVA
4JM1A
1R9LA
5LBDB
2D28C
3P5CA
5U9AA
3EXQA
4A94C
5F5XA
2V7SA
1VP7A
2HNTE
5BNXC
1G5TA
1LUCA
3CSWB
4Q2UA
4NG2E
2PFXA
3KYQA
5JJPB
4UAPA
2YH6D
3NE2C
1VX72
4WY4C
3WU2Z
4PGRA
4O2HA
1HPIA
4C12A
4EW5A
3O0GD
1OQ1A
2CB5A
3QQCA
2ZBTA
2B06A
2F06A
4ZOQG
4EV1A
3A4CA
2VY5A
4XINA
5KN7B
2CKXA
1YKDA
3HUIA
4QT6A
5FGOB
2X49A
2YJEM
1HUWA
1NCSA
5UXTA
1UTYA
3KRTA
4L9AA
1QW9A
4YHVA
5O57A
2CCLB
3SK2A
2PXXA
2MH3B
3ROED
3US3A
3DLOA
5H8OB
2CU3A
4L0NA
4UI1C
2LLVA
4BSXA
3KU7B
3G5BA
1NQYA
3CPTB
2Q5CA
1JNIA
4Z8TB
4BBOA
3GA9L
3KUPA
2I51A
2BOXA
4RB5L
2PC1A
5O5SA
2O26W
4X1ZA
2R51A
2D1LA
4QBBA
3H7HB
4IU3A
5NPTA
1CSEI
1E7LA
5E7TA
2KAOA
5A7AA
4LA5A
2IDLA
2YZQA
5UU5E
1KYFA
2YVEA
2JU0B
3LQ9B
4XNGB
1H67A
6C0FD
4WFQA
1VZSA
1RQTB
2RFCA
2AHNA
2HDZA
4LEAA
4M5BA
3IN6A
3MFNA
5ZCYA
2JSWA
1C8ZA
3ITWA
3EY5A
1Z6UA
2H9ZA
2OX6A
3J60V
3JB9g
4F7UP
4GEIA
2IAYA
3AIAA
2ID3A
2QHQA
4NSMA
2DZDA
2NWIA
2WTMA
3RT9A
1ZMEC
1S9RA
3QYFA
2ZFDB
4BDXA
2F5GA
4MVEA
1Y0UA
2G45A
1U20A
4Y67A
1BYRA
5Z3Gb
4HFSA
1HC9A
3C5PC
1CXCA
3BL4A
1ORLA
2R3BB
2XHEB
3IRBA
2P4GA
2D5VA
4EBAG
3C3DA
2K7RA
1VK1A
2D9RA
4OB0B
5J73A
4APXB
4HN7A
2CS7A
1ISUA
1KHXA
3BN3B
2GBBA
4QHZA
2INNL
2AVNA
4RYEA
3OQGA
2K9DA
4WH9A
4X0NB
3UIPD
4RXUA
5L7AD
2K9YA
3DSOA
3SMZA
3I57A
3O5HH
4WPXC
2C1LA
4GQVA
2MYHA
2NCJA
2MOLA
2GV0A
2OYYA
1PPJI
3CP5A
2QCPX
2P6YA
1O7DA
1JYHA
5JTNF
5XVJA
5U6ZA
4IUHA
3D3YA
3G5TA
3W2ZA
1VX7g
3K3SA
5MMIX
2F6KA
2ADVA
4JPPA
3SUMA
1GS9A
1MWQA
1YOCA
4LSDA
4K84A
1YQHA
2OUWA
2XDHA
1VX1L
4ZI2C
1L3IA
2POSA
2WHNB
1IODG
1HP8A
3BWSA
2PVOA
2FPNA
1OSDA
2HV8E
1OW4A
1Y6XA
6G72Z
1UB4C
1TR8A
2CGQA
2FFSB
4WBEA
2JX3A
1JWHD
5FN2D
2YZ1A
3A9FA
5OK8A
2I8TA
5NG4A
3LHRA
3CPXA
3R2PA
1QGKB
3M05B
1NYOA
3A5YA
2IBGA
3P96A
2QLWA
4OWWB
2RCKA
3SNKA
6G2Jg
1GPRA
1O9KF
2YWTA
2KKJA
1TFEA
6B46I
2G7RA
2FEAA
5F13B
3C5VA
2P51A
2GSVA
2QDLA
2LXWA
1SMOA
1JDWA
2WT1A
3DI5A
1KQPA
3AITA
2M2FA
2XM6A
2CDPA
1KCMA
1U9LA
5B5IA
3GWIA
3JZ7A
1OLPA
3ZO5A
3J9Ub
1P9YA
3MJFA
3HFIA
3W0EA
3LT7A
1F3VA
3M6EA
2VP4A
2AUWA
4HE8A
5HFTC
3HXAA
4RB6Q
1J2JB
5CL2A
3KKFA
1SS4A
4DEVA
3IHMA
1QS0A
1YGHA
1N8VA
4AP9A
2IQYA
1NTVA
3UUNA
3CXBA
5T86A
4IOHA
1F08A
2O6FA
1YN4A
2YWXA
5F3OA
4M7XA
3FZYA
4N0LB
3FAVA
2G5GX
5BXYA
3HJ4A
3SOYA
6A6BF
2N55B
4QY7A
3V3KH
5EVHA
2Q0XA
5HXLA
2I4LA
5GO6A
1DQ3A
3QOYA
3A1PB
2B9ZA
5V0SB
1SGVA
2IVYA
4DIXA
3DUKA
4BPTA
2XVEA
1ORSC
1Y7XA
1HXVA
3GFUA
4LHSA
3ICUA
3D9NA
2F9ZD
4CAHB
1SD4A
4HWVA
1TVTA
3L32A
2RNOA
4WJ1A
3SEEA
3IEYA
5M1MA
2P4ZA
3C4SA
5KYMB
4EHUA
3KS7A
4KNKA
6FMLH
2NWHA
2KR7A
3WG3A
3FAJA
3H1NA
1QAZA
3UP1A
4LBHA
3B8FA
1BI6H
4Q7OA
2NMLA
1FC6A
4Z8AA
4X9MA
3DM8A
3PYWA
5OQRC
5WAIF
2VD3A
3UX4B
5NL2B
4BKHA
2ATPB
4EAEA
4B0TA
4R0JA
4H5BA
4E2GA
3MJ6A
1H12A
2VLQB
1RSOB
4AS2A
3U2AA
5H4EA
4UOIC
4YL9A
3UB0B
4DA2A
3CB6A
2ZVYA
4QDCA
3CVJA
1T6AA
1XMKA
2DXAA
4ZC4A
3TC1A
3B4QA
1CCWB
3N3FA
2PV2A
6CFWB
1OXJA
3EE4A
2KOEA
3NJ2A
2O3BB
1KEWA
2I2AA
2EV1A
6BK6A
4FD5A
1WXNA
3BEEA
4CIIA
4A6QA
2YB5A
4E3EA
2LEZA
2XA6B
6EXNc
4IGVA
1U8BA
2NSAA
5M0JC
1LJOA
3QTAA
3DHXA
4QXDA
4WICC
4K12A
1JUVA
3PMSA
5VOCD
4BFGA
1VJXA
3FWZA
3N1EA
3MZZA
2D46A
5UQYB
5YVSA
3SSCA
3IX7A
4GV5A
4E0IA
2E8BA
2MQBA
3H5LA
4DMIB
5CLLB
3BY8A
1R1TA
4X8EA
1XOVA
5JAAC
3EOPA
4U7YA
2LGNA
5BXGA
1N6JA
1KG1A
4CIJA
3OWRA
2P58C
3BJVA
4NRHB
2OKQA
4JPBW
3QDRB
3EFDK
5APTC
3M9GA
6AX2A
4YMHA
3KHNB
2JH1A
3D2WA
3DXRA
3RNVA
2P6VA
3D7IA
3D2OA
2A05A
2DIIA
2LORA
1SRQD
1ZN6A
5TDYA
3D4EA
1PM4A
5UQ1D
5O1RB
1QVEA
1HWTC
3AXJA
4NQ0A
1BD3A
1RMGA
4HWIB
4PS2A
1X6MA
3U2GA
3MADA
2P7IA
1U6ZA
2CY2A
4U7AA
3COQA
1SEFA
3COVA
1KSQA
2J63A
4WYWA
3EOIA
2B3NA
6EUAA
3BV8A
1GL4B
3RJ2X
1Y66A
3U5VA
2F62A
4LWSA
4QDJA
4MT2A
1NUYA
2HKJA
2CMXA
1U5UA
1YELA
1SQWA
4IEJA
5C98A
4J2NA
5CL8A
6F2DG
4MDUA
2EHGA
3F7SA
4HCZA
3B73A
3ENPB
4I9OA
4EHSA
3K3CA
4B9PA
2M74A
4ZBWA
4F42A
2NVOA
2Z5CB
4L58A
2Y4OA
5MYID
1H0ZA
3J16G
5FDOD
5JBHA
4GYTB
4GU4B
4DCKA
2RREA
3VTOA
1B5FD
3UITA
4KX6P
3EXNA
1W9RA
3LLUA
4EVHA
2E7GA
3MC8A
3DLCA
5W4DC
1R44D
3B8OG
1ZMMB
3EABI
1PAQA
4D74A
5UFKA
4MVKA
1YDXA
4EVUA
5HYBB
2REEA
1Y8XB
5CUFD
5OHGC
3BV6A
4BJQA
3UFEA
4PP4A
1V5NA
4BWGA
3B5MA
3PU9A
4N09A
3IP4C
5SVAR
3DWOX
3U4ZA
1XP2A
4JXEA
2CMEB
4MONA
3KDEC
2DT8A
4M0QA
4NRHA
1DMLD
1R8NA
3OGFB
2KZ7C
5LXLA
4F5CF
3KQ4B
2RH0A
4PTBA
4V1XA
2FQ3A
2LG6A
2O0JA
3E57A
2AU3A
5L1ZD
3I7JA
3WYZA
3NYIA
3RLSA
5C5GA
1G6UA
4ZNKA
2DG1A
2WSFN
4PC4A
4QR0A
1HH8A
3M20C
3DXEA
2V6ZM
2A22A
2K0ZA
2FZ6A
4MEWA
1WY5A
1WWLA
1V74A
XXX2A
2AEXA
2LGEA
4AXPA
2M71A
5W66P
3VYGC
4OPCA
4YTBA
5OUOA
3ER6A
3L2NA
5VLIC
3HRGA
4HR6B
3IHUA
4E29A
1P7AA
2XVYA
2IACA
1I58A
3G80A
1VMOA
5L0RB
2W7QA
4LQ8A
3OQ4A
2W1JA
2Q3TA
1RP0A
3LX3A
4EWCA
2IF6A
2V8QB
6APJE
4E72A
2K35A
1NEZG
1SZ7A
3PVIA
3A1GA
3PF6A
3EJ9B
4CRYB
2P9XA
1R4QL
4HH3A
1R8OB
6C23A
4CZXA
5YDFA
2PJPA
2Y3ND
3U7ZA
4TS5A
2BM8A
2RNGA
1I5JA
2DDZA
4XQMA
2W6KA
2OZHA
3V4OA
4P5NA
4O7QA
2FHXA
1QWOA
4ZRLB
4LZIA
3ON9A
3RMIA
4N8X1
3GASA
2LNVA
4P9JB
4Q0YA
3SKQA
1YA5T
3H9MA
4ZHBA
5ID3D
2KPYA
2BH9A
2HSJA
2YQQA
3CLWA
4I4KA
4AODB
3BHPA
1T0BA
5XHBA
1I8NA
3B7HA
2J58A
1ZKPA
3D5PA
2MJZd
5JBLD
5AJ3o
3HGBA
2LX0A
4EHXA
3JRVA
4V1FA
2LW3A
1CLDA
5L2XB
4WJTA
4Q8KA
2MJFA
3K2NA
5C9EA
1YDYA
2PFIA
4P82A
1RHFA
5DOMA
4JR6A
4LWSB
3LNOA
1QEXA
2WCJA
5AFRB
4PHZA
2KR1A
4O4AC
3D31C
1Y7RA
1WINA
3CEBA
1NY9A
6F1Yf
4Q11A
2F6MA
3D19A
2DO5A
4G6TA
1MW5A
3OP8A
4CWEA
3HNNB
3BIJB
5H9CA
2MWRA
3EF2A
4IX7A
2KL0A
4CGQA
4DEYA
1OMBA
5K21B
4Y5JA
5B3DB
3OISA
3J7AJ
2GWCF
1HYOA
2HQ7A
1VQO1
4KT0K
1GVPA
2PBIA
4U65A
3G14A
2ZEXA
1I9GA
1FNFA
2P38A
4GE1A
3QOOA
3RGUA
2F4NB
2EK1A
5JQZB
5LAHA
4HEAA
1ZRXA
2YQYA
1XHKA
1W55A
3HCSA
5U0PG
3C8IA
4E6KG
4YN3B
2ZTBA
2V7QH
1ZDYA
5MF1A
1RSOA
1XE1A
3RFWA
3OV5A
2K2SB
2D0OB
3Q39A
3DT5A
3KPIB
1TC5A
3L22A
2OHCA
2M7AA
4CLQB
1HLQA
4IWTA
3JYZA
2EEMA
4J8ZA
5J45A
3GGNA
4HR1A
3NOIA
2HQYA
2OVSA
1Q25A
4HYLA
2P4OA
3P8CE
4Z7FF
3TDQA
4J3RA
3LURA
3BDVA
1DDWA
3GWCA
4I8OB
3ONQA
4EWIB
1PZ4A
1G2RA
3NI8A
3BFQG
3ST1A
1RK6A
3N71A
6B8Hq
4BG5B
4ACJA
4TYZA
XXX3A
3AALA
1XTYA
3PW3A
2MBGA
3WNZA
3ISQA
3DLMA
2LKAA
1DMHA
2XNYN
4QRKA
2OS5A
2DYOB
3WU2U
3IBWA
4A0ZA
3TDWA
3RH2A
4QEGA
4W4KB
2RDCA
5WP3B
2MGVA
3G8ZA
4FP4B
3B55A
2LWLA
4A5VA
3HWUA
2K6IA
4XAAA
2LW1A
3G5LA
1UTEA
2DT5A
5BQ5A
5HUQA
4H2WC
3N4IB
3CJSA
1RPUA
3DAHA
3TU8A
3LMBA
1K6KA
1S7IA
3SQFA
4JS1A
1HXIA
3LIYA
5IM8A
3FXHA
2A5HA
2CXIA
2ISBA
2FI1A
2Q02A
4CP6A
1L0BA
2XTCA
2CCQA
1RCWA
4GKWA
5AXMB
4DVKA
1QQRA
4OFZA
4Q9VA
3H9WA
3TSOC
1XKRA
2WBMA
4MQDA
4NTQB
6F36N
1YJ92
4EMHA
1TUKA
4PKEA
2E9XD
4ALZA
1WERA
1IICA
5DURC
3AGFB
1T07A
2QTSA
5FQ2B
1STMA
3BMAA
4USKA
4TSDA
4DHXB
2A01A
2V6VA
1SVMA
4K90A
5ZR1A
3ELBA
6BR9A
3GIFB
1EVSA
1HFES
3SBUA
3FRMA
2E0YA
4QA8A
3BBOF
2KJGA
3D2YA
1X2IA
1SU0B
3LPHA
3OV8A
3TFMA
2JJZA
5A9QH
5JVOA
4EC6A
3IUFA
2LCIA
4PS6A
3UWSB
2FUKA
2GQ0A
3DS8A
3AQEA
2JCBA
1VMJA
2KC8B
5IWWB
4N77A
3EMFC
2AXCA
2B5BA
1T6SA
4OMFB
3L2HA
1KNZM
4P17A
2JVFA
5EU0B
1Y9KA
2PF4E
1MN8A
1ZTNA
4W64A
6C06E
1H1JS
3EW1A
3LGBA
3IVVA
2WYAA
5TECB
1NT2B
2I5IA
4G7NA
3G6SA
4LKBA
1GD2E
2MSXA
2UZ8A
5DO6A
4MNOA
2XDQA
1PP1X
3HZQA
3BT2B
5YQ7C
5HJFD
4GFCB
1EZJA
5VSOA
3K2YA
3T0YD
3CLOA
1FEUA
3B1BA
2QASA
2M5IA
4G75A
1K78A
1HCUA
3KT9A
1AOLA
3FAYA
4Q9BA
5DYQD
1JEKA
1Q7TA
5MU7B
5J62A
3RBSA
1RQPA
3WU2A
2E2FA
1RZHH
3ID1A
2D42A
2ZOPA
2IZZA
3CL3B
4HYQA
3SLZA
1XI7A
2OWYA
4C0ZA
3I24A
1DF9C
4WXMA
2EI9A
2Q0YA
1ABZA
3FJYA
4PT7A
3JUWA
1YG0A
2W4SC
4O0AA
2B8IA
2JUAA
3ME4A
3HGLA
1UHVA
2HM5A
3TU3A
3BYQA
1BCSB
1K81A
4G6VD
4LMYA
4BHUA
5M9EB
4ETRA
1WYYB
3M1CB
2QW5A
1F2DA
1DJ8A
5FORA
2LE0A
1ZFDA
1S0PA
4D5TA
3V7QC
4TPUA
1QSMA
2XCIA
4YZZA
1YREA
3JU3A
5HWKB
4A1BL
4COFA
2QNLA
2Q5WE
2HFQA
1JNRB
4E9KA
4KTBA
5YS3B
3OQIA
2I7RA
3QR7A
4FZ2A
3RETA
3GM5A
2VT1B
2YNQA
3PLOX
1K4ZA
1DHNA
1LDDA
3QZBA
4HIKA
3TU6A
1NU7D
4A2NB
4Y7KA
1PLQA
1XN6A
1DX5I
2OO2A
2CZRA
1TUVA
5JFFD
2GUDA
2HZMF
5YDMA
1JLYA
2MNTA
1WRJA
3U0CA
3H33A
4PW1A
1GH6A
4N0NA
3F5CC
3UB0A
3I9YA
3KUSA
4OLSA
4NTWB
2N2YA
1TVFA
1XTEA
2HSNA
4ENEA
2QIKA
5NJLA
5C39A
1YE9G
3FNAA
2Y7BA
5FURB
4JBBA
4HWXA
2KZ6A
1R8EA
4C7AA
1NZ0A
2FAZA
5YI4A
4P0ZA
1VW49
4GOFA
2LG4A
1W78A
2WTPA
4F0WA
3V0RA
3JB5C
2QRTA
3HN0A
5J28C
2JYNA
3BH2A
4CVNE
2X9AA
2Y0OA
1QHQA
1F2IH
4BOQA
4QLAA
2YQPA
4Q6TA
4HWMA
2MI5A
5FRVA
1RPOA
4J8CB
3L8FA
2WAWA
3L20A
1SKZA
2HN8A
4J25A
2N6RA
3GE2A
3EZQC
2ZMVA
4HUKA
5ERAA
3KD3A
3KV9A
1U6MA
4KRRA
1YHNB
1FH1A
1K9MJ
3B9TA
3HWCA
4AUOC
5IMUA
3ODPA
5MH3L
4CUAA
2D16A
4XO1A
4MDAA
3EHFC
3RRIA
4R78A
3V43A
2NAJA
5IAZA
2PV4A
4FC3E
3LZDA
4OVYA
5VE9C
5MR0D
2P2RA
1LISA
4OH7B
3FUYA
3TR8A
3CHMA
1FI8E
4EACA
3QBTB
4TQLA
2NW8A
2MU3A
1YE9A
4MXPA
3G8YA
1ZGAA
1TP6A
4EWFA
4J4HA
5BTZA
4P5IA
5XRWA
4RKGA
4HUQT
3EXVA
5LSID
3G67A
5GJ8D
2Z6OA
2GCCA
4KU0D
5CUKA
2LD7B
2JS9A
4ZKYA
2O0MA
1T71A
4EQQA
3QNHA
3OOQA
1CL8A
2WGOA
1X4PA
2Y44A
2RNMC
4D0NB
3WMQA
3WURA
1PU1A
2W7NA
3LIDA
3IU6A
3ONTA
1AQ5B
2QCSB
4BY2B
4RSXA
3H20A
5VOXc
2J4US
4NU3A
2ECEA
3FBNC
5VR3A
5XUKA
1JYOE
2Z0RA
4KOQA
2L8TA
2DLBA
1QU7B
1JB0K
2JKRS
5CS0A
3N3YA
1RA0A
4RU3A
4BD9B
2ICSA
2GSOA
5SVAT
4M6BA
5CD4I
2Q2GA
5J8EB
1J3CA
2OD5A
2F96A
1ZW0A
1H20A
5DN6X
2ANEA
2HJ1A
2J6BA
1XZPA
2IMLA
3FIDA
4GIPD
3DI4B
5BY8A
3KIOC
4U9VB
2Q4WA
4LGTA
3TCVA
2RC3C
5L20A
2QSVA
1VZMC
3DXRB
3MOPL
3LETA
2FQPA
3GZ8B
1RW2A
4N30A
3UFBA
1DQGA
4LEUA
4AJYB
2YJLA
5AUNA
1UJSA
3MLNA
3E0MA
4O30A
1HYPA
4HZ9A
1Y60A
3J00Z
3KOSA
2AGHC
2X3MA
1UFBA
5I9EE
3Q3FA
1K8KB
5A49A
2G3AA
4F67A
4QBOA
4L0JA
4QXAB
1XJCA
4YHBA
4QQ0A
4R42C
4Q75A
1WP8A
5UYOA
1MM5A
1ZMAA
1OZ2A
3BESR
1XAOA
2ZZTA
1Q90N
3PEVB
1O9YA
4EZIA
4GNEA
4CGKA
3FM2A
3QSQA
1VYKA
1IIPA
2DT4A
1NVMA
1ERPA
5JCDA
1GXJB
5NENB
2CTDA
4OM7A
3VU0B
1QQGA
3EXCX
3EHGA
1ZC3B
1VLYA
2VKLA
5N8VA
4CD8A
5I7DB
4QTQA
4R1DB
2A06E
2VTWA
3DMCA
6B85C
2ZQEA
4FC9A
4D2KA
4U77A
3OWCA
4WY4A
4D7ED
3TQUA
5FVCD
2V64A
1HE1A
3WA1A
3ZXCB
4GA6A
3IFEA
2B82A
3CZXA
3BH7B
3F2IF
4BLUA
3C8LA
4ILOA
3EX7D
2FZPA
1APYB
2JYPA
3O4PA
3QJ3A
6EM4n
1KDDA
4M62S
3O5AB
3QBGA
1O4VA
4N5BA
1WDJA
4JF3A
3QD7X
2LN7A
3IRSA
1CFBA
6COZB
1M1EB
1K91A
2ICNB
3VZ9D
4P09A
5H1QA
3ZJXA
1SZQB
4CV5A
3GHXA
2VDFA
4MEJA
2QPWA
1B35A
5HKNB
4DS3A
1M7GA
4QR9A
2Y9FA
5O6VF
2VXAB
6EXND
1PBYB
1F8MA
4E1TA
4A20A
3UO9A
4X28C
2L1NA
2TRCP
1SPPA
2IICB
2DQLA
2YEVC
4WOYA
4WATA
3KN3A
3IXSA
3BJ6A
1WGVA
3OKQA
4M9PA
3G0TA
1ZE3H
1N4CA
3LHQA
3FN2A
4OF8A
5A4AA
1YEMA
4QLPA
4DNNA
2A9UA
1ZSWA
4ZEYA
2WM8A
3KG0A
4OO0A
3UBMA
5MVWC
3RKLA
1T1JA
6BEVA
2FOMA
4N7CA
3RWNA
4HROA
2VVEA
1B8WA
1YCOB
1UCRA
4C69X
2QWRB
5N7IB
6DEXA
3RGAA
5LZNA
3B8LA
4W6YA
2OF5B
4ATGA
1VX7e
5O9ZN
5FKVE
4G6DB
3TJYA
3Q4HC
2LQ4p
2MQ9A
1M4IA
2RH2A
4EGWA
2OBDA
3J7AR
2ASFA
3HVAA
3SXNA
5AE0A
4LMOA
5O32H
5T1YH
2YMVA
4BWZA
4GC8A
4CRUA
5FN1A
1OR4A
3A5DG
2HAHA
3PESA
2KPQA
4M91A
3GW2A
3TYPB
5E9OC
2K9JA
3TOWA
5LE0B
1OFVA
1Q2YA
3N2NE
3BALA
1HARA
4IP8A
4XDNB
1NNWA
4ABXA
2QMHH
3UUWA
2N94A
5W7LA
1XDNA
4EYTA
6G94B
4XOSA
1GQAA
4JIDA
3HJLA
3VWBA
4UUPA
2PY8A
1UANB
3WDCA
1LYBB
3SOVA
4L2WA
5KP0A
2MYJA
2EY4C
3PD7A
2YOPA
2DQAA
3E0RA
5IX9A
2QSRA
3T5XA
3SNGA
2O38A
2G80A
3JX8A
4BFOA
3GW4A
3ZK9A
4N82A
2PLIA
1LM7A
4QPWA
2BVHA
4LHPA
3LE4A
3DNSA
2CXCA
3K94A
3KKCA
2WNMA
3O10A
2PENF
1GSAA
5CECA
3IZRk
1ZJKA
5D91A
4INAA
3MCSA
2NP8B
1PXVA
5INEB
3GF6A
3BYIA
2UVPA
1OQKA
4F87A
3D7JA
3TZGB
1I27A
2IQTA
5AOXA
1JQLB
3G65C
2M6BA
3AMRA
1T57C
3OPXA
5UC0B
1R6KA
2W7ZA
2AP3A
4ELDA
1HZFA
4PT1A
3DGPB
4JXRA
3FO5A
3NF5A
1WRUA
1T0CA
1FLCB
1VSQA
3SBTA
2M7ZA
3H6PC
4J5RA
1T0IA
1X0PA
5K5LE
4FPPA
2WD5B
5OA1U
4U4PA
3T6AA
6D9ZC
4HDJA
4WG2B
4RUGA
4GB7A
6FHSI
3MMLB
3L39A
2D3YA
4KBJB
5C6GD
2M2JA
3ZR8X
2NPSD
5EQWE
3PF0A
2FBQA
1OH4A
3DDCB
5FD3B
1Z0JB
4WMYA
5UN5C
5LXVB
3GD9A
2XQXA
5WWLM
3R24A
4DVEA
1E2WA
3LULA
5O7HF
1R0UA
2YBVF
1KP6A
3OK8A
3E3VA
3HL6A
4EBJA
4I90A
1I7NA
1M6JA
2L93A
4OI3A
1FI8F
4RPMA
4WZNA
3FP5A
3KQ0A
2P6WA
4QVRA
3IDFA
5LDXX
2CIUA
3C3VA
1Z6OA
2FZ4A
4G6QA
2H1TA
4CCFD
1LKIA
2KGLA
5A9AA
4CVOA
1HG0B
4UZZB
4GAMS
3EUDA
3HVWA
1U5FA
2NDAA
1XQRA
3VA4A
2GIAB
5BXVB
3POWA
5JFZF
4UW2D
3K6TA
4DCDA
1JB3A
2NOJF
6G2JQ
3S4OA
3B0BC
3R4QA
1S2OA
4OTMA
1VBKA
4L3NA
4CUYe
3GPKA
4XT7A
3K1QF
3BBJA
3IM3A
2ZZRA
1XHNA
5D1RA
3EJKA
5AJ3M
3FHVA
3ZZYA
5LSKN
4OBMA
2NTEA
3VH5A
1H8PA
1LVMA
1SKNP
3CF4G
4RPCA
3K1TA
5D9BA
1N7ZA
2WPVA
2OPKA
4RKSA
2HH6A
3S2JA
1IKTA
3J7VC
5JIRB
2M0QA
2WO3B
2WB6A
4V3IA
3ULQA
5ELKA
1D1QA
4CNDA
1PD3B
1HTWA
2HY7A
4H6QA
6G2JK
3IKHA
2RBDA
2P30A
3OSTA
3BIYA
2D0WA
4IDUA
2A8EA
1K1FC
1G8SA
1IZCA
2A9IA
1ULYA
1LO7A
3H38A
2F3NA
3WX4A
6BN1B
3I5QA
4LTBA
2L9DA
3UQCA
3ML3A
4PUXA
5U6HA
1ZHXA
4O6IA
5ODHJ
3UGOA
4B9GA
3VHLA
1K9CA
1TIGA
1CD3B
4OSNA
3R27A
3G0KA
4HH6A
4YO3B
3HA4A
3DWAA
1D3YA
3CK6A
3NSWA
4RHOA
5BY8B
2ZKRI
2ZG6A
1U89A
5O9ZQ
3QMEA
1DEKA
2HLTA
4G92A
3HKLA
5C8GA
6C0FW
1I1JA
3O6UA
3RRKA
2XRHA
1VW46
4QPRA
3FLHA
5B0OG
3RUIA
4OA3A
4ESPA
4E45J
1LSLA
3F9UA
4G6XA
2ZW3A
2I2XA
4WFTA
3WHRA
1RCUD
4CVDA
2MLZB
2PPVA
3OMYA
1OKQA
3NNFA
1NJGA
6EHRF
3HQXA
3OJ3K
3BZWA
3GE3E
4G65A
4YJWA
4HPZA
2MZ0A
4OBXA
2QN6B
2VJEB
4HTUA
2DHMA
1RU4A
4K15A
4XS5C
2MCTA
3AYVA
4QQ6A
5FIKW
5CEGB
2E0ZB
4L80A
3IX1A
1CEUA
4ZC3A
1VFIA
2NSCA
4GKGA
3I7AA
3LM2A
3IO2A
3JC7A
4O9LA
4X1OA
1YDUA
2LTNC
3NGWA
4IYJA
1C8UA
3G0MA
4GIOA
3VRDB
3LE2A
1XGKA
3S93A
3IZ6O
5WASC
3HK4A
3MZOA
4H9NC
4EZFA
1I4JA
1EJBA
2F23A
1JBIA
2L6PA
5M1HA
4RZLA
1VX7T
4OYZA
1H8GB
5LEFD
3GMGA
1DSVA
2H7GX
1VYIA
2LYYB
4JRLA
2GM2A
2LOQA
4MZZB
3LDQB
3KE7A
6B4FC
1ON2A
3LRQA
1IYRA
2N0PA
2HMVA
2AJRA
1TZVA
2G4RC
3SMVA
1V2ZA
4ECGA
3FJZA
2KKFA
2M1JA
6F42C
4GL6A
3LHKA
4IOYX
1P6XA
2A1VA
2LC3A
1IHNB
6F0KD
3N77A
3T8KA
2KSNA
1TTWA
2C0GA
1S4KA
1S3CA
3NDQA
3G21A
4PK9A
5U1DX
4LJ0A
4C0FA
1F0KA
3J7Yp
3RIOA
3HZAA
2XS6A
1Z8YP
3J36S
3H2BA
2HIQA
4IBNA
2M35A
2PSTX
4YK3B
1LGPA
5CXYB
1OSYA
3OKGB
5KBOA
3VQJA
3BY5A
1MAIA
3I41A
3NJAA
1ND6A
1YRBA
6C6GC
3DCMX
2PBQA
1QKRA
5LDDE
4EIJA
5TJ5A
5D18A
1SR4C
4PHRA
2KY5A
1AJ2A
3IRGA
4KIEA
2VXZA
3GZGA
4OKZA
2HLQA
1IWPG
3S6EA
5X56A
1IJAA
1UKLF
5FIMA
1P88A
2Z5WA
3TM8A
2YORA
4O9PC
4Q5TA
3UK3C
3EUSA
3AONB
1B4AA
1SKVD
2HFNA
2VGAA
2KUOA
2ZZJA
1O5ZA
3BD1A
4ZA6A
2C4WA
3C6WA
2I39A
3I9SA
3DO9A
5VF3I
5DL8B
2MN4A
4QMDA
3O59X
3RFIA
2ZOGA
3KBYA
5CETA
3P0CB
4Y25A
4RPOA
4RB5M
4NBOA
3CK1A
3DSDA
2R01A
3L53A
3JB9C
1JSGA
4PQZA
3W1ZA
3DFFA
4IFSA
5FISA
2RM8A
3L9AX
1QR0A
1HR6A
2B9WA
2MPCA
3WVQA
3PVVA
1LFWA
3WRWF
1I1RB
2A2MA
5EO4A
4HBZA
2XCJA
4LU2A
1G8EA
3KLQA
2G30A
3QWLA
3CWCA
2ASKA
1Y0BA
5Y18A
3MB2B
1JX7D
4RS8A
4QE0A
3LYHA
4FBCA
4OIZB
3BROA
1O13A
4E4TA
4Y97H
3BEXA
1CJWA
3H16A
3T33A
2KVTA
1CQ4A
5TVME
2EXUA
2XQYA
2QF4A
4AWXB
3PNXA
3VTQF
1LQAA
4HHVA
2OB5A
4EMOA
3J9AA
4ZSXA
4LMSA
2PE4A
5IWSA
3V6IB
2CIWA
1REGX
5DUKA
2IXNB
4P0GA
4FEYA
3IZ6V
4HBQA
4YN9A
3P1VA
3U3ZA
1X9ZA
5YKEA
1ZRJA
5FC3A
1J5UA
4W78A
3D6WA
4RP9A
2RJ2A
1X5WA
5Y8FB
1FC4A
4AMUA
3LLBA
2A7WL
6C0Fs
1WTEA
2VA4A
4KQ7A
4BMOB
3IJMA
3KF2A
4NOOB
2LV5A
3E3UA
3FG8A
4CJDA
4I9XC
2WSHA
1XYIA
1RL0A
4RJWA
3OYOA
4FI5A
5XTCQ
2JZ5A
2YZ8A
1TT8A
1TE5A
1L5PA
2OFGX
5Z43A
3HG9A
6ELUA
4IUMA
2OD0A
6FX3B
3TBNA
3TNLA
1Q67A
4ICWA
2BDDA
5E3EA
5TFPB
2OOCA
3BT7A
2Q7AA
4DOXA
2FJ8A
4UFTB
3GWKC
3HYNA
3G20A
3F2EA
3NFGB
4M1UB
5L85A
2D7EA
4H0PA
3K6GA
4K91A
3NYYA
4UMIA
2YXMA
1LVAA
2KFDA
5XTCS
1WSCA
3ZRXA
2JORA
2WL8A
1WQJB
1AX4A
2QP2A
1TXJA
3FK9A
3BYWA
4RB5E
1TOVA
3OMDA
3E7QA
5DUOA
4XRTA
3BE3A
4ESNA
2J1NA
1STZA
3J9VQ
5E97A
1UGIA
3HMUA
4JOIA
3H6RA
1UUJA
3DZVB
3BKHA
1GQEA
1AIWA
2IJAA
1F46A
3AX1A
1L1SA
3RHGA
4LOXA
4FEAA
1D2ZA
5XKLA
3ILHA
1VX4K
3R15A
2I9SA
3T1OA
2L3XA
3C7JA
4E1PA
4S39A
3CY4B
4NV4B
4WPXE
3IB5A
4RE1C
4Q14A
1WRDA
2LNHA
1R89A
2JJSC
2O8PA
3H3IA
2XZHA
3DV8A
2JAAB
4Z0OA
1ZQ9A
3RHZA
4M0NA
1YBTA
5WRUD
3FGNA
4OEBA
4M1PA
5NODA
3P54A
3WXMB
3JB9h
2YSAA
2HDWA
3CVOA
4CE4Q
1ZPYA
4I1SA
1L0LF
2H7ZB
2ZC4C
2PQXA
5NUPF
2PPXA
4IMIA
2B99E
2ERVA
4NQIC
2YVSA
4AR9A
3NR1A
3AONA
3ER7A
2CO5A
4TMXA
2GU3A
2K5QA
5DMRB
4RHPA
2UYTA
2BM5A
3SNOA
3WMIB
4UUWA
2P2EA
2X8NA
3S63A
4L7IA
4YK8B
3WMIA
1TIFA
4IAJA
1U0TA
1RIFA
4DXTA
3MJ0A
5A0RA
2YIZA
3CAXA
5TCEA
4QICB
3K1RB
3TOJA
2Q24A
2L7AA
3KXRA
3GI7A
4H5IA
2D7DB
3HGVB
3MPCA
4HCEA
1Z4EA
2PYQA
5H0QA
1YGMA
1M8NA
4FQEA
4F55A
4RB5N
4Y7DA
4TT9A
4XA7A
2MN2A
4O8BA
3ZFJA
4FXXD
4N8NA
5VA4A
6CP37
1XAKA
3K6EB
3BF0A
4HFVA
2LTAA
3IJTA
4WYHA
3NY7A
4NJCA
2LUHA
5AOHB
3GP4A
3B08B
2O0QA
1QQP1
2F4IA
5G2VA
3S57A
3CLQA
2I2OA
1UPTB
2JNQA
5HEEA
1TULA
2BSEA
3W36A
4NNBA
4PZ1A
1V5IB
1VJQA
1EO0A
2A6HA
3F3GH
1L9LA
3KE2A
3UI3B
3TRKA
6CFWG
3TC3A
2H7VD
1TJOA
1IGQA
3RH0A
3GMIA
3QTHA
3SALA
1M7KA
3SZ3A
2Q8OA
2N1DA
3OVKD
3G98A
2QWUA
2I79A
3WWTB
3EJHA
3JTYA
2E5YA
4JQTA
4BVQA
2PQ4A
2OEBA
4CGUB
4FIOA
3S0YA
2CBHA
4CDJA
2XJ4A
4RB5J
2JDCA
1UN6D
2CC6A
3ZFPA
2RFLG
1XG2B
4QJFA
1HBXE
3O7AA
4GCZA
2OSDA
1X0HA
4RB6N
5IJ7T
3R87A
2YY3A
3A76A
1PUFB
5Y39D
4NOHA
4K6LG
2I9XA
3WZSA
1Y8AA
3NOHA
4BHQA
3HUGB
1OAIA
5NCWB
2APLA
4F3JA
3PDDA
2O5RA
3O9LC
1GXMA
5D3KA
2RT6A
3FX7A
1Z6NA
2LCYA
2R7DA
2L0CA
1K92A
5YS2E
5IC9B
3P1GA
4Q2SA
4NI2A
1PDKB
1ASWA
3KN1A
4H7WA
3N2LD
4UOIE
2G3VA
3TEGA
1RWRA
2M48A
4BYZA
1VMBA
2K2CA
4I0XA
3POHA
4UE0A
3NATB
1NRGA
3IEHA
5XBCA
1Q4UA
4JPHA
3PMDA
1XO0A
4I4CA
2N2CA
3WWVA
3O3XA
4QUVB
4FZBC
2QYBA
3MCBB
3ANWA
3D6MB
3G5CA
5BYOA
2P0BA
2EO4A
2K4NA
3WKMA
2PIMA
4RUQA
1DI2A
3M3PA
4BE3A
4RDQE
3ZDMA
3NB3C
1Q8CA
3PU2B
2FCLA
2Q9KA
3LJEA
5O9JB
5CCFA
4ZP0A
1BXYA
4ROCA
2MDPA
4NQGA
2NYIB
3WUZA
2AFRA
2IT2A
4UW2C
1GL4A
2X5QB
4DHXA
3NVBA
2ZDSA
4EVXA
4HT1T
5YRXA
4NOMA
4PH2B
3MW6A
3MGAA
1S98A
1EL6A
3BPJA
2CROA
1NOAA
1MP9A
2RPBA
2WFOA
1FXKC
1AQSA
3B33A
1A8RA
1PDQA
2LJUA
5CFIC
3LYXA
2XP1A
3L9WA
4BJJA
1NA8A
4E5VA
5A20D
2VSDA
3S0AA
5T82A
3AJ4A
3P9VA
2FH0A
1MGRA
1WD2A
1OKGA
2OPEA
4FE9A
1EHSA
2NXPA
4RYOA
5AG3A
3UEBA
3HTRA
5YGUB
5CVDA
3NT8A
3TOSA
4RPLB
2LVWA
2V0XA
3DWGC
4FPWA
2MVIA
2G64A
3IABB
3ET6B
1VICA
3DLIA
4NMXA
1ZTDA
1JQGA
3V46A
2WJRA
4DX8I
2ASTB
4FBLA
2RGQA
3OOVA
3ZLEA
2LDSA
5WOXA
4I8IA
1D3BA
4I4M6
2A2LA
3OG6B
2D7VA
2XFVA
3KOQD
2JW5A
2IWDA
3AKBA
3OL3A
3DB7A
2OQGA
2F5UA
4L63B
5BY4A
2QSFX
2VX8D
3VPZA
2PC6A
4JZLA
4H4NA
3EUFA
3U52C
3C8CA
1EDVA
2LNMA
5IC9A
2FIDB
2FTRA
1C0PA
3B09A
3I4ZA
3JZLA
2OKUA
3D1BA
3WCTC
1XVIA
4KFUA
2XOMA
1FR3A
2FPHX
1WNAA
1L6PA
4A69C
2GSCB
2K7IB
3DF8A
2OAAA
5XUOA
1M5IA
1YQ5A
2HQ4A
2KZYA
3BO6A
4X86B
4HVZD
3L4HA
3OLCX
4ADNA
3ISRA
2GE7A
3NNBA
1T0FA
4MUQA
2F9HA
3DDXA
2ARPF
2PJSA
2WATA
1JAYA
1VKCA
1MGTA
3C5KA
2PQIC
3B0DC
3RCOA
1ZVPD
3DNXA
5C9NA
5WUCA
1IUJA
3TY6A
3BK6A
1YF3A
5IWDA
4NZVA
2XWTC
1P90A
3B4RB
3WB0A
1NI4B
1WHFA
5WD9A
5YQ0C
3HY0A
3HQFA
4MOBA
2WQPA
1N2DC
5C8QB
1UFOA
2R47A
1DBFA
2FPSB
4BEHA
2G7OA
3ZPJA
1V74B
1O5UA
2W1SA
4O5FA
2CVEA
3GLDA
3HI2B
5XEFA
3CT6A
4IYSA
4EWEA
2KEHA
3QKRA
2CQNA
2KDTA
3C9IA
1J3EA
3EF8A
6C0F8
5UJEA
2MQUA
4LMIA
4LWKB
3ZPMA
1HWUB
3PLWA
5M4YA
5OOLp
2PKGC
3RFYA
2EQXA
5AJTA
1L3PA
2IA7A
3WU2E
4U4TA
3C6NA
6G10B
1ECMA
5AMHA
3BRNA
3AJVA
1V7MV
2MW7A
2P82A
3VIQA
4LB6B
3G13B
3DAWB
5HLJA
2KMUA
1T33A
2M2QA
3MUJA
1PPRM
2CU2A
1WIDA
4JWJA
1VR3A
4V29A
4R4KA
3U8VB
4P78A
3LFJA
5E04B
2MSVA
1UF2Q
4P78C
3L41A
2WH6A
5GRSF
1V1HA
4RGWB
2AJ7A
5CW4A
3MWDA
4QLBG
2DZQA
5D8KB
3H95A
3GUDA
4WIAA
5JL7A
3RW6A
3P3GA
2GOMA
4GJRA
6FKHd
4HHXA
3DFUA
2P4FA
2XKIA
4I17A
4ZMIA
1H4PA
4DIDB
5NNVD
3X0UA
2XVCA
1SEDA
4UUUA
3VUYD
1DQNA
2CWRA
1JKVE
2NR9A
1YU5X
3MBHA
4QYZI
4I6VA
1VW4d
1XS1A
3BFOA
1YZ1A
3AY5A
2VFKA
1EHJA
4MU6A
4DIVA
1FOBA
2BZVA
4ZR1B
2RMKB
3JSRA
1S55A
1LNGA
4NJLA
2R44A
3SJRB
4YE0B
3GMVX
2ESHA
3LUMA
3C1QA
3ESIA
1VQO3
3FD9C
1UTAA
5DNCA
1JILA
1E4MM
3AA0B
2HI0B
1EAYC
3PVHA
1B35D
4R0SA
5CTAA
3RAGA
2Q7BA
1PAVA
4DKWA
2RAAA
3KDGA
4QT9A
2H7TA
3EVYA
3BAMA
3NO2A
2P0TA
5CXWA
4B2Qi
4WPEA
3PQKA
2FQMA
1WT8A
1B35C
1GAKA
4HC9A
1H6DA
2PQ4B
4LJ9A
3PJ0A
4J80D
3OYMA
4GHNA
2B9KA
3KU0A
1VP8A
2X5CA
4BPFA
4U13A
2BKFA
1ZXFA
4CVNA
4L9PB
3GSEA
1RUWA
3C4RA
2D3DA
2I1SA
1U2MC
2JTSA
4O6DA
4I68A
2PH7B
1Q90G
3H7IA
3RKCA
2I9DA
4CXDU
2GENA
4YLFA
1MN3A
6CILN
3RBHB
3LNLB
2O6KA
1VQOB
3P6BA
3I4RA
4ZQUB
4K6NA
4FQNA
3FPNB
2B0CA
4WFWA
4NK2A
3BBZB
4JN3A
5LB7B
1Y9LA
2N5NA
3P06A
2WG7A
2KVEA
5BXAA
3WNDA
2JNEA
2RBBA
2KPNA
2W2UA
2OLTA
2ZCXA
4GA2A
5GJEC
5VNYA
3FNIA
4H7LA
3BQWA
4R7EA
3GHMA
3C19A
2PBDP
6G72A
3RX6A
5ERMB
3PZ7A
2A6QA
4G7VS
3BM3A
3BB6A
3SHOA
4XK8K
2MKCC
2QSIA
5WDMF
4D0KB
3MCBA
3ZBDA
2I00A
2FJ6A
2PX9A
2Z5EA
4YUTB
3ZH9B
3P45N
4B1ZN
5V13A
5FUGF
1ADEB
4GQ4A
2MHJA
1DM9A
2D86A
1UYOX
1MKNA
2CALA
1WIBA
5FJZA
4WVRA
5A65B
4KT6B
1W61A
3NRLA
4DDDA
2YYOA
1SCJB
1TCBA
5EGIC
1OEYA
4NJHA
5N77A
2OX1A
4FZ0O
2LN8A
5L2DC
1N8FA
3TQGA
3QY2A
5C2UA
4U5HA
3GWRA
4Q5EA
4E2LD
2QLTA
2AEUA
3G5JA
1I3JA
4Y0AA
4ESUA
5E7FH
2OXLB
1X31C
3CWIA
5BMTA
4LFLB
2D9KA
3KW6A
3TS7A
4RSIB
4CGSA
2RASA
2FB0A
3L9BA
1M1LB
2Q4FA
3FKQA
4F8LA
1ZV8G
1JJ2Y
3FDSC
1YHMA
5JROA
2GFQA
2DNXA
4C92B
1US8A
4JBUA
3SJLD
4F2DA
5VU3D
5YUDC
4FYYB
4HDDA
4DNYA
1GO4E
3O6QA
4LQKB
2KBQA
4ZTKA
1NG7A
3P51A
4Z3TA
4LO0C
1QB7A
4Q6VA
3CA7A
5AHWA
2PBLA
2OQ8A
4QLPB
1JR2A
5VF4B
4LMPA
3KC2B
2KQ5A
4MYYA
4RB64
4UU4A
1M0DA
1M93A
1WK8B
3QAOA
2LHUA
6ALYA
2WDQD
2LWYA
3E1EA
3KTBA
5Y38B
1U0SA
2QQPF
1QBJA
1R8OA
3C1OA
4G0IA
3O48A
1PCFA
4EZCA
2K21A
3AJWA
2GW6A
2GIYA
5OA1W
3G7LA
1YWMA
3II6X
4ZSFA
1D2NA
2AL6A
3POPA
4CC0A
2O5WA
2HR2A
2FZTA
4F1HA
1LG4A
2N1UA
2R6IA
2BBDA
3IB6D
1VIBA
2JX4A
2Q5WD
4AJYV
3UC2A
3W1EA
3LMFA
3G5OA
4TLGA
2BSJA
4W79A
1EK9A
4YTLA
2G9LA
4N0PA
3AG7A
5NCBA
5E10A
2HW2A
1WUBA
2KO6A
1UW4A
4DRIB
4GT6A
1T77A
1YDLA
3FPFA
4RW0A
5HUSA
2I9FA
3D4RA
4KF9A
2KSWA
1GNYA
4L0RA
4N04A
3F75P
1F5QB
5CWJA
2QPXA
3MF7A
1EYHA
2R37A
2R1FA
2OGIA
4UZKA
3N7SC
3EFFN
5A9PA
2HCFA
3SUKA
2E3MA
3N5LA
1IG0A
1BOUA
1VQOR
2E58D
3VYXA
1DFMA
3HOEA
3FXDC
6B87B
4U7UH
4DWEA
3VLFD
2O4AA
5EE2A
2LCKA
1IJXA
4PSCA
2GF4A
4PLPA
3K1HA
4JZUA
4GQOA
5YZ0D
2HJ3B
4HE6A
1KQ6A
2IH2A
1G66A
2R5UA
2WBQA
2M2LA
1OO0A
4INEA
1TUWA
3V53B
3S99A
5JDOB
1U7KA
3H8TA
4LZKA
3RYLA
3J7Yo
3WJTA
5CDQS
3CJHE
2L5BA
4E2UA
5AJ3h
1CKAA
1Y96A
2IIEA
3VKJA
4HLYA
1QW2A
4HAEA
1B35B
4O6YA
2I4RA
3DTHA
4HD4A
2RFRA
3O0FA
1EEJA
4TX5A
3KWRA
4X9RA
1YF2A
2GJVA
2YQ2A
2CWHB
3KNYA
2XQQA
3FO8D
3OKPA
1T17A
3J2NC
4ODJA
1D6BA
4ERRA
5FMMA
1Z7LC
3EPWA
2NN5A
2M4EA
5C8JI
3JVOA
3FRQA
3L5QF
4YARA
4FZ4A
2GECA
4M16A
1NF1A
4Y1PB
2NYEB
1YZYA
3QHQA
4JG4A
4EM2A
4CITA
4ID2A
2N04A
5XBDA
4CNKA
3JD5o
2YN0A
3T6GB
4HH3C
4BF5A
3DDJA
2QJVA
2YVMA
1XFSB
3J6VU
4MZVA
3WASA
5GPLA
1VQOM
2ES4D
3FZXA
2OIWA
5WSGI
2R25A
3ME0B
3WEBA
1YOZA
4K1CB
4G92C
5MZAA
1Y0KA
5FCUG
4I99A
3DCXA
6F40M
5AJJA
3VW4B
2MXAA
3K7XA
2IVFC
3LH2U
1U07A
2PY6A
2V79A
2Q3QA
2K4FA
6CFWI
2VPDD
2XZ2A
4R1JA
2QPVA
3M1MA
4FAOC
2HXXA
2A0UA
2PT7G
5TUBA
3K1IA
2NLVA
2R4FA
1ZPWX
4EI0A
2PTTB
3MZNA
2RDEA
2DCVA
3UNYE
1WIHA
1YWYA
4BZAA
3NOJA
3BM7A
3PH0C
5FCMC
3ZNUA
1KAPP
2HTDA
2V0OA
4OOGA
4MTUA
5OR1A
2PTTA
3WU2H
2N8HA
4RKIA
2QZIA
4QBSA
3R0RA
3WZMA
1KJNA
2FTPA
2L92A
2I3SF
2G9MA
3HEMA
2X3VA
4HRND
3IUSA
2N2UA
3W42A
4CYJE
4J7HB
1QD6C
1NEIA
2WWEA
4PDCE
5B0UA
5AYWC
1AT0A
2K9PA
1WM1A
6DT7B
1DS6B
5GAOE
2MLYB
2HRJA
3Q64A
2M09A
2IBOB
3JD5i
4P3XA
2QTPA
4HL4A
1VHTA
2B9DA
3CI3A
4JVSA
3E7HA
2D4XA
2L6LA
3QQMA
1TKEA
5I4QB
1XSZA
2OA2A
4AX2A
5C4VD
4LM6A
4F0QA
2Q52A
1M8LA
4TVSA
2ZW5A
2KQRA
2OEEA
4YAAA
5UC2C
1VW4X
2DB0A
1VQOY
2M36A
2YF4A
1Q8BA
2Q4XA
4GIMA
3NKZA
2FYGA
2D9MA
3CXJD
5AN6A
2MCRA
2L6ZB
3N7PA
2L6OA
1JYKA
1Y8QA
3E1IA
4HE8N
3JD5n
3IR9B
