 _____ _____ _____ ccmpred job done.
     |     |     |___ ___ ___ _| |
|   --|   --| | | | . |  _| -_| . |
|_____|_____|_|_|_|  _|_| |___|___|
                  |_|              

using CPU (8 thread(s))

Reweighted 75 sequences with threshold 0.8 to Beff=53.4167 weight mean=0.712222, min=0.25, max=1

Will optimize 18356736 32-bit variables

iter	eval	f(x)    	║x║     	║g║     	step
1   	1   	17519.2 	19454.2 	6381870 	0.000321
2   	1   	16128.5 	19457.5 	4404375.5	0.000274
3   	1   	14737.7 	19461.1 	3261781.8	0.000299
4   	1   	13360.3 	19465.9 	2253541.2	0.000341
5   	1   	12055.1 	19473.2 	1240855.9	0.00045
6   	1   	10955.6 	19487.6 	590044.31	0.000841
7   	3   	10634.1 	19495.8 	399990.94	0.000616
8   	1   	10356.5 	19505.8 	186926.77	0.000858
9   	2   	10228.7 	19511   	104009.2	0.00111
10  	3   	10188.5 	19511.8 	75437.711	0.000641
11  	1   	10151.1 	19511.5 	44196.27	0.000712
12  	2   	10131.6 	19510.5 	29295.346	0.000586
13  	1   	10114.3 	19509.1 	17620.203	0.000798
14  	2   	10106.2 	19508.2 	11133.92	0.000737

Done with status code 0 - Success!

Final fx = 10101.941406

xnorm = 9.99183
Output can be found in T0771.ccmpred
