# hmmsearch :: search profile(s) against a sequence database
# HMMER 3.1b2 (February 2015); http://hmmer.org/
# Copyright (C) 2015 Howard Hughes Medical Institute.
# Freely distributed under the GNU General Public License (GPLv3).
# - - - - - - - - - - - - - - - - - - - - - - - - - - - - - - - - - - - -
# query HMM file:                  T0771.hmmer
# target sequence database:        /data/wuti/DNCON4/test/DNCON4_db_tools/databases//Metaclust50/metaclust_50
# per-seq hits tabular output:     T0771_2nd.tbl
# show alignments in output:       no
# sequence reporting threshold:    E-value <= 0.001
# - - - - - - - - - - - - - - - - - - - - - - - - - - - - - - - - - - - -

Query:       T0771  [M=171]
Scores for complete sequences (score includes all domains):
   --- full sequence ---   --- best 1 domain ---    -#dom-
    E-value  score  bias    E-value  score  bias    exp  N  Sequence                                          Description
    ------- ------ -----    ------- ------ -----   ---- --  --------                                          -----------
    6.4e-64  229.8   3.9    7.5e-64  229.6   3.9    1.0  1  scaffold01969_5                                    # 4106 # 4663 # -1 # ID=1969_5;p
    1.7e-62  225.2   3.9    1.9e-62  225.0   3.9    1.0  1  scaffold05705_3                                    # 1688 # 2305 # 1 # ID=5705_3;pa
    2.6e-62  224.6   3.4    2.9e-62  224.4   3.4    1.0  1  scaffold13484_4                                    # 1548 # 2099 # 1 # ID=13484_4;p
    4.9e-60  217.1   6.2    5.5e-60  217.0   6.2    1.0  1  scaffold00089_2                                    # 781 # 1317 # 1 # ID=89_2;parti
    5.4e-60  217.0   8.8      6e-60  216.9   8.8    1.0  1  scaffold14031_3                                    # 1318 # 1860 # 1 # ID=14031_3;p
    3.2e-54  198.2   3.9    3.6e-54  198.1   3.9    1.0  1  scaffold39624_1                                    # 1 # 474 # 1 # ID=39624_1;parti
    3.3e-52  191.7  11.2    3.8e-52  191.5  11.2    1.0  1  scaffold18818_2                                    # 1466 # 2014 # 1 # ID=18818_2;p
    3.4e-51  188.4   8.6    3.8e-51  188.2   8.6    1.0  1  scaffold05096_6                                    # 3936 # 4469 # 1 # ID=5096_6;pa
    2.1e-50  185.8   2.8    2.3e-50  185.7   2.8    1.0  1  gb|JTFP01186670.1|_1                               # 3 # 479 # 1 # ID=186670_1;part
    4.5e-44  165.2   3.0      5e-44  165.0   3.0    1.0  1  scaffold1578504_2                                  # 623 # 1174 # 1 # ID=1578504_2;
    1.8e-43  163.2   2.9    1.9e-43  163.1   2.9    1.0  1  scaffold66445_1                                    # 3 # 431 # 1 # ID=66445_1;parti
    1.3e-40  154.0   0.0    1.5e-40  153.7   0.0    1.0  1  scaffold1389870_2                                  # 512 # 1042 # 1 # ID=1389870_2;
    2.2e-37  143.4   1.9    2.4e-37  143.3   1.9    1.0  1  gb|JTFP01186670.1|_2                               # 553 # 984 # 1 # ID=186670_2;pa
    2.8e-37  143.1   0.0    3.5e-37  142.8   0.0    1.1  1  scaffold1462226_1                                  # 109 # 753 # -1 # ID=1462226_1;
    6.5e-33  128.9   0.0    7.2e-33  128.7   0.0    1.0  1  scaffold752781_2                                   # 604 # 1005 # 1 # ID=752781_2;p
    1.9e-32  127.3   0.0    2.3e-32  127.1   0.0    1.0  1  scaffold1318621_2                                  # 668 # 1261 # 1 # ID=1318621_2;
    7.1e-32  125.5   0.0    8.4e-32  125.2   0.0    1.0  1  scaffold1420684_2                                  # 271 # 813 # 1 # ID=1420684_2;p
    2.2e-31  123.9   0.0    2.5e-31  123.7   0.0    1.0  1  scaffold756055_1                                   # 102 # 665 # 1 # ID=756055_1;pa
    2.7e-31  123.6   0.0    3.4e-31  123.3   0.0    1.1  1  scaffold1499025_2                                  # 692 # 1270 # 1 # ID=1499025_2;
      9e-31  121.9   2.3      1e-30  121.8   2.3    1.0  1  scaffold178351_1                                   # 2 # 436 # -1 # ID=178351_1;par
      1e-30  121.7   0.0    1.5e-30  121.2   0.0    1.1  1  scaffold1515024_2                                  # 1757 # 2356 # 1 # ID=1515024_2
    1.3e-29  118.1   0.0    1.6e-29  117.9   0.0    1.0  1  scaffold1067898_2                                  # 246 # 791 # -1 # ID=1067898_2;
    2.1e-29  117.4   0.1    2.4e-29  117.2   0.1    1.0  1  gb|JFBN01011688.1|_7                               # 6713 # 7300 # -1 # ID=11688_7;
    1.1e-28  115.2   4.1    1.3e-28  114.9   4.1    1.0  1  gb|JFBN01057525.1|_1                               # 2 # 520 # -1 # ID=57525_1;part
      7e-28  112.5   6.1    7.8e-28  112.3   6.1    1.0  1  gb|JFBN01284462.1|_2                               # 277 # 753 # 1 # ID=11149_2;par
    8.7e-28  112.2   0.0    9.7e-28  112.0   0.0    1.1  1  scaffold1433616_2                                  # 368 # 1096 # 1 # ID=1433616_2;
    1.1e-27  111.8   0.4    1.2e-27  111.7   0.4    1.0  1  scaffold66842_1                                    # 3 # 368 # 1 # ID=66842_1;parti
    3.3e-27  110.3   0.0    3.7e-27  110.1   0.0    1.0  1  scaffold878924_1                                   # 3 # 506 # -1 # ID=878924_1;par
    2.6e-26  107.4   0.7    3.1e-26  107.1   0.7    1.0  1  scaffold2056133_1                                  # 3 # 545 # -1 # ID=2056133_1;pa
    2.8e-25  104.0   7.2    3.1e-25  103.9   7.2    1.0  1  scaffold55163_2                                    # 202 # 513 # 1 # ID=55163_2;par
    3.1e-25  103.9   5.5    3.4e-25  103.7   5.5    1.0  1  gb|JFBN01321044.1|_1                               # 3 # 470 # -1 # ID=47731_1;part
    2.6e-24  100.9   0.0    3.8e-24  100.3   0.0    1.1  1  scaffold1501227_2                                  # 451 # 1089 # -1 # ID=1501227_2
    6.1e-24   99.7   0.0    7.8e-24   99.3   0.0    1.1  1  scaffold1389870_1                                  # 3 # 428 # 1 # ID=1389870_1;par
    8.8e-24   99.2   0.3      1e-23   98.9   0.3    1.0  1  scaffold00001_346                                  # 411491 # 412129 # -1 # ID=1_34
    4.6e-22   93.5   0.0    5.1e-22   93.4   0.0    1.0  1  scaffold869168_1                                   # 2 # 475 # 1 # ID=869168_1;part
    2.1e-20   88.1   0.0    3.4e-20   87.5   0.0    1.3  1  scaffold942268_1                                   # 1 # 600 # -1 # ID=942268_1;par
    4.4e-20   87.1   0.0    5.6e-20   86.8   0.0    1.1  1  scaffold214957_1                                   # 1 # 450 # 1 # ID=214957_1;part
    5.2e-20   86.9   0.3    5.8e-20   86.7   0.3    1.0  1  scaffold2222754_1                                  # 3 # 347 # -1 # ID=2222754_1;pa
    1.1e-18   82.5   0.0    1.4e-18   82.2   0.0    1.0  1  scaffold635514_2                                   # 197 # 607 # -1 # ID=635514_2;p
    2.8e-18   81.3   0.0    2.9e-18   81.2   0.0    1.1  1  scaffold191108_1                                   # 62 # 550 # 1 # ID=191108_1;par
    4.5e-18   80.6   0.0    5.4e-18   80.3   0.0    1.0  1  scaffold5828942_1                                  # 24 # 338 # -1 # ID=5828942_1;p
    6.4e-17   76.8   0.0    7.4e-17   76.6   0.0    1.0  1  scaffold509583_1                                   # 2 # 559 # -1 # ID=509583_1;par
    1.4e-16   75.7   0.0    1.6e-16   75.5   0.0    1.0  1  scaffold14880_2                                    # 961 # 1509 # 1 # ID=14880_2;pa
    5.2e-15   70.6   0.0      6e-15   70.4   0.0    1.0  1  scaffold93290_1                                    # 1 # 297 # 1 # ID=93290_1;parti
    1.2e-14   69.4   1.2    1.4e-14   69.2   1.2    1.0  1  scaffold04865_11                                   # 4162 # 4725 # -1 # ID=4865_11;
    2.6e-14   68.3   0.0    3.1e-14   68.1   0.0    1.0  1  scaffold37513_1                                    # 3 # 425 # 1 # ID=37513_1;parti
    3.6e-14   67.9   0.0    4.3e-14   67.6   0.0    1.1  1  scaffold5921723_1                                  # 1 # 348 # -1 # ID=5921723_1;pa
    5.5e-14   67.3   0.0    6.3e-14   67.1   0.0    1.0  1  scaffold6129196_1                                  # 53 # 376 # -1 # ID=6129196_1;p
    6.1e-14   67.1   0.0      7e-14   66.9   0.0    1.0  1  scaffold85672_2                                    # 207 # 437 # -1 # ID=85672_2;pa
    8.5e-14   66.7   0.0      1e-13   66.4   0.0    1.1  1  scaffold267281_1                                   # 103 # 483 # -1 # ID=267281_1;p
    9.3e-14   66.5   1.8    1.1e-13   66.2   1.8    1.1  1  scaffold3496958_1                                  # 3 # 362 # 1 # ID=3496958_1;par
    2.5e-13   65.1   0.3    2.9e-13   64.9   0.3    1.0  1  scaffold10585_1                                    # 167 # 709 # 1 # ID=10585_1;par
    2.7e-13   65.0   0.0    3.1e-13   64.8   0.0    1.0  1  scaffold5751701_1                                  # 2 # 328 # -1 # ID=5751701_1;pa
    6.4e-13   63.8   0.0    6.8e-13   63.7   0.0    1.0  1  scaffold1407606_1                                  # 3 # 191 # 1 # ID=1407606_1;par
    6.4e-13   63.8   0.0    1.1e-12   63.0   0.0    1.4  1  scaffold562006_1                                   # 3 # 440 # -1 # ID=562006_1;par
    1.1e-12   63.0   0.0    1.3e-12   62.7   0.0    1.0  1  scaffold699317_2                                   # 337 # 636 # -1 # ID=699317_2;p
    2.1e-12   62.1   0.0    2.1e-12   62.1   0.0    1.0  1  scaffold777432_1                                   # 1 # 273 # 1 # ID=777432_1;part
    7.8e-12   60.3   1.2    1.1e-11   59.8   1.2    1.1  1  scaffold657748_2                                   # 1324 # 1941 # 1 # ID=657748_2;
    1.4e-11   59.5   0.2    2.7e-11   58.5   0.2    1.5  1  scaffold1608901_2                                  # 198 # 1262 # 1 # ID=1608901_2;
    2.9e-11   58.4   0.0    3.6e-11   58.1   0.0    1.0  1  scaffold1128422_2                                  # 613 # 948 # 1 # ID=1128422_2;p
    9.3e-11   56.8   0.1      1e-10   56.6   0.1    1.0  1  scaffold902053_1                                   # 1 # 258 # 1 # ID=902053_1;part
    1.6e-10   56.0   0.1    1.9e-10   55.8   0.1    1.0  1  scaffold345139_1                                   # 24 # 338 # -1 # ID=345139_1;pa
    1.9e-10   55.8   9.2    3.8e-10   54.8   9.2    1.4  1  scaffold59714_2                                    # 272 # 820 # -1 # ID=59714_2;pa
    9.5e-10   53.5   0.1      1e-09   53.4   0.1    1.0  1  scaffold259851_1                                   # 1 # 294 # 1 # ID=259851_1;part
    1.1e-09   53.2   5.2    2.4e-09   52.1   5.2    1.5  1  scaffold103090_1                                   # 98 # 634 # -1 # ID=103090_1;pa
    1.3e-08   49.8   0.1    1.6e-08   49.5   0.1    1.1  1  scaffold100936_2                                   # 153 # 440 # 1 # ID=100936_2;pa
    4.1e-08   48.1   0.0      8e-07   44.0   0.0    2.0  1  scaffold6252896_1                                  # 2 # 367 # 1 # ID=6252896_1;par
    4.2e-08   48.1   0.0    4.2e-08   48.1   0.0    1.0  1  scaffold5604082_1                                  # 3 # 212 # -1 # ID=5604082_1;pa
    5.3e-08   47.8   0.0    5.8e-08   47.7   0.0    1.0  1  scaffold285663_1                                   # 2 # 298 # 1 # ID=285663_1;part
    1.8e-07   46.0   3.3    2.2e-07   45.8   3.3    1.1  1  gb|LAHU01046238.1|_3                               # 947 # 1510 # -1 # ID=46238_3;p
    2.5e-07   45.6   0.0    2.8e-07   45.4   0.0    1.0  1  scaffold543974_1                                   # 67 # 402 # -1 # ID=543974_1;pa
    1.6e-06   43.0   0.0    1.9e-06   42.7   0.0    1.0  1  scaffold828718_1                                   # 3 # 278 # 1 # ID=828718_1;part
    2.3e-06   42.4   8.0    3.5e-06   41.8   8.0    1.2  1  scaffold134137_1                                   # 3 # 653 # 1 # ID=134137_1;part
    3.9e-06   41.7   3.7    4.7e-06   41.5   3.7    1.1  1  scaffold315908_1                                   # 3 # 302 # 1 # ID=315908_1;part
    7.5e-06   40.8   0.0    8.2e-06   40.7   0.0    1.0  1  scaffold5497510_2                                  # 102 # 305 # 1 # ID=5497510_2;p
    1.1e-05   40.3   0.1    1.4e-05   39.9   0.1    1.1  1  scaffold322399_1                                   # 1 # 360 # -1 # ID=322399_1;par
    1.9e-05   39.5   0.0    2.4e-05   39.1   0.0    1.2  1  scaffold1197104_1                                  # 1 # 288 # -1 # ID=1197104_1;pa
    1.9e-05   39.5   0.0    2.4e-05   39.2   0.0    1.1  1  scaffold777432_2                                   # 273 # 677 # 1 # ID=777432_2;pa
    5.1e-05   38.1   0.0    6.1e-05   37.8   0.0    1.0  1  scaffold452002_1                                   # 1 # 252 # -1 # ID=452002_1;par
    0.00021   36.1   0.1    0.00029   35.6   0.1    1.1  1  gi|667924792|gb|AMWB02152417.1|_2                  # 1581 # 2192 # 1 # ID=152417_2;
    0.00024   35.9   0.0    0.00025   35.8   0.0    1.1  1  scaffold235158_1                                   # 3 # 335 # -1 # ID=235158_1;par
    0.00035   35.4   0.0    0.00035   35.4   0.0    1.0  1  scaffold102029_2                                   # 242 # 442 # 1 # ID=102029_2;pa
    0.00046   35.0   7.8     0.0018   33.1   7.8    1.8  1  scaffold1746109_1                                  # 291 # 785 # -1 # ID=1746109_1;


Domain annotation for each sequence:
>> scaffold01969_5  # 4106 # 4663 # -1 # ID=1969_5;partial=00;start_type=ATG;rbs_motif=None;rbs_spacer=None;gc_cont=0.32
   #    score  bias  c-Evalue  i-Evalue hmmfrom  hmm to    alifrom  ali to    envfrom  env to     acc
 ---   ------ ----- --------- --------- ------- -------    ------- -------    ------- -------    ----
   1 !  229.6   3.9   1.2e-70   7.5e-64       1     171 []       7     182 ..       6     182 .. 0.93

>> scaffold05705_3  # 1688 # 2305 # 1 # ID=5705_3;partial=00;start_type=ATG;rbs_motif=None;rbs_spacer=None;gc_cont=0.395
   #    score  bias  c-Evalue  i-Evalue hmmfrom  hmm to    alifrom  ali to    envfrom  env to     acc
 ---   ------ ----- --------- --------- ------- -------    ------- -------    ------- -------    ----
   1 !  225.0   3.9   3.1e-69   1.9e-62       1     171 []       1     189 [.       1     189 [. 0.97

>> scaffold13484_4  # 1548 # 2099 # 1 # ID=13484_4;partial=00;start_type=ATG;rbs_motif=None;rbs_spacer=None;gc_cont=0.38
   #    score  bias  c-Evalue  i-Evalue hmmfrom  hmm to    alifrom  ali to    envfrom  env to     acc
 ---   ------ ----- --------- --------- ------- -------    ------- -------    ------- -------    ----
   1 !  224.4   3.4   4.7e-69   2.9e-62       1     170 [.       1     174 [.       1     175 [. 0.93

>> scaffold00089_2  # 781 # 1317 # 1 # ID=89_2;partial=00;start_type=ATG;rbs_motif=None;rbs_spacer=None;gc_cont=0.320  
   #    score  bias  c-Evalue  i-Evalue hmmfrom  hmm to    alifrom  ali to    envfrom  env to     acc
 ---   ------ ----- --------- --------- ------- -------    ------- -------    ------- -------    ----
   1 !  217.0   6.2   9.1e-67   5.5e-60       1     171 []       1     175 [.       1     175 [. 0.95

>> scaffold14031_3  # 1318 # 1860 # 1 # ID=14031_3;partial=00;start_type=ATG;rbs_motif=None;rbs_spacer=None;gc_cont=0.31
   #    score  bias  c-Evalue  i-Evalue hmmfrom  hmm to    alifrom  ali to    envfrom  env to     acc
 ---   ------ ----- --------- --------- ------- -------    ------- -------    ------- -------    ----
   1 !  216.9   8.8   9.9e-67     6e-60       1     171 []       1     177 [.       1     177 [. 0.96

>> scaffold39624_1  # 1 # 474 # 1 # ID=39624_1;partial=10;start_type=Edge;rbs_motif=None;rbs_spacer=None;gc_cont=0.348  
   #    score  bias  c-Evalue  i-Evalue hmmfrom  hmm to    alifrom  ali to    envfrom  env to     acc
 ---   ------ ----- --------- --------- ------- -------    ------- -------    ------- -------    ----
   1 !  198.1   3.9   5.9e-61   3.6e-54      25     171 .]       2     148 ..       1     148 [. 0.99

>> scaffold18818_2  # 1466 # 2014 # 1 # ID=18818_2;partial=00;start_type=ATG;rbs_motif=None;rbs_spacer=None;gc_cont=0.31
   #    score  bias  c-Evalue  i-Evalue hmmfrom  hmm to    alifrom  ali to    envfrom  env to     acc
 ---   ------ ----- --------- --------- ------- -------    ------- -------    ------- -------    ----
   1 !  191.5  11.2   6.3e-59   3.8e-52       1     170 [.       1     178 [.       1     179 [. 0.92

>> scaffold05096_6  # 3936 # 4469 # 1 # ID=5096_6;partial=00;start_type=ATG;rbs_motif=None;rbs_spacer=None;gc_cont=0.311
   #    score  bias  c-Evalue  i-Evalue hmmfrom  hmm to    alifrom  ali to    envfrom  env to     acc
 ---   ------ ----- --------- --------- ------- -------    ------- -------    ------- -------    ----
   1 !  188.2   8.6   6.3e-58   3.8e-51       1     171 []       1     174 [.       1     174 [. 0.94

>> gb|JTFP01186670.1|_1  # 3 # 479 # 1 # ID=186670_1;partial=10;start_type=Edge;rbs_motif=None;rbs_spacer=None;gc_cont=0
   #    score  bias  c-Evalue  i-Evalue hmmfrom  hmm to    alifrom  ali to    envfrom  env to     acc
 ---   ------ ----- --------- --------- ------- -------    ------- -------    ------- -------    ----
   1 !  185.7   2.8   3.8e-57   2.3e-50      18     171 .]       1     153 [.       1     153 [. 0.98

>> scaffold1578504_2  # 623 # 1174 # 1 # ID=1578504_2;partial=00;start_type=ATG;rbs_motif=None;rbs_spacer=None;gc_cont=0
   #    score  bias  c-Evalue  i-Evalue hmmfrom  hmm to    alifrom  ali to    envfrom  env to     acc
 ---   ------ ----- --------- --------- ------- -------    ------- -------    ------- -------    ----
   1 !  165.0   3.0   8.3e-51     5e-44       1     171 []       1     180 [.       1     180 [. 0.86

>> scaffold66445_1  # 3 # 431 # 1 # ID=66445_1;partial=11;start_type=Edge;rbs_motif=None;rbs_spacer=None;gc_cont=0.338  
   #    score  bias  c-Evalue  i-Evalue hmmfrom  hmm to    alifrom  ali to    envfrom  env to     acc
 ---   ------ ----- --------- --------- ------- -------    ------- -------    ------- -------    ----
   1 !  163.1   2.9   3.2e-50   1.9e-43       5     129 ..      11     142 ..       3     143 .] 0.91

>> scaffold1389870_2  # 512 # 1042 # 1 # ID=1389870_2;partial=00;start_type=ATG;rbs_motif=TAA;rbs_spacer=8bp;gc_cont=0.4
   #    score  bias  c-Evalue  i-Evalue hmmfrom  hmm to    alifrom  ali to    envfrom  env to     acc
 ---   ------ ----- --------- --------- ------- -------    ------- -------    ------- -------    ----
   1 !  153.7   0.0   2.5e-47   1.5e-40       4     167 ..       4     170 ..       1     173 [. 0.91

>> gb|JTFP01186670.1|_2  # 553 # 984 # 1 # ID=186670_2;partial=01;start_type=ATG;rbs_motif=None;rbs_spacer=None;gc_cont=
   #    score  bias  c-Evalue  i-Evalue hmmfrom  hmm to    alifrom  ali to    envfrom  env to     acc
 ---   ------ ----- --------- --------- ------- -------    ------- -------    ------- -------    ----
   1 !  143.3   1.9     4e-44   2.4e-37       2     138 ..       6     144 .]       1     144 [] 0.94

>> scaffold1462226_1  # 109 # 753 # -1 # ID=1462226_1;partial=00;start_type=TTG;rbs_motif=TAATT;rbs_spacer=13bp;gc_cont=
   #    score  bias  c-Evalue  i-Evalue hmmfrom  hmm to    alifrom  ali to    envfrom  env to     acc
 ---   ------ ----- --------- --------- ------- -------    ------- -------    ------- -------    ----
   1 !  142.8   0.0   5.8e-44   3.5e-37       1     168 [.      29     209 ..      29     212 .. 0.83

>> scaffold752781_2  # 604 # 1005 # 1 # ID=752781_2;partial=00;start_type=TTG;rbs_motif=None;rbs_spacer=None;gc_cont=0.3
   #    score  bias  c-Evalue  i-Evalue hmmfrom  hmm to    alifrom  ali to    envfrom  env to     acc
 ---   ------ ----- --------- --------- ------- -------    ------- -------    ------- -------    ----
   1 !  128.7   0.0   1.2e-39   7.2e-33      42     171 .]       1     130 [.       1     130 [. 0.95

>> scaffold1318621_2  # 668 # 1261 # 1 # ID=1318621_2;partial=01;start_type=ATG;rbs_motif=TAAT;rbs_spacer=13bp;gc_cont=0
   #    score  bias  c-Evalue  i-Evalue hmmfrom  hmm to    alifrom  ali to    envfrom  env to     acc
 ---   ------ ----- --------- --------- ------- -------    ------- -------    ------- -------    ----
   1 !  127.1   0.0   3.9e-39   2.3e-32       4     170 ..       8     179 ..       3     180 .. 0.86

>> scaffold1420684_2  # 271 # 813 # 1 # ID=1420684_2;partial=00;start_type=ATG;rbs_motif=ATT;rbs_spacer=12bp;gc_cont=0.4
   #    score  bias  c-Evalue  i-Evalue hmmfrom  hmm to    alifrom  ali to    envfrom  env to     acc
 ---   ------ ----- --------- --------- ------- -------    ------- -------    ------- -------    ----
   1 !  125.2   0.0   1.4e-38   8.4e-32       4     166 ..      10     173 ..       1     176 [. 0.93

>> scaffold756055_1  # 102 # 665 # 1 # ID=756055_1;partial=01;start_type=ATG;rbs_motif=ATT;rbs_spacer=11bp;gc_cont=0.433
   #    score  bias  c-Evalue  i-Evalue hmmfrom  hmm to    alifrom  ali to    envfrom  env to     acc
 ---   ------ ----- --------- --------- ------- -------    ------- -------    ------- -------    ----
   1 !  123.7   0.0   4.1e-38   2.5e-31       1     170 [.       1     179 [.       1     180 [. 0.81

>> scaffold1499025_2  # 692 # 1270 # 1 # ID=1499025_2;partial=00;start_type=ATG;rbs_motif=TAA;rbs_spacer=14bp;gc_cont=0.
   #    score  bias  c-Evalue  i-Evalue hmmfrom  hmm to    alifrom  ali to    envfrom  env to     acc
 ---   ------ ----- --------- --------- ------- -------    ------- -------    ------- -------    ----
   1 !  123.3   0.0   5.6e-38   3.4e-31       4     170 ..       6     182 ..       1     183 [. 0.81

>> scaffold178351_1  # 2 # 436 # -1 # ID=178351_1;partial=10;start_type=ATG;rbs_motif=GGA/GAG/AGG;rbs_spacer=5-10bp;gc_c
   #    score  bias  c-Evalue  i-Evalue hmmfrom  hmm to    alifrom  ali to    envfrom  env to     acc
 ---   ------ ----- --------- --------- ------- -------    ------- -------    ------- -------    ----
   1 !  121.8   2.3   1.6e-37     1e-30       5     136 ..      11     145 .]       1     145 [] 0.87

>> scaffold1515024_2  # 1757 # 2356 # 1 # ID=1515024_2;partial=00;start_type=ATG;rbs_motif=ATT;rbs_spacer=15bp;gc_cont=0
   #    score  bias  c-Evalue  i-Evalue hmmfrom  hmm to    alifrom  ali to    envfrom  env to     acc
 ---   ------ ----- --------- --------- ------- -------    ------- -------    ------- -------    ----
   1 !  121.2   0.0   2.5e-37   1.5e-30       6     167 ..      25     192 ..      16     195 .. 0.88

>> scaffold1067898_2  # 246 # 791 # -1 # ID=1067898_2;partial=00;start_type=ATG;rbs_motif=AATT;rbs_spacer=10bp;gc_cont=0
   #    score  bias  c-Evalue  i-Evalue hmmfrom  hmm to    alifrom  ali to    envfrom  env to     acc
 ---   ------ ----- --------- --------- ------- -------    ------- -------    ------- -------    ----
   1 !  117.9   0.0   2.6e-36   1.6e-29       4     166 ..       9     174 ..       1     178 [. 0.87

>> gb|JFBN01011688.1|_7  # 6713 # 7300 # -1 # ID=11688_7;partial=01;start_type=Edge;rbs_motif=None;rbs_spacer=None;gc_co
   #    score  bias  c-Evalue  i-Evalue hmmfrom  hmm to    alifrom  ali to    envfrom  env to     acc
 ---   ------ ----- --------- --------- ------- -------    ------- -------    ------- -------    ----
   1 !  117.2   0.1     4e-36   2.4e-29       6     168 ..       1     166 [.       1     169 [. 0.89

>> gb|JFBN01057525.1|_1  # 2 # 520 # -1 # ID=57525_1;partial=11;start_type=Edge;rbs_motif=None;rbs_spacer=None;gc_cont=0
   #    score  bias  c-Evalue  i-Evalue hmmfrom  hmm to    alifrom  ali to    envfrom  env to     acc
 ---   ------ ----- --------- --------- ------- -------    ------- -------    ------- -------    ----
   1 !  114.9   4.1   2.1e-35   1.3e-28       5     168 ..       2     166 ..       1     168 [. 0.90

>> gb|JFBN01284462.1|_2  # 277 # 753 # 1 # ID=11149_2;partial=01;start_type=ATG;rbs_motif=None;rbs_spacer=None;gc_cont=0
   #    score  bias  c-Evalue  i-Evalue hmmfrom  hmm to    alifrom  ali to    envfrom  env to     acc
 ---   ------ ----- --------- --------- ------- -------    ------- -------    ------- -------    ----
   1 !  112.3   6.1   1.3e-34   7.8e-28       1     152 [.       1     158 [.       1     159 [] 0.92

>> scaffold1433616_2  # 368 # 1096 # 1 # ID=1433616_2;partial=00;start_type=ATG;rbs_motif=TAATT;rbs_spacer=13bp;gc_cont=
   #    score  bias  c-Evalue  i-Evalue hmmfrom  hmm to    alifrom  ali to    envfrom  env to     acc
 ---   ------ ----- --------- --------- ------- -------    ------- -------    ------- -------    ----
   1 !  112.0   0.0   1.6e-34   9.7e-28      11     169 ..      34     200 ..       1     202 [. 0.81

>> scaffold66842_1  # 3 # 368 # 1 # ID=66842_1;partial=10;start_type=Edge;rbs_motif=None;rbs_spacer=None;gc_cont=0.352  
   #    score  bias  c-Evalue  i-Evalue hmmfrom  hmm to    alifrom  ali to    envfrom  env to     acc
 ---   ------ ----- --------- --------- ------- -------    ------- -------    ------- -------    ----
   1 !  111.7   0.4     2e-34   1.2e-27      57     171 .]       3     118 ..       1     118 [. 0.93

>> scaffold878924_1  # 3 # 506 # -1 # ID=878924_1;partial=10;start_type=TTG;rbs_motif=AAT;rbs_spacer=11bp;gc_cont=0.419 
   #    score  bias  c-Evalue  i-Evalue hmmfrom  hmm to    alifrom  ali to    envfrom  env to     acc
 ---   ------ ----- --------- --------- ------- -------    ------- -------    ------- -------    ----
   1 !  110.1   0.0   6.1e-34   3.7e-27       6     166 ..       4     168 .]       1     168 [] 0.84

>> scaffold2056133_1  # 3 # 545 # -1 # ID=2056133_1;partial=10;start_type=ATG;rbs_motif=None;rbs_spacer=None;gc_cont=0.3
   #    score  bias  c-Evalue  i-Evalue hmmfrom  hmm to    alifrom  ali to    envfrom  env to     acc
 ---   ------ ----- --------- --------- ------- -------    ------- -------    ------- -------    ----
   1 !  107.1   0.7   5.1e-33   3.1e-26       5     164 ..      12     169 ..       1     175 [. 0.88

>> scaffold55163_2  # 202 # 513 # 1 # ID=55163_2;partial=01;start_type=ATG;rbs_motif=None;rbs_spacer=None;gc_cont=0.340 
   #    score  bias  c-Evalue  i-Evalue hmmfrom  hmm to    alifrom  ali to    envfrom  env to     acc
 ---   ------ ----- --------- --------- ------- -------    ------- -------    ------- -------    ----
   1 !  103.9   7.2     5e-32   3.1e-25       1      99 [.       1     104 []       1     104 [] 0.94

>> gb|JFBN01321044.1|_1  # 3 # 470 # -1 # ID=47731_1;partial=10;start_type=ATG;rbs_motif=None;rbs_spacer=None;gc_cont=0.
   #    score  bias  c-Evalue  i-Evalue hmmfrom  hmm to    alifrom  ali to    envfrom  env to     acc
 ---   ------ ----- --------- --------- ------- -------    ------- -------    ------- -------    ----
   1 !  103.7   5.5   5.7e-32   3.4e-25       1     150 [.       1     156 []       1     156 [] 0.89

>> scaffold1501227_2  # 451 # 1089 # -1 # ID=1501227_2;partial=00;start_type=GTG;rbs_motif=ATT;rbs_spacer=13bp;gc_cont=0
   #    score  bias  c-Evalue  i-Evalue hmmfrom  hmm to    alifrom  ali to    envfrom  env to     acc
 ---   ------ ----- --------- --------- ------- -------    ------- -------    ------- -------    ----
   1 !  100.3   0.0   6.2e-31   3.8e-24       3     164 ..      28     199 ..      25     204 .. 0.82

>> scaffold1389870_1  # 3 # 428 # 1 # ID=1389870_1;partial=10;start_type=Edge;rbs_motif=None;rbs_spacer=None;gc_cont=0.4
   #    score  bias  c-Evalue  i-Evalue hmmfrom  hmm to    alifrom  ali to    envfrom  env to     acc
 ---   ------ ----- --------- --------- ------- -------    ------- -------    ------- -------    ----
   1 !   99.3   0.0   1.3e-30   7.8e-24      40     168 ..       2     136 ..       1     139 [. 0.84

>> scaffold00001_346  # 411491 # 412129 # -1 # ID=1_346;partial=00;start_type=ATG;rbs_motif=None;rbs_spacer=None;gc_cont
   #    score  bias  c-Evalue  i-Evalue hmmfrom  hmm to    alifrom  ali to    envfrom  env to     acc
 ---   ------ ----- --------- --------- ------- -------    ------- -------    ------- -------    ----
   1 !   98.9   0.3   1.7e-30     1e-23       1     168 [.       4     174 ..       4     177 .. 0.89

>> scaffold869168_1  # 2 # 475 # 1 # ID=869168_1;partial=10;start_type=Edge;rbs_motif=None;rbs_spacer=None;gc_cont=0.449
   #    score  bias  c-Evalue  i-Evalue hmmfrom  hmm to    alifrom  ali to    envfrom  env to     acc
 ---   ------ ----- --------- --------- ------- -------    ------- -------    ------- -------    ----
   1 !   93.4   0.0   8.4e-29   5.1e-22      19     165 ..       2     148 ..       1     154 [. 0.89

>> scaffold942268_1  # 1 # 600 # -1 # ID=942268_1;partial=10;start_type=ATG;rbs_motif=AATT;rbs_spacer=7bp;gc_cont=0.453 
   #    score  bias  c-Evalue  i-Evalue hmmfrom  hmm to    alifrom  ali to    envfrom  env to     acc
 ---   ------ ----- --------- --------- ------- -------    ------- -------    ------- -------    ----
   1 !   87.5   0.0   5.6e-27   3.4e-20       1     167 [.       1     182 [.       1     186 [. 0.87

>> scaffold214957_1  # 1 # 450 # 1 # ID=214957_1;partial=10;start_type=Edge;rbs_motif=None;rbs_spacer=None;gc_cont=0.478
   #    score  bias  c-Evalue  i-Evalue hmmfrom  hmm to    alifrom  ali to    envfrom  env to     acc
 ---   ------ ----- --------- --------- ------- -------    ------- -------    ------- -------    ----
   1 !   86.8   0.0   9.2e-27   5.6e-20      33     166 ..       1     141 [.       1     145 [. 0.89

>> scaffold2222754_1  # 3 # 347 # -1 # ID=2222754_1;partial=10;start_type=ATG;rbs_motif=None;rbs_spacer=None;gc_cont=0.3
   #    score  bias  c-Evalue  i-Evalue hmmfrom  hmm to    alifrom  ali to    envfrom  env to     acc
 ---   ------ ----- --------- --------- ------- -------    ------- -------    ------- -------    ----
   1 !   86.7   0.3   9.5e-27   5.8e-20       1     103 [.       5     114 ..       5     115 .] 0.83

>> scaffold635514_2  # 197 # 607 # -1 # ID=635514_2;partial=01;start_type=Edge;rbs_motif=None;rbs_spacer=None;gc_cont=0.
   #    score  bias  c-Evalue  i-Evalue hmmfrom  hmm to    alifrom  ali to    envfrom  env to     acc
 ---   ------ ----- --------- --------- ------- -------    ------- -------    ------- -------    ----
   1 !   82.2   0.0   2.3e-25   1.4e-18      86     170 ..      11      96 ..       3      97 .. 0.95

>> scaffold191108_1  # 62 # 550 # 1 # ID=191108_1;partial=01;start_type=ATG;rbs_motif=GGA/GAG/AGG;rbs_spacer=5-10bp;gc_c
   #    score  bias  c-Evalue  i-Evalue hmmfrom  hmm to    alifrom  ali to    envfrom  env to     acc
 ---   ------ ----- --------- --------- ------- -------    ------- -------    ------- -------    ----
   1 !   81.2   0.0   4.8e-25   2.9e-18      15     140 ..      29     162 ..       1     163 [] 0.84

>> scaffold5828942_1  # 24 # 338 # -1 # ID=5828942_1;partial=01;start_type=Edge;rbs_motif=None;rbs_spacer=None;gc_cont=0
   #    score  bias  c-Evalue  i-Evalue hmmfrom  hmm to    alifrom  ali to    envfrom  env to     acc
 ---   ------ ----- --------- --------- ------- -------    ------- -------    ------- -------    ----
   1 !   80.3   0.0   8.8e-25   5.4e-18      79     167 ..       8      96 ..       2     100 .. 0.93

>> scaffold509583_1  # 2 # 559 # -1 # ID=509583_1;partial=11;start_type=Edge;rbs_motif=None;rbs_spacer=None;gc_cont=0.46
   #    score  bias  c-Evalue  i-Evalue hmmfrom  hmm to    alifrom  ali to    envfrom  env to     acc
 ---   ------ ----- --------- --------- ------- -------    ------- -------    ------- -------    ----
   1 !   76.6   0.0   1.2e-23   7.4e-17      43     169 ..       2     133 ..       1     135 [. 0.82

>> scaffold14880_2  # 961 # 1509 # 1 # ID=14880_2;partial=00;start_type=ATG;rbs_motif=None;rbs_spacer=None;gc_cont=0.395
   #    score  bias  c-Evalue  i-Evalue hmmfrom  hmm to    alifrom  ali to    envfrom  env to     acc
 ---   ------ ----- --------- --------- ------- -------    ------- -------    ------- -------    ----
   1 !   75.5   0.0   2.7e-23   1.6e-16       1     166 [.       3     167 ..       3     172 .. 0.82

>> scaffold93290_1  # 1 # 297 # 1 # ID=93290_1;partial=10;start_type=Edge;rbs_motif=None;rbs_spacer=None;gc_cont=0.455  
   #    score  bias  c-Evalue  i-Evalue hmmfrom  hmm to    alifrom  ali to    envfrom  env to     acc
 ---   ------ ----- --------- --------- ------- -------    ------- -------    ------- -------    ----
   1 !   70.4   0.0   9.8e-22     6e-15      84     167 ..       7      91 ..       2      95 .. 0.94

>> scaffold04865_11  # 4162 # 4725 # -1 # ID=4865_11;partial=00;start_type=ATG;rbs_motif=AGxAG;rbs_spacer=5-10bp;gc_cont
   #    score  bias  c-Evalue  i-Evalue hmmfrom  hmm to    alifrom  ali to    envfrom  env to     acc
 ---   ------ ----- --------- --------- ------- -------    ------- -------    ------- -------    ----
   1 !   69.2   1.2   2.3e-21   1.4e-14       4     160 ..      13     173 ..       1     179 [. 0.86

>> scaffold37513_1  # 3 # 425 # 1 # ID=37513_1;partial=10;start_type=Edge;rbs_motif=None;rbs_spacer=None;gc_cont=0.409  
   #    score  bias  c-Evalue  i-Evalue hmmfrom  hmm to    alifrom  ali to    envfrom  env to     acc
 ---   ------ ----- --------- --------- ------- -------    ------- -------    ------- -------    ----
   1 !   68.1   0.0   5.1e-21   3.1e-14      44     161 ..       2     117 ..       1     126 [. 0.87

>> scaffold5921723_1  # 1 # 348 # -1 # ID=5921723_1;partial=11;start_type=Edge;rbs_motif=None;rbs_spacer=None;gc_cont=0.
   #    score  bias  c-Evalue  i-Evalue hmmfrom  hmm to    alifrom  ali to    envfrom  env to     acc
 ---   ------ ----- --------- --------- ------- -------    ------- -------    ------- -------    ----
   1 !   67.6   0.0   7.1e-21   4.3e-14     104     169 ..       4      69 ..       2      71 .. 0.96

>> scaffold6129196_1  # 53 # 376 # -1 # ID=6129196_1;partial=01;start_type=Edge;rbs_motif=None;rbs_spacer=None;gc_cont=0
   #    score  bias  c-Evalue  i-Evalue hmmfrom  hmm to    alifrom  ali to    envfrom  env to     acc
 ---   ------ ----- --------- --------- ------- -------    ------- -------    ------- -------    ----
   1 !   67.1   0.0     1e-20   6.3e-14      80     169 ..      14     102 ..       9     104 .. 0.94

>> scaffold85672_2  # 207 # 437 # -1 # ID=85672_2;partial=01;start_type=Edge;rbs_motif=None;rbs_spacer=None;gc_cont=0.43
   #    score  bias  c-Evalue  i-Evalue hmmfrom  hmm to    alifrom  ali to    envfrom  env to     acc
 ---   ------ ----- --------- --------- ------- -------    ------- -------    ------- -------    ----
   1 !   66.9   0.0   1.1e-20     7e-14     106     167 ..       2      63 ..       1      66 [. 0.96

>> scaffold267281_1  # 103 # 483 # -1 # ID=267281_1;partial=01;start_type=Edge;rbs_motif=None;rbs_spacer=None;gc_cont=0.
   #    score  bias  c-Evalue  i-Evalue hmmfrom  hmm to    alifrom  ali to    envfrom  env to     acc
 ---   ------ ----- --------- --------- ------- -------    ------- -------    ------- -------    ----
   1 !   66.4   0.0   1.7e-20     1e-13     103     170 ..       2      69 ..       1      70 [. 0.96

>> scaffold3496958_1  # 3 # 362 # 1 # ID=3496958_1;partial=11;start_type=Edge;rbs_motif=None;rbs_spacer=None;gc_cont=0.3
   #    score  bias  c-Evalue  i-Evalue hmmfrom  hmm to    alifrom  ali to    envfrom  env to     acc
 ---   ------ ----- --------- --------- ------- -------    ------- -------    ------- -------    ----
   1 !   66.2   1.8   1.9e-20   1.1e-13       1      98 [.      12     120 .]      12     120 .] 0.87

>> scaffold10585_1  # 167 # 709 # 1 # ID=10585_1;partial=00;start_type=ATG;rbs_motif=None;rbs_spacer=None;gc_cont=0.372 
   #    score  bias  c-Evalue  i-Evalue hmmfrom  hmm to    alifrom  ali to    envfrom  env to     acc
 ---   ------ ----- --------- --------- ------- -------    ------- -------    ------- -------    ----
   1 !   64.9   0.3   4.8e-20   2.9e-13       6     160 ..       6     166 ..       1     172 [. 0.86

>> scaffold5751701_1  # 2 # 328 # -1 # ID=5751701_1;partial=11;start_type=Edge;rbs_motif=None;rbs_spacer=None;gc_cont=0.
   #    score  bias  c-Evalue  i-Evalue hmmfrom  hmm to    alifrom  ali to    envfrom  env to     acc
 ---   ------ ----- --------- --------- ------- -------    ------- -------    ------- -------    ----
   1 !   64.8   0.0   5.1e-20   3.1e-13      40     135 ..      13     109 .]       6     109 .] 0.86

>> scaffold1407606_1  # 3 # 191 # 1 # ID=1407606_1;partial=10;start_type=Edge;rbs_motif=None;rbs_spacer=None;gc_cont=0.4
   #    score  bias  c-Evalue  i-Evalue hmmfrom  hmm to    alifrom  ali to    envfrom  env to     acc
 ---   ------ ----- --------- --------- ------- -------    ------- -------    ------- -------    ----
   1 !   63.7   0.0   1.1e-19   6.8e-13     114     170 ..       1      57 [.       1      58 [. 0.96

>> scaffold562006_1  # 3 # 440 # -1 # ID=562006_1;partial=10;start_type=ATG;rbs_motif=ATT;rbs_spacer=11bp;gc_cont=0.452 
   #    score  bias  c-Evalue  i-Evalue hmmfrom  hmm to    alifrom  ali to    envfrom  env to     acc
 ---   ------ ----- --------- --------- ------- -------    ------- -------    ------- -------    ----
   1 !   63.0   0.0   1.9e-19   1.1e-12       4     129 ..       6     144 ..       1     145 [. 0.76

>> scaffold699317_2  # 337 # 636 # -1 # ID=699317_2;partial=01;start_type=Edge;rbs_motif=None;rbs_spacer=None;gc_cont=0.
   #    score  bias  c-Evalue  i-Evalue hmmfrom  hmm to    alifrom  ali to    envfrom  env to     acc
 ---   ------ ----- --------- --------- ------- -------    ------- -------    ------- -------    ----
   1 !   62.7   0.0   2.2e-19   1.3e-12      84     162 ..       6      87 ..       2      89 .. 0.92

>> scaffold777432_1  # 1 # 273 # 1 # ID=777432_1;partial=10;start_type=Edge;rbs_motif=None;rbs_spacer=None;gc_cont=0.432
   #    score  bias  c-Evalue  i-Evalue hmmfrom  hmm to    alifrom  ali to    envfrom  env to     acc
 ---   ------ ----- --------- --------- ------- -------    ------- -------    ------- -------    ----
   1 !   62.1   0.0   3.4e-19   2.1e-12      85     156 ..       2      73 ..       1      87 [. 0.93

>> scaffold657748_2  # 1324 # 1941 # 1 # ID=657748_2;partial=00;start_type=ATG;rbs_motif=GGA/GAG/AGG;rbs_spacer=5-10bp;g
   #    score  bias  c-Evalue  i-Evalue hmmfrom  hmm to    alifrom  ali to    envfrom  env to     acc
 ---   ------ ----- --------- --------- ------- -------    ------- -------    ------- -------    ----
   1 !   59.8   1.2   1.8e-18   1.1e-11       1     155 [.      16     172 ..      16     181 .. 0.83

>> scaffold1608901_2  # 198 # 1262 # 1 # ID=1608901_2;partial=01;start_type=ATG;rbs_motif=None;rbs_spacer=None;gc_cont=0
   #    score  bias  c-Evalue  i-Evalue hmmfrom  hmm to    alifrom  ali to    envfrom  env to     acc
 ---   ------ ----- --------- --------- ------- -------    ------- -------    ------- -------    ----
   1 !   58.5   0.2   4.5e-18   2.7e-11       1     164 [.       1     161 [.       1     165 [. 0.81

>> scaffold1128422_2  # 613 # 948 # 1 # ID=1128422_2;partial=01;start_type=ATG;rbs_motif=TAA;rbs_spacer=13bp;gc_cont=0.4
   #    score  bias  c-Evalue  i-Evalue hmmfrom  hmm to    alifrom  ali to    envfrom  env to     acc
 ---   ------ ----- --------- --------- ------- -------    ------- -------    ------- -------    ----
   1 !   58.1   0.0   5.9e-18   3.6e-11       5     101 ..      11     109 ..       4     111 .. 0.79

>> scaffold902053_1  # 1 # 258 # 1 # ID=902053_1;partial=11;start_type=Edge;rbs_motif=None;rbs_spacer=None;gc_cont=0.430
   #    score  bias  c-Evalue  i-Evalue hmmfrom  hmm to    alifrom  ali to    envfrom  env to     acc
 ---   ------ ----- --------- --------- ------- -------    ------- -------    ------- -------    ----
   1 !   56.6   0.1   1.7e-17     1e-10     102     170 ..       2      69 ..       1      70 [. 0.95

>> scaffold345139_1  # 24 # 338 # -1 # ID=345139_1;partial=01;start_type=Edge;rbs_motif=None;rbs_spacer=None;gc_cont=0.4
   #    score  bias  c-Evalue  i-Evalue hmmfrom  hmm to    alifrom  ali to    envfrom  env to     acc
 ---   ------ ----- --------- --------- ------- -------    ------- -------    ------- -------    ----
   1 !   55.8   0.1   3.1e-17   1.9e-10      84     160 ..       3      81 ..       1      93 [. 0.83

>> scaffold59714_2  # 272 # 820 # -1 # ID=59714_2;partial=00;start_type=ATG;rbs_motif=None;rbs_spacer=None;gc_cont=0.337
   #    score  bias  c-Evalue  i-Evalue hmmfrom  hmm to    alifrom  ali to    envfrom  env to     acc
 ---   ------ ----- --------- --------- ------- -------    ------- -------    ------- -------    ----
   1 !   54.8   9.2   6.3e-17   3.8e-10       1     158 [.       8     154 ..       8     167 .. 0.83

>> scaffold259851_1  # 1 # 294 # 1 # ID=259851_1;partial=11;start_type=Edge;rbs_motif=None;rbs_spacer=None;gc_cont=0.395
   #    score  bias  c-Evalue  i-Evalue hmmfrom  hmm to    alifrom  ali to    envfrom  env to     acc
 ---   ------ ----- --------- --------- ------- -------    ------- -------    ------- -------    ----
   1 !   53.4   0.1   1.7e-16     1e-09      86     161 ..       2      79 ..       1      92 [. 0.82

>> scaffold103090_1  # 98 # 634 # -1 # ID=103090_1;partial=00;start_type=ATG;rbs_motif=None;rbs_spacer=None;gc_cont=0.31
   #    score  bias  c-Evalue  i-Evalue hmmfrom  hmm to    alifrom  ali to    envfrom  env to     acc
 ---   ------ ----- --------- --------- ------- -------    ------- -------    ------- -------    ----
   1 !   52.1   5.2     4e-16   2.4e-09       1     159 [.       9     155 ..       9     167 .. 0.82

>> scaffold100936_2  # 153 # 440 # 1 # ID=100936_2;partial=01;start_type=TTG;rbs_motif=TAATT;rbs_spacer=13bp;gc_cont=0.4
   #    score  bias  c-Evalue  i-Evalue hmmfrom  hmm to    alifrom  ali to    envfrom  env to     acc
 ---   ------ ----- --------- --------- ------- -------    ------- -------    ------- -------    ----
   1 !   49.5   0.1   2.6e-15   1.6e-08       1      58 [.      29      93 ..      29      96 .] 0.80

>> scaffold6252896_1  # 2 # 367 # 1 # ID=6252896_1;partial=10;start_type=Edge;rbs_motif=None;rbs_spacer=None;gc_cont=0.4
   #    score  bias  c-Evalue  i-Evalue hmmfrom  hmm to    alifrom  ali to    envfrom  env to     acc
 ---   ------ ----- --------- --------- ------- -------    ------- -------    ------- -------    ----
   1 !   44.0   0.0   1.3e-13     8e-07      87     167 ..      17     109 ..       6     113 .. 0.77

>> scaffold5604082_1  # 3 # 212 # -1 # ID=5604082_1;partial=10;start_type=ATG;rbs_motif=TAA;rbs_spacer=6bp;gc_cont=0.429
   #    score  bias  c-Evalue  i-Evalue hmmfrom  hmm to    alifrom  ali to    envfrom  env to     acc
 ---   ------ ----- --------- --------- ------- -------    ------- -------    ------- -------    ----
   1 !   48.1   0.0   6.9e-15   4.2e-08       4      61 ..       9      68 ..       1      70 [] 0.83

>> scaffold285663_1  # 2 # 298 # 1 # ID=285663_1;partial=11;start_type=Edge;rbs_motif=None;rbs_spacer=None;gc_cont=0.451
   #    score  bias  c-Evalue  i-Evalue hmmfrom  hmm to    alifrom  ali to    envfrom  env to     acc
 ---   ------ ----- --------- --------- ------- -------    ------- -------    ------- -------    ----
   1 !   47.7   0.0   9.6e-15   5.8e-08      58     149 ..       7      98 ..       2      99 .] 0.82

>> gb|LAHU01046238.1|_3  # 947 # 1510 # -1 # ID=46238_3;partial=00;start_type=ATG;rbs_motif=None;rbs_spacer=None;gc_cont
   #    score  bias  c-Evalue  i-Evalue hmmfrom  hmm to    alifrom  ali to    envfrom  env to     acc
 ---   ------ ----- --------- --------- ------- -------    ------- -------    ------- -------    ----
   1 !   45.8   3.3   3.7e-14   2.2e-07       1     161 [.       1     168 [.       1     178 [. 0.80

>> scaffold543974_1  # 67 # 402 # -1 # ID=543974_1;partial=00;start_type=TTG;rbs_motif=AAT;rbs_spacer=11bp;gc_cont=0.438
   #    score  bias  c-Evalue  i-Evalue hmmfrom  hmm to    alifrom  ali to    envfrom  env to     acc
 ---   ------ ----- --------- --------- ------- -------    ------- -------    ------- -------    ----
   1 !   45.4   0.0   4.7e-14   2.8e-07       1      71 [.      14      90 ..      14     101 .. 0.81

>> scaffold828718_1  # 3 # 278 # 1 # ID=828718_1;partial=10;start_type=Edge;rbs_motif=None;rbs_spacer=None;gc_cont=0.417
   #    score  bias  c-Evalue  i-Evalue hmmfrom  hmm to    alifrom  ali to    envfrom  env to     acc
 ---   ------ ----- --------- --------- ------- -------    ------- -------    ------- -------    ----
   1 !   42.7   0.0   3.1e-13   1.9e-06      93     167 ..       3      80 ..       1      83 [. 0.89

>> scaffold134137_1  # 3 # 653 # 1 # ID=134137_1;partial=10;start_type=Edge;rbs_motif=None;rbs_spacer=None;gc_cont=0.281
   #    score  bias  c-Evalue  i-Evalue hmmfrom  hmm to    alifrom  ali to    envfrom  env to     acc
 ---   ------ ----- --------- --------- ------- -------    ------- -------    ------- -------    ----
   1 !   41.8   8.0   5.8e-13   3.5e-06       4     160 ..      30     185 ..      20     189 .. 0.74

>> scaffold315908_1  # 3 # 302 # 1 # ID=315908_1;partial=10;start_type=Edge;rbs_motif=None;rbs_spacer=None;gc_cont=0.273
   #    score  bias  c-Evalue  i-Evalue hmmfrom  hmm to    alifrom  ali to    envfrom  env to     acc
 ---   ------ ----- --------- --------- ------- -------    ------- -------    ------- -------    ----
   1 !   41.5   3.7   7.7e-13   4.7e-06      87     156 ..       6      71 ..       3      87 .. 0.90

>> scaffold5497510_2  # 102 # 305 # 1 # ID=5497510_2;partial=01;start_type=ATG;rbs_motif=TAATT;rbs_spacer=15bp;gc_cont=0
   #    score  bias  c-Evalue  i-Evalue hmmfrom  hmm to    alifrom  ali to    envfrom  env to     acc
 ---   ------ ----- --------- --------- ------- -------    ------- -------    ------- -------    ----
   1 !   40.7   0.0   1.3e-12   8.2e-06       1      48 [.       1      53 [.       1      60 [. 0.77

>> scaffold322399_1  # 1 # 360 # -1 # ID=322399_1;partial=10;start_type=ATG;rbs_motif=None;rbs_spacer=None;gc_cont=0.403
   #    score  bias  c-Evalue  i-Evalue hmmfrom  hmm to    alifrom  ali to    envfrom  env to     acc
 ---   ------ ----- --------- --------- ------- -------    ------- -------    ------- -------    ----
   1 !   39.9   0.1   2.3e-12   1.4e-05       1      67 [.       1      74 [.       1      81 [. 0.84

>> scaffold1197104_1  # 1 # 288 # -1 # ID=1197104_1;partial=10;start_type=GTG;rbs_motif=TAAT;rbs_spacer=13bp;gc_cont=0.3
   #    score  bias  c-Evalue  i-Evalue hmmfrom  hmm to    alifrom  ali to    envfrom  env to     acc
 ---   ------ ----- --------- --------- ------- -------    ------- -------    ------- -------    ----
   1 !   39.1   0.0     4e-12   2.4e-05       4      65 ..      24      87 ..      18      94 .. 0.79

>> scaffold777432_2  # 273 # 677 # 1 # ID=777432_2;partial=01;start_type=GTG;rbs_motif=None;rbs_spacer=None;gc_cont=0.42
   #    score  bias  c-Evalue  i-Evalue hmmfrom  hmm to    alifrom  ali to    envfrom  env to     acc
 ---   ------ ----- --------- --------- ------- -------    ------- -------    ------- -------    ----
   1 !   39.2   0.0   3.9e-12   2.4e-05       4      98 ..      35     135 .]      29     135 .] 0.83

>> scaffold452002_1  # 1 # 252 # -1 # ID=452002_1;partial=10;start_type=ATG;rbs_motif=TAA;rbs_spacer=13bp;gc_cont=0.417 
   #    score  bias  c-Evalue  i-Evalue hmmfrom  hmm to    alifrom  ali to    envfrom  env to     acc
 ---   ------ ----- --------- --------- ------- -------    ------- -------    ------- -------    ----
   1 !   37.8   0.0     1e-11   6.1e-05       4      71 ..      11      78 ..       4      83 .. 0.85

>> gi|667924792|gb|AMWB02152417.1|_2  # 1581 # 2192 # 1 # ID=152417_2;partial=00;start_type=ATG;rbs_motif=None;rbs_space
   #    score  bias  c-Evalue  i-Evalue hmmfrom  hmm to    alifrom  ali to    envfrom  env to     acc
 ---   ------ ----- --------- --------- ------- -------    ------- -------    ------- -------    ----
   1 !   35.6   0.1   4.8e-11   0.00029       5     155 ..      23     161 ..      17     171 .. 0.83

>> scaffold235158_1  # 3 # 335 # -1 # ID=235158_1;partial=10;start_type=ATG;rbs_motif=None;rbs_spacer=None;gc_cont=0.483
   #    score  bias  c-Evalue  i-Evalue hmmfrom  hmm to    alifrom  ali to    envfrom  env to     acc
 ---   ------ ----- --------- --------- ------- -------    ------- -------    ------- -------    ----
   1 !   35.8   0.0   4.1e-11   0.00025      15      80 ..      37     105 ..       5     110 .. 0.84

>> scaffold102029_2  # 242 # 442 # 1 # ID=102029_2;partial=01;start_type=ATG;rbs_motif=TAA;rbs_spacer=14bp;gc_cont=0.383
   #    score  bias  c-Evalue  i-Evalue hmmfrom  hmm to    alifrom  ali to    envfrom  env to     acc
 ---   ------ ----- --------- --------- ------- -------    ------- -------    ------- -------    ----
   1 !   35.4   0.0   5.8e-11   0.00035       4      56 ..       9      62 ..       1      67 [] 0.82

>> scaffold1746109_1  # 291 # 785 # -1 # ID=1746109_1;partial=00;start_type=ATG;rbs_motif=GGA/GAG/AGG;rbs_spacer=5-10bp;
   #    score  bias  c-Evalue  i-Evalue hmmfrom  hmm to    alifrom  ali to    envfrom  env to     acc
 ---   ------ ----- --------- --------- ------- -------    ------- -------    ------- -------    ----
   1 !   33.1   7.8   2.9e-10    0.0018      16     156 ..      25     145 ..       1     158 [. 0.64



Internal pipeline statistics summary:
-------------------------------------
Query model(s):                              1  (171 nodes)
Target sequences:                    504254871  (51531022827 residues searched)
Passed MSV filter:                  10314937  (0.0204558); expected 10085097.4 (0.02)
Passed bias filter:                  5424253  (0.010757); expected 10085097.4 (0.02)
Passed Vit filter:                    359700  (0.00071333); expected 504254.9 (0.001)
Passed Fwd filter:                      4537  (8.99743e-06); expected 5042.5 (1e-05)
Initial search space (Z):          504254871  [actual number of targets]
Domain search space  (domZ):              83  [number of targets reported over threshold]
# CPU time: 1439.11u 282.34s 00:28:41.44 Elapsed: 00:28:24.17
# Mc/sec: 5170.73
//
[ok]
