Query         T0950
Match_columns 353
No_of_seqs    123 out of 161
Neff          7.35103
Searched_HMMs 4137
Date          Fri Aug  9 11:42:28 2019
Command       /storage/htc/bdm/zhiye/DNCON4_db_tools/tools//hhsuite-3.0-beta.3-Linux/bin/hhblits -i T0950.fasta -d /storage/htc/bdm/zhiye/DNCON4_db_tools/databases//uniclust30_2017_10/uniclust30_2017_10 -oa3m T0950.a3m -cpu 8 -n 3 -diff inf -e 0.001 -id 99 -cov 50 

 No Hit                             Prob E-value P-value  Score    SS Cols Query HMM  Template HMM
  1 tr|A0A0N9KBC4|A0A0N9KBC4_YEREN 100.0   2E-71 7.6E-77  516.9   0.0  345    1-349     1-345 (345)
  2 tr|K8WEL3|K8WEL3_PRORE XaxB OS 100.0 6.7E-47 2.6E-52  354.3   0.0  323    1-352     1-326 (327)
  3 tr|W0MMK5|W0MMK5_PSESX Toxin O 100.0 5.2E-44 1.9E-49  332.0   0.0  319    7-344     5-330 (336)
  4 tr|A0A0Q0F4D4|A0A0Q0F4D4_9PSED 100.0 1.6E-41 5.6E-47  313.7   0.0  330    4-348     3-337 (338)
  5 tr|U5VAM7|U5VAM7_9PSED Unchara 100.0 1.2E-39 4.5E-45  306.5   0.0  326    1-351     1-331 (331)
  6 tr|V6MIP1|V6MIP1_PROHU Unchara 100.0 3.2E-36 1.2E-41  284.4   0.0  323   16-347    12-336 (336)
  7 tr|A0A0C2RR80|A0A0C2RR80_9PSED 100.0 4.9E-33 1.7E-38  257.8   0.0  320   11-350     3-333 (333)
  8 tr|A0A0T9TFF2|A0A0T9TFF2_YERIN 100.0 5.8E-33   2E-38  246.0   0.0  264    1-349     1-264 (265)
  9 tr|A0A077F7S6|A0A077F7S6_9PSED 100.0 1.2E-32 4.3E-38  254.7   0.0  333    1-351     1-336 (336)
 10 tr|A0A0J6I5T3|A0A0J6I5T3_9PSED  99.9 2.7E-31 9.6E-37  245.2   0.0  316    8-344     4-336 (337)
 11 tr|A0A0H2QF00|A0A0H2QF00_9ENTR  99.9 2.5E-30 8.4E-36  233.9   0.0  344    1-352     1-344 (345)
 12 tr|A0A1Z4SA42|A0A1Z4SA42_9NOSO  99.9 3.5E-28 1.2E-33  220.4   0.0  334    4-343     6-343 (346)
 13 tr|A0A147GC87|A0A147GC87_9PSED  99.9 6.9E-27 2.6E-32  219.1   0.0  298   16-349    10-310 (311)
 14 tr|J2YU44|J2YU44_9PSED Unchara  99.9 2.9E-26 9.6E-32  207.6   0.0  326    5-347     3-335 (337)
 15 tr|A0A0A2RSL3|A0A0A2RSL3_MORMO  99.8 5.1E-24 1.8E-29  195.7   0.0  315   10-345     4-326 (328)
 16 tr|W0GZY5|W0GZY5_PSECI Unchara  99.7 8.3E-21 2.9E-26  176.0   0.0  320    1-343     1-333 (334)
 17 tr|A0A1C7Z6K2|A0A1C7Z6K2_PSESX  99.7 1.9E-20 6.2E-26  170.1   0.0  309   12-343     5-318 (323)
 18 tr|J3I6Y3|J3I6Y3_9PSED Unchara  99.7 2.4E-20 9.8E-26  196.9   0.0  320    8-345   424-752 (755)
 19 tr|B7KB87|B7KB87_CYAP7 Unchara  99.7 4.7E-20 1.6E-25  168.1   0.0  322   15-345     2-330 (333)
 20 tr|A0A085VRF2|A0A085VRF2_PSESX  99.5 6.8E-17 2.2E-22  148.0   0.0  312   13-343    10-329 (330)
 21 tr|A0A098T370|A0A098T370_9PSED  99.4 3.4E-16 1.2E-21  146.4   0.0  323    1-342     1-330 (332)
 22 tr|S6GZ82|S6GZ82_9PSED Putativ  99.4 9.8E-16 3.3E-21  140.4   0.0  311    9-344     7-320 (324)
 23 tr|A0A137SKA4|A0A137SKA4_9GAMM  99.3   2E-15 6.7E-21  151.9   0.0  323   12-343   429-760 (912)
 24 tr|A0A0D8L4D8|A0A0D8L4D8_MORMO  99.3 4.3E-15 1.4E-20  132.5   0.0  248    9-273     3-254 (255)
 25 tr|K9NP80|K9NP80_9PSED Unchara  99.2 1.1E-13 3.5E-19  128.2   0.0  332    1-345     1-339 (340)
 26 tr|A0A0J6HZE9|A0A0J6HZE9_9PSED  99.0 6.4E-13 2.1E-18  122.8   0.0  316   13-344     3-323 (329)
 27 tr|A0A1X4SHB5|A0A1X4SHB5_PSESF  99.0 1.2E-12 3.9E-18  108.8   0.0  142  203-348     1-144 (145)
 28 tr|J2YBE4|J2YBE4_PSEFL Unchara  98.8 2.4E-11 7.9E-17  117.7   0.0  310   12-343   164-486 (493)
 29 tr|A0A160GLL6|A0A160GLL6_PSEPU  98.8 2.7E-11 8.8E-17  112.5   0.0  311   12-347     9-322 (325)
 30 tr|A0A1E4WAN4|A0A1E4WAN4_9PSED  98.7 1.2E-10 4.1E-16  108.4   0.0  275   22-317    13-289 (330)
 31 tr|A0A099E0P6|A0A099E0P6_9PSED  98.6 1.9E-10 6.8E-16  108.5   0.0  291   13-346     5-303 (307)
 32 tr|A0A0Q0CU87|A0A0Q0CU87_PSEA0  98.6 3.2E-10 1.1E-15  103.5   0.0  153  118-274   112-264 (273)
 33 tr|A0A1G9ZZL6|A0A1G9ZZL6_9PSED  98.5   9E-10   3E-15  103.7   0.0  315   13-349     5-349 (351)
 34 tr|A0A1C2DV43|A0A1C2DV43_9PSED  98.4 2.4E-09   8E-15  100.3   0.0  157  157-317   149-305 (331)
 35 tr|A0A1D9IJI8|A0A1D9IJI8_9PSED  98.4   3E-09 9.9E-15   98.3   0.0  264   68-341    21-289 (293)
 36 tr|A0A1H2P1W1|A0A1H2P1W1_9PSED  98.2 1.4E-08 4.7E-14   95.6   0.0  291   11-320     5-302 (335)
 37 tr|A0A0J6HRB7|A0A0J6HRB7_9PSED  97.9 1.3E-07 4.4E-13   82.9   0.0  170  169-342     6-180 (183)
 38 tr|A0A099DC45|A0A099DC45_9BACL  97.5 2.4E-06 7.9E-12   68.8   0.0   97  256-352     2-99  (100)
 39 tr|A0A1X4RIM2|A0A1X4RIM2_PSESF  97.4 2.9E-06 9.7E-12   73.3   0.0  137   44-191     2-140 (156)
 40 tr|C0AV98|C0AV98_9GAMM Unchara  97.3 7.9E-06 2.6E-11   67.3   0.0  108  238-348     2-109 (113)
 41 tr|L1M0S1|L1M0S1_PSEPU Unchara  97.3 7.9E-06 2.7E-11   78.4   0.0  298   17-347    10-314 (317)
 42 tr|C0AV97|C0AV97_9GAMM Unchara  97.0 3.6E-05 1.2E-10   63.1   0.0   88   19-107    16-104 (106)
 43 tr|A0A1P8ESD8|A0A1P8ESD8_9PSED  96.6  0.0002 6.5E-10   63.8   0.0  166  174-344     4-169 (173)
 44 tr|A0A1F1Q2X2|A0A1F1Q2X2_9PSED  96.4 0.00032 1.1E-09   63.5   0.0  164    1-188     1-168 (194)
 45 tr|A0A0Q0K9J5|A0A0Q0K9J5_9PSED  95.4   0.005 1.7E-08   47.3   0.0   50    4-53     10-60  (66)
 46 tr|A0A0P9YCW8|A0A0P9YCW8_PSESX  94.8   0.015 4.9E-08   47.9   0.0   67  248-314    15-81  (93)
 47 tr|A0A085UN07|A0A085UN07_PSESX  94.1   0.038 1.3E-07   53.1   0.0  214   14-347    16-235 (237)
 48 tr|A0A0I9XKF9|A0A0I9XKF9_GIBFU  94.1    0.03 1.3E-07   60.9   0.0  193   92-315   166-360 (410)
 49 tr|V8BKA4|V8BKA4_RUMGN Unchara  93.9   0.048 1.6E-07   55.5   0.0  238   38-299   111-357 (407)
 50 tr|A0A1G8KN37|A0A1G8KN37_9PSED  93.3   0.079 2.6E-07   46.6   0.0  125  211-342     2-130 (132)
 51 tr|G1LZ32|G1LZ32_AILME Unchara  92.5    0.14 4.8E-07   55.6   0.0   92  244-340   352-443 (746)
 52 tr|A0A0Q0BHT8|A0A0Q0BHT8_PSESX  89.7    0.54 1.8E-06   33.7   0.0   33    5-37      3-35  (38)
 53 tr|D4JFY7|D4JFY7_9FIRM Membran  89.3    0.53 2.1E-06   52.5   0.0   57  229-285   147-210 (454)
 54 tr|A0A0J1FGN5|A0A0J1FGN5_PROMI  89.1    0.68 2.2E-06   37.5   0.0   71    1-75      1-72  (74)
 55 tr|M0CMK3|M0CMK3_9EURY Prefold  87.2       1 3.8E-06   42.8   0.0  116  153-285     6-129 (149)
 56 tr|A0A091MF86|A0A091MF86_CATAU  87.1    0.92 3.9E-06   53.8   0.0  228   55-303   258-486 (718)
 57 tr|G4UFF6|G4UFF6_NEUT9 Unchara  86.8     1.2 4.3E-06   53.9   0.0   94  249-345   862-957 (1227)
 58 tr|A0A0N0W3D7|A0A0N0W3D7_PSEA0  85.6     1.7 5.6E-06   40.6   0.0  124    9-141     7-134 (167)
 59 tr|R5GTR5|R5GTR5_9BACT Unchara  84.8     1.8 6.6E-06   52.0   0.0  142   40-186    32-189 (992)
 60 tr|A0A0N4UHW7|A0A0N4UHW7_DRAME  84.5     1.8 6.9E-06   51.6   0.0   48  136-183   662-709 (835)
 61 tr|H6Q664|H6Q664_PYROT Putativ  84.5     1.8   7E-06   46.6   0.0  109  161-282    82-195 (329)
 62 tr|A0A132DWN0|A0A132DWN0_BURVI  84.0       2 7.6E-06   47.8   0.0  277   30-351   116-410 (417)
 63 tr|D5U337|D5U337_THEAM Chromos  83.0     2.7   9E-06   48.3   0.0   65  215-283   904-970 (1057)
 64 tr|I3M8H2|I3M8H2_ICTTR Unchara  82.6     2.5 9.7E-06   55.5   0.0   84  112-203  2042-2135(2745)
 65 tr|Q9X252|Q9X252_THEMA Outer m  79.9     3.9 1.4E-05   45.2   0.0  159  149-320   181-348 (403)
 66 tr|A0A0B6WUE1|A0A0B6WUE1_9BACT  79.8     4.4 1.4E-05   36.6   0.0   80  117-206    41-124 (125)
 67 tr|A0A0S4N7N2|A0A0S4N7N2_9BACT  78.0     5.2 1.8E-05   44.4   0.0  127  152-282   119-253 (472)
 68 tr|A0A0K8LT84|A0A0K8LT84_PSESF  77.7     5.6 1.9E-05   31.1   0.0   34    5-38      3-36  (53)
 69 tr|A0A1X4Q149|A0A1X4Q149_PSESF  77.4     5.9 1.9E-05   30.5   0.0   34    5-38      3-36  (51)
 70 tr|W5SJP0|W5SJP0_9SPIR BDR-rep  76.0     6.6 2.3E-05   38.9   0.0   83  117-214    94-177 (196)
 71 tr|A0A1Y3QLL2|A0A1Y3QLL2_9BACL  75.9       7 2.3E-05   32.4   0.0   54  225-280    16-69  (74)
 72 tr|A8UU81|A8UU81_9AQUI Unchara  75.5     6.8 2.4E-05   38.4   0.0   56  227-282    70-125 (173)
 73 tr|B0NPY7|B0NPY7_BACSE Unchara  74.3     8.3 2.7E-05   41.4   0.0   73  110-185    79-153 (441)
 74 tr|C5A6L3|C5A6L3_THEGJ Prefold  73.1     8.2 3.1E-05   37.7   0.0  116  157-285    18-140 (153)
 75 tr|A0A183SW61|A0A183SW61_SCHSO  72.9     8.3 3.1E-05   48.8   0.0   62   79-142  1061-1122(1373)
 76 tr|B2A3P7|B2A3P7_NATTJ Cell di  72.6     9.4 3.2E-05   35.4   0.0   37  239-275    56-92  (126)
 77 tr|B5YDH2|B5YDH2_DICT6 Outer m  72.3     9.8 3.3E-05   42.8   0.0  256   10-283    81-380 (615)
 78 tr|A0A135L240|A0A135L240_9BACI  71.5     7.6 3.6E-05   50.4   0.0  163  100-282   734-900 (1388)
 79 tr|D5U280|D5U280_THEAM Unchara  71.0      11 3.7E-05   42.5   0.0  211    1-222   162-406 (519)
 80 tr|C0GD03|C0GD03_9FIRM SMC dom  70.9      10 3.8E-05   46.2   0.0  168  147-328   244-413 (1021)
 81 tr|A0A0P4ULY7|A0A0P4ULY7_ROSNE  69.8      12 4.2E-05   40.4   0.0   47   14-60      4-57  (370)
 82 tr|A0A0S4N7N2|A0A0S4N7N2_9BACT  69.5      12 4.2E-05   42.0   0.0   94  147-248   261-354 (472)
 83 tr|B9KB29|B9KB29_THENN Chromos  69.4      12 4.3E-05   41.2   0.0   61  259-322   247-307 (357)
 84 tr|A0A0D3CLF3|A0A0D3CLF3_BRAOL  69.4      13 4.3E-05   29.2   0.0   28  184-211    14-41  (52)
 85 tr|R5AX04|R5AX04_9BACT Unchara  69.2      12 4.4E-05   34.1   0.0   54  246-299    22-75  (97)
 86 tr|B0NPY7|B0NPY7_BACSE Unchara  68.5      14 4.6E-05   40.0   0.0   26  159-184    66-91  (441)
 87 tr|A0A183U2N0|A0A183U2N0_TOXCA  67.8      14 4.9E-05   40.7   0.0  152  153-322   159-322 (407)
 88 tr|A0A0C6FC81|A0A0C6FC81_9RHIZ  67.6      11   5E-05   45.1   0.0  198   95-298   116-343 (612)
 89 tr|Q6AK39|Q6AK39_DESPS Unchara  66.9      14 5.3E-05   45.4   0.0  155  157-323   370-537 (899)
 90 tr|A0BR02|A0BR02_PARTE Unchara  66.8      14 5.3E-05   40.8   0.0  180   45-243    33-227 (354)
 91 tr|A0A0G2ZD03|A0A0G2ZD03_9BACT  66.7      16 5.3E-05   36.2   0.0   71  112-195    68-138 (184)
 92 tr|A0A0W0VDB7|A0A0W0VDB7_9GAMM  66.7      14 5.4E-05   44.7   0.0  166  166-350   401-581 (798)
 93 tr|F1Q5K4|F1Q5K4_DANRE Myosin   65.7      15 5.8E-05   48.8   0.0   62  128-191  1089-1150(1937)
 94 tr|A0A095VT53|A0A095VT53_9GAMM  65.3      16 5.9E-05   36.9   0.0  102  148-286    65-166 (186)
 95 tr|C7P316|C7P316_HALMD Unchara  64.8      17 6.2E-05   37.5   0.0   34  250-283   156-189 (220)
 96 tr|A0A0J9X2J1|A0A0J9X2J1_GEOCN  64.8      19 6.2E-05   38.3   0.0   94  195-295    68-170 (368)
 97 tr|R6NVP5|R6NVP5_9CLOT Unchara  64.7      17 6.2E-05   41.1   0.0   35  256-290   216-250 (453)
 98 tr|A0A0F9KY61|A0A0F9KY61_9ZZZZ  64.3      19 6.4E-05   42.0   0.0   67  123-189   888-954 (956)
 99 tr|A0A069PJR4|A0A069PJR4_9BURK  64.2      17 6.5E-05   41.6   0.0  244   84-345   162-420 (424)
100 tr|B1YB86|B1YB86_PYRNV Unchara  64.1      19 6.5E-05   39.7   0.0  104  245-348   135-250 (383)
101 tr|W4VJ74|W4VJ74_9BACI Unchara  64.1      16 6.5E-05   42.1   0.0   42  148-189    69-110 (441)
102 tr|A0A0G2EVZ9|A0A0G2EVZ9_9EURO  64.0      20 6.5E-05   40.5   0.0  209  112-323   135-358 (637)
103 tr|A0A0F9PB87|A0A0F9PB87_9ZZZZ  63.7      19 6.7E-05   38.9   0.0   32  105-136   160-191 (337)
104 tr|X0YHI8|X0YHI8_9ZZZZ Unchara  63.4      21 6.9E-05   36.3   0.0   82  195-289    89-171 (252)
105 tr|O96754|O96754_BRALA Interme  63.2      20 6.9E-05   40.2   0.0   69  247-319   343-416 (509)
106 tr|C6LAQ3|C6LAQ3_9FIRM Unchara  62.9      18 7.1E-05   45.7   0.0  168  152-339   333-505 (1115)
107 tr|A0A0C2ZYY5|A0A0C2ZYY5_9PROT  62.8      17 7.2E-05   43.9   0.0  154  157-323   285-446 (672)
108 tr|A8MBD3|A8MBD3_CALMQ Chromos  61.4      22 7.9E-05   40.7   0.0   75  247-321   173-247 (465)
109 sp|P24733|MYS_ARGIR Myosin hea  61.2      20   8E-05   48.0   0.0   98  250-347  1242-1344(1938)
110 tr|A0A219B3M3|A0A219B3M3_9SPHN  61.1      24   8E-05   33.2   0.0   92  254-345    48-140 (146)
111 tr|M0CZ31|M0CZ31_9EURY Chromos  61.0      18 8.1E-05   46.8   0.0   36  288-323   904-939 (1198)
112 tr|A1T213|A1T213_MYCVP Virulen  61.0      22 8.1E-05   40.2   0.0  100  102-206   203-310 (437)
113 tr|A0A1G2X7I6|A0A1G2X7I6_9BACT  60.7      21 8.3E-05   43.4   0.0  148  160-310   240-412 (742)
114 tr|A0A1C3SBU9|A0A1C3SBU9_9BACI  60.3      26 8.5E-05   28.6   0.0   37  157-193     7-43  (62)
115 tr|A0A108TBW5|A0A108TBW5_BACSE  60.2      24 8.6E-05   42.9   0.0   34  106-139    74-107 (895)
116 tr|A0A0W8JCI1|A0A0W8JCI1_9VIBR  59.6      20 8.9E-05   45.3   0.0  249   74-344   545-804 (962)
117 tr|G3IMZ5|G3IMZ5_CRIGR Myosin-  59.6      22 8.9E-05   47.2   0.0  120  225-346  1223-1347(1736)
118 tr|A0A1U7XQD6|A0A1U7XQD6_NICSY  59.5      27   9E-05   32.0   0.0   69  194-262    33-102 (120)
119 tr|D3PD85|D3PD85_DEFDS Cell di  59.3      24 9.1E-05   32.1   0.0   49  242-290    24-72  (95)
120 tr|G3MAU9|G3MAU9_9CAUD Gp569 O  58.9      28 9.3E-05   36.5   0.0  123  149-289    91-218 (315)
121 tr|R7RNL6|R7RNL6_9CLOT Unchara  58.7      26 9.4E-05   34.5   0.0   28  157-184    56-83  (155)
122 tr|Q1PZT6|Q1PZT6_9BACT Similar  58.7      26 9.5E-05   40.6   0.0  100  245-344   238-340 (524)
123 tr|A0A143HDQ1|A0A143HDQ1_9BACL  58.7      23 9.5E-05   45.9   0.0  112  236-347   530-644 (1269)
124 tr|A0A0K1EDQ1|A0A0K1EDQ1_CHOCO  58.4      29 9.6E-05   35.6   0.0   88  249-336    37-124 (238)
125 tr|C5B5K7|C5B5K7_METEA Putativ  58.4      28 9.7E-05   33.3   0.0   36  175-210     2-37  (139)
126 tr|A0A0V8RRU2|A0A0V8RRU2_PYROC  58.3      27 9.7E-05   39.7   0.0   59  258-319   318-376 (421)
127 tr|W1I5S4|W1I5S4_9BACT Uncultu  58.2      23 9.8E-05   42.5   0.0  133   47-192   356-488 (600)
128 tr|A0A0P7HXX1|A0A0P7HXX1_9EURY  57.9      27  0.0001   42.0   0.0  219  104-323   248-491 (679)
129 tr|A0A0C5BV06|A0A0C5BV06_9ARCH  57.5      25  0.0001   42.9   0.0  169  147-318   359-553 (693)
130 tr|L8N1H8|L8N1H8_9CYAN Unchara  56.9      32 0.00011   38.6   0.0  141  113-262   116-266 (505)
131 tr|A0A0F7FJH3|A0A0F7FJH3_9CREN  56.4      33 0.00011   29.6   0.0   42  150-191    33-74  (84)
132 tr|W9AWG9|W9AWG9_9MYCO Virulen  56.3      30 0.00011   39.7   0.0   89  103-196   211-299 (440)
133 tr|A2GM00|A2GM00_TRIVA Unchara  55.8      34 0.00011   39.3   0.0  135  130-264   344-485 (723)
134 tr|G4HS45|G4HS45_MYCRH Virulen  55.7      32 0.00011   39.5   0.0   99  103-206   208-314 (456)
135 tr|D5U337|D5U337_THEAM Chromos  55.2      36 0.00012   40.5   0.0   68  255-322   956-1024(1057)
136 tr|A0A060Z3B6|A0A060Z3B6_ONCMY  55.0      33 0.00012   35.7   0.0   76  228-303    72-157 (217)
137 tr|A0A142KGQ0|A0A142KGQ0_9ACTN  54.8      34 0.00012   35.4   0.0   99  111-214    96-195 (219)
138 tr|A0A101W737|A0A101W737_9PROT  54.8      35 0.00012   30.1   0.0   52  248-299    22-73  (85)
139 tr|T1I7K2|T1I7K2_RHOPR Unchara  54.7      34 0.00012   45.1   0.0  238  106-347  1382-1666(2284)
140 tr|G0RLN6|G0RLN6_HYPJQ Predict  54.7      29 0.00012   40.2   0.0   60  202-271   269-331 (435)
141 tr|D6XWF7|D6XWF7_BACIE MMPL do  54.6      32 0.00012   43.8   0.0  123  227-349   702-843 (1114)
142 tr|A7HJ35|A7HJ35_FERNB S-layer  54.3      34 0.00013   39.4   0.0   49  153-201   307-358 (468)
143 tr|A0A067PMN3|A0A067PMN3_9HOMO  54.3      38 0.00013   30.4   0.0   61  244-304     7-67  (104)
144 tr|D4L554|D4L554_9FIRM Membran  54.3      28 0.00013   40.4   0.0   20  261-280   163-182 (438)
145 tr|A0A0M0KMS1|A0A0M0KMS1_9BACI  54.2      30 0.00013   37.4   0.0   84  157-241   174-257 (259)
146 tr|B1YB86|B1YB86_PYRNV Unchara  53.9      37 0.00013   37.8   0.0   37  152-188   143-179 (383)
147 tr|A0A0B5WZT0|A0A0B5WZT0_BACCO  53.9      39 0.00013   28.7   0.0   42  152-193    31-72  (76)
148 tr|A0A1R0WKX7|A0A1R0WKX7_9BACL  53.6      40 0.00013   27.6   0.0   43  152-194    17-59  (61)
149 tr|A0A0C7CKJ9|A0A0C7CKJ9_9FUNG  53.2      41 0.00013   31.6   0.0   74  248-321    37-119 (136)
150 tr|A0A151BM46|A0A151BM46_9ARCH  53.2      31 0.00013   44.7   0.0   43  152-194   743-785 (1175)
151 tr|A0A0B8MZR3|A0A0B8MZR3_9NOCA  53.1      33 0.00014   39.5   0.0  107  102-217   174-293 (405)
152 tr|A0A0M9YHN4|A0A0M9YHN4_9ACTN  53.0      34 0.00014   39.0   0.0  107  104-219   188-307 (374)
153 tr|A0A1F8U3I7|A0A1F8U3I7_9FIRM  52.9      42 0.00014   37.4   0.0  113  195-318   130-242 (507)
154 tr|A0A067FE18|A0A067FE18_CITSI  52.9      35 0.00014   36.6   0.0   65  148-212   118-189 (244)
155 tr|A0A1V4RAW6|A0A1V4RAW6_9BACT  52.4      43 0.00014   36.2   0.0   46  233-280   152-197 (382)
156 tr|A0A0B2VVK8|A0A0B2VVK8_TOXCA  52.4      39 0.00014   45.1   0.0  195  104-322  1215-1418(2166)
157 tr|A0A0D1XTY9|A0A0D1XTY9_9PEZI  52.2      34 0.00014   38.1   0.0  147   60-211    62-220 (316)
158 tr|A0A1X6UP62|A0A1X6UP62_CHLAO  52.0      44 0.00015   26.7   0.0   42  157-198     5-46  (54)
159 tr|D3RYZ3|D3RYZ3_FERPA PaREP15  51.5      44 0.00015   34.3   0.0   35  248-282   166-200 (219)
160 tr|A0A178TV64|A0A178TV64_GEOTM  51.3      32 0.00015   41.9   0.0   38  157-194   314-351 (660)
161 tr|A0BJN6|A0BJN6_PARTE Unchara  51.2      46 0.00015   39.5   0.0   57  228-293   611-668 (981)
162 tr|K2JGH7|K2JGH7_9GAMM Unchara  51.1      38 0.00015   42.8   0.0  116  232-347   440-570 (937)
163 tr|H9YP76|H9YP76_9VIRU Unchara  50.7      46 0.00016   28.5   0.0   41  242-282    13-53  (71)
164 tr|B9KB29|B9KB29_THENN Chromos  50.6      43 0.00016   37.5   0.0    9   15-23     78-86  (357)
165 tr|A0A174A364|A0A174A364_9CLOT  50.6      36 0.00016   39.5   0.0   34  283-316   233-266 (428)
166 tr|G9AAR5|G9AAR5_RHIFH Unchara  50.6      37 0.00016   44.3   0.0  157  152-322   241-412 (1231)
167 tr|T0MA34|T0MA34_9EURY DNA dou  50.2      39 0.00016   42.6   0.0   95   94-193   457-564 (894)
168 tr|A0A016QSG8|A0A016QSG8_9DEIO  49.9      46 0.00016   30.9   0.0   53  233-286    14-66  (106)
169 tr|A0A0Q5VXT1|A0A0Q5VXT1_DROER  49.7      43 0.00017   45.2   0.0   94  254-347  1248-1346(1962)
170 tr|H6Q664|H6Q664_PYROT Putativ  49.6      44 0.00017   37.4   0.0   16   80-95    150-165 (329)
171 tr|A0A151F5G3|A0A151F5G3_9EURY  49.5      51 0.00017   31.5   0.0   32  176-207    54-85  (149)
172 tr|A0A098F694|A0A098F694_9BACI  49.4      40 0.00017   39.6   0.0   29  233-261   133-161 (468)
173 tr|H5SJR5|H5SJR5_9BACT Putativ  48.8      53 0.00018   33.4   0.0   40  152-191    55-94  (231)
174 tr|H2P483|H2P483_PONAB Unchara  48.8      44 0.00018   45.3   0.0  199  147-347  1100-1345(1959)
175 tr|A0A0G0W4Y1|A0A0G0W4Y1_9BACT  48.6      42 0.00018   39.1   0.0   47  152-198    94-140 (431)
176 tr|A0A0G1FYQ7|A0A0G1FYQ7_9BACT  48.6      40 0.00018   39.1   0.0   24  288-311   232-255 (420)
177 tr|Q6L0R1|Q6L0R1_PICTO Chromos  48.2      41 0.00018   43.8   0.0   38  245-282   810-847 (1150)
178 tr|A0A0G0XSC9|A0A0G0XSC9_9BACT  48.1      42 0.00018   38.7   0.0   62  152-213    95-162 (395)
179 tr|B9G387|B9G387_ORYSJ Unchara  48.1      56 0.00018   26.7   0.0   35  158-192     4-38  (59)
180 tr|A0A1S4AR04|A0A1S4AR04_TOBAC  48.0      56 0.00018   32.3   0.0   70  194-263    33-103 (187)
181 tr|A0A0F7FI98|A0A0F7FI98_9CREN  47.9      56 0.00019   30.0   0.0   45  147-191    66-110 (115)
182 tr|A0A127NVX4|A0A127NVX4_9CORY  47.6      57 0.00019   25.1   0.0   35  158-192     5-39  (44)
183 tr|A0A1V6BCX9|A0A1V6BCX9_9BACT  47.6      57 0.00019   29.0   0.0   47  147-193    31-77  (95)
184 tr|R5UD20|R5UD20_9BACE Unchara  47.6      42 0.00019   36.9   0.0   18   75-92     44-61  (284)
185 tr|A0A0B7A4P5|A0A0B7A4P5_9EUPU  47.5      49 0.00019   40.7   0.0   72  249-320   317-396 (710)
186 tr|A0A174ZW09|A0A174ZW09_9BACT  47.3      45 0.00019   36.8   0.0   40  152-191   133-172 (287)
187 tr|E9RX74|E9RX74_9FIRM Unchara  47.3      48 0.00019   38.5   0.0  114  163-285   258-373 (421)
188 tr|A0A024TX10|A0A024TX10_9STRA  47.1      56 0.00019   28.5   0.0   30  294-323    36-65  (75)
189 tr|A0A060Y301|A0A060Y301_ONCMY  46.9      60  0.0002   33.1   0.0   36  246-281   117-152 (233)
190 tr|E1F1H3|E1F1H3_GIAIA Unchara  46.9      60  0.0002   26.7   0.0   43   18-60      5-47  (61)
191 tr|T1JHV8|T1JHV8_STRMM Unchara  46.7      56  0.0002   39.7   0.0  172   97-272   404-585 (739)
192 tr|W4BNS1|W4BNS1_9BACL M prote  46.6      48  0.0002   42.8   0.0  161   15-195   207-367 (1067)
193 tr|A0A177L3T6|A0A177L3T6_9BACL  46.5      61  0.0002   28.8   0.0   37  157-193    44-80  (94)
194 tr|S4RYZ9|S4RYZ9_PETMA Unchara  46.3      58  0.0002   37.3   0.0  130  119-268   214-353 (447)
195 tr|I3M8H2|I3M8H2_ICTTR Unchara  46.3      54 0.00021   45.4   0.0   11  196-206  2055-2065(2745)
196 tr|B4S9F4|B4S9F4_PROA2 Unchara  46.2      59 0.00021   29.2   0.0   69  251-320     5-73  (87)
197 tr|A0A0W8E5J5|A0A0W8E5J5_9ZZZZ  46.0      44 0.00021   38.4   0.0   24  177-200   125-149 (396)
198 tr|A0A067MH28|A0A067MH28_9HOMO  45.9      63 0.00021   32.1   0.0   51  160-210   135-185 (192)
199 tr|F4PGN9|F4PGN9_DICFS Structu  45.8      58 0.00021   42.5   0.0  104  159-272   793-897 (1476)
200 tr|C1IS25|C1IS25_CARBN Myosin-  45.8      64 0.00021   34.6   0.0   95  251-348   193-288 (337)
201 tr|E6K2P3|E6K2P3_PARDN Unchara  45.6      64 0.00021   28.6   0.0   40  247-286    24-63  (93)
202 tr|T1IW66|T1IW66_STRMM Unchara  45.6      65 0.00021   39.7   0.0   41  245-285   356-396 (1434)
203 tr|A0A183UPF5|A0A183UPF5_TOXCA  45.3      60 0.00022   40.8   0.0  183  106-316   112-307 (1039)
204 tr|A0A0C7P3Y6|A0A0C7P3Y6_9BACT  45.3      66 0.00022   29.2   0.0   54  232-287     5-58  (106)
205 tr|A0A0M3KF53|A0A0M3KF53_ANISI  45.0      65 0.00022   33.5   0.0  145  153-321    19-165 (230)
206 tr|B1YZ90|B1YZ90_BURA4 Unchara  44.9      53 0.00022   40.4   0.0  135  169-303   362-501 (668)
207 tr|C0EB61|C0EB61_9FIRM Peptida  44.7      60 0.00023   38.0   0.0   25  152-176    99-123 (469)
208 tr|A0A1T4VVW2|A0A1T4VVW2_9FIRM  44.6      68 0.00023   37.8   0.0   67  147-213   538-606 (836)
209 tr|S0KJG6|S0KJG6_9ENTE Unchara  44.5      55 0.00023   39.0   0.0   91  104-194    72-162 (506)
210 tr|A0A0D8XYE9|A0A0D8XYE9_DICVI  44.4      58 0.00023   39.8   0.0  121   18-142   252-401 (642)
211 sp|Q6Q1P4|SMC1_ARATH Structura  44.2      52 0.00023   43.3   0.0   48  147-194   316-363 (1218)
212 tr|K2RVW2|K2RVW2_MACPH Unchara  44.1      69 0.00023   37.0   0.0   74  275-348    31-105 (575)
213 tr|H9U9Y1|H9U9Y1_FERPD Methyl-  44.0      64 0.00023   39.7   0.0  108  152-268   522-638 (767)
214 tr|A0A0P0SJK1|A0A0P0SJK1_9PSEU  43.7      58 0.00024   38.1   0.0  106  102-216   169-287 (433)
215 tr|G4HYW9|G4HYW9_MYCRH Mammali  43.6      62 0.00024   35.9   0.0  102  103-213    87-201 (292)
216 tr|K1XV65|K1XV65_9ZZZZ Unchara  43.5      66 0.00024   29.1   0.0   52  199-252    23-74  (86)
217 tr|L9JS86|L9JS86_TUPCH Myosin-  43.1      65 0.00025   43.6   0.0  100  248-347  1277-1381(1975)
218 tr|A0A0M3KGY5|A0A0M3KGY5_ANISI  42.8      76 0.00025   29.9   0.0   63  116-186    12-74  (131)
219 tr|A0A167C6E1|A0A167C6E1_9ASCO  42.7      60 0.00025   42.6   0.0   51  272-323   918-968 (1195)
220 tr|A0A0G1NHT3|A0A0G1NHT3_9BACT  42.6      62 0.00026   37.4   0.0   42  152-193    83-124 (392)
221 tr|A0A1B9FTS6|A0A1B9FTS6_9TREE  42.4      64 0.00026   43.3   0.0   35  159-193  1029-1063(1579)
222 tr|A0A0T7G7W1|A0A0T7G7W1_RHIGA  42.3      71 0.00026   34.8   0.0   37  173-209    97-133 (274)
223 tr|M1UVN5|M1UVN5_CYAM1 DNA rep  42.0      71 0.00026   41.5   0.0  181  159-339   929-1118(1322)
224 tr|A0A1E7GU92|A0A1E7GU92_9DELT  41.9      68 0.00027   41.4   0.0   51  202-256   800-850 (1076)
225 tr|A0A1Q6MCI8|A0A1Q6MCI8_9FIRM  41.9      80 0.00027   30.2   0.0   82  204-285    54-138 (143)
226 tr|H2J8K3|H2J8K3_9CLOT Hemolyt  41.4      72 0.00027   36.4   0.0  195  111-323   119-317 (368)
227 tr|A0A1R2BI33|A0A1R2BI33_9CILI  40.6      87 0.00029   33.9   0.0  103  167-273    20-128 (354)
228 tr|A0A0M9X7G7|A0A0M9X7G7_9ACTN  40.6      71 0.00029   37.5   0.0  107  103-218   203-322 (439)
229 tr|A0A090N0R9|A0A090N0R9_STRRB  40.5      77 0.00029   42.9   0.0  226  118-347  1091-1363(1980)
230 tr|C7NNZ2|C7NNZ2_HALUD Unchara  40.5      76 0.00029   30.0   0.0   47  240-286     3-49  (105)
231 tr|A2FS96|A2FS96_TRIVA Unchara  40.3      88 0.00029   36.5   0.0  100  246-345   104-230 (716)
232 tr|K0UZI6|K0UZI6_MYCVA Virulen  40.3      79 0.00029   36.7   0.0   88  104-196   205-292 (436)
233 tr|A0A0S3BT24|A0A0S3BT24_BACTU  40.2      66  0.0003   39.8   0.0   29  155-183   265-293 (672)
234 tr|T0MA34|T0MA34_9EURY DNA dou  40.1      72  0.0003   40.7   0.0   95  107-201   410-516 (894)
235 tr|A0A1X2LK64|A0A1X2LK64_9MYCO  40.1      90  0.0003   26.9   0.0   41  204-244     3-43  (76)
236 tr|A0A1G1WB17|A0A1G1WB17_9BACT  40.1      86  0.0003   36.9   0.0   68  159-226   415-482 (594)
237 tr|V4JX41|V4JX41_9CREN ATPase   40.0      79  0.0003   40.0   0.0  121  157-286   551-682 (913)
238 tr|A0A1S6U5X7|A0A1S6U5X7_9PROT  39.8      91  0.0003   27.3   0.0   55  152-206    11-65  (84)
239 tr|M0K8C2|M0K8C2_9EURY Unchara  39.7      81  0.0003   29.1   0.0   48  239-286     2-49  (91)
240 tr|E0MS26|E0MS26_9RHOB Unchara  39.5      93 0.00031   23.3   0.0   34    1-34      1-34  (37)
241 tr|R5I6I4|R5I6I4_9BACT Regulat  39.5      93 0.00031   38.8   0.0  111  147-300    60-171 (1520)
242 tr|K2JGH7|K2JGH7_9GAMM Unchara  39.4      77 0.00031   40.5   0.0   93  227-326   552-648 (937)
243 tr|A0A165TNY5|A0A165TNY5_9APHY  39.4      84 0.00031   36.7   0.0   76  196-289   175-250 (450)
244 tr|A0A0C9U788|A0A0C9U788_PAXIN  39.4      73 0.00031   41.7   0.0  155  117-289   945-1113(1144)
245 tr|L5NCI7|L5NCI7_9BACI Cell wa  39.3      76 0.00031   37.3   0.0   30  234-263    98-127 (437)
246 tr|A0A0N7CK80|A0A0N7CK80_LACFE  39.2      94 0.00031   34.4   0.0  131   97-259   242-372 (424)
247 tr|A0A0F7SA36|A0A0F7SA36_9BASI  39.2      83 0.00031   41.6   0.0   38  157-194   904-941 (1450)
248 tr|A8T345|A8T345_9VIBR Unchara  39.1      91 0.00031   36.4   0.0  100  147-260   253-354 (534)
249 tr|F5L4E5|F5L4E5_9BACI Unchara  39.1      95 0.00031   31.2   0.0   46  259-304    98-147 (197)
250 tr|A0A1J5D1H9|A0A1J5D1H9_9BACT  38.8      91 0.00032   37.7   0.0   81  103-185    59-139 (727)
251 tr|D1YVG6|D1YVG6_METPS Unchara  38.8      89 0.00032   40.8   0.0  252   59-319   345-635 (1494)
252 tr|A0A1F8GTB8|A0A1F8GTB8_9BACT  38.7      97 0.00032   28.6   0.0   37  185-221    10-46  (113)
253 tr|K9VWY1|K9VWY1_9CYAN ATPase   38.6      82 0.00032   39.3   0.0   38  245-282   233-270 (726)
254 tr|A0A0D8L6K6|A0A0D8L6K6_MORMO  38.6      98 0.00032   26.0   0.0   60  286-345     5-64  (66)
255 tr|G3A3U5|G3A3U5_9RALS Unchara  38.6      98 0.00032   29.3   0.0  104  156-281     8-114 (131)
256 tr|A0A0D7KBE8|A0A0D7KBE8_9BURK  38.4      99 0.00033   25.7   0.0   38  151-188     7-44  (62)
257 tr|A0A1A6H6B2|A0A1A6H6B2_NEOLE  38.4      92 0.00033   41.0   0.0   60  288-347  1032-1092(1663)
258 tr|A0A1M4V9X3|A0A1M4V9X3_9FIRM  38.3   1E+02 0.00033   30.3   0.0    8  199-206   118-125 (164)
259 tr|A0A0L0CIX7|A0A0L0CIX7_LUCCU  38.1      89 0.00033   42.7   0.0   95  253-347  1486-1585(2200)
260 tr|C3ZP43|C3ZP43_BRAFL Putativ  38.1   1E+02 0.00033   34.4   0.0   19   16-34     91-109 (445)
261 tr|L5NCI7|L5NCI7_9BACI Cell wa  37.8      83 0.00034   37.0   0.0  154   34-191    16-170 (437)
262 tr|A0A133VP36|A0A133VP36_9EURY  37.8      74 0.00034   39.4   0.0  200   95-300   216-450 (666)
263 tr|G4F154|G4F154_9GAMM Unchara  37.7   1E+02 0.00034   25.4   0.0   36   93-128     3-38  (59)
264 tr|S0KJG6|S0KJG6_9ENTE Unchara  37.7      82 0.00034   37.8   0.0   27  159-185    86-112 (506)
265 tr|F6HC27|F6HC27_VITVI Putativ  37.6   1E+02 0.00034   32.7   0.0  109  157-285   104-212 (294)
266 tr|A0A182YUB4|A0A182YUB4_BIOGL  37.6      82 0.00034   38.8   0.0  125  152-295   307-433 (630)
267 tr|A0A1V1U8L2|A0A1V1U8L2_9FIRM  37.5   1E+02 0.00035   31.4   0.0   46  255-300    94-139 (191)
268 tr|A0A0E0UC25|A0A0E0UC25_SINMB  37.5      89 0.00035   30.9   0.0   71  192-282    36-106 (134)
269 tr|A0A174A5C5|A0A174A5C5_9FIRM  37.5   1E+02 0.00035   30.7   0.0   82  110-191    22-104 (157)
270 tr|A4XIC3|A4XIC3_CALS8 Unchara  37.5   1E+02 0.00035   32.0   0.0  129  115-256    48-176 (215)
271 tr|A0A1A8TIF0|A0A1A8TIF0_9GAMM  37.4      81 0.00035   36.6   0.0   50  154-206   269-318 (388)
272 tr|A0A1J3DLN7|A0A1J3DLN7_NOCCA  37.3 1.1E+02 0.00035   27.1   0.0   28  186-213     8-35  (86)
273 tr|A0A1M6PV49|A0A1M6PV49_9CLOT  37.3 1.1E+02 0.00035   31.6   0.0   33  157-189    79-111 (231)
274 tr|A0A133VKE2|A0A133VKE2_9EURY  37.3      85 0.00035   40.2   0.0   46  239-284   300-345 (899)
275 tr|A0A1Z9E8X5|A0A1Z9E8X5_9EURY  37.1 1.1E+02 0.00035   27.6   0.0   39  241-279    54-92  (96)
276 tr|U2EG72|U2EG72_9BACT Unchara  37.1 1.1E+02 0.00036   30.5   0.0   41  256-296   140-180 (182)
277 tr|D8F697|D8F697_9DELT Conserv  37.0 1.1E+02 0.00036   27.7   0.0   42  199-240    37-78  (99)
278 tr|A0A103HL17|A0A103HL17_BURVI  36.9      81 0.00036   41.0   0.0   72  198-273   624-697 (1027)
279 tr|A6Q882|A6Q882_SULNB Unchara  36.9      76 0.00036   41.1   0.0   64  145-208   609-683 (1005)
280 tr|A0A0T6LS12|A0A0T6LS12_9ACTN  36.7 1.1E+02 0.00036   27.5   0.0   37  194-230    49-85  (95)
281 tr|A0A1G0Y6N0|A0A1G0Y6N0_9BACT  36.7      99 0.00036   33.9   0.0   45  148-192   143-187 (276)
282 tr|A0A0M3JJT5|A0A0M3JJT5_ANISI  36.6 1.1E+02 0.00036   25.2   0.0   34  250-283     1-35  (59)
283 tr|T0SPD8|T0SPD8_9DELT Unchara  36.6      99 0.00037   40.4   0.0   75  249-323   222-304 (1282)
284 tr|A0A151EVB1|A0A151EVB1_9EURY  36.6      85 0.00037   39.2   0.0   76  245-323   387-462 (701)
285 tr|I3J666|I3J666_ORENI Unchara  36.5      94 0.00037   36.8   0.0  138  158-306   187-326 (460)
286 tr|W7QD43|W7QD43_9GAMM Unchara  36.4 1.1E+02 0.00037   32.4   0.0   74  116-189    44-118 (289)
287 tr|K8GII5|K8GII5_9CYAN Tfp pil  36.3      93 0.00037   39.2   0.0  113  159-285   147-265 (782)
288 tr|A0A1G1YUB9|A0A1G1YUB9_9BACT  36.2      98 0.00037   35.8   0.0  100  217-323   216-315 (393)
289 tr|A0A154NY54|A0A154NY54_9HYME  36.2      93 0.00037   40.9   0.0   54  235-288   836-890 (1178)
290 tr|A0A1F3K6G6|A0A1F3K6G6_9BACT  36.1 1.1E+02 0.00038   37.4   0.0   79  113-194  1086-1164(1172)
291 tr|J9Z038|J9Z038_9PROT OmpA fa  36.1   1E+02 0.00038   36.5   0.0   35  249-283   184-218 (490)
292 tr|W0DHS7|W0DHS7_9AQUI Unchara  36.0   1E+02 0.00038   33.0   0.0   91  230-320    74-167 (230)
293 tr|A0A101X7N9|A0A101X7N9_9CREN  35.9 1.1E+02 0.00038   31.1   0.0   98  250-350    31-130 (170)
294 tr|D7CIL5|D7CIL5_SYNLT Resolva  35.9 1.1E+02 0.00038   36.7   0.0   91   97-189   392-492 (569)
295 tr|Q7S1T6|Q7S1T6_NEUCR Nuclear  35.8      95 0.00038   42.1   0.0   35  158-192  1072-1106(1650)
296 tr|A0A1Q2U1F9|A0A1Q2U1F9_9SYNE  35.7 1.2E+02 0.00039   31.4   0.0   49  251-299    25-73  (235)
297 tr|Q6L0R1|Q6L0R1_PICTO Chromos  35.7      87 0.00039   41.3   0.0   75  266-343   789-864 (1150)
298 tr|M1Z8D2|M1Z8D2_NITG3 Unchara  35.6 1.2E+02 0.00039   27.2   0.0   64  254-320    27-90  (92)
299 tr|A0A147JUW8|A0A147JUW8_9EURY  35.5      98 0.00039   38.9   0.0   37  156-192   239-275 (753)
300 tr|A0A0L0C9Y9|A0A0L0C9Y9_LUCCU  35.5 1.2E+02 0.00039   34.7   0.0   51  157-207   333-383 (545)
301 tr|A0A133VKE2|A0A133VKE2_9EURY  35.5      95 0.00039   39.8   0.0   90  232-321   621-720 (899)
302 tr|A0A1R1PGD5|A0A1R1PGD5_ZANCU  35.3 1.2E+02 0.00039   34.0   0.0  102  248-351   336-438 (456)
303 tr|H9UBK3|H9UBK3_FERPD Putativ  35.3 1.1E+02  0.0004   35.9   0.0   25  152-176   158-182 (425)
304 tr|V6DK45|V6DK45_9DELT Unchara  35.3 1.2E+02  0.0004   29.3   0.0   64  258-321    36-99  (147)
305 tr|K1YP02|K1YP02_9ZZZZ Unchara  35.3 1.2E+02  0.0004   30.9   0.0   78  215-296    88-165 (210)
306 tr|G3W2G9|G3W2G9_SARHA Unchara  35.3   1E+02  0.0004   41.9   0.0  168  115-282  1285-1492(1727)
307 tr|U3IW19|U3IW19_ANAPL Unchara  35.1 1.2E+02  0.0004   25.0   0.0   30  162-191     2-31  (59)
308 tr|K7G4J3|K7G4J3_PELSI Unchara  35.1 1.2E+02  0.0004   38.5   0.0  117  148-273  1347-1469(1863)
309 tr|I3M8H2|I3M8H2_ICTTR Unchara  34.9 1.1E+02 0.00041   43.1   0.0   12  202-213  2284-2295(2745)
310 tr|M0CZ31|M0CZ31_9EURY Chromos  34.8      90 0.00041   41.3   0.0   37  246-282   402-438 (1198)
311 tr|A0A101WG27|A0A101WG27_9FIRM  34.8 1.2E+02 0.00041   27.0   0.0   40  246-285    25-64  (91)
312 tr|A0A133VMA5|A0A133VMA5_9EURY  34.6      94 0.00041   39.5   0.0   95  246-340   576-672 (803)
313 tr|J0N4F3|J0N4F3_9CLOT Unchara  34.6 1.2E+02 0.00041   28.7   0.0   40  152-191    45-84  (104)
314 tr|A0A1A8TIF0|A0A1A8TIF0_9GAMM  34.5      96 0.00041   36.0   0.0   25  168-192   228-252 (388)
315 tr|H0A9Q3|H0A9Q3_HALSG Unchara  34.5 1.1E+02 0.00041   30.4   0.0   37  157-193    88-124 (146)
316 tr|A0A133UDM0|A0A133UDM0_9EURY  34.5 1.3E+02 0.00042   35.9   0.0  180  121-309   441-625 (821)
317 tr|A0A0M1IW22|A0A0M1IW22_9CLOT  34.5      95 0.00042   39.0   0.0   46  231-278   433-478 (722)
318 tr|W5WWI7|W5WWI7_BDEBC Fimbria  34.5 1.1E+02 0.00042   32.2   0.0   79  165-245    83-169 (203)
319 tr|A0A086CIP4|A0A086CIP4_9CHRO  34.3   1E+02 0.00042   40.0   0.0   80  207-286   692-771 (1008)
320 tr|A0A0F7P9V7|A0A0F7P9V7_9EURY  34.2 1.3E+02 0.00042   27.8   0.0   83  202-291     3-88  (109)
321 tr|M0CZ31|M0CZ31_9EURY Chromos  34.1      94 0.00042   41.2   0.0   35  248-282   905-939 (1198)
322 tr|A0A0N7Z5J9|A0A0N7Z5J9_9CYAN  34.1   1E+02 0.00043   38.4   0.0   75  249-323   217-291 (688)
323 tr|A0A117IWJ2|A0A117IWJ2_9ACTN  34.1 1.3E+02 0.00043   34.8   0.0   74  215-290    81-154 (607)
324 tr|M0CZ31|M0CZ31_9EURY Chromos  34.0      95 0.00043   41.2   0.0   58  255-317  1000-1057(1198)
325 tr|A0A0W4ZUP7|A0A0W4ZUP7_PNEJI  34.0      99 0.00043   40.7   0.0   41  231-271  1004-1044(1131)
326 tr|C5YWM5|C5YWM5_SORBI Putativ  33.9 1.1E+02 0.00043   36.6   0.0   27  246-272   269-295 (495)
327 tr|A0A1G0Z229|A0A1G0Z229_9BACT  33.9 1.1E+02 0.00043   34.4   0.0  133  177-323   164-296 (310)
328 tr|A0A0S3BT24|A0A0S3BT24_BACTU  33.9      97 0.00043   38.6   0.0   98  246-343   214-318 (672)
329 tr|A0A0R3X6C8|A0A0R3X6C8_HYDTA  33.9 1.3E+02 0.00043   35.9   0.0  127  169-301   497-636 (835)
330 tr|A0A0C2SRY4|A0A0C2SRY4_AMAMU  33.8 1.3E+02 0.00043   29.8   0.0   63  202-286    78-140 (173)
331 tr|A0A0F9JCU6|A0A0F9JCU6_9ZZZZ  33.7 1.3E+02 0.00044   29.0   0.0   61  246-310    30-90  (145)
332 tr|A0A1A9R5G4|A0A1A9R5G4_9GAMM  33.7 1.2E+02 0.00044   30.6   0.0   46   85-130   102-147 (166)
333 tr|U3TG03|U3TG03_9CREN Surface  33.6 1.3E+02 0.00044   34.8   0.0   25  259-283   475-499 (533)
334 tr|C7N2F5|C7N2F5_SLAHD Unchara  33.6 1.3E+02 0.00044   26.8   0.0   70  116-185    17-86  (89)
335 tr|B6VLS9|B6VLS9_PHOAA Insecti  33.3 1.4E+02 0.00045   24.5   0.0   27  226-252     6-32  (56)
336 tr|K9VWY1|K9VWY1_9CYAN ATPase   33.3 1.1E+02 0.00045   38.2   0.0   22  327-348   373-394 (726)
337 tr|J9ZEF2|J9ZEF2_LEPFM Unchara  33.2 1.3E+02 0.00045   33.5   0.0  102  159-282   133-234 (344)
338 tr|X5E5L4|X5E5L4_9BACT Unchara  33.2 1.2E+02 0.00045   32.3   0.0   38  156-193   170-207 (218)
339 tr|A0A0S3TT98|A0A0S3TT98_9CYAN  33.2 1.1E+02 0.00045   36.2   0.0   84  204-292   133-220 (428)
340 tr|A0A0G2ZUX0|A0A0G2ZUX0_9DELT  33.1 1.2E+02 0.00045   37.5   0.0   83  241-323   206-295 (666)
341 tr|B8D2D6|B8D2D6_HALOH Tfp pil  33.1 1.3E+02 0.00045   30.6   0.0   98  240-344    30-140 (172)
342 tr|A0A089LLN4|A0A089LLN4_9BACL  33.1 1.1E+02 0.00045   41.5   0.0   72  231-305   831-906 (1481)
343 tr|G2LE42|G2LE42_CHLTF Histidi  33.1 1.4E+02 0.00045   34.0   0.0  121  194-316   247-369 (513)
344 tr|A0A0C2HNA8|A0A0C2HNA8_9STAP  33.0      96 0.00046   40.3   0.0  111  193-307   269-379 (1003)
345 tr|E4S904|E4S904_CALKI Unchara  33.0 1.4E+02 0.00046   30.0   0.0   99  113-212    15-114 (187)
346 tr|A0A151BM46|A0A151BM46_9ARCH  32.9 1.1E+02 0.00046   40.6   0.0   63  131-193   211-276 (1175)
347 tr|A0A087B4G6|A0A087B4G6_9BIFI  32.7 1.4E+02 0.00046   26.7   0.0   39  245-283    45-83  (90)
348 tr|K3VM43|K3VM43_FUSPC Unchara  32.7 1.1E+02 0.00047   37.1   0.0   39  159-197   343-381 (541)
349 tr|A0A015LVT7|A0A015LVT7_9GLOM  32.6   1E+02 0.00047   32.5   0.0   72  252-323    76-147 (203)
350 tr|A0A0V8RRU2|A0A0V8RRU2_PYROC  32.6 1.3E+02 0.00047   35.1   0.0   38  249-286   354-391 (421)
351 tr|A0A1U2Z5H7|A0A1U2Z5H7_9MYCO  32.5 1.4E+02 0.00047   23.5   0.0   17    1-17     20-36  (46)
352 tr|A0A101WUL7|A0A101WUL7_9CREN  32.5 1.2E+02 0.00047   34.6   0.0   16  198-213   145-160 (337)
353 tr|U4UE36|U4UE36_DENPD Unchara  32.4 1.4E+02 0.00047   37.3   0.0  205  111-324   321-536 (1019)
354 tr|C4FCG6|C4FCG6_9ACTN Unchara  32.4 1.4E+02 0.00047   28.0   0.0   56  152-207    62-118 (121)
355 tr|A0A0R3W325|A0A0R3W325_TAEAS  32.4 1.3E+02 0.00047   38.0   0.0  124  176-305   726-862 (1071)
356 tr|A0A1A3JKF5|A0A1A3JKF5_9MYCO  32.4 1.4E+02 0.00048   30.5   0.0   86  104-189    53-138 (184)
357 tr|B5ICF9|B5ICF9_ACIB4 CUB dom  32.3 1.4E+02 0.00048   38.3   0.0   31  255-285  1514-1544(1621)
358 tr|A0A0R3W905|A0A0R3W905_TAEAS  32.3 1.3E+02 0.00048   35.9   0.0  157  117-283    20-181 (518)
359 tr|B4GQL8|B4GQL8_DROPE GL16266  32.3 1.2E+02 0.00048   35.6   0.0   35    5-39     89-123 (403)
360 tr|A0A1L8G122|A0A1L8G122_XENLA  32.3 1.3E+02 0.00048   40.8   0.0   80  203-282  1677-1763(2294)
361 tr|A0A1F3VS42|A0A1F3VS42_9BACT  32.2 1.2E+02 0.00048   33.9   0.0   29  157-185   131-159 (286)
362 tr|A0A0D8XFQ5|A0A0D8XFQ5_DICVI  32.1 1.5E+02 0.00048   34.3   0.0   97  148-244    24-125 (576)
363 tr|A0A1F5AS88|A0A1F5AS88_9BACT  32.1 1.4E+02 0.00048   30.3   0.0  121  163-284     4-140 (172)
364 tr|A0A0B7A4P5|A0A0B7A4P5_9EUPU  32.1 1.2E+02 0.00048   37.8   0.0   34  250-283   374-407 (710)
365 tr|A0A1S1V924|A0A1S1V924_9FIRM  32.0 1.5E+02 0.00049   28.6   0.0   41  153-193     7-47  (139)
366 tr|A0A0B6WUE1|A0A0B6WUE1_9BACT  32.0 1.5E+02 0.00049   28.1   0.0   33  255-287    55-87  (125)
367 tr|A0A1R2B8Q6|A0A1R2B8Q6_9CILI  31.9 1.5E+02 0.00049   25.5   0.0   36  252-287    30-65  (72)
368 tr|A8SDU6|A8SDU6_9FIRM Unchara  31.9 1.5E+02 0.00049   31.5   0.0   46  229-274   161-207 (280)
369 tr|A0A0U5FS12|A0A0U5FS12_9EURO  31.9 1.2E+02 0.00049   40.1   0.0  158  113-290   578-753 (1164)
370 tr|M0M4L2|M0M4L2_HALMO Unchara  31.9 1.2E+02 0.00049   28.9   0.0   48  239-286     2-49  (105)
371 tr|A0A0S4J8U5|A0A0S4J8U5_BODSA  31.9 1.2E+02 0.00049   40.1   0.0   54  228-281   318-382 (1119)
372 tr|A0A164Y0J1|A0A164Y0J1_DAUCA  31.8 1.5E+02 0.00049   29.1   0.0   35  187-222    80-114 (158)
373 tr|A0A0G1NHT3|A0A0G1NHT3_9BACT  31.8 1.2E+02 0.00049   35.5   0.0  192   53-252   115-327 (392)
374 tr|U5S8B4|U5S8B4_9LACT Unchara  31.7 1.2E+02 0.00049   29.4   0.0   86   92-178    23-111 (115)
375 tr|A0A1D2PA77|A0A1D2PA77_9CYAN  31.7 1.5E+02 0.00049   32.7   0.0  144  118-288   162-308 (337)
376 tr|A0A0M0BUP0|A0A0M0BUP0_9ARCH  31.7 1.5E+02  0.0005   30.8   0.0   34  154-187   103-136 (235)
377 tr|A0A0F2SKC0|A0A0F2SKC0_9FIRM  31.6 1.5E+02  0.0005   25.9   0.0   43  275-317    34-76  (78)
378 tr|A0A066PU55|A0A066PU55_9PROT  31.6 1.5E+02  0.0005   26.7   0.0   58  253-315    20-77  (94)
379 tr|A0A1A2MZ95|A0A1A2MZ95_9MYCO  31.5 1.4E+02  0.0005   35.1   0.0   99  104-207   205-311 (442)
380 tr|A0A1E3IUW0|A0A1E3IUW0_9TREE  31.4 1.5E+02  0.0005   28.8   0.0   43  248-290    51-93  (135)
381 tr|B5ICF9|B5ICF9_ACIB4 CUB dom  31.4 1.5E+02  0.0005   38.1   0.0   36  159-194  1512-1547(1621)
382 tr|A0A140AYN9|A0A140AYN9_LEGPN  31.3 1.5E+02 0.00051   36.8   0.0   57    8-64    517-574 (1316)
383 tr|A0A0P0N192|A0A0P0N192_9CREN  31.2 1.5E+02 0.00051   35.4   0.0   36   38-73     71-106 (840)
384 tr|I0BS99|I0BS99_9BACL Unchara  31.1 1.6E+02 0.00051   24.7   0.0   49  249-297     7-55  (62)
385 tr|A0A0Q9F7A0|A0A0Q9F7A0_9BACI  31.0 1.4E+02 0.00052   32.6   0.0  100  104-205    89-189 (271)
386 tr|G0QM29|G0QM29_ICHMG Viral a  31.0 1.6E+02 0.00052   34.4   0.0   54  227-280   460-516 (632)
387 tr|W5MT42|W5MT42_LEPOC Unchara  31.0 1.4E+02 0.00052   37.2   0.0   34  152-185   221-254 (729)
388 tr|A0A151EYS3|A0A151EYS3_9EURY  30.9 1.6E+02 0.00052   28.6   0.0   35  148-182    64-98  (144)
389 tr|A0A102D0E2|A0A102D0E2_9BACT  30.9 1.6E+02 0.00052   27.7   0.0   57  118-183    45-101 (119)
390 tr|W5V103|W5V103_9MOLU Chromos  30.9 1.3E+02 0.00052   39.3   0.0   18  306-323   397-414 (980)
391 tr|A0A1W9GN58|A0A1W9GN58_9BACT  30.8 1.6E+02 0.00052   28.5   0.0   38  160-197     5-42  (142)
392 tr|D9SVZ0|D9SVZ0_CLOC7 Unchara  30.8 1.6E+02 0.00052   27.1   0.0   60  256-315    10-70  (105)
393 tr|A0A061IQ73|A0A061IQ73_CRIGR  30.7 1.3E+02 0.00053   38.6   0.0   36  249-284   513-548 (915)
394 tr|A0A1Q9N897|A0A1Q9N897_9ARCH  30.7 1.6E+02 0.00053   31.7   0.0   95  225-323    79-182 (311)
395 tr|A0A099P4R1|A0A099P4R1_PICKU  30.6 1.2E+02 0.00053   40.7   0.0   75  273-348  1031-1106(1314)
396 tr|A0A1E4HAL3|A0A1E4HAL3_9SPHI  30.6 1.5E+02 0.00053   32.8   0.0   69   55-124    33-101 (296)
397 tr|A0A0G4FG74|A0A0G4FG74_VITBC  30.6 1.6E+02 0.00053   35.6   0.0   70  245-317   710-780 (919)
398 tr|A0A095XN60|A0A095XN60_9FIRM  30.6 1.2E+02 0.00053   36.4   0.0  115  152-277   335-458 (486)
399 tr|A0A0F9PNL4|A0A0F9PNL4_9ZZZZ  30.5 1.6E+02 0.00053   29.4   0.0   34  102-135    22-55  (176)
400 tr|D6DDL9|D6DDL9_CLOSC Unchara  30.5 1.6E+02 0.00053   33.9   0.0  197   88-313   312-517 (560)
401 tr|A0A151B3E7|A0A151B3E7_9CLOT  30.5 1.6E+02 0.00054   29.2   0.0   38  156-193    61-98  (170)
402 tr|E1X269|E1X269_HALMS DNA rep  30.3 1.3E+02 0.00054   36.6   0.0   40  283-322   332-371 (536)
403 tr|M0N9F3|M0N9F3_9EURY Unchara  30.3 1.6E+02 0.00054   25.1   0.0   47  235-281    18-64  (69)
404 tr|D9TTM9|D9TTM9_THETC Unchara  30.2 1.5E+02 0.00054   31.8   0.0   81  113-197   108-194 (216)
405 tr|I3MBZ4|I3MBZ4_ICTTR Unchara  30.1 1.4E+02 0.00055   41.4   0.0   93  255-347  1257-1354(1943)
406 tr|A0A212D765|A0A212D765_CEREH  30.1 1.7E+02 0.00055   36.0   0.0   82  242-323   855-936 (1084)
407 tr|S7Q3P6|S7Q3P6_GLOTA Unchara  30.1 1.4E+02 0.00055   37.3   0.0  174  115-308   189-373 (660)
408 tr|A0A0P6Y4U9|A0A0P6Y4U9_9CHLR  30.1 1.3E+02 0.00055   35.3   0.0  154  121-287    36-201 (392)
409 tr|A0A0N0I734|A0A0N0I734_9BACI  30.0 1.7E+02 0.00055   32.2   0.0   44  243-286   180-223 (362)
410 tr|F0LKK5|F0LKK5_THEBM DNA dou  29.9 1.3E+02 0.00056   38.7   0.0   51  147-197   459-509 (865)
411 tr|A0A090SPP2|A0A090SPP2_9VIBR  29.7 1.7E+02 0.00056   29.1   0.0   66  139-204    86-151 (169)
412 tr|A0A0W1AWD5|A0A0W1AWD5_9BACL  29.7 1.4E+02 0.00056   37.1   0.0  132  167-311   352-485 (620)
413 tr|A0A060HLQ4|A0A060HLQ4_9ARCH  29.7 1.4E+02 0.00056   39.3   0.0  134  152-287   311-450 (1184)
414 tr|A0YV65|A0YV65_LYNSP Unchara  29.6 1.7E+02 0.00057   28.9   0.0   53  236-288   102-154 (162)
415 tr|A0A0B5BB89|A0A0B5BB89_9DELT  29.6 1.1E+02 0.00057   40.3   0.0  101  125-236   965-1074(1176)
416 tr|A0A1B2EQ77|A0A1B2EQ77_9RHIZ  29.5 1.7E+02 0.00057   26.4   0.0   66  249-314    22-87  (93)
417 tr|A0A1W1UCR0|A0A1W1UCR0_PEPAS  29.4 1.7E+02 0.00057   35.1   0.0   27  159-185   658-684 (847)
418 tr|A0A0E3G724|A0A0E3G724_9CAUD  29.4 1.3E+02 0.00057   36.8   0.0   28  175-209   269-296 (573)
419 tr|E6PAM5|E6PAM5_9ARCH Putativ  29.4 1.7E+02 0.00058   32.2   0.0   69  244-312   149-218 (373)
420 tr|D3RPV1|D3RPV1_ALLVD Unchara  29.3 1.5E+02 0.00058   31.2   0.0   43  152-194    81-123 (181)
421 tr|A0A0P4USC5|A0A0P4USC5_9CYAN  29.3 1.7E+02 0.00058   27.4   0.0   77  124-208    38-116 (117)
422 tr|K1M0H1|K1M0H1_9LACT Unchara  29.3 1.8E+02 0.00058   24.6   0.0   46  234-279     6-55  (64)
423 tr|A0A108TBW5|A0A108TBW5_BACSE  29.0 1.7E+02 0.00059   36.9   0.0   35   39-74     62-96  (895)
424 tr|H7FS89|H7FS89_9FLAO Nucleas  29.0 1.4E+02 0.00059   39.1   0.0  111  147-284   673-783 (1005)
425 tr|A0A147JUW8|A0A147JUW8_9EURY  29.0 1.5E+02 0.00059   37.6   0.0   30  253-282   416-445 (753)
426 tr|S8DZL2|S8DZL2_9LAMI Unchara  28.9 1.4E+02 0.00059   37.1   0.0   20  227-246   369-388 (635)
427 tr|X6NUM2|X6NUM2_RETFI Unchara  28.8 1.8E+02  0.0006   30.7   0.0   86  135-222    78-175 (263)
428 tr|A4J885|A4J885_DESRM Unchara  28.8 1.8E+02  0.0006   26.9   0.0   59  150-208    19-77  (106)
429 tr|X6LPW5|X6LPW5_RETFI Unchara  28.8 1.8E+02  0.0006   28.7   0.0   71  239-309    17-88  (163)
430 tr|A0BCM0|A0BCM0_PARTE Unchara  28.8 1.8E+02  0.0006   36.3   0.0   58  149-206   742-799 (1328)
431 tr|A0A133XTH3|A0A133XTH3_9LACT  28.7 1.7E+02  0.0006   35.8   0.0  166   97-281   493-672 (806)
432 tr|B7Q2A3|B7Q2A3_IXOSC SMC pro  28.6 1.4E+02  0.0006   38.3   0.0   83  121-204   401-487 (846)
433 tr|A0A1M6TIN0|A0A1M6TIN0_9FIRM  28.6 1.8E+02 0.00061   28.5   0.0   56  152-209    79-134 (155)
434 tr|K3VM43|K3VM43_FUSPC Unchara  28.5 1.5E+02 0.00061   36.3   0.0   12   82-93    363-374 (541)
435 tr|A0A0V0TDR8|A0A0V0TDR8_9BILA  28.5 1.7E+02 0.00061   36.1   0.0   91  231-321   105-201 (701)
436 tr|A0A080KM12|A0A080KM12_9GAMM  28.5 1.4E+02 0.00061   38.5   0.0   54  231-284   408-461 (855)
437 tr|A4A0Y2|A4A0Y2_9PLAN Unchara  28.5 1.8E+02 0.00061   24.4   0.0   49  259-307     7-55  (56)
438 tr|E0SSY1|E0SSY1_IGNAA Unchara  28.4 1.8E+02 0.00061   30.0   0.0   45  152-196   110-154 (179)
439 tr|A4XLV2|A4XLV2_CALS8 Unchara  28.4 1.7E+02 0.00061   31.0   0.0   30  256-285   114-143 (198)
440 tr|A0A0F9G805|A0A0F9G805_9ZZZZ  28.4 1.9E+02 0.00061   26.6   0.0   40  152-191    56-95  (101)
441 tr|U5CRV1|U5CRV1_CALSX Unchara  28.4 1.7E+02 0.00061   34.3   0.0   64  250-320   327-390 (414)
442 tr|I8THN6|I8THN6_ASPO3 Myosin   28.2 1.5E+02 0.00062   39.7   0.0  253   46-312   408-690 (1247)
443 tr|D2RI80|D2RI80_ARCPA Unchara  28.2 1.9E+02 0.00062   25.8   0.0   60  257-316    24-83  (86)
444 tr|T2QNE7|T2QNE7_CHLPS Putativ  28.1 1.6E+02 0.00063   38.3   0.0   40  159-198   357-396 (1012)
445 tr|A4TWW1|A4TWW1_9PROT Type I   28.0 1.4E+02 0.00063   35.7   0.0   36  157-192   183-218 (462)
446 tr|A2QPN4|A2QPN4_ASPNC Aspergi  28.0 1.7E+02 0.00063   36.9   0.0   59  264-322   327-385 (794)
447 tr|E8R845|E8R845_DESM0 SMC dom  28.0 1.7E+02 0.00063   37.0   0.0   72  113-188   193-264 (826)
448 tr|H2YYW8|H2YYW8_CIOSA Unchara  27.9 1.9E+02 0.00063   37.1   0.0   64  244-307  1065-1129(1883)
449 tr|A0A097PJE8|A0A097PJE8_MAIZE  27.9 1.6E+02 0.00063   35.4   0.0  104  148-257    44-148 (488)
450 tr|F7EE94|F7EE94_XENTR Unchara  27.9 1.9E+02 0.00063   37.2   0.0   60  128-189  1072-1131(1918)
451 tr|J5SK68|J5SK68_TRIAS Nonmusc  27.9 1.6E+02 0.00064   40.2   0.0   64  118-181  1082-1146(1615)
452 tr|Q3A6A9|Q3A6A9_PELCD Unchara  27.8 1.7E+02 0.00064   32.1   0.0   69  246-314    23-92  (254)
453 tr|A0A1F6BT51|A0A1F6BT51_9BACT  27.8 1.9E+02 0.00064   34.1   0.0   69  248-316    31-101 (695)
454 tr|A0A1J3G1G6|A0A1J3G1G6_NOCCA  27.8 1.9E+02 0.00064   27.1   0.0   30   55-84     44-73  (116)
455 tr|C9B4L1|C9B4L1_ENTFC Predict  27.7 1.9E+02 0.00064   24.2   0.0   51  232-282     2-52  (61)
456 tr|A0A1W5AF29|A0A1W5AF29_9TELE  27.7 1.9E+02 0.00064   33.6   0.0   63  261-323   156-220 (603)
457 tr|V6V2L3|V6V2L3_CORUL Unchara  27.6 1.8E+02 0.00065   32.9   0.0   40  157-196   162-201 (314)
458 tr|A0A1I8BYJ1|A0A1I8BYJ1_MELHA  27.6   2E+02 0.00065   31.6   0.0   86  108-193    98-188 (350)
459 tr|F1KQB3|F1KQB3_ASCSU 227 kDa  27.6 1.7E+02 0.00065   39.6   0.0  188  107-320  1030-1228(1697)
460 tr|E8R845|E8R845_DESM0 SMC dom  27.5 1.8E+02 0.00065   36.9   0.0   36  246-281   535-570 (826)
461 tr|R7MMG9|R7MMG9_9FIRM Membran  27.5 1.5E+02 0.00065   35.4   0.0   64  259-322   163-227 (457)
462 tr|E5ACY3|E5ACY3_LEPMJ Putativ  27.4 1.6E+02 0.00065   39.9   0.0   81  111-192  1077-1159(1502)
463 tr|W7CFN7|W7CFN7_9LIST Seryl-t  27.4 1.6E+02 0.00065   33.4   0.0   78  247-324    31-112 (301)
464 tr|B9WCK6|B9WCK6_CANDC Kinesin  27.4 1.5E+02 0.00066   37.2   0.0   68  247-314   278-353 (679)
465 tr|A0A0M3JCV3|A0A0M3JCV3_ANISI  27.4   2E+02 0.00066   28.1   0.0   45  152-196    32-76  (149)
466 tr|G1KA46|G1KA46_ANOCA Unchara  27.3 1.5E+02 0.00066   36.7   0.0  105  192-300   376-486 (614)
467 tr|A0A1B0CKE8|A0A1B0CKE8_LUTLO  27.2 1.8E+02 0.00067   34.4   0.0  105   22-127    31-136 (431)
468 tr|A0A0F9Z7P3|A0A0F9Z7P3_9BACT  27.2 1.5E+02 0.00067   35.8   0.0   31  290-320   271-301 (493)
469 tr|R7HP28|R7HP28_9BACT Unchara  27.2 1.9E+02 0.00067   26.9   0.0   54  246-299    22-75  (97)
470 tr|W4BNS1|W4BNS1_9BACL M prote  27.2 1.6E+02 0.00067   38.9   0.0  185  157-349   607-799 (1067)
471 tr|Q74M85|Q74M85_NANEQ NEQ449   27.1   2E+02 0.00067   28.5   0.0   43  151-193    91-133 (164)
472 tr|M2MI99|M2MI99_BAUCO Unchara  27.0   2E+02 0.00068   24.1   0.0   33  194-226    20-52  (61)
473 tr|B7Q2A3|B7Q2A3_IXOSC SMC pro  27.0 1.6E+02 0.00068   38.0   0.0   32  247-278   633-664 (846)
474 tr|W0NQ09|W0NQ09_9ZZZZ Unchara  26.9   2E+02 0.00068   26.6   0.0   66  219-287     7-75  (107)
475 tr|A0A1F3DI85|A0A1F3DI85_9BACT  26.9   2E+02 0.00068   27.7   0.0   47  147-193    40-86  (117)
476 tr|B1Y9E0|B1Y9E0_PYRNV SMC dom  26.8 1.7E+02 0.00068   37.4   0.0   65  221-287   313-377 (795)
477 tr|Q4ZT39|Q4ZT39_PSEU2 Unchara  26.8 1.5E+02 0.00068   36.9   0.0   42  152-193   340-381 (643)
478 tr|A0A1V4W570|A0A1V4W570_9FIRM  26.8 2.1E+02 0.00068   25.3   0.0   47  157-203     8-54  (80)
479 tr|G1M4C8|G1M4C8_AILME Unchara  26.8 1.8E+02 0.00069   40.4   0.0   40  147-186  1166-1205(2034)
480 tr|A0A0L0H6I0|A0A0L0H6I0_SPIPN  26.7 1.4E+02 0.00069   40.0   0.0   32  237-268  1008-1039(1296)
481 tr|A0A0D9W2K4|A0A0D9W2K4_9ORYZ  26.6 2.1E+02 0.00069   31.8   0.0   80  242-323   285-365 (382)
482 tr|A8MBD3|A8MBD3_CALMQ Chromos  26.5 1.9E+02  0.0007   34.3   0.0   65  252-319   281-346 (465)
483 tr|A0A1D9G5X2|A0A1D9G5X2_9CYAN  26.4 1.7E+02  0.0007   39.5   0.0   23  254-276   993-1015(1358)
484 tr|C5CDY3|C5CDY3_KOSOT Binding  26.4 1.7E+02  0.0007   37.9   0.0   66  120-186   298-363 (923)
485 tr|A0A0V8JAA3|A0A0V8JAA3_9BACI  26.3 1.7E+02 0.00071   34.7   0.0  132  153-287   186-338 (410)
486 tr|E1BPX8|E1BPX8_BOVIN Unchara  26.3 1.9E+02 0.00071   40.0   0.0  185  152-343   933-1126(1942)
487 tr|V8P2J6|V8P2J6_OPHHA Unchara  26.3 1.8E+02 0.00071   35.4   0.0   82  112-193   111-193 (522)
488 tr|G4RLH3|G4RLH3_THETK Unchara  26.3 1.9E+02 0.00071   29.8   0.0   30  112-141    64-93  (158)
489 tr|A0A067RBJ4|A0A067RBJ4_ZOONE  26.1   2E+02 0.00072   38.3   0.0   18   76-93   1067-1084(1425)
490 tr|D3RYZ3|D3RYZ3_FERPA PaREP15  26.1 2.1E+02 0.00072   30.1   0.0   84  109-192   126-211 (219)
491 tr|A0A1G1LVR9|A0A1G1LVR9_9BACT  26.1 2.2E+02 0.00072   30.2   0.0   77  234-311    29-114 (262)
492 tr|A0A0F9PB87|A0A0F9PB87_9ZZZZ  26.0 2.1E+02 0.00072   32.3   0.0   72  246-323   124-195 (337)
493 tr|A0A0L1IJA9|A0A0L1IJA9_9MOLU  26.0 2.1E+02 0.00072   36.0   0.0   57  157-213   235-291 (929)
494 tr|A0A0N8IAW3|A0A0N8IAW3_9MOLU  26.0 1.8E+02 0.00072   38.3   0.0  164  159-350   621-786 (1095)
495 tr|A0A0V8HBN8|A0A0V8HBN8_9BACI  26.0 2.2E+02 0.00072   27.5   0.0   31  159-189    74-104 (136)
496 tr|A0A182JZ19|A0A182JZ19_9DIPT  25.9 1.9E+02 0.00073   36.0   0.0   81  242-322   457-541 (626)
497 tr|A0A1V1SYF7|A0A1V1SYF7_9FUNG  25.9 2.2E+02 0.00073   32.7   0.0   89  152-240   370-458 (512)
498 tr|A0A1A3S4G6|A0A1A3S4G6_MYCFO  25.8   2E+02 0.00073   34.1   0.0   86  104-194   205-290 (451)
499 tr|A0A0M3JKJ8|A0A0M3JKJ8_ANISI  25.8 2.2E+02 0.00073   25.9   0.0   46  250-295     1-47  (95)
500 tr|A0A228DJN9|A0A228DJN9_9BURK  25.8 2.2E+02 0.00073   25.7   0.0   50  250-299    29-78  (92)

