/storage/htc/bdm/zhiye/DNCON4
2019-08-09 11:23:43.169322: I tensorflow/core/platform/cpu_feature_guard.cc:141] Your CPU supports instructions that this TensorFlow binary was not compiled to use: AVX2 FMA
2019-08-09 11:23:43.370193: I tensorflow/core/common_runtime/gpu/gpu_device.cc:1392] Found device 0 with properties: 
name: GeForce GTX 1080 Ti major: 6 minor: 1 memoryClockRate(GHz): 1.582
pciBusID: 0000:03:00.0
totalMemory: 10.92GiB freeMemory: 10.77GiB
2019-08-09 11:23:43.371015: I tensorflow/core/common_runtime/gpu/gpu_device.cc:1471] Adding visible gpu devices: 0
2019-08-09 11:23:43.860831: I tensorflow/core/common_runtime/gpu/gpu_device.cc:952] Device interconnect StreamExecutor with strength 1 edge matrix:
2019-08-09 11:23:43.862036: I tensorflow/core/common_runtime/gpu/gpu_device.cc:958]      0 
2019-08-09 11:23:43.862843: I tensorflow/core/common_runtime/gpu/gpu_device.cc:971] 0:   N 
2019-08-09 11:23:43.863659: I tensorflow/core/common_runtime/gpu/gpu_device.cc:1084] Created TensorFlow device (/job:localhost/replica:0/task:0/device:GPU:0 with 10422 MB memory) -> physical GPU (device: 0, name: GeForce GTX 1080 Ti, pci bus id: 0000:03:00.0, compute capability: 6.1)
Model dir: /storage/htc/bdm/zhiye/DNCON4/models/pretrain/res152_deepcov_plm/
Find gloabl path : /storage/htc/bdm/zhiye/DNCON4/

######################################
佛祖保佑，永不迨机，永无bug，精度九十九
######################################

Total Number to predict =  33
######## Loading existing weights  /storage/htc/bdm/zhiye/DNCON4/models/pretrain/res152_deepcov_plm//model-train-weight-RES-best-val.h5
start predict T1019s1 58
start predict T1008 80
start predict T1015s1 89
start predict T0958 96
start predict T0986s1 96
start predict T0970 97
start predict T0980s1 111
start predict T0968s2 116
start predict T0992 126
start predict T0968s1 126
start predict T1017s2 129
start predict T1001 140
start predict T0986s2 155
start predict T0957s2 164
start predict T0998 166
start predict T0949 183
start predict T1010 210
start predict T0997 228
start predict T1022s1 229
start predict T0989 246
start predict T0953s2 249
start predict T1021s3 295
start predict T0975 343
start predict T0950 353
start predict T1005 364
start predict T0963 372
start predict T0960 384
start predict T0987 405
start predict T0978 416
start predict T0969 487
start predict T1000 523
start predict T0990 552
start predict T0981 640
Use coneva to evaluated. It may take 1 or 2 minutes.....

(｡･ω･｡)ﾉ♡ (｡･ω･｡)ﾉ♡ (｡･ω･｡)ﾉ♡ (｡･ω･｡)ﾉ♡ (｡･ω･｡)ﾉ♡ (｡･ω･｡)ﾉ♡ (｡･ω･｡)ﾉ♡ (｡･ω･｡)ﾉ♡ (｡･ω･｡)ﾉ♡ (｡･ω･｡)ﾉ♡ (｡･ω･｡)ﾉ♡ (｡･ω･｡)ﾉ♡ (｡･ω･｡)ﾉ♡ (｡･ω･｡)ﾉ♡ (｡･ω･｡)ﾉ♡ (｡･ω･｡)ﾉ♡ (｡･ω･｡)ﾉ♡ (｡･ω･｡)ﾉ♡ (｡･ω･｡)ﾉ♡ (｡･ω･｡)ﾉ♡ (｡･ω･｡)ﾉ♡ (｡･ω･｡)ﾉ♡ (｡･ω･｡)ﾉ♡ (｡･ω･｡)ﾉ♡ (｡･ω･｡)ﾉ♡ (｡･ω･｡)ﾉ♡ (｡･ω･｡)ﾉ♡ (｡･ω･｡)ﾉ♡ (｡･ω･｡)ﾉ♡ (｡･ω･｡)ﾉ♡ (｡･ω･｡)ﾉ♡ (｡･ω･｡)ﾉ♡ (｡･ω･｡)ﾉ♡ Using TensorFlow backend.

PRECISION                     Top-5     Top-L/10  Top-L/5   Top-L/2   Top-L     Top-2L    
T1019s1.rr (precision)        60.00     50.00     25.00     10.34     10.34     7.76 T1019s1-D1.pdb
T1008.rr (precision)          20.00     12.50     20.00     17.95     10.39     6.49 T1008-D1.pdb
T1015s1.rr (precision)        80.00     77.78     61.11     56.82     37.50     25.57 T1015s1-D1.pdb
T0958.rr (precision)          100.00    100.00    66.67     43.59     29.87     18.18 T0958-D1.pdb
T0986s1.rr (precision)        100.00    66.67     77.78     52.17     32.61     20.11 T0986s1-D1.pdb
T0970.rr (precision)          100.00    100.00    94.12     86.05     65.88     37.65 T0970-D1.pdb
T0980s1.rr (precision)        80.00     80.00     76.19     51.92     33.65     20.19 T0980s1-D1.pdb
T0968s2.rr (precision)        60.00     50.00     56.52     37.93     26.09     16.52 T0968s2-D1.pdb
T0992.rr (precision)          100.00    100.00    100.00    81.48     68.22     42.99 T0992-D1.pdb
T0968s1.rr (precision)        100.00    50.00     33.33     13.56     9.32      9.75 T0968s1-D1.pdb
T1017s2.rr (precision)        100.00    92.31     68.00     34.92     24.80     14.00 T1017s2-D1.pdb
T1001.rr (precision)          100.00    100.00    78.57     44.29     27.34     15.11 T1001-D1.pdb
T0986s2.rr (precision)        0.00      18.75     35.48     51.28     42.58     30.00 T0986s2-D1.pdb
T0957s2.rr (precision)        80.00     50.00     48.39     34.62     22.58     14.84 T0957s2-D1.pdb
T0998.rr (precision)          20.00     41.18     48.48     34.94     21.08     11.75 T0998-D1.pdb
T0949.rr (precision)          100.00    100.00    100.00    98.46     88.37     62.40 T0949-D1.pdb
T1010.rr (precision)          100.00    71.43     69.05     61.90     41.90     31.43 T1010-D1.pdb
T0997.rr (precision)          100.00    94.74     94.59     83.87     61.62     41.89 T0997-D1.pdb
T1022s1.rr (precision)        100.00    93.75     83.87     74.36     60.90     41.67 T1022s1-D1.pdb
T0989.rr (precision)          100.00    72.73     68.18     28.57     16.07     10.27 T0989-D2.pdb
T0989.rr (precision)          60.00     69.23     66.67     40.30     20.90     12.69 T0989-D1.pdb
T0953s2.rr (precision)        75.00     60.00     55.56     36.36     34.09     21.59 T0953s2-D1.pdb
T1021s3.rr (precision)        0.00      20.00     21.05     20.41     17.53     12.37 T1021s3-D2.pdb
T1021s3.rr (precision)        100.00    82.35     87.88     90.36     72.89     48.49 T1021s3-D1.pdb
T0975.rr (precision)          80.00     75.00     62.50     48.94     38.79     25.98 T0975-D1.pdb
T0950.rr (precision)          100.00    100.00    100.00    80.12     53.22     33.33 T0950-D1.pdb
T1005.rr (precision)          100.00    93.94     89.23     79.14     60.12     39.42 T1005-D1.pdb
T0963.rr (precision)          0.00      0.00      6.25      2.44      1.22      4.88 T0963-D2.pdb
T0960.rr (precision)          0.00      0.00      5.88      7.14      8.33      7.14 T0960-D2.pdb
T0987.rr (precision)          100.00    94.44     83.78     70.65     53.26     36.61 T0987-D1.pdb
T0987.rr (precision)          100.00    90.00     87.18     74.49     53.06     33.93 T0987-D2.pdb
T0978.rr (precision)          100.00    90.24     87.95     67.15     48.43     31.48 T0978-D1.pdb
T0969.rr (precision)          100.00    100.00    97.18     85.31     64.12     42.80 T0969-D1.pdb
T1000.rr (precision)          100.00    97.30     95.95     90.22     78.26     56.25 T1000-D2.pdb
T0990.rr (precision)          60.00     57.14     44.19     32.71     23.00     15.49 T0990-D3.pdb
T0990.rr (precision)          40.00     37.50     26.67     21.05     18.42     12.50 T0990-D1.pdb
T0981.rr (precision)          20.00     5.00      4.88      7.84      6.40      7.14 T0981-D3.pdb
AVERAGE                       73.92     67.40     62.92     50.10     37.38     24.88    

END, Have Fun!

slurmstepd: error: Exceeded step memory limit at some point.
