Query         T0771 SP17061B - BACUNI_01052, Bacteroides uniformis ATCC 8492, 204 residues
Match_columns 204
No_of_seqs    33 out of 36
Neff          4.04249
Searched_HMMs 3150
Date          Thu Aug  8 02:20:50 2019
Command       /storage/htc/bdm/zhiye/DNCON4_db_tools/tools//hhsuite-3.0-beta.3-Linux/bin/hhblits -i T0771.fasta -d /storage/htc/bdm/zhiye/DNCON4_db_tools/databases//uniclust30_2017_10/uniclust30_2017_10 -oa3m T0771.a3m -cpu 8 -n 3 -diff inf -e 0.001 -id 99 -cov 50 

 No Hit                             Prob E-value P-value  Score    SS Cols Query HMM  Template HMM
  1 tr|E5V691|E5V691_9BACE Unchara 100.0 2.8E-79   1E-84  519.4   0.0  204    1-204     1-204 (204)
  2 tr|A0A174WW42|A0A174WW42_BACT4 100.0   1E-71 4.4E-77  471.3   0.0  176    1-191     1-181 (181)
  3 tr|A0A143XUJ1|A0A143XUJ1_9BACT 100.0 3.1E-44 1.3E-49  308.2   0.0  168    1-185     1-174 (199)
  4 tr|R6E3Q5|R6E3Q5_9BACE Unchara  99.8 8.9E-24 2.9E-29  170.4   0.0   88   91-178    34-121 (121)
  5 tr|R6KJ52|R6KJ52_9BACE Unchara  98.9   1E-11 3.3E-17   94.4   0.0   41   29-70     21-61  (69)
  6 tr|G5H595|G5H595_9BACT Unchara  97.2 1.1E-05 3.8E-11   73.8   0.0  136   34-174    40-178 (204)
  7 tr|A0A1Y3W1E8|A0A1Y3W1E8_9BACT  96.9 5.9E-05 1.9E-10   69.5   0.0  126   29-171    17-161 (218)
  8 tr|F9Z5V9|F9Z5V9_ODOSD Unchara  96.2  0.0007 2.4E-09   61.8   0.0  144   34-182    21-168 (180)
  9 tr|A0A1U7LBH8|A0A1U7LBH8_9BACT  95.6  0.0039 1.3E-08   56.6   0.0  125    1-162     1-132 (166)
 10 tr|A0A1W2BLH3|A0A1W2BLH3_9SPHI  95.3   0.007 2.3E-08   56.0   0.0  144    1-167     1-150 (188)
 11 tr|A0A1F3GJ73|A0A1F3GJ73_9BACT  93.4   0.076 2.5E-07   45.3   0.0   63  124-187    22-86  (93)
 12 tr|A0A1U7LCD1|A0A1U7LCD1_9BACT  93.1   0.093 3.1E-07   50.0   0.0   75   98-173    77-155 (213)
 13 tr|S4WAD1|S4WAD1_9BACT Unchara  92.7    0.13 4.3E-07   36.0   0.0   26    1-28      1-26  (29)
 14 tr|A0A1U7L8E1|A0A1U7L8E1_9BACT  92.4    0.13 5.2E-07   50.1   0.0  148    1-169     1-151 (223)
 15 tr|F0RBM8|F0RBM8_CELLC Unchara  92.0    0.12 6.7E-07   47.1   0.0   48    1-48      1-51  (155)
 16 tr|D5BHZ3|D5BHZ3_ZUNPS Unchara  91.5     0.2 8.6E-07   47.6   0.0   87    1-87      2-120 (182)
 17 tr|F6GJM0|F6GJM0_LACS5 Unchara  91.5    0.25 8.7E-07   43.3   0.0   28    1-28      1-29  (104)
 18 tr|G0L2D2|G0L2D2_ZOBGA Hypothe  91.4    0.16 8.9E-07   48.1   0.0   26    1-26      1-26  (206)
 19 tr|A0A0F2Q430|A0A0F2Q430_9CLOT  90.6    0.39 1.3E-06   42.5   0.0   31    4-39      9-39  (112)
 20 tr|A0A1Q4GAG1|A0A1Q4GAG1_9SPHI  90.5    0.38 1.4E-06   46.1   0.0   50  119-168    91-140 (192)
 21 tr|A0A0N0ZWV0|A0A0N0ZWV0_9FLAO  90.3    0.27 1.5E-06   46.0   0.0   39    1-40      1-39  (182)
 22 tr|A0A239B7Q9|A0A239B7Q9_9FLAO  90.1    0.47 1.6E-06   38.9   0.0   28    1-28      1-28  (66)
 23 tr|A0A0D1Y280|A0A0D1Y280_ANEMI  89.6    0.47 1.9E-06   42.1   0.0   61    1-69      1-68  (106)
 24 tr|A0A096C3Z6|A0A096C3Z6_9BACT  89.5    0.56   2E-06   48.6   0.0   62    1-62      1-63  (373)
 25 tr|H7EL25|H7EL25_9SPIO Putativ  89.4    0.61   2E-06   34.3   0.0   23    1-23      1-24  (35)
 26 tr|A0A110B0Y4|A0A110B0Y4_9SPHI  89.3    0.58 2.1E-06   47.1   0.0  147    1-156     1-170 (275)
 27 tr|A0A099KLB1|A0A099KLB1_COLPS  89.0    0.67 2.4E-06   37.6   0.0   33    1-41      4-36  (59)
 28 tr|A0A0R2RWS3|A0A0R2RWS3_9FLAO  87.9    0.79 3.2E-06   44.8   0.0   30    1-30      2-31  (205)
 29 tr|A0A0J1YUZ2|A0A0J1YUZ2_9ENTR  87.8       1 3.3E-06   41.0   0.0  117    1-139     1-119 (127)
 30 tr|A0A1Y3VY20|A0A1Y3VY20_9BACT  87.7       1 3.4E-06   42.4   0.0   63  104-170    78-140 (164)
 31 tr|A0A1E5T182|A0A1E5T182_9BACT  87.7     0.8 3.4E-06   42.3   0.0  124    1-142     1-131 (136)
 32 tr|F8N7S3|F8N7S3_9BACT Unchara  87.5    0.92 3.5E-06   41.1   0.0   28    1-28      1-28  (117)
 33 tr|A0A1Y4MYQ8|A0A1Y4MYQ8_9FIRM  87.4     1.1 3.7E-06   39.1   0.0   49   22-74     33-81  (95)
 34 tr|A0A0B0HFW0|A0A0B0HFW0_9BACI  87.3     1.2 3.8E-06   37.0   0.0   60    1-70      1-60  (68)
 35 tr|A0A080K0E2|A0A080K0E2_9NEIS  86.6     1.3 4.4E-06   32.1   0.0   20    1-20      1-20  (32)
 36 tr|A0A1Q6HZG3|A0A1Q6HZG3_BACUN  86.2     1.5 4.9E-06   41.9   0.0   20    1-20      1-20  (172)
 37 tr|H1HLS4|H1HLS4_9BACT Unchara  85.7     1.1 5.4E-06   44.2   0.0   21    1-21      1-21  (232)
 38 tr|I4A1N3|I4A1N3_ORNRL Unchara  85.4     1.8 5.8E-06   40.2   0.0   42    1-42      1-42  (141)
 39 tr|A0A135WL56|A0A135WL56_9FLAO  84.9     1.2 6.5E-06   42.6   0.0   47    1-54     10-56  (194)
 40 tr|D7JDX5|D7JDX5_9BACT Unchara  84.9     1.7 6.5E-06   43.7   0.0   23    1-23      6-28  (241)
 41 tr|A0A0G1XP57|A0A0G1XP57_9BACT  84.8       2 6.6E-06   39.7   0.0   72    1-72     17-93  (136)
 42 tr|A0A1Q3WQY6|A0A1Q3WQY6_9BACT  84.7       2 6.7E-06   38.7   0.0   65    1-76      1-66  (115)
 43 tr|A0A1M6WDJ1|A0A1M6WDJ1_9FLAO  84.5     2.1 6.9E-06   39.6   0.0   31    1-47      1-31  (138)
 44 tr|A0A0Q9AC45|A0A0Q9AC45_9FLAO  84.5     1.8 6.9E-06   37.5   0.0   30    1-30      1-30  (85)
 45 tr|A0A0F5MP44|A0A0F5MP44_9RICK  84.3     2.2 7.2E-06   41.0   0.0   94    1-113     1-94  (185)
 46 tr|M6TSY9|M6TSY9_LEPIR Unchara  84.3     2.2 7.2E-06   38.1   0.0   29    1-35      1-29  (106)
 47 tr|F5IUM8|F5IUM8_9PORP Unchara  83.9     1.5 7.7E-06   44.1   0.0   75    1-76      1-79  (274)
 48 tr|B7BGH1|B7BGH1_9PORP Unchara  83.8     2.4 7.8E-06   32.8   0.0   26    1-26      1-27  (43)
 49 tr|A0A0Q5T9R0|A0A0Q5T9R0_9SPHI  83.8     1.8 7.9E-06   40.6   0.0   63    1-66      1-70  (145)
 50 tr|A0A1W1YSZ3|A0A1W1YSZ3_9FIRM  83.8     2.4 7.9E-06   36.3   0.0   51    1-57      1-59  (80)
 51 tr|A0A085ZHE9|A0A085ZHE9_9FLAO  83.6     1.8 8.2E-06   40.5   0.0   20    1-20      1-20  (145)
 52 tr|A0A0H5B791|A0A0H5B791_PREIN  83.4       2 8.5E-06   43.4   0.0   37    1-37      1-37  (252)
 53 tr|A0A1J4VX91|A0A1J4VX91_9ARCH  83.0     2.7   9E-06   36.7   0.0   41    1-54     11-52  (90)
 54 tr|A0A068LQX7|A0A068LQX7_9ZZZZ  82.9     2.8 9.2E-06   30.9   0.0   26    1-26      1-26  (33)
 55 tr|A0A179DCK7|A0A179DCK7_9SPHI  82.8     2.5 9.3E-06   39.0   0.0   34    1-34      6-39  (126)
 56 tr|A0A081D6I0|A0A081D6I0_9FLAO  82.7     2.9 9.5E-06   31.8   0.0   20    1-20      1-20  (39)
 57 tr|A0A061AF32|A0A061AF32_9MOLU  82.4       3   1E-05   35.0   0.0   54    1-54      1-55  (69)
 58 tr|D3I633|D3I633_9BACT Unchara  82.1     2.5   1E-05   42.2   0.0   22    1-22      1-22  (226)
 59 tr|A0A095SXN8|A0A095SXN8_9FLAO  82.1       2   1E-05   38.3   0.0   46    1-47      1-48  (115)
 60 tr|A0A174LRK0|A0A174LRK0_9FIRM  81.9     3.2 1.1E-05   38.3   0.0   18    1-20      1-18  (132)
 61 tr|A0A1M4THV3|A0A1M4THV3_9SPHI  81.8       3 1.1E-05   37.7   0.0   48    1-60      1-48  (106)
 62 tr|A0A1M3NLN0|A0A1M3NLN0_9RHIZ  81.8     3.3 1.1E-05   36.5   0.0   28    1-28      1-29  (95)
 63 tr|R6AR30|R6AR30_9BACT Unchara  81.7     2.8 1.1E-05   39.1   0.0   52    1-54      1-71  (132)
 64 tr|A0A0B8T4D3|A0A0B8T4D3_9SPHI  81.2     2.9 1.2E-05   37.7   0.0   20    1-20      1-20  (106)
 65 tr|W5T0C7|W5T0C7_BORHE Unchara  81.1     3.5 1.2E-05   31.7   0.0   33    1-39      1-33  (40)
 66 tr|A0A1E7QBE1|A0A1E7QBE1_9FLAO  81.0     2.6 1.2E-05   40.8   0.0   51    1-54      1-51  (184)
 67 tr|A0A1Y3VT14|A0A1Y3VT14_9BACT  80.9     3.8 1.2E-05   41.4   0.0   46  101-147    96-143 (267)
 68 tr|A0A0S8H5Z4|A0A0S8H5Z4_9BACE  80.9     2.2 1.3E-05   40.1   0.0  128    1-145     1-135 (175)
 69 tr|U5BR23|U5BR23_9BACT Unchara  80.8     3.1 1.3E-05   39.6   0.0   20    1-20      1-20  (155)
 70 tr|A0A173MCH7|A0A173MCH7_9BACT  80.8     2.9 1.3E-05   38.8   0.0   20    1-20      1-20  (132)
 71 tr|A0RPV2|A0RPV2_CAMFF Unchara  80.6     3.3 1.3E-05   34.2   0.0   48    1-54      1-48  (60)
 72 tr|A0A0U3EK42|A0A0U3EK42_9EURY  80.6     3.4 1.3E-05   40.4   0.0   74    1-78      1-75  (185)
 73 tr|R6YSZ9|R6YSZ9_9BACE Unchara  80.6       4 1.3E-05   34.4   0.0   20    1-20      1-20  (69)
 74 tr|U7GLT3|U7GLT3_9ALTE Unchara  80.4       4 1.3E-05   38.1   0.0   22    1-22     30-52  (141)
 75 tr|R5KCV8|R5KCV8_9CLOT Unchara  80.4     4.1 1.3E-05   37.0   0.0   64    1-73      1-64  (115)
 76 tr|E3EJI5|E3EJI5_PAEPS Unchara  80.2     3.1 1.4E-05   36.2   0.0   47    1-47      1-52  (87)
 77 tr|R5P236|R5P236_9BACT Unchara  80.2     4.1 1.4E-05   39.2   0.0   20    1-20      1-20  (177)
 78 tr|A0A1W2AT04|A0A1W2AT04_9FIRM  80.2     4.2 1.4E-05   41.3   0.0   29    1-29      1-30  (275)
 79 tr|I2GIH1|I2GIH1_9BACT Unchara  80.2     3.5 1.4E-05   38.5   0.0   26    1-26      1-26  (132)
 80 tr|A0A1T5CP04|A0A1T5CP04_9BACT  80.0       4 1.4E-05   37.5   0.0   30    1-30      1-32  (118)
 81 tr|A0A068LK12|A0A068LK12_9ZZZZ  79.9     4.3 1.4E-05   34.1   0.0   23    1-24      1-24  (68)
 82 tr|J6HFV3|J6HFV3_9FIRM Unchara  79.5     4.6 1.5E-05   35.5   0.0   36   37-72     32-67  (90)
 83 tr|K2C8H6|K2C8H6_9ZZZZ Unchara  79.4     4.3 1.5E-05   38.1   0.0   52    1-52      1-64  (135)
 84 tr|S7VQW8|S7VQW8_9FLAO Unchara  79.4     4.6 1.5E-05   31.2   0.0   23    1-23      1-24  (42)
 85 tr|A3XGB4|A3XGB4_LEEBM Unchara  79.2     4.8 1.6E-05   36.0   0.0   27    1-27      1-27  (102)
 86 tr|A0A1G1MME4|A0A1G1MME4_9BACT  78.8       5 1.6E-05   36.8   0.0   32    1-33      1-33  (120)
 87 tr|G6EXN4|G6EXN4_9PROT Unchara  78.8     3.5 1.7E-05   39.1   0.0   28    1-28      1-28  (156)
 88 tr|J2KJL2|J2KJL2_9FLAO Unchara  78.6     3.7 1.7E-05   38.4   0.0   80    1-88      1-82  (140)
 89 tr|R5U3W6|R5U3W6_9FIRM Unchara  78.6     3.1 1.7E-05   39.0   0.0   69    1-69     13-84  (164)
 90 tr|A0A1Q6IU68|A0A1Q6IU68_9BACT  78.5     5.2 1.7E-05   37.8   0.0   20    1-20      1-20  (150)
 91 tr|Q11P99|Q11P99_CYTH3 Unchara  78.4       3 1.7E-05   38.1   0.0   54    1-54      1-59  (145)
 92 tr|A0A1M3E4D6|A0A1M3E4D6_9BACT  78.3     3.7 1.7E-05   38.6   0.0   53    1-53      1-54  (147)
 93 tr|A0A127VFJ9|A0A127VFJ9_9SPHI  78.3     3.5 1.8E-05   39.9   0.0   47    1-62      1-47  (187)
 94 tr|L1NIE8|L1NIE8_9BACT Unchara  78.1     4.5 1.8E-05   43.7   0.0   73    1-86      1-83  (421)
 95 tr|A0A1Z8QY33|A0A1Z8QY33_9BACT  78.1     5.4 1.8E-05   33.0   0.0   24    1-24      1-24  (61)
 96 tr|A0A133XHZ8|A0A133XHZ8_9RHOO  78.1     5.5 1.8E-05   39.5   0.0   57    1-65      1-57  (219)
 97 tr|R5NGA1|R5NGA1_9BACT Unchara  78.0       5 1.8E-05   38.2   0.0   60    1-68      1-60  (150)
 98 tr|A0A1Q6XLP3|A0A1Q6XLP3_9BACT  78.0     5.5 1.8E-05   32.9   0.0   27    1-27      1-27  (61)
 99 tr|U5Q3B7|U5Q3B7_9BACT Unchara  78.0     4.2 1.8E-05   40.9   0.0   66    1-66      3-81  (232)
100 tr|A0A1J5K8B9|A0A1J5K8B9_9FLAO  77.9     4.6 1.8E-05   37.4   0.0   52    1-53      1-52  (124)
101 tr|A0A165MT75|A0A165MT75_9BACL  77.8     5.7 1.9E-05   36.1   0.0   73    1-74      1-82  (112)
102 tr|A0A1J4SJ21|A0A1J4SJ21_9BACT  77.7     5.7 1.9E-05   33.8   0.0   22    1-22      1-22  (73)
103 tr|H4L7F2|H4L7F2_ECOLX YadK do  77.7     5.3 1.9E-05   32.5   0.0   19    1-19      9-28  (54)
104 tr|A7ZAY5|A7ZAY5_CAMC1 Unchara  77.7     5.4 1.9E-05   38.1   0.0   44    1-44      1-45  (152)
105 tr|A0A1N7VFC4|A0A1N7VFC4_ECOLX  77.5     5.8 1.9E-05   34.7   0.0   69    1-71      1-70  (87)
106 tr|A4ART1|A4ART1_MARSH Unchara  77.4     4.1   2E-05   34.8   0.0   21    1-21      1-21  (80)
107 tr|A0A0C1IIP8|A0A0C1IIP8_9BACT  77.4     5.9   2E-05   32.8   0.0   46    1-54      1-46  (61)
108 tr|Q9ZXD6|Q9ZXD6_BPPH1 ORF47 O  77.3       5   2E-05   39.6   0.0   53    1-66      1-53  (191)
109 tr|B7VQ13|B7VQ13_VIBTL Putativ  77.1       4   2E-05   35.8   0.0   47    1-47      1-47  (98)
110 tr|N0BGK1|N0BGK1_9EURY Unchara  77.0     6.2 2.1E-05   40.1   0.0   40    1-54      1-40  (270)
111 tr|B8FKN7|B8FKN7_DESAA Unchara  76.9     6.3 2.1E-05   34.7   0.0   53    1-53      1-56  (90)
112 tr|A0A1M5UGV2|A0A1M5UGV2_9FLAO  76.7     6.4 2.1E-05   38.4   0.0   46    1-49     57-110 (188)
113 tr|C6C263|C6C263_DESAD Unchara  76.7     5.6 2.1E-05   39.3   0.0   38    1-53      1-38  (192)
114 tr|A0A075JUI7|A0A075JUI7_9BACI  76.6     4.5 2.1E-05   37.4   0.0   26    1-26      1-26  (131)
115 tr|A0A0P7AIW5|A0A0P7AIW5_9FLAO  76.4     6.1 2.2E-05   34.9   0.0   72    1-78      8-79  (87)
116 tr|C2M899|C2M899_CAPGI Unchara  76.3     5.1 2.2E-05   39.5   0.0   20    1-20      1-20  (195)
117 tr|A0A0U0VD77|A0A0U0VD77_STAHA  76.3     6.7 2.2E-05   36.4   0.0   24  165-188    64-87  (128)
118 tr|A0A1R4ECJ5|A0A1R4ECJ5_9GAMM  76.3     6.7 2.2E-05   36.7   0.0   50    1-50      1-50  (137)
119 tr|M9LNV7|M9LNV7_PAEPP Outer m  76.2     6.6 2.2E-05   34.7   0.0   51    1-54      1-55  (91)
120 tr|N1JQA8|N1JQA8_9BACT Unchara  76.2     6.8 2.2E-05   33.0   0.0   44    1-44      1-47  (67)
121 tr|A0A1M3H3B4|A0A1M3H3B4_9SPHI  76.0     6.9 2.3E-05   32.5   0.0   25    6-30      8-32  (62)
122 tr|B0MZP4|B0MZP4_9BACT Unchara  75.8       7 2.3E-05   37.5   0.0   33    1-33      1-37  (165)
123 tr|A0A085EM97|A0A085EM97_9FLAO  75.8     6.1 2.3E-05   37.6   0.0   64    1-67      1-64  (144)
124 tr|A0A1G3THT6|A0A1G3THT6_9HELI  75.8     7.1 2.3E-05   38.2   0.0   23    1-23      1-23  (192)
125 tr|A0A1B8QU03|A0A1B8QU03_9PAST  75.8     6.5 2.3E-05   30.7   0.0   19    1-19      1-19  (42)
126 tr|A0A0B7GYB5|A0A0B7GYB5_TREPH  75.7     7.1 2.4E-05   33.3   0.0   18   56-73     41-58  (73)
127 tr|A0A167H2K4|A0A167H2K4_9FLAO  75.7     5.1 2.4E-05   43.3   0.0   52    1-54      2-58  (429)
128 tr|A8PF32|A8PF32_COPC7 Unchara  75.6     7.2 2.4E-05   35.5   0.0   40    1-40      1-43  (112)
129 tr|R6ZNS5|R6ZNS5_9BACE Unchara  75.6     5.2 2.4E-05   39.6   0.0   26    1-26      1-26  (204)
130 tr|A0A1Q3ZE07|A0A1Q3ZE07_9FLAO  75.6     6.5 2.4E-05   38.2   0.0   24    1-24      1-24  (168)
131 tr|A0A1J0KVQ0|A0A1J0KVQ0_9GAMM  75.4     7.4 2.4E-05   34.9   0.0   40    1-40     17-59  (101)
132 tr|A0A0V1QUR9|A0A0V1QUR9_9FLAO  75.3     5.4 2.5E-05   38.3   0.0   44    1-46      1-44  (162)
133 tr|A0A090T6M1|A0A090T6M1_9VIBR  75.2     7.5 2.5E-05   32.2   0.0   23    1-24      1-23  (60)
134 tr|A0A1C6M848|A0A1C6M848_9NEIS  75.1     7.6 2.5E-05   34.5   0.0   52    1-54      1-57  (94)
135 tr|A0A1H2BVJ1|A0A1H2BVJ1_9SPHI  75.0     7.1 2.5E-05   36.8   0.0   20    1-20      1-20  (135)
136 tr|R7NPF8|R7NPF8_9BACE Unchara  75.0     4.7 2.5E-05   37.6   0.0   24    1-24      1-25  (152)
137 tr|K5DFZ1|K5DFZ1_9BACE Unchara  74.9     7.8 2.6E-05   37.4   0.0   38    1-45      1-38  (172)
138 tr|A0A226HWF6|A0A226HWF6_9FLAO  74.8     7.8 2.6E-05   35.7   0.0   26    1-29      1-26  (120)
139 tr|A0A072ZFY5|A0A072ZFY5_CORGT  74.5     8.1 2.7E-05   35.8   0.0   46    1-54      1-46  (125)
140 tr|R7ZX41|R7ZX41_9BACT Unchara  74.4     5.2 2.7E-05   38.4   0.0   25    1-25      1-25  (178)
141 tr|A0A1W9PR86|A0A1W9PR86_9CHLR  74.4     8.1 2.7E-05   35.7   0.0   32    2-33      4-36  (122)
142 tr|A0A0M9DS45|A0A0M9DS45_9BACT  74.4     7.4 2.7E-05   37.7   0.0   38    1-51      1-38  (165)
143 tr|X0XZ14|X0XZ14_9ZZZZ Unchara  74.4     8.2 2.7E-05   29.2   0.0   11   15-25     23-33  (36)
144 tr|X1D9P8|X1D9P8_9ZZZZ Unchara  74.4     8.2 2.7E-05   34.5   0.0   51    1-62      1-55  (97)
145 tr|A0A0F9IRH7|A0A0F9IRH7_9ZZZZ  74.3     8.2 2.7E-05   34.2   0.0   20    1-20      1-20  (91)
146 tr|X0T670|X0T670_9ZZZZ Unchara  74.3     8.2 2.7E-05   33.3   0.0   64    1-79      1-64  (78)
147 tr|A0A1A7KI05|A0A1A7KI05_9FLAO  74.2     6.2 2.8E-05   36.6   0.0   22    1-22      1-22  (126)
148 tr|A0A0F9NP14|A0A0F9NP14_9ZZZZ  74.2     8.3 2.8E-05   35.0   0.0   32    1-54      1-32  (109)
149 tr|A5FL42|A5FL42_FLAJ1 Hypothe  74.1     8.4 2.8E-05   33.6   0.0   61    1-64      1-62  (82)
150 tr|K2C7Y1|K2C7Y1_9ZZZZ Unchara  73.9     8.6 2.8E-05   34.8   0.0   40    1-41      1-40  (105)
151 tr|U2UJG6|U2UJG6_9FUSO Unchara  73.8     6.1 2.9E-05   32.2   0.0   22    1-22      2-23  (59)
152 tr|N8Y0I3|N8Y0I3_ACIBA Unchara  73.8     8.7 2.9E-05   34.3   0.0   36    1-38      1-36  (97)
153 tr|A0A1E5TES3|A0A1E5TES3_9FLAO  73.7     7.2 2.9E-05   36.3   0.0   51    1-53      1-52  (123)
154 tr|K2BQB8|K2BQB8_9ZZZZ Unchara  73.6     8.2 2.9E-05   32.3   0.0   46    1-48      1-46  (62)
155 tr|F0ID70|F0ID70_9FLAO Unchara  73.6     8.9 2.9E-05   32.4   0.0   36    1-49      9-44  (67)
156 tr|A0A1M6W5G4|A0A1M6W5G4_9BACT  73.5     8.9 2.9E-05   33.4   0.0   24    1-24      1-24  (81)
157 tr|A0A1W9W9F7|A0A1W9W9F7_9CHLR  73.5       9   3E-05   34.5   0.0   49  136-184    31-81  (102)
158 tr|A0A1T4KKR3|A0A1T4KKR3_9BACT  73.5       9   3E-05   38.1   0.0   31    1-31      1-31  (217)
159 tr|A0A016G083|A0A016G083_BACFG  73.4       9   3E-05   32.1   0.0   25    1-25      1-25  (64)
160 tr|A9KCC8|A9KCC8_COXBN Unchara  73.4       9   3E-05   29.3   0.0   29    1-29      2-32  (38)
161 tr|A0A1V4H9K3|A0A1V4H9K3_9BACL  73.4       9   3E-05   33.8   0.0   20    1-20     16-35  (88)
162 tr|A0A0S7C3M2|A0A0S7C3M2_9BACT  73.3     5.4   3E-05   40.4   0.0   59    1-72      3-77  (280)
163 tr|A3J5Z8|A3J5Z8_9FLAO Unchara  73.3     6.9   3E-05   37.5   0.0   28    1-28      1-28  (155)
164 tr|I0KD22|I0KD22_9BACT Unchara  73.3     8.3   3E-05   38.5   0.0   59    1-67      7-65  (205)
165 tr|A0A074LGI0|A0A074LGI0_9BACT  73.3     5.7   3E-05   37.3   0.0   20    1-20      1-20  (156)
166 tr|A0A086AUD3|A0A086AUD3_FLAHY  73.2     6.9   3E-05   36.3   0.0   20    1-20      1-20  (125)
167 tr|A0A1I2J3B4|A0A1I2J3B4_9SPHI  73.2     9.2 3.1E-05   31.2   0.0   38    1-38      1-39  (54)
168 tr|A0A1I1V6J4|A0A1I1V6J4_9BACT  73.1     9.3 3.1E-05   29.9   0.0   10    1-10      1-10  (43)
169 tr|R5YJQ5|R5YJQ5_9BACE Unchara  72.8     9.6 3.2E-05   32.5   0.0   21    1-21      1-22  (71)
170 tr|E6KX10|E6KX10_9PAST Unchara  72.5     8.7 3.2E-05   30.1   0.0   19    1-19      1-19  (42)
171 tr|I2GQB1|I2GQB1_9BACT Unchara  72.5     7.1 3.2E-05   40.8   0.0   31    1-41      5-35  (311)
172 tr|A0A1V6FGY0|A0A1V6FGY0_9BACT  72.5     9.8 3.3E-05   36.8   0.0   57    1-77      1-57  (169)
173 tr|U2CDN0|U2CDN0_9CLOT Unchara  72.5       7 3.3E-05   35.5   0.0   53    1-54      2-60  (112)
174 tr|A0A0U2ZKN0|A0A0U2ZKN0_9FLAO  72.5     8.1 3.3E-05   44.2   0.0   27    1-27      1-27  (694)
175 tr|A0A177RE75|A0A177RE75_9BACT  72.3      10 3.3E-05   36.1   0.0   50    1-50      1-53  (149)
176 tr|L8JKY8|L8JKY8_9BACT Unchara  72.2     9.4 3.3E-05   33.2   0.0   34    1-34      1-34  (77)
177 tr|H8GV98|H8GV98_DEIGI Unchara  72.1      10 3.4E-05   31.4   0.0   38    1-46      7-44  (59)
178 tr|A0A0F9HF09|A0A0F9HF09_9ZZZZ  72.1      10 3.4E-05   42.1   0.0   24    1-24      1-24  (615)
179 tr|A0A1M6WVN9|A0A1M6WVN9_FLAJO  72.0      10 3.4E-05   29.4   0.0   20    1-20      1-20  (41)
180 tr|R6VWE8|R6VWE8_9BACT Thiol:d  72.0     7.8 3.4E-05   36.6   0.0   20    1-20      1-20  (140)
181 tr|A0A127R2Y0|A0A127R2Y0_9BURK  72.0     9.6 3.4E-05   33.6   0.0   29    1-29      1-30  (84)
182 tr|A0A136LAM2|A0A136LAM2_9BACT  71.8      10 3.5E-05   31.3   0.0   42    7-49      6-47  (58)
183 tr|K1LLJ4|K1LLJ4_9BACT Unchara  71.7     8.2 3.5E-05   40.3   0.0   38    1-46      1-40  (295)
184 tr|A0A1G0B828|A0A1G0B828_9PROT  71.5      11 3.6E-05   33.9   0.0   23    1-23      1-23  (98)
185 tr|A0A0S8B7M5|A0A0S8B7M5_9BACT  71.4      11 3.6E-05   36.8   0.0   74    1-78     14-96  (180)
186 tr|X0V3A9|X0V3A9_9ZZZZ Unchara  71.4      11 3.6E-05   33.1   0.0   19    1-19      1-19  (85)
187 tr|A0A083WUA3|A0A083WUA3_9FLAO  71.3      11 3.6E-05   33.2   0.0   25    1-25     11-35  (86)
188 tr|B9SM53|B9SM53_RICCO Putativ  71.2      11 3.7E-05   35.6   0.0   47    1-60     52-98  (141)
189 tr|A0A0F9QFB5|A0A0F9QFB5_9ZZZZ  71.2      11 3.7E-05   33.5   0.0   22    1-22      1-22  (93)
190 tr|A0A0P6C5Q9|A0A0P6C5Q9_9CRUS  71.1     9.5 3.7E-05   37.1   0.0   40    1-41      1-40  (165)
191 tr|A0A1H1PLA2|A0A1H1PLA2_9FLAO  71.0      11 3.7E-05   34.7   0.0   37    1-37      1-38  (119)
192 tr|A0A1N6VM45|A0A1N6VM45_9SPHI  70.9      11 3.7E-05   29.3   0.0   20    1-20      1-22  (41)
193 tr|A6VLT8|A6VLT8_ACTSZ Unchara  70.9     9.2 3.8E-05   32.1   0.0   30    1-30      1-30  (63)
194 tr|A0A081C9N5|A0A081C9N5_9BACT  70.9     8.7 3.8E-05   38.9   0.0   24    1-24      1-24  (228)
195 tr|A0A0M9CIZ7|A0A0M9CIZ7_9FLAO  70.8      10 3.8E-05   37.8   0.0   32    1-32      1-32  (197)
196 tr|M6FS47|M6FS47_9LEPT Unchara  70.8      11 3.8E-05   29.9   0.0   22    1-22      1-22  (47)
197 tr|A0A1F6GQ35|A0A1F6GQ35_9PROT  70.6      11 3.8E-05   37.8   0.0   22    1-22      1-23  (212)
198 tr|A0A1F4H7U3|A0A1F4H7U3_9BURK  70.6      10 3.9E-05   36.9   0.0   20    1-20      1-20  (164)
199 tr|E1KUH5|E1KUH5_9BACT Unchara  70.6      11 3.9E-05   36.5   0.0   26    1-26      1-26  (155)
200 tr|R6T471|R6T471_9BACE Unchara  70.4      11 3.9E-05   40.6   0.0   26    1-26      1-26  (396)
201 tr|R6IZB4|R6IZB4_9BACT Peptidy  70.4     9.6 3.9E-05   36.8   0.0   22    1-22      1-22  (155)
202 tr|T0DZD5|T0DZD5_PAESO Putativ  70.1      12   4E-05   29.7   0.0   20    1-20      1-20  (46)
203 tr|D1ALV4|D1ALV4_SEBTE Sel1 do  70.0     8.9 4.1E-05   39.7   0.0   27    1-27      1-27  (278)
204 tr|A0A0S7BXY3|A0A0S7BXY3_9BACT  69.9      10 4.1E-05   36.3   0.0   20    1-20      1-20  (146)
205 tr|A0A0Q2JJD9|A0A0Q2JJD9_CAMCO  69.9      12 4.1E-05   29.2   0.0   20    1-20      1-20  (40)
206 tr|A0A1D7QFH1|A0A1D7QFH1_9SPHI  69.9      10 4.1E-05   39.4   0.0   65    1-74      1-74  (274)
207 tr|A0A0Q4B6T3|A0A0Q4B6T3_9BACE  69.8      13 4.1E-05   33.7   0.0   30    1-30      1-30  (102)
208 tr|Q482V0|Q482V0_COLP3 Unchara  69.8     8.8 4.1E-05   36.2   0.0   37    1-38      1-37  (143)
209 tr|R6QK74|R6QK74_9FIRM Unchara  69.6      11 4.2E-05   36.7   0.0   60    1-66      1-63  (160)
210 tr|I4C7G6|I4C7G6_DESTA Unchara  69.5      13 4.3E-05   32.8   0.0   20    1-20      1-20  (85)
211 tr|A0A1F3QCH1|A0A1F3QCH1_9BACT  69.5      12 4.3E-05   35.7   0.0   20    1-20      1-20  (140)
212 tr|A0A223P1E9|A0A223P1E9_9SPHI  69.4      13 4.3E-05   36.1   0.0   54    1-54      1-66  (170)
213 tr|A0A173XNJ4|A0A173XNJ4_BACVU  69.4     8.7 4.3E-05   41.1   0.0  107    1-139     1-119 (388)
214 tr|A0A068LM21|A0A068LM21_9ZZZZ  69.4      13 4.3E-05   32.2   0.0   20    1-20      1-21  (77)
215 tr|A0A0E2ZLE6|A0A0E2ZLE6_9GAMM  69.4      12 4.3E-05   27.9   0.0   27    1-27      1-27  (32)
216 tr|A0A1P8DZV8|A0A1P8DZV8_9SPHI  69.3      13 4.3E-05   34.2   0.0   38    1-48      1-38  (115)
217 tr|A0A0E0X315|A0A0E0X315_KLEOX  69.3      13 4.3E-05   30.6   0.0   26    1-26      1-26  (56)
218 tr|A0A0A2LPF7|A0A0A2LPF7_9FLAO  69.3      13 4.3E-05   34.9   0.0   28    1-28      1-28  (132)
219 tr|C8NID4|C8NID4_9LACT Unchara  69.2      12 4.3E-05   37.1   0.0   94   40-137    69-175 (182)
220 tr|A0A1S2LHA7|A0A1S2LHA7_9BACI  69.2      13 4.4E-05   30.9   0.0   20    1-20      1-20  (60)
221 tr|B2KEQ7|B2KEQ7_ELUMP Unchara  69.2      13 4.4E-05   36.9   0.0   52    1-53      1-53  (208)
222 tr|A0A1J7YX97|A0A1J7YX97_CITFR  69.1      11 4.4E-05   34.9   0.0   37    1-37      1-37  (113)
223 tr|L1P834|L1P834_9FLAO Unchara  69.0      13 4.4E-05   29.8   0.0   25    1-26      1-25  (49)
224 tr|X2JRY0|X2JRY0_AGGAC Unchara  69.0      12 4.4E-05   30.2   0.0   41    1-42      1-44  (48)
225 tr|A0A1S8T865|A0A1S8T865_9CLOT  68.9      14 4.5E-05   35.1   0.0   49    1-54      1-52  (141)
226 tr|L8MTW9|L8MTW9_PSEPS Unchara  68.9      10 4.5E-05   32.8   0.0   24    1-24      1-24  (77)
227 tr|A0A150WQC8|A0A150WQC8_BDEBC  68.9      12 4.5E-05   33.9   0.0   31    1-33      1-34  (99)
228 tr|A0A023Y4E9|A0A023Y4E9_9GAMM  68.6      12 4.6E-05   34.2   0.0   28    1-28      1-28  (106)
229 tr|A0A1E4A2J7|A0A1E4A2J7_9FLAO  68.6      14 4.6E-05   34.7   0.0   31    1-32      1-31  (131)
230 tr|A0A1Y3VXW3|A0A1Y3VXW3_9BACT  68.6      14 4.6E-05   35.9   0.0   37    1-37      1-37  (171)
231 tr|R6F1J3|R6F1J3_9BACT Unchara  68.6      11 4.6E-05   38.7   0.0   72    1-80      1-106 (244)
232 tr|A0A077XX53|A0A077XX53_9SPHI  68.6      13 4.6E-05   34.2   0.0   38    1-39      1-40  (106)
233 tr|A0A0C1DXT3|A0A0C1DXT3_9FLAO  68.6     9.7 4.6E-05   35.8   0.0   20    1-20      1-20  (139)
234 tr|A0A174R8U7|A0A174R8U7_BACT4  68.5      11 4.6E-05   37.1   0.0   20    1-20      1-20  (178)
235 tr|U2JBJ9|U2JBJ9_9BACT Unchara  68.4      11 4.6E-05   35.6   0.0   20    1-20      1-20  (135)
236 tr|A0A1T4RGM4|A0A1T4RGM4_9BACT  68.4      14 4.7E-05   32.6   0.0   28    1-28      7-34  (85)
237 tr|C9MWZ7|C9MWZ7_9FUSO Unchara  68.3      14 4.7E-05   30.6   0.0   20    1-20      1-20  (58)
238 tr|A0A0K0XSM4|A0A0K0XSM4_9GAMM  68.1      14 4.8E-05   31.5   0.0   45    1-54      1-47  (69)
239 tr|A0A0D9A9E6|A0A0D9A9E6_9PSED  68.1      13 4.8E-05   35.1   0.0   43    1-43      1-46  (127)
240 tr|A0A150ANL6|A0A150ANL6_9BACT  68.1      11 4.8E-05   37.8   0.0   73    1-79      1-73  (209)
241 tr|A0A0M9VHS0|A0A0M9VHS0_9FLAO  68.1      14 4.8E-05   36.6   0.0   22    1-24      1-22  (202)
242 tr|E4VZ59|E4VZ59_BACFG Unchara  68.1      10 4.8E-05   36.4   0.0   20    1-20      1-20  (160)
243 tr|A0A183J331|A0A183J331_9BILA  68.0      15 4.8E-05   36.9   0.0  102   72-188    54-155 (217)
244 tr|A0A0F9MEP4|A0A0F9MEP4_9ZZZZ  67.6      15 4.9E-05   30.0   0.0   32    1-33      1-33  (53)
245 tr|A0A1W9SSK5|A0A1W9SSK5_9BACT  67.6      15   5E-05   39.1   0.0   27    1-27      1-27  (376)
246 tr|A0A1M7R280|A0A1M7R280_9BACT  67.5      15   5E-05   32.0   0.0   20    1-20      1-20  (79)
247 tr|A0A085TE77|A0A085TE77_VIBCL  67.4      15   5E-05   32.5   0.0   49    1-49      1-50  (88)
248 tr|A0A0M0G9M5|A0A0M0G9M5_SPOGL  67.4      15   5E-05   31.5   0.0   26    1-26      1-28  (72)
249 tr|A0A143XS24|A0A143XS24_9BACT  67.4      13   5E-05   37.0   0.0   48  143-194    84-131 (187)
250 tr|A0A143X0U0|A0A143X0U0_9FIRM  67.4      14 5.1E-05   30.6   0.0   48    1-55      1-48  (57)
251 tr|A0A136L381|A0A136L381_9CHLR  67.4      15 5.1E-05   33.8   0.0   21    1-21      1-21  (115)
252 tr|A0A1F6VJ46|A0A1F6VJ46_9BACT  67.4      15 5.1E-05   38.6   0.0   28    1-28      1-28  (333)
253 tr|A0A1J1IYG4|A0A1J1IYG4_9DIPT  67.3      15 5.1E-05   33.9   0.0   27    1-27      1-27  (116)
254 tr|A0A0B8P3B1|A0A0B8P3B1_9VIBR  67.3      15 5.1E-05   30.0   0.0   20    1-20      1-20  (54)
255 tr|A0A1I7YXH5|A0A1I7YXH5_9BILA  67.2      15 5.1E-05   31.6   0.0   20    1-20      1-20  (73)
256 tr|A0A1G1J5Y1|A0A1G1J5Y1_9BACT  67.1      16 5.2E-05   32.3   0.0   33    1-33      1-36  (85)
257 tr|A0A1F8CUV9|A0A1F8CUV9_9BACT  67.0      16 5.2E-05   31.6   0.0   52    1-54      1-57  (74)
258 tr|A0A1M4XKT2|A0A1M4XKT2_9FLAO  67.0      11 5.2E-05   35.4   0.0   64    1-67     18-84  (135)
259 tr|D5BHV3|D5BHV3_ZUNPS Unchara  67.0      16 5.2E-05   35.9   0.0   29    1-29      1-29  (181)
260 tr|Y0KKK4|Y0KKK4_9PROT Unchara  66.8      13 5.3E-05   33.1   0.0   20    1-20      1-20  (89)
261 tr|A0A0F9GV48|A0A0F9GV48_9ZZZZ  66.8      15 5.3E-05   32.2   0.0   45  129-174    10-54  (78)
262 tr|G1VJA1|G1VJA1_9FIRM Unchara  66.8      16 5.3E-05   37.2   0.0   26    1-28     31-56  (238)
263 tr|F2I3L7|F2I3L7_PELSM Unchara  66.7      16 5.3E-05   28.5   0.0   35    1-35      1-35  (41)
264 tr|A0A139TNR4|A0A139TNR4_9BACT  66.7      16 5.3E-05   30.0   0.0   20    1-20      1-20  (55)
265 tr|A0A1S9PE67|A0A1S9PE67_9SPHI  66.6      16 5.4E-05   30.9   0.0   38    1-40      1-40  (65)
266 tr|A0A0L8V9F6|A0A0L8V9F6_9BACT  66.6      13 5.4E-05   35.4   0.0   21    1-21      1-21  (137)
267 tr|W7YMG5|W7YMG5_9BACT Unchara  66.6      16 5.4E-05   36.3   0.0   20    1-20      1-20  (203)
268 tr|R6DCN0|R6DCN0_9BACE Unchara  66.5      16 5.4E-05   29.0   0.0   19    1-19      1-19  (45)
269 tr|A0A0F8X2S1|A0A0F8X2S1_9ZZZZ  66.5      16 5.4E-05   34.6   0.0   54   25-79     42-95  (139)
270 tr|J9FWI6|J9FWI6_9ZZZZ Secrete  66.5      16 5.4E-05   31.4   0.0   28    1-28      1-28  (73)
271 tr|R9GT52|R9GT52_9SPHI Unchara  66.4      13 5.5E-05   38.5   0.0   32    1-45      1-32  (262)
272 tr|U2DZV2|U2DZV2_9EURY Membran  66.3      17 5.5E-05   35.0   0.0   82    3-88      4-87  (155)
273 tr|A0A161LT52|A0A161LT52_9PORP  66.3      17 5.5E-05   36.1   0.0   24    1-24      1-25  (196)
274 tr|A0A0P9J910|A0A0P9J910_9PSED  66.2      17 5.5E-05   28.4   0.0   30    1-32      1-30  (41)
275 tr|A0A143XG66|A0A143XG66_9BACT  66.2      13 5.6E-05   36.6   0.0   20    1-20      1-20  (180)
276 tr|A0A0C3RDS3|A0A0C3RDS3_9PORP  66.2      14 5.6E-05   35.2   0.0   32    1-32      1-32  (135)
277 tr|A0A0J0YQT3|A0A0J0YQT3_9NEIS  66.1      17 5.6E-05   31.6   0.0   20    1-20      1-20  (76)
278 tr|J1FLX7|J1FLX7_9BACT Unchara  66.1      12 5.6E-05   38.2   0.0   42    1-60      1-43  (244)
279 tr|A0A1F3XY93|A0A1F3XY93_9DELT  66.0      17 5.6E-05   34.1   0.0   20    1-20      1-20  (127)
280 tr|A0A085BI88|A0A085BI88_9FLAO  66.0      16 5.6E-05   35.8   0.0  138    1-145     1-161 (172)
281 tr|A0A066T7E2|A0A066T7E2_9GAMM  66.0      14 5.6E-05   31.0   0.0   18    1-18      1-18  (61)
282 tr|U6RE50|U6RE50_9BACE Unchara  66.0      17 5.6E-05   26.8   0.0   20    1-20      1-20  (30)
283 tr|A0A0D1CZ40|A0A0D1CZ40_9ENTR  66.0      15 5.6E-05   35.1   0.0   34    1-36      1-34  (140)
284 tr|V8BU31|V8BU31_9BACT Unchara  65.9      10 5.7E-05   35.8   0.0   20    1-20      1-20  (160)
285 tr|A0A0F9THC5|A0A0F9THC5_9ZZZZ  65.9      16 5.7E-05   32.7   0.0   31    1-31      1-32  (90)
286 tr|A0A0E9MUB9|A0A0E9MUB9_9BACT  65.8      11 5.7E-05   36.9   0.0   20    1-20      1-20  (199)
287 tr|X1VXX5|X1VXX5_9ZZZZ Unchara  65.8      17 5.7E-05   30.6   0.0   24    1-24      1-29  (63)
288 tr|A0A011A6K2|A0A011A6K2_9BACT  65.6      13 5.8E-05   36.9   0.0   28    1-28      1-28  (191)
289 tr|A0A0F9JQ17|A0A0F9JQ17_9ZZZZ  65.6      18 5.8E-05   34.8   0.0   25    1-25      1-25  (152)
290 tr|A0A1G1SJ81|A0A1G1SJ81_9BACL  65.6      18 5.8E-05   32.4   0.0   24    1-24      1-24  (92)
291 tr|A0A0Q1BB80|A0A0Q1BB80_9FLAO  65.5      15 5.8E-05   34.9   0.0   24    1-24      1-24  (133)
292 tr|I3DFX9|I3DFX9_9PAST Unchara  65.5      18 5.8E-05   28.2   0.0   19    1-19      1-19  (40)
293 tr|A0A1G3A165|A0A1G3A165_9BACT  65.4      18 5.9E-05   36.4   0.0   20    1-20      1-21  (221)
294 tr|F0S983|F0S983_PSESL Unchara  65.4      18 5.9E-05   31.1   0.0   20    1-20      1-20  (71)
295 tr|R9H340|R9H340_9SPHI Unchara  65.4      18 5.9E-05   28.8   0.0   24    1-24      1-24  (45)
296 tr|A0A1Z8AYS4|A0A1Z8AYS4_9FLAO  65.4      18 5.9E-05   35.5   0.0   49    1-54      1-49  (180)
297 tr|A0A163FBU5|A0A163FBU5_9BACL  65.3      13 5.9E-05   34.9   0.0   25    1-25      1-25  (133)
298 tr|A0A0S8J4K2|A0A0S8J4K2_9BACT  65.3      18 5.9E-05   38.4   0.0   22    1-22      1-26  (359)
299 tr|R5PAE1|R5PAE1_9BACT Unchara  65.3      16   6E-05   37.2   0.0   22    1-22      2-23  (229)
300 tr|A0A1H2HEQ3|A0A1H2HEQ3_PSEFR  65.3      18   6E-05   31.3   0.0   27    1-27      1-28  (72)
301 tr|A0A0U3BJ82|A0A0U3BJ82_9FLAO  65.2      16   6E-05   34.8   0.0   30    1-30      1-30  (138)
302 tr|A0A1G3KV47|A0A1G3KV47_9SPIR  65.2      18   6E-05   32.6   0.0   32    1-33      1-32  (96)
303 tr|M1Z9X3|M1Z9X3_NITG3 Unchara  65.2      13   6E-05   36.6   0.0   36    1-36      1-36  (186)
304 tr|A0A1F5RGX7|A0A1F5RGX7_9BACT  65.1      18   6E-05   36.2   0.0   24    1-24      1-24  (211)
305 tr|A0A193QNR5|A0A193QNR5_SODGM  65.0      18 6.1E-05   28.5   0.0   20    1-20      1-20  (43)
306 tr|A0M1L1|A0M1L1_GRAFK Secrete  65.0      12 6.1E-05   36.5   0.0   51    1-54      1-51  (183)
307 tr|A0A0C3RBB9|A0A0C3RBB9_9PROT  65.0      15 6.1E-05   31.7   0.0   20    1-20      1-20  (72)
308 tr|U6SMH0|U6SMH0_9BACI Unchara  65.0      18 6.1E-05   33.8   0.0   20    1-20      1-20  (126)
309 tr|A0A0F9C7W7|A0A0F9C7W7_9ZZZZ  64.9      18 6.1E-05   31.7   0.0   20    1-20      1-20  (82)
310 tr|A0A1B8ZQ90|A0A1B8ZQ90_9FLAO  64.9      17 6.1E-05   31.5   0.0   65  117-184     5-69  (72)
311 tr|F9SEX5|F9SEX5_VIBSP Unchara  64.9      11 6.1E-05   33.9   0.0   45    1-50      3-47  (118)
312 tr|R5V9J6|R5V9J6_9BACT Unchara  64.9      19 6.1E-05   26.8   0.0   22    1-22      1-22  (31)
313 tr|D5EUH9|D5EUH9_PRER2 Unchara  64.8      19 6.1E-05   36.2   0.0   20    1-20     79-99  (217)
314 tr|R6BBY3|R6BBY3_9CLOT Unchara  64.8      19 6.2E-05   36.1   0.0   19    1-19      1-19  (210)
315 tr|C9LDB1|C9LDB1_9BACT Unchara  64.8      19 6.2E-05   31.5   0.0   46    1-54      1-46  (79)
316 tr|A0A0B7IHN2|A0A0B7IHN2_9FLAO  64.7      19 6.2E-05   34.6   0.0   25    1-25      1-25  (150)
317 tr|A0A223CIQ6|A0A223CIQ6_9BACI  64.7      19 6.2E-05   28.1   0.0   20    1-20      1-20  (40)
318 tr|A0A0T6A362|A0A0T6A362_9BACT  64.7      19 6.2E-05   27.7   0.0   26    1-26      1-29  (37)
319 tr|U6RG76|U6RG76_9BACE Unchara  64.6      17 6.2E-05   34.6   0.0   20    1-20      1-20  (132)
320 tr|N4W9V3|N4W9V3_9BACI Unchara  64.6      14 6.3E-05   37.2   0.0   25    1-25      1-25  (212)
321 tr|A0A0K2S9L5|A0A0K2S9L5_CONEP  64.5      17 6.3E-05   33.6   0.0   53    1-53      1-59  (109)
322 tr|D2QT95|D2QT95_SPILD Curlin-  64.5      17 6.3E-05   34.4   0.0   56    1-73      1-57  (129)
323 tr|A0A1B1FRN4|A0A1B1FRN4_9BACT  64.4      17 6.3E-05   36.4   0.0   25    1-25      1-25  (199)
324 tr|A0A1Q6WY42|A0A1Q6WY42_9BACT  64.4      17 6.3E-05   35.8   0.0   34    1-34      1-34  (172)
325 tr|M6LC84|M6LC84_9LEPT Unchara  64.4      19 6.3E-05   34.0   0.0   89   47-144     5-93  (133)
326 tr|A0A1Y1CJ32|A0A1Y1CJ32_9BACT  64.3      19 6.4E-05   34.7   0.0   32    1-39     18-49  (157)
327 tr|A0A086ADX7|A0A086ADX7_FLAHY  64.2      18 6.5E-05   34.7   0.0   24    1-24      1-24  (142)
328 tr|G0LBY6|G0LBY6_ZOBGA Unchara  64.1      13 6.5E-05   35.0   0.0   76    1-86     20-101 (142)
329 tr|A0A0S2I3P0|A0A0S2I3P0_9BACT  64.1      13 6.5E-05   38.5   0.0   31    1-32      1-31  (286)
330 tr|A0A172TR24|A0A172TR24_9BACT  64.0      12 6.5E-05   38.0   0.0   21    1-21      1-21  (265)
331 tr|A0A1V5D4N6|A0A1V5D4N6_9DELT  64.0      20 6.6E-05   30.8   0.0   18    1-18      1-18  (70)
332 tr|A0A1V3YY00|A0A1V3YY00_KLEAE  63.9      20 6.6E-05   30.8   0.0   28    1-28      1-28  (70)
333 tr|A0A232YUG4|A0A232YUG4_SHIFL  63.9      20 6.6E-05   30.4   0.0   33    1-33      1-33  (65)
334 tr|A0A1J4RJM6|A0A1J4RJM6_9ARCH  63.9      20 6.6E-05   36.2   0.0   67    1-73      1-72  (223)
335 tr|A0A1V5DGS9|A0A1V5DGS9_9DELT  63.9      20 6.6E-05   35.9   0.0   21    1-21      1-21  (210)
336 tr|A0A0F6YMF5|A0A0F6YMF5_9DELT  63.8      20 6.6E-05   37.5   0.0   29    6-34     11-40  (308)
337 tr|A0A0K5VRM9|A0A0K5VRM9_ECOLX  63.8      20 6.6E-05   33.2   0.0   71    1-72      1-71  (115)
338 tr|A0A1V9F366|A0A1V9F366_9BACT  63.8      20 6.6E-05   33.9   0.0   50    1-54      1-50  (134)
339 tr|A0A1S6H8X7|A0A1S6H8X7_9ARCH  63.7      20 6.7E-05   35.3   0.0   52    1-53      1-52  (182)
340 tr|F6GK14|F6GK14_LACS5 Unchara  63.5      15 6.8E-05   37.1   0.0   22    1-22      1-22  (216)
341 tr|Q26CE1|Q26CE1_FLABB Unchara  63.5      20 6.8E-05   39.1   0.0   69    1-69     11-83  (451)
342 tr|A0A225D1R7|A0A225D1R7_9BACT  63.4      21 6.8E-05   27.6   0.0   19    1-19      1-19  (38)
343 tr|A0A0D8PJB7|A0A0D8PJB7_9GAMM  63.4      21 6.8E-05   31.4   0.0   29    1-29      1-29  (81)
344 tr|A0A096AYK8|A0A096AYK8_9BACT  63.4      18 6.8E-05   35.4   0.0   54    1-54      1-57  (160)
345 tr|K1GTE8|K1GTE8_9FUSO Unchara  63.4      21 6.8E-05   34.0   0.0   19    1-19      1-20  (139)
346 tr|A0A086A3J8|A0A086A3J8_9FLAO  63.4      21 6.8E-05   30.8   0.0   25    1-25      1-25  (71)
347 tr|A0A0G0VGA7|A0A0G0VGA7_9BACT  63.2      19 6.9E-05   33.5   0.0   78    1-86      1-80  (115)
348 tr|D7W0B5|D7W0B5_9FLAO Unchara  63.0      21 7.1E-05   36.4   0.0   23    1-23     10-32  (247)
349 tr|A0A024P613|A0A024P613_9BACI  62.9      20 7.1E-05   33.6   0.0   20    1-20      1-20  (123)
350 tr|A0A0Q9RY87|A0A0Q9RY87_9BACL  62.9      21 7.1E-05   30.3   0.0   29    1-29      1-29  (65)
351 tr|A0A1C6C4E4|A0A1C6C4E4_9CLOT  62.9      21 7.1E-05   36.1   0.0   29    1-31      1-29  (230)
352 tr|A0A1G3L2D4|A0A1G3L2D4_9SPIR  62.9      21 7.1E-05   30.7   0.0   38    1-39      1-38  (71)
353 tr|S7VTT9|S7VTT9_9FLAO Unchara  62.8      18 7.1E-05   35.1   0.0   20    1-20      1-20  (151)
354 tr|A0A1G1KL48|A0A1G1KL48_9BACT  62.8      22 7.1E-05   33.5   0.0   30    1-30      1-31  (129)
355 tr|A0A1Y1CGV2|A0A1Y1CGV2_9BACT  62.8      22 7.1E-05   33.3   0.0   26    1-26      5-31  (123)
356 tr|A0A1N7HYE0|A0A1N7HYE0_9FLAO  62.7      22 7.2E-05   34.7   0.0   22    1-22      1-22  (166)
357 tr|A0A0Q5SYI6|A0A0Q5SYI6_9SPHI  62.7      13 7.2E-05   38.7   0.0   23    1-23      1-23  (331)
358 tr|B9SNL5|B9SNL5_RICCO Putativ  62.6      21 7.2E-05   35.8   0.0   47    1-60     24-70  (201)
359 tr|A0A090VLX3|A0A090VLX3_9FLAO  62.6      15 7.2E-05   35.1   0.0   24    1-24      1-24  (151)
360 tr|K1UBW6|K1UBW6_9ZZZZ Secrete  62.5      22 7.3E-05   28.6   0.0   20    1-20      1-20  (47)
361 tr|R5W3U5|R5W3U5_9BACT Unchara  62.5      22 7.3E-05   33.6   0.0   20    1-20      1-20  (133)
362 tr|H1XZY4|H1XZY4_9SPHI Putativ  62.5      18 7.3E-05   35.7   0.0   26    1-26      1-26  (173)
363 tr|A0A1L3GEF4|A0A1L3GEF4_PELAE  62.5      22 7.3E-05   32.6   0.0   20    1-20      1-20  (106)
364 tr|A0A016VGE9|A0A016VGE9_9BILA  62.4      22 7.3E-05   32.8   0.0   22    1-22      1-22  (111)
365 tr|L8XVZ4|L8XVZ4_9SPIR Unchara  62.4      22 7.3E-05   30.1   0.0   20    1-20      1-20  (64)
366 tr|A0A192WNK0|A0A192WNK0_9BACT  62.4      22 7.3E-05   34.2   0.0   25    1-25      1-26  (152)
367 tr|F5IXD0|F5IXD0_9PORP Unchara  62.3      17 7.4E-05   35.8   0.0   27    1-27      1-27  (175)
368 tr|A0A1V5VM88|A0A1V5VM88_9BACT  62.3      22 7.4E-05   29.2   0.0   34    1-34      1-35  (54)
369 tr|X1GU59|X1GU59_9ZZZZ Unchara  62.3      22 7.4E-05   33.7   0.0   19    1-19      1-19  (136)
370 tr|G5GEB0|G5GEB0_9BACT Unchara  62.3      17 7.4E-05   35.1   0.0   20    1-20      1-20  (152)
371 tr|E1W3E8|E1W3E8_HAEP3 Unchara  62.2      21 7.4E-05   32.2   0.0   53    1-54      1-66  (90)
372 tr|A0A1C2GSA6|A0A1C2GSA6_9SPHI  62.2      23 7.5E-05   35.1   0.0   30    1-42     25-54  (188)
373 tr|A0A1N7FF12|A0A1N7FF12_9SPHI  62.2      23 7.5E-05   31.4   0.0   61    1-66      1-61  (84)
374 tr|A0A1V6DWL0|A0A1V6DWL0_9BACT  62.1      23 7.5E-05   32.5   0.0   40    1-42      1-40  (106)
375 tr|U2ANE6|U2ANE6_9FLAO Unchara  62.1      17 7.5E-05   37.5   0.0   23    1-23      1-23  (253)
376 tr|A0A1W1EFW5|A0A1W1EFW5_9ZZZZ  62.1      23 7.5E-05   30.1   0.0   30    1-30      1-30  (65)
377 tr|A0A0S7BIZ6|A0A0S7BIZ6_9CHLR  62.1      23 7.5E-05   35.5   0.0   20    1-20      1-20  (206)
378 tr|A0A0K6IT31|A0A0K6IT31_9GAMM  62.1      20 7.5E-05   40.9   0.0   73  123-196    91-175 (626)
379 tr|A0A1H5S8R2|A0A1H5S8R2_9BACT  62.1      23 7.5E-05   33.6   0.0   20    1-20      1-21  (135)
380 tr|A0A1F9E6V0|A0A1F9E6V0_9DELT  62.0      23 7.5E-05   34.2   0.0   42    1-42      1-43  (155)
381 tr|A0A0E3ZGV9|A0A0E3ZGV9_9BACT  62.0      18 7.6E-05   34.3   0.0   27    1-27      1-27  (131)
382 tr|F7L2Q5|F7L2Q5_FUSNU Unchara  61.9      23 7.6E-05   30.3   0.0   39    1-47      1-39  (67)
383 tr|A0A0D0HB74|A0A0D0HB74_9BACT  61.9      23 7.6E-05   35.3   0.0   21    1-21      1-21  (200)
384 tr|A0A0Q5TBF1|A0A0Q5TBF1_9SPHI  61.9      22 7.6E-05   30.1   0.0   24    1-24      1-24  (62)
385 tr|A0A101IPT8|A0A101IPT8_9BACT  61.9      23 7.6E-05   28.0   0.0   29  154-182     4-32  (43)
386 tr|R6XZM1|R6XZM1_9FIRM Unchara  61.8      23 7.7E-05   34.6   0.0   28    1-28      1-30  (161)
387 tr|R6N1A0|R6N1A0_9BACE Tetratr  61.8      21 7.7E-05   39.6   0.0   37    1-37     30-70  (469)
388 tr|A0A095ZX14|A0A095ZX14_9BACT  61.8      20 7.7E-05   40.2   0.0   21    1-21      1-21  (502)
389 tr|A0A1M4SRE9|A0A1M4SRE9_9BACT  61.8      23 7.7E-05   32.8   0.0   29    1-29      1-29  (114)
390 tr|V9HIK5|V9HIK5_9FUSO Unchara  61.8      23 7.7E-05   31.6   0.0   20    1-20      1-20  (89)
391 tr|A0A1Q6HQN9|A0A1Q6HQN9_BACUN  61.7      23 7.7E-05   32.7   0.0   20    1-20      1-20  (112)
392 tr|B0MVZ6|B0MVZ6_9BACT Unchara  61.7      23 7.7E-05   27.9   0.0   20    1-20      1-20  (42)
393 tr|Q28U65|Q28U65_JANSC Unchara  61.7      22 7.7E-05   36.0   0.0   26    1-26      1-26  (207)
394 tr|A0A1M5VHR6|A0A1M5VHR6_9BACI  61.7      20 7.7E-05   35.1   0.0   21    1-21      1-21  (162)
395 tr|S2YHH5|S2YHH5_9BACL Unchara  61.7      23 7.7E-05   34.6   0.0   20    1-20      1-23  (170)
396 tr|A0A0S8J8U5|A0A0S8J8U5_9BACT  61.6      22 7.8E-05   34.0   0.0   29    1-29      1-29  (137)
397 tr|A0A1C4EKY7|A0A1C4EKY7_9BACT  61.6      20 7.8E-05   33.1   0.0   23    1-23      1-23  (107)
398 tr|A0A0F9RZ22|A0A0F9RZ22_9ZZZZ  61.5      24 7.8E-05   34.7   0.0   24    4-27      3-26  (178)
399 tr|A0A0Q9KE82|A0A0Q9KE82_9BACL  61.5      19 7.8E-05   37.8   0.0   58    1-63      1-61  (282)
400 tr|R7J5B2|R7J5B2_9BACT Unchara  61.4      24 7.9E-05   33.1   0.0   20    1-20      1-20  (123)
401 tr|A0A1V5P644|A0A1V5P644_9BACT  61.3      24 7.9E-05   33.6   0.0   20    1-20      1-20  (137)
402 tr|A0A1A0BG82|A0A1A0BG82_PAEPO  61.3      17 7.9E-05   35.0   0.0   28  165-192   101-128 (156)
403 tr|L1P9V9|L1P9V9_9FLAO Unchara  61.1      18   8E-05   36.0   0.0   81    1-94      1-81  (191)
404 tr|U2J538|U2J538_9FIRM Unchara  61.0      24 8.1E-05   38.1   0.0   28    1-28      1-28  (413)
405 tr|A0A0S2ZFE4|A0A0S2ZFE4_9FUSO  61.0      23 8.1E-05   31.5   0.0   15    1-15      1-15  (84)
406 tr|A0A0C1FF21|A0A0C1FF21_9FLAO  61.0      22 8.1E-05   30.2   0.0   37    1-45      1-37  (62)
407 tr|A0A127B6F3|A0A127B6F3_9BACT  60.9      20 8.1E-05   36.9   0.0   25    1-25      1-25  (238)
408 tr|C6W2Z2|C6W2Z2_DYAFD Unchara  60.9      23 8.2E-05   34.1   0.0   63    1-64      7-69  (141)
409 tr|A0A0F9I8C9|A0A0F9I8C9_9ZZZZ  60.9      25 8.2E-05   30.6   0.0   20    1-20      1-20  (75)
410 tr|D4BSX0|D4BSX0_PRORE Unchara  60.9      25 8.2E-05   27.4   0.0   33  125-157     3-35  (39)
411 tr|A0A1F6Q4X7|A0A1F6Q4X7_9BACT  60.7      25 8.3E-05   31.1   0.0   17    1-19      1-17  (83)
412 tr|A0A086F2H3|A0A086F2H3_CHRP1  60.7      25 8.3E-05   32.5   0.0   28    1-28      1-29  (111)
413 tr|L8YGP3|L8YGP3_TUPCH Yorkie   60.6      25 8.3E-05   32.5   0.0   38    1-38      1-38  (113)
414 tr|A0A0K1NJ10|A0A0K1NJ10_9BACT  60.6      17 8.3E-05   36.3   0.0   62    1-68      6-77  (210)
415 tr|A0A1J4SHC9|A0A1J4SHC9_9BACT  60.6      25 8.3E-05   36.9   0.0   26    1-26      1-28  (308)
416 tr|D9RVF3|D9RVF3_PREMB Unchara  60.5      20 8.4E-05   36.9   0.0   21    1-21     39-59  (236)
417 tr|A0A1A7PLP6|A0A1A7PLP6_9PAST  60.5      21 8.4E-05   35.7   0.0   52    1-53      1-53  (187)
418 tr|A0A0E9EKG3|A0A0E9EKG3_CHLTH  60.5      25 8.4E-05   34.5   0.0   38    2-39      6-43  (174)
419 tr|A0A1X7LCM9|A0A1X7LCM9_9SPHI  60.4      26 8.5E-05   34.6   0.0   54  119-172    80-133 (180)
420 tr|R5SD32|R5SD32_9GAMM Unchara  60.1      26 8.6E-05   34.1   0.0   17    1-17      1-17  (163)
421 tr|R5ICG2|R5ICG2_9BACT Plethod  60.1      26 8.6E-05   34.0   0.0   30    1-30      1-30  (158)
422 tr|G1VDD2|G1VDD2_9BACT Unchara  60.1      23 8.6E-05   36.1   0.0   21    1-21      1-21  (216)
423 tr|R5UFG9|R5UFG9_9BACT Unchara  60.0      26 8.7E-05   33.6   0.0   20    1-20      1-20  (147)
424 tr|X1MSC9|X1MSC9_9ZZZZ Unchara  60.0      26 8.7E-05   31.4   0.0   33    1-33      2-36  (90)
425 tr|D6D272|D6D272_9BACE Unchara  60.0      26 8.7E-05   26.1   0.0   20    1-20      1-20  (31)
426 tr|M2PPS0|M2PPS0_9FIRM Unchara  60.0      26 8.7E-05   26.3   0.0   20    1-20      1-20  (32)
427 tr|A0A0F9KUZ1|A0A0F9KUZ1_9ZZZZ  60.0      26 8.7E-05   29.6   0.0   30    1-30      1-30  (62)
428 tr|A0A1F7AAU8|A0A1F7AAU8_9BACT  60.0      26 8.7E-05   34.4   0.0   29    1-29     20-48  (174)
429 tr|K1XKK1|K1XKK1_9ZZZZ Unchara  59.9      24 8.7E-05   35.1   0.0   23    1-23      1-23  (176)
430 tr|X1H7G4|X1H7G4_9ZZZZ Unchara  59.9      26 8.7E-05   30.4   0.0   36    1-36      7-47  (74)
431 tr|A0A077KH90|A0A077KH90_9FLAO  59.8      21 8.8E-05   37.2   0.0   21    1-21      1-21  (265)
432 tr|S3NCX1|S3NCX1_9GAMM Unchara  59.7      27 8.8E-05   28.9   0.0   26    1-26      1-26  (55)
433 tr|A0A191W2W9|A0A191W2W9_VIBAN  59.7      27 8.9E-05   34.5   0.0   37    1-37      1-39  (182)
434 tr|W0ELI3|W0ELI3_9PORP Unchara  59.6      19 8.9E-05   39.5   0.0   34    1-34      1-34  (429)
435 tr|G0EPW2|G0EPW2_BRAIP Unchara  59.6      27 8.9E-05   30.0   0.0   41    1-41      1-41  (69)
436 tr|R7H3J9|R7H3J9_9BACT Unchara  59.6      23 8.9E-05   34.9   0.0   20    1-20      1-20  (164)
437 tr|A0A1M5U7C7|A0A1M5U7C7_9FLAO  59.6      25 8.9E-05   35.4   0.0   30    1-30      1-30  (198)
438 tr|R6KIM8|R6KIM8_9BACE Unchara  59.5      27   9E-05   34.2   0.0   34    1-34      1-35  (170)
439 tr|R6XR86|R6XR86_9BACT Unchara  59.5      26   9E-05   34.7   0.0   36    1-52      1-36  (180)
440 tr|A0A1G0H7H9|A0A1G0H7H9_9GAMM  59.4      27 9.1E-05   33.9   0.0   53    1-54      1-55  (159)
441 tr|R5R8W8|R5R8W8_9PROT Unchara  59.3      27 9.1E-05   34.2   0.0   28    1-28      1-29  (170)
442 tr|A0A0H5MFU2|A0A0H5MFU2_YERIN  59.3      18 9.1E-05   33.3   0.0   30    1-30      1-30  (120)
443 tr|A0A1A7QRZ2|A0A1A7QRZ2_9FLAO  59.3      18 9.1E-05   37.1   0.0   52    1-54      1-56  (260)
444 tr|G5H9C0|G5H9C0_9BACT Unchara  59.2      26 9.1E-05   35.9   0.0   33    1-34      1-33  (227)
445 tr|B0VIF9|B0VIF9_CLOAI Unchara  59.2      22 9.1E-05   41.0   0.0   59    1-62      1-65  (655)
446 tr|A0A0S2JET9|A0A0S2JET9_9GAMM  59.2      28 9.2E-05   30.9   0.0   24    1-24      1-24  (83)
447 tr|A0A0K1NIS6|A0A0K1NIS6_9BACT  59.2      21 9.2E-05   34.1   0.0   22    1-22      1-22  (139)
448 tr|G9XBT6|G9XBT6_9FIRM Unchara  59.0      28 9.3E-05   36.2   0.0   35   37-71     32-66  (281)
449 tr|A0A1J4SFT5|A0A1J4SFT5_9BACT  59.0      28 9.3E-05   38.5   0.0   54    1-61      1-55  (504)
450 tr|A0A1C2FVB4|A0A1C2FVB4_9PROT  59.0      28 9.3E-05   36.0   0.0   37    1-48      1-41  (264)
451 tr|H8KWK8|H8KWK8_SOLCM Unchara  58.9      28 9.3E-05   31.8   0.0   22    1-22      1-22  (102)
452 tr|A0A0D0GM61|A0A0D0GM61_9SPHI  58.8      23 9.4E-05   35.9   0.0   24    1-24      1-24  (208)
453 tr|A0A0B8XVI1|A0A0B8XVI1_9SPHI  58.8      28 9.4E-05   28.2   0.0   22    1-22      1-22  (49)
454 tr|A0A1M3G523|A0A1M3G523_9SPHI  58.8      28 9.4E-05   29.7   0.0   20    1-20      1-20  (66)
455 tr|A0A0G0FIX1|A0A0G0FIX1_9BACT  58.8      28 9.4E-05   30.7   0.0   17    1-17      1-17  (81)
456 tr|A0A0Q1BJK5|A0A0Q1BJK5_9FLAO  58.8      28 9.4E-05   32.9   0.0   23    1-23      5-27  (132)
457 tr|B8IZ11|B8IZ11_DESDA Unchara  58.6      26 9.5E-05   34.2   0.0   62    1-63      1-64  (153)
458 tr|A0A1W9VBR3|A0A1W9VBR3_9SPIO  58.6      29 9.5E-05   36.8   0.0   30    1-31      1-30  (333)
459 tr|U2R9L3|U2R9L3_9FUSO Unchara  58.6      23 9.6E-05   29.4   0.0   20    1-20      8-27  (56)
460 tr|X0YDJ7|X0YDJ7_9ZZZZ Unchara  58.5      29 9.6E-05   31.5   0.0   19    1-19      1-19  (98)
461 tr|A0A090ITP6|A0A090ITP6_9GAMM  58.5      22 9.6E-05   33.6   0.0   35    1-35      1-35  (129)
462 tr|D5ETD1|D5ETD1_PRER2 Unchara  58.4      24 9.6E-05   39.6   0.0   20    1-20      1-20  (495)
463 tr|D6SP72|D6SP72_9DELT Unchara  58.4      29 9.6E-05   35.9   0.0   51    1-54      1-54  (263)
464 tr|A0A0Q6AX09|A0A0Q6AX09_9FLAO  58.3      25 9.7E-05   34.8   0.0   21    1-21      1-21  (170)
465 tr|I4A354|I4A354_ORNRL Unchara  58.3      23 9.7E-05   34.1   0.0   76    1-79      1-77  (143)
466 tr|A0A1M7ZYT8|A0A1M7ZYT8_9FLAO  58.3      29 9.7E-05   33.7   0.0   24    1-24      1-24  (158)
467 tr|K1LHG9|K1LHG9_9FLAO Unchara  58.3      29 9.7E-05   28.4   0.0   33    1-33      1-33  (51)
468 tr|A0A240ANE3|A0A240ANE3_9PAST  58.3      29 9.7E-05   27.4   0.0   19    1-19      1-19  (42)
469 tr|A0A087M980|A0A087M980_9PROT  58.2      25 9.8E-05   30.8   0.0   40    1-40      1-40  (75)
470 tr|A0A1V4RPQ9|A0A1V4RPQ9_9BACT  58.2      30 9.8E-05   29.2   0.0   24    1-24      1-24  (61)
471 tr|A0A088XX39|A0A088XX39_9BURK  58.1      28 9.8E-05   30.3   0.0   20    1-20     19-41  (73)
472 tr|A0A0Y7KFE3|A0A0Y7KFE3_HAEIF  58.1      30 9.8E-05   27.6   0.0   19    1-19      2-20  (44)
473 tr|A0A1F3LP30|A0A1F3LP30_9BACT  58.1      30 9.8E-05   30.3   0.0   34    1-34      1-34  (77)
474 tr|A0A1F6QD35|A0A1F6QD35_9BACT  58.0      30 9.9E-05   33.6   0.0   51    1-67      1-51  (156)
475 tr|A0A136MGP9|A0A136MGP9_9BACT  58.0      30 9.9E-05   39.0   0.0   38    1-51      1-41  (624)
476 tr|A0A1B8UKA0|A0A1B8UKA0_9BACL  58.0      30 9.9E-05   35.6   0.0   33    1-33      1-33  (250)
477 tr|M2AV87|M2AV87_TREDN Unchara  58.0      30 9.9E-05   33.6   0.0   42    1-54      1-42  (158)
478 tr|A0A160UTD4|A0A160UTD4_9BRAD  58.0      30 9.9E-05   28.0   0.0   23    1-23      1-23  (48)
479 tr|A0A168AAL6|A0A168AAL6_9FLAO  57.9      30  0.0001   32.3   0.0   24    1-25      1-24  (119)
480 tr|A0A0P7AL77|A0A0P7AL77_9FLAO  57.8      30  0.0001   34.1   0.0   31    1-32      1-31  (177)
481 tr|J9G4L3|J9G4L3_9ZZZZ Unchara  57.8      22  0.0001   35.1   0.0   20    1-20      1-20  (178)
482 tr|A0A0A2DNY9|A0A0A2DNY9_9PORP  57.8      27  0.0001   35.5   0.0   32    1-32      1-33  (212)
483 tr|A0A0B7HW70|A0A0B7HW70_9FLAO  57.7      28  0.0001   35.2   0.0   66    1-66      1-70  (205)
484 tr|A0A1L8A8F2|A0A1L8A8F2_COXBE  57.7      31  0.0001   27.1   0.0   18    1-18      1-18  (40)
485 tr|A0A1Y0MM35|A0A1Y0MM35_9FLAO  57.7      31  0.0001   36.5   0.0   25    1-25      1-25  (322)
486 tr|A0A0G0K223|A0A0G0K223_9BACT  57.6      31  0.0001   34.2   0.0   20    1-20      1-20  (184)
487 tr|A0A0K4VU24|A0A0K4VU24_ECOLX  57.6      31  0.0001   29.3   0.0   32    1-32      1-32  (63)
488 tr|A0A0F9EMI5|A0A0F9EMI5_9ZZZZ  57.6      31  0.0001   31.8   0.0   29    1-29      1-29  (106)
489 tr|U4V206|U4V206_9RHOB Unchara  57.6      31  0.0001   26.0   0.0   25    1-25      1-25  (32)
490 tr|A0A0J1JMW6|A0A0J1JMW6_9GAMM  57.5      31  0.0001   31.0   0.0   19    1-20      1-19  (91)
491 tr|T2NKG5|T2NKG5_ENTFC Unchara  57.5      31  0.0001   35.1   0.0   33    1-33     58-92  (227)
492 tr|A0A1A9FBQ3|A0A1A9FBQ3_LELAM  57.5      21  0.0001   33.7   0.0   35    1-35      1-35  (137)
493 tr|X0W455|X0W455_9ZZZZ Unchara  57.4      31  0.0001   29.5   0.0   20    1-20      1-20  (66)
494 tr|A0A109CXR2|A0A109CXR2_9BACT  57.3      31  0.0001   28.3   0.0   20    1-20      1-20  (52)
495 tr|A0A126QQ34|A0A126QQ34_9DELT  57.3      22  0.0001   35.2   0.0   64    1-65     17-88  (187)
496 tr|R6CRL3|R6CRL3_9CLOT Unchara  57.3      31  0.0001   36.1   0.0   63    1-63      1-70  (294)
497 tr|A0A1M5DVU0|A0A1M5DVU0_9BACI  57.3      29  0.0001   34.6   0.0   24    1-24      1-26  (180)
498 tr|R7ZX34|R7ZX34_9BACT Unchara  57.3      24  0.0001   34.3   0.0   49    1-62      1-49  (156)
499 tr|A0A1M5PKS8|A0A1M5PKS8_9FLAO  57.2      31  0.0001   32.6   0.0   46    1-46      1-48  (128)
500 tr|A0A0F0EX46|A0A0F0EX46_9MICO  57.2      32  0.0001   32.7   0.0   31  124-154    90-120 (131)

