# hmmsearch :: search profile(s) against a sequence database
# HMMER 3.1b2 (February 2015); http://hmmer.org/
# Copyright (C) 2015 Howard Hughes Medical Institute.
# Freely distributed under the GNU General Public License (GPLv3).
# - - - - - - - - - - - - - - - - - - - - - - - - - - - - - - - - - - - -
# query HMM file:                  T0771.hmmer
# target sequence database:        /storage/htc/bdm/zhiye/DNCON4_db_tools/databases//Metaclust50/metaclust_50
# per-seq hits tabular output:     T0771_2nd.tbl
# show alignments in output:       no
# sequence reporting threshold:    E-value <= 0.001
# - - - - - - - - - - - - - - - - - - - - - - - - - - - - - - - - - - - -

Query:       T0771  [M=169]
Scores for complete sequences (score includes all domains):
   --- full sequence ---   --- best 1 domain ---    -#dom-
    E-value  score  bias    E-value  score  bias    exp  N  Sequence                                          Description
    ------- ------ -----    ------- ------ -----   ---- --  --------                                          -----------
    3.2e-64  230.6   3.7    3.7e-64  230.4   3.7    1.0  1  scaffold01969_5                                    # 4106 # 4663 # -1 # ID=1969_5;p
    1.4e-62  225.3   3.6    1.6e-62  225.1   3.6    1.0  1  scaffold05705_3                                    # 1688 # 2305 # 1 # ID=5705_3;pa
      2e-61  221.5   3.0    2.4e-61  221.2   3.0    1.0  1  scaffold13484_4                                    # 1548 # 2099 # 1 # ID=13484_4;p
    2.6e-59  214.7   9.2      3e-59  214.4   9.2    1.0  1  scaffold14031_3                                    # 1318 # 1860 # 1 # ID=14031_3;p
    3.1e-59  214.4   6.1    3.5e-59  214.2   6.1    1.0  1  scaffold00089_2                                    # 781 # 1317 # 1 # ID=89_2;parti
    5.9e-55  200.5   4.5    6.6e-55  200.3   4.5    1.0  1  scaffold39624_1                                    # 1 # 474 # 1 # ID=39624_1;parti
    2.2e-51  188.9  11.1    2.7e-51  188.6  11.1    1.0  1  scaffold18818_2                                    # 1466 # 2014 # 1 # ID=18818_2;p
    1.1e-50  186.6   3.3    1.2e-50  186.4   3.3    1.0  1  gb|JTFP01186670.1|_1                               # 3 # 479 # 1 # ID=186670_1;part
    1.3e-50  186.3   8.1    1.6e-50  186.1   8.1    1.0  1  scaffold05096_6                                    # 3936 # 4469 # 1 # ID=5096_6;pa
    3.7e-44  165.3   3.2    4.3e-44  165.1   3.2    1.0  1  scaffold66445_1                                    # 3 # 431 # 1 # ID=66445_1;parti
    5.5e-44  164.8   3.1    6.7e-44  164.5   3.1    1.0  1  scaffold1578504_2                                  # 623 # 1174 # 1 # ID=1578504_2;
    6.7e-41  154.8   0.0    8.1e-41  154.5   0.0    1.0  1  scaffold1389870_2                                  # 512 # 1042 # 1 # ID=1389870_2;
    3.1e-37  142.8   1.3    3.7e-37  142.6   1.3    1.0  1  gb|JTFP01186670.1|_2                               # 553 # 984 # 1 # ID=186670_2;pa
    8.6e-37  141.4   0.1    1.2e-36  141.0   0.1    1.2  1  scaffold1462226_1                                  # 109 # 753 # -1 # ID=1462226_1;
    1.6e-33  130.7   0.0    1.8e-33  130.6   0.0    1.0  1  scaffold752781_2                                   # 604 # 1005 # 1 # ID=752781_2;p
    1.7e-32  127.4   0.0    2.1e-32  127.1   0.0    1.0  1  scaffold1318621_2                                  # 668 # 1261 # 1 # ID=1318621_2;
    5.2e-32  125.8   0.1    5.9e-32  125.6   0.1    1.0  1  gb|JFBN01011688.1|_7                               # 6713 # 7300 # -1 # ID=11688_7;
      1e-31  124.9   4.2    1.2e-31  124.6   4.2    1.0  1  gb|JFBN01057525.1|_1                               # 2 # 520 # -1 # ID=57525_1;part
    1.5e-31  124.3   0.0    1.8e-31  124.0   0.0    1.0  1  scaffold1420684_2                                  # 271 # 813 # 1 # ID=1420684_2;p
    3.3e-31  123.2   0.0    3.9e-31  123.0   0.0    1.0  1  scaffold756055_1                                   # 102 # 665 # 1 # ID=756055_1;pa
    4.2e-31  122.8   0.0    5.7e-31  122.4   0.0    1.2  1  scaffold1499025_2                                  # 692 # 1270 # 1 # ID=1499025_2;
      7e-31  122.1   1.9    8.6e-31  121.9   1.9    1.0  1  scaffold178351_1                                   # 2 # 436 # -1 # ID=178351_1;par
    7.1e-31  122.1   0.0    9.3e-31  121.7   0.0    1.1  1  scaffold1515024_2                                  # 1757 # 2356 # 1 # ID=1515024_2
    5.3e-29  116.0   0.0    7.1e-29  115.6   0.0    1.1  1  scaffold1067898_2                                  # 246 # 791 # -1 # ID=1067898_2;
    1.2e-28  114.9   5.4    1.3e-28  114.7   5.4    1.0  1  gb|JFBN01284462.1|_2                               # 277 # 753 # 1 # ID=11149_2;par
    4.4e-28  113.0   0.0    5.3e-28  112.8   0.0    1.1  1  scaffold1433616_2                                  # 368 # 1096 # 1 # ID=1433616_2;
    5.1e-28  112.8   0.4    5.5e-28  112.7   0.4    1.0  1  scaffold66842_1                                    # 3 # 368 # 1 # ID=66842_1;parti
    2.1e-27  110.8   0.0    2.4e-27  110.7   0.0    1.0  1  scaffold878924_1                                   # 3 # 506 # -1 # ID=878924_1;par
    1.6e-26  108.0   5.0    1.8e-26  107.8   5.0    1.0  1  gb|JFBN01321044.1|_1                               # 3 # 470 # -1 # ID=47731_1;part
    3.6e-26  106.8   0.6    4.7e-26  106.4   0.6    1.0  1  scaffold2056133_1                                  # 3 # 545 # -1 # ID=2056133_1;pa
    1.4e-24  101.7   7.3    1.6e-24  101.4   7.3    1.0  1  scaffold55163_2                                    # 202 # 513 # 1 # ID=55163_2;par
    3.2e-24  100.5   0.0    4.3e-24  100.0   0.0    1.2  1  scaffold1389870_1                                  # 3 # 428 # 1 # ID=1389870_1;par
    4.7e-24   99.9   0.0      7e-24   99.4   0.0    1.2  1  scaffold1501227_2                                  # 451 # 1089 # -1 # ID=1501227_2
    1.5e-23   98.2   0.4    1.9e-23   97.9   0.4    1.1  1  scaffold00001_346                                  # 411491 # 412129 # -1 # ID=1_34
    2.4e-22   94.4   0.0    2.7e-22   94.2   0.0    1.0  1  scaffold869168_1                                   # 2 # 475 # 1 # ID=869168_1;part
    3.2e-20   87.4   0.0    4.2e-20   87.1   0.0    1.1  1  scaffold214957_1                                   # 1 # 450 # 1 # ID=214957_1;part
    7.5e-20   86.2   0.2      9e-20   86.0   0.2    1.1  1  scaffold2222754_1                                  # 3 # 347 # -1 # ID=2222754_1;pa
    2.1e-19   84.8   0.0      4e-19   83.9   0.0    1.4  1  scaffold942268_1                                   # 1 # 600 # -1 # ID=942268_1;par
      1e-18   82.5   0.0    1.2e-18   82.3   0.0    1.0  1  scaffold635514_2                                   # 197 # 607 # -1 # ID=635514_2;p
      4e-18   80.6   0.0    4.8e-18   80.4   0.0    1.0  1  scaffold5828942_1                                  # 24 # 338 # -1 # ID=5828942_1;p
    6.2e-18   80.0   0.0      7e-18   79.8   0.0    1.0  1  scaffold191108_1                                   # 62 # 550 # 1 # ID=191108_1;par
    9.3e-17   76.2   0.0    1.1e-16   76.0   0.0    1.1  1  scaffold509583_1                                   # 2 # 559 # -1 # ID=509583_1;par
    3.8e-15   70.9   0.0    4.8e-15   70.6   0.0    1.1  1  scaffold14880_2                                    # 961 # 1509 # 1 # ID=14880_2;pa
    6.3e-15   70.2   0.0    7.1e-15   70.1   0.0    1.0  1  scaffold93290_1                                    # 1 # 297 # 1 # ID=93290_1;parti
    1.4e-14   69.1   0.7    1.8e-14   68.7   0.7    1.0  1  scaffold04865_11                                   # 4162 # 4725 # -1 # ID=4865_11;
      2e-14   68.6   0.0    2.3e-14   68.4   0.0    1.0  1  scaffold37513_1                                    # 3 # 425 # 1 # ID=37513_1;parti
    3.5e-14   67.8   0.0    4.1e-14   67.6   0.0    1.1  1  scaffold5921723_1                                  # 1 # 348 # -1 # ID=5921723_1;pa
    5.8e-14   67.1   0.0    6.6e-14   66.9   0.0    1.0  1  scaffold6129196_1                                  # 53 # 376 # -1 # ID=6129196_1;p
    6.7e-14   66.9   0.0    7.6e-14   66.7   0.0    1.0  1  scaffold85672_2                                    # 207 # 437 # -1 # ID=85672_2;pa
    8.3e-14   66.6   0.0    9.9e-14   66.3   0.0    1.1  1  scaffold267281_1                                   # 103 # 483 # -1 # ID=267281_1;p
    2.1e-13   65.2   0.0    2.4e-13   65.1   0.0    1.0  1  scaffold5751701_1                                  # 2 # 328 # -1 # ID=5751701_1;pa
    2.2e-13   65.2   0.2    2.6e-13   65.0   0.2    1.0  1  scaffold10585_1                                    # 167 # 709 # 1 # ID=10585_1;par
    5.4e-13   63.9   0.0    6.5e-13   63.7   0.0    1.0  1  scaffold699317_2                                   # 337 # 636 # -1 # ID=699317_2;p
    7.1e-13   63.6   2.4    7.1e-13   63.6   2.4    1.3  1  scaffold3496958_1                                  # 3 # 362 # 1 # ID=3496958_1;par
    7.2e-13   63.5   0.0    7.7e-13   63.4   0.0    1.0  1  scaffold1407606_1                                  # 3 # 191 # 1 # ID=1407606_1;par
    9.3e-13   63.2   0.0    1.8e-12   62.2   0.0    1.4  1  scaffold562006_1                                   # 3 # 440 # -1 # ID=562006_1;par
    2.2e-12   62.0   0.0    2.2e-12   62.0   0.0    1.0  1  scaffold777432_1                                   # 1 # 273 # 1 # ID=777432_1;part
    7.7e-12   60.2   1.1      1e-11   59.8   1.1    1.1  1  scaffold657748_2                                   # 1324 # 1941 # 1 # ID=657748_2;
    8.1e-12   60.1   0.0    9.5e-12   59.9   0.0    1.0  1  scaffold1128422_2                                  # 613 # 948 # 1 # ID=1128422_2;p
    3.2e-11   58.1   0.1    3.6e-11   58.0   0.1    1.0  1  scaffold902053_1                                   # 1 # 258 # 1 # ID=902053_1;part
    3.3e-11   58.1   0.2    7.5e-11   57.0   0.2    1.5  1  scaffold1608901_2                                  # 198 # 1262 # 1 # ID=1608901_2;
    3.5e-10   54.8   0.1    3.8e-10   54.7   0.1    1.0  1  scaffold345139_1                                   # 24 # 338 # -1 # ID=345139_1;pa
    1.9e-09   52.4   0.1    2.1e-09   52.3   0.1    1.0  1  scaffold259851_1                                   # 1 # 294 # 1 # ID=259851_1;part
    1.9e-09   52.4   8.1    3.7e-09   51.5   8.1    1.4  1  scaffold59714_2                                    # 272 # 820 # -1 # ID=59714_2;pa
    2.3e-08   48.9   5.0    4.8e-08   47.8   5.0    1.5  1  scaffold103090_1                                   # 98 # 634 # -1 # ID=103090_1;pa
    3.6e-08   48.2   0.1    5.2e-08   47.7   0.1    1.3  1  scaffold100936_2                                   # 153 # 440 # 1 # ID=100936_2;pa
    5.9e-08   47.5   0.0    6.4e-08   47.4   0.0    1.0  1  scaffold5604082_1                                  # 3 # 212 # -1 # ID=5604082_1;pa
    7.4e-08   47.2   0.0      8e-08   47.1   0.0    1.0  1  scaffold285663_1                                   # 2 # 298 # 1 # ID=285663_1;part
    7.8e-08   47.1   0.0    1.4e-06   43.1   0.0    2.0  1  scaffold6252896_1                                  # 2 # 367 # 1 # ID=6252896_1;par
    3.2e-07   45.1   2.6      4e-07   44.8   2.6    1.1  1  gb|LAHU01046238.1|_3                               # 947 # 1510 # -1 # ID=46238_3;p
    1.3e-06   43.2   0.0    1.5e-06   43.0   0.0    1.1  1  scaffold543974_1                                   # 67 # 402 # -1 # ID=543974_1;pa
    1.3e-06   43.2   0.0    1.5e-06   42.9   0.0    1.0  1  scaffold828718_1                                   # 3 # 278 # 1 # ID=828718_1;part
    6.3e-06   40.9   4.4    7.4e-06   40.7   4.4    1.1  1  scaffold315908_1                                   # 3 # 302 # 1 # ID=315908_1;part
    7.2e-06   40.7   7.8    1.2e-05   40.0   7.8    1.3  1  scaffold134137_1                                   # 3 # 653 # 1 # ID=134137_1;part
    1.2e-05   40.0   0.0    1.4e-05   39.8   0.0    1.0  1  scaffold5497510_2                                  # 102 # 305 # 1 # ID=5497510_2;p
    2.2e-05   39.2   0.0    2.8e-05   38.8   0.0    1.1  1  scaffold777432_2                                   # 273 # 677 # 1 # ID=777432_2;pa
    3.4e-05   38.5   0.1    4.7e-05   38.1   0.1    1.1  1  scaffold322399_1                                   # 1 # 360 # -1 # ID=322399_1;par
    8.7e-05   37.2   0.0    0.00012   36.7   0.0    1.2  1  scaffold1197104_1                                  # 1 # 288 # -1 # ID=1197104_1;pa
    8.7e-05   37.2   0.1    0.00013   36.7   0.1    1.1  1  gi|667924792|gb|AMWB02152417.1|_2                  # 1581 # 2192 # 1 # ID=152417_2;
    0.00015   36.5   0.0    0.00016   36.4   0.0    1.0  1  scaffold452002_1                                   # 1 # 252 # -1 # ID=452002_1;par
    0.00019   36.1   0.0    0.00022   35.9   0.0    1.1  1  scaffold235158_1                                   # 3 # 335 # -1 # ID=235158_1;par
    0.00081   34.1   0.0    0.00087   34.0   0.0    1.0  1  scaffold102029_2                                   # 242 # 442 # 1 # ID=102029_2;pa
    0.00086   34.0   8.1     0.0026   32.4   8.1    1.7  1  scaffold1746109_1                                  # 291 # 785 # -1 # ID=1746109_1;


Domain annotation for each sequence:
>> scaffold01969_5  # 4106 # 4663 # -1 # ID=1969_5;partial=00;start_type=ATG;rbs_motif=None;rbs_spacer=None;gc_cont=0.32
   #    score  bias  c-Evalue  i-Evalue hmmfrom  hmm to    alifrom  ali to    envfrom  env to     acc
 ---   ------ ----- --------- --------- ------- -------    ------- -------    ------- -------    ----
   1 !  230.4   3.7   6.1e-71   3.7e-64       3     169 .]      11     182 ..       7     182 .. 0.94

>> scaffold05705_3  # 1688 # 2305 # 1 # ID=5705_3;partial=00;start_type=ATG;rbs_motif=None;rbs_spacer=None;gc_cont=0.395
   #    score  bias  c-Evalue  i-Evalue hmmfrom  hmm to    alifrom  ali to    envfrom  env to     acc
 ---   ------ ----- --------- --------- ------- -------    ------- -------    ------- -------    ----
   1 !  225.1   3.6   2.6e-69   1.6e-62       3     169 .]       9     189 ..       4     189 .. 0.97

>> scaffold13484_4  # 1548 # 2099 # 1 # ID=13484_4;partial=00;start_type=ATG;rbs_motif=None;rbs_spacer=None;gc_cont=0.38
   #    score  bias  c-Evalue  i-Evalue hmmfrom  hmm to    alifrom  ali to    envfrom  env to     acc
 ---   ------ ----- --------- --------- ------- -------    ------- -------    ------- -------    ----
   1 !  221.2   3.0     4e-68   2.4e-61       5     169 .]      10     175 ..       4     175 .. 0.93

>> scaffold14031_3  # 1318 # 1860 # 1 # ID=14031_3;partial=00;start_type=ATG;rbs_motif=None;rbs_spacer=None;gc_cont=0.31
   #    score  bias  c-Evalue  i-Evalue hmmfrom  hmm to    alifrom  ali to    envfrom  env to     acc
 ---   ------ ----- --------- --------- ------- -------    ------- -------    ------- -------    ----
   1 !  214.4   9.2     5e-66     3e-59       3     169 .]       9     177 ..       5     177 .. 0.96

>> scaffold00089_2  # 781 # 1317 # 1 # ID=89_2;partial=00;start_type=ATG;rbs_motif=None;rbs_spacer=None;gc_cont=0.320  
   #    score  bias  c-Evalue  i-Evalue hmmfrom  hmm to    alifrom  ali to    envfrom  env to     acc
 ---   ------ ----- --------- --------- ------- -------    ------- -------    ------- -------    ----
   1 !  214.2   6.1   5.8e-66   3.5e-59       3     169 .]       9     175 ..       3     175 .. 0.94

>> scaffold39624_1  # 1 # 474 # 1 # ID=39624_1;partial=10;start_type=Edge;rbs_motif=None;rbs_spacer=None;gc_cont=0.348  
   #    score  bias  c-Evalue  i-Evalue hmmfrom  hmm to    alifrom  ali to    envfrom  env to     acc
 ---   ------ ----- --------- --------- ------- -------    ------- -------    ------- -------    ----
   1 !  200.3   4.5   1.1e-61   6.6e-55      23     169 .]       2     148 ..       1     148 [. 0.99

>> scaffold18818_2  # 1466 # 2014 # 1 # ID=18818_2;partial=00;start_type=ATG;rbs_motif=None;rbs_spacer=None;gc_cont=0.31
   #    score  bias  c-Evalue  i-Evalue hmmfrom  hmm to    alifrom  ali to    envfrom  env to     acc
 ---   ------ ----- --------- --------- ------- -------    ------- -------    ------- -------    ----
   1 !  188.6  11.1   4.4e-58   2.7e-51       3     168 ..       9     178 ..       4     179 .. 0.91

>> gb|JTFP01186670.1|_1  # 3 # 479 # 1 # ID=186670_1;partial=10;start_type=Edge;rbs_motif=None;rbs_spacer=None;gc_cont=0
   #    score  bias  c-Evalue  i-Evalue hmmfrom  hmm to    alifrom  ali to    envfrom  env to     acc
 ---   ------ ----- --------- --------- ------- -------    ------- -------    ------- -------    ----
   1 !  186.4   3.3     2e-57   1.2e-50      16     169 .]       1     153 [.       1     153 [. 0.98

>> scaffold05096_6  # 3936 # 4469 # 1 # ID=5096_6;partial=00;start_type=ATG;rbs_motif=None;rbs_spacer=None;gc_cont=0.311
   #    score  bias  c-Evalue  i-Evalue hmmfrom  hmm to    alifrom  ali to    envfrom  env to     acc
 ---   ------ ----- --------- --------- ------- -------    ------- -------    ------- -------    ----
   1 !  186.1   8.1   2.6e-57   1.6e-50       3     169 .]       9     174 ..       4     174 .. 0.94

>> scaffold66445_1  # 3 # 431 # 1 # ID=66445_1;partial=11;start_type=Edge;rbs_motif=None;rbs_spacer=None;gc_cont=0.338  
   #    score  bias  c-Evalue  i-Evalue hmmfrom  hmm to    alifrom  ali to    envfrom  env to     acc
 ---   ------ ----- --------- --------- ------- -------    ------- -------    ------- -------    ----
   1 !  165.1   3.2   7.1e-51   4.3e-44       3     127 ..      11     142 ..       6     143 .] 0.92

>> scaffold1578504_2  # 623 # 1174 # 1 # ID=1578504_2;partial=00;start_type=ATG;rbs_motif=None;rbs_spacer=None;gc_cont=0
   #    score  bias  c-Evalue  i-Evalue hmmfrom  hmm to    alifrom  ali to    envfrom  env to     acc
 ---   ------ ----- --------- --------- ------- -------    ------- -------    ------- -------    ----
   1 !  164.5   3.1   1.1e-50   6.7e-44       3     169 .]      12     180 ..       6     180 .. 0.87

>> scaffold1389870_2  # 512 # 1042 # 1 # ID=1389870_2;partial=00;start_type=ATG;rbs_motif=TAA;rbs_spacer=8bp;gc_cont=0.4
   #    score  bias  c-Evalue  i-Evalue hmmfrom  hmm to    alifrom  ali to    envfrom  env to     acc
 ---   ------ ----- --------- --------- ------- -------    ------- -------    ------- -------    ----
   1 !  154.5   0.0   1.3e-47   8.1e-41       3     165 ..       5     170 ..       1     173 [. 0.90

>> gb|JTFP01186670.1|_2  # 553 # 984 # 1 # ID=186670_2;partial=01;start_type=ATG;rbs_motif=None;rbs_spacer=None;gc_cont=
   #    score  bias  c-Evalue  i-Evalue hmmfrom  hmm to    alifrom  ali to    envfrom  env to     acc
 ---   ------ ----- --------- --------- ------- -------    ------- -------    ------- -------    ----
   1 !  142.6   1.3   6.1e-44   3.7e-37       3     136 ..      12     144 .]       8     144 .] 0.96

>> scaffold1462226_1  # 109 # 753 # -1 # ID=1462226_1;partial=00;start_type=TTG;rbs_motif=TAATT;rbs_spacer=13bp;gc_cont=
   #    score  bias  c-Evalue  i-Evalue hmmfrom  hmm to    alifrom  ali to    envfrom  env to     acc
 ---   ------ ----- --------- --------- ------- -------    ------- -------    ------- -------    ----
   1 !  141.0   0.1   1.9e-43   1.2e-36       3     166 ..      40     209 ..      21     212 .. 0.85

>> scaffold752781_2  # 604 # 1005 # 1 # ID=752781_2;partial=00;start_type=TTG;rbs_motif=None;rbs_spacer=None;gc_cont=0.3
   #    score  bias  c-Evalue  i-Evalue hmmfrom  hmm to    alifrom  ali to    envfrom  env to     acc
 ---   ------ ----- --------- --------- ------- -------    ------- -------    ------- -------    ----
   1 !  130.6   0.0     3e-40   1.8e-33      40     169 .]       1     130 [.       1     130 [. 0.95

>> scaffold1318621_2  # 668 # 1261 # 1 # ID=1318621_2;partial=01;start_type=ATG;rbs_motif=TAAT;rbs_spacer=13bp;gc_cont=0
   #    score  bias  c-Evalue  i-Evalue hmmfrom  hmm to    alifrom  ali to    envfrom  env to     acc
 ---   ------ ----- --------- --------- ------- -------    ------- -------    ------- -------    ----
   1 !  127.1   0.0   3.4e-39   2.1e-32       3     168 ..      11     179 ..       6     180 .. 0.86

>> gb|JFBN01011688.1|_7  # 6713 # 7300 # -1 # ID=11688_7;partial=01;start_type=Edge;rbs_motif=None;rbs_spacer=None;gc_co
   #    score  bias  c-Evalue  i-Evalue hmmfrom  hmm to    alifrom  ali to    envfrom  env to     acc
 ---   ------ ----- --------- --------- ------- -------    ------- -------    ------- -------    ----
   1 !  125.6   0.1   9.8e-39   5.9e-32       5     166 ..       2     166 ..       1     169 [. 0.89

>> gb|JFBN01057525.1|_1  # 2 # 520 # -1 # ID=57525_1;partial=11;start_type=Edge;rbs_motif=None;rbs_spacer=None;gc_cont=0
   #    score  bias  c-Evalue  i-Evalue hmmfrom  hmm to    alifrom  ali to    envfrom  env to     acc
 ---   ------ ----- --------- --------- ------- -------    ------- -------    ------- -------    ----
   1 !  124.6   4.2     2e-38   1.2e-31       4     166 ..       3     166 ..       1     168 [. 0.91

>> scaffold1420684_2  # 271 # 813 # 1 # ID=1420684_2;partial=00;start_type=ATG;rbs_motif=ATT;rbs_spacer=12bp;gc_cont=0.4
   #    score  bias  c-Evalue  i-Evalue hmmfrom  hmm to    alifrom  ali to    envfrom  env to     acc
 ---   ------ ----- --------- --------- ------- -------    ------- -------    ------- -------    ----
   1 !  124.0   0.0     3e-38   1.8e-31       2     164 ..      10     173 ..       7     176 .. 0.95

>> scaffold756055_1  # 102 # 665 # 1 # ID=756055_1;partial=01;start_type=ATG;rbs_motif=ATT;rbs_spacer=11bp;gc_cont=0.433
   #    score  bias  c-Evalue  i-Evalue hmmfrom  hmm to    alifrom  ali to    envfrom  env to     acc
 ---   ------ ----- --------- --------- ------- -------    ------- -------    ------- -------    ----
   1 !  123.0   0.0   6.4e-38   3.9e-31       3     168 ..      11     179 ..       6     180 .. 0.84

>> scaffold1499025_2  # 692 # 1270 # 1 # ID=1499025_2;partial=00;start_type=ATG;rbs_motif=TAA;rbs_spacer=14bp;gc_cont=0.
   #    score  bias  c-Evalue  i-Evalue hmmfrom  hmm to    alifrom  ali to    envfrom  env to     acc
 ---   ------ ----- --------- --------- ------- -------    ------- -------    ------- -------    ----
   1 !  122.4   0.0   9.4e-38   5.7e-31       3     168 ..      11     182 ..       6     183 .. 0.85

>> scaffold178351_1  # 2 # 436 # -1 # ID=178351_1;partial=10;start_type=ATG;rbs_motif=GGA/GAG/AGG;rbs_spacer=5-10bp;gc_c
   #    score  bias  c-Evalue  i-Evalue hmmfrom  hmm to    alifrom  ali to    envfrom  env to     acc
 ---   ------ ----- --------- --------- ------- -------    ------- -------    ------- -------    ----
   1 !  121.9   1.9   1.4e-37   8.6e-31       3     134 ..      11     145 .]       7     145 .] 0.90

>> scaffold1515024_2  # 1757 # 2356 # 1 # ID=1515024_2;partial=00;start_type=ATG;rbs_motif=ATT;rbs_spacer=15bp;gc_cont=0
   #    score  bias  c-Evalue  i-Evalue hmmfrom  hmm to    alifrom  ali to    envfrom  env to     acc
 ---   ------ ----- --------- --------- ------- -------    ------- -------    ------- -------    ----
   1 !  121.7   0.0   1.5e-37   9.3e-31       4     165 ..      25     192 ..      19     196 .. 0.91

>> scaffold1067898_2  # 246 # 791 # -1 # ID=1067898_2;partial=00;start_type=ATG;rbs_motif=AATT;rbs_spacer=10bp;gc_cont=0
   #    score  bias  c-Evalue  i-Evalue hmmfrom  hmm to    alifrom  ali to    envfrom  env to     acc
 ---   ------ ----- --------- --------- ------- -------    ------- -------    ------- -------    ----
   1 !  115.6   0.0   1.2e-35   7.1e-29       3     164 ..      12     174 ..       7     177 .. 0.89

>> gb|JFBN01284462.1|_2  # 277 # 753 # 1 # ID=11149_2;partial=01;start_type=ATG;rbs_motif=None;rbs_spacer=None;gc_cont=0
   #    score  bias  c-Evalue  i-Evalue hmmfrom  hmm to    alifrom  ali to    envfrom  env to     acc
 ---   ------ ----- --------- --------- ------- -------    ------- -------    ------- -------    ----
   1 !  114.7   5.4   2.2e-35   1.3e-28       2     151 ..       7     159 .]       4     159 .] 0.92

>> scaffold1433616_2  # 368 # 1096 # 1 # ID=1433616_2;partial=00;start_type=ATG;rbs_motif=TAATT;rbs_spacer=13bp;gc_cont=
   #    score  bias  c-Evalue  i-Evalue hmmfrom  hmm to    alifrom  ali to    envfrom  env to     acc
 ---   ------ ----- --------- --------- ------- -------    ------- -------    ------- -------    ----
   1 !  112.8   0.0   8.8e-35   5.3e-28       9     167 ..      34     200 ..       9     202 .. 0.85

>> scaffold66842_1  # 3 # 368 # 1 # ID=66842_1;partial=10;start_type=Edge;rbs_motif=None;rbs_spacer=None;gc_cont=0.352  
   #    score  bias  c-Evalue  i-Evalue hmmfrom  hmm to    alifrom  ali to    envfrom  env to     acc
 ---   ------ ----- --------- --------- ------- -------    ------- -------    ------- -------    ----
   1 !  112.7   0.4   9.1e-35   5.5e-28      55     169 .]       3     118 ..       1     118 [. 0.94

>> scaffold878924_1  # 3 # 506 # -1 # ID=878924_1;partial=10;start_type=TTG;rbs_motif=AAT;rbs_spacer=11bp;gc_cont=0.419 
   #    score  bias  c-Evalue  i-Evalue hmmfrom  hmm to    alifrom  ali to    envfrom  env to     acc
 ---   ------ ----- --------- --------- ------- -------    ------- -------    ------- -------    ----
   1 !  110.7   0.0   3.9e-34   2.4e-27       4     164 ..       4     168 .]       1     168 [] 0.84

>> gb|JFBN01321044.1|_1  # 3 # 470 # -1 # ID=47731_1;partial=10;start_type=ATG;rbs_motif=None;rbs_spacer=None;gc_cont=0.
   #    score  bias  c-Evalue  i-Evalue hmmfrom  hmm to    alifrom  ali to    envfrom  env to     acc
 ---   ------ ----- --------- --------- ------- -------    ------- -------    ------- -------    ----
   1 !  107.8   5.0     3e-33   1.8e-26       3     148 ..       9     156 .]       4     156 .] 0.90

>> scaffold2056133_1  # 3 # 545 # -1 # ID=2056133_1;partial=10;start_type=ATG;rbs_motif=None;rbs_spacer=None;gc_cont=0.3
   #    score  bias  c-Evalue  i-Evalue hmmfrom  hmm to    alifrom  ali to    envfrom  env to     acc
 ---   ------ ----- --------- --------- ------- -------    ------- -------    ------- -------    ----
   1 !  106.4   0.6   7.7e-33   4.7e-26       4     164 ..      13     171 ..       5     175 .. 0.91

>> scaffold55163_2  # 202 # 513 # 1 # ID=55163_2;partial=01;start_type=ATG;rbs_motif=None;rbs_spacer=None;gc_cont=0.340 
   #    score  bias  c-Evalue  i-Evalue hmmfrom  hmm to    alifrom  ali to    envfrom  env to     acc
 ---   ------ ----- --------- --------- ------- -------    ------- -------    ------- -------    ----
   1 !  101.4   7.3   2.7e-31   1.6e-24       3      97 ..       9     104 .]       4     104 .] 0.93

>> scaffold1389870_1  # 3 # 428 # 1 # ID=1389870_1;partial=10;start_type=Edge;rbs_motif=None;rbs_spacer=None;gc_cont=0.4
   #    score  bias  c-Evalue  i-Evalue hmmfrom  hmm to    alifrom  ali to    envfrom  env to     acc
 ---   ------ ----- --------- --------- ------- -------    ------- -------    ------- -------    ----
   1 !  100.0   0.0   7.1e-31   4.3e-24      38     166 ..       2     136 ..       1     139 [. 0.85

>> scaffold1501227_2  # 451 # 1089 # -1 # ID=1501227_2;partial=00;start_type=GTG;rbs_motif=ATT;rbs_spacer=13bp;gc_cont=0
   #    score  bias  c-Evalue  i-Evalue hmmfrom  hmm to    alifrom  ali to    envfrom  env to     acc
 ---   ------ ----- --------- --------- ------- -------    ------- -------    ------- -------    ----
   1 !   99.4   0.0   1.1e-30     7e-24       4     162 ..      35     199 ..      28     204 .. 0.85

>> scaffold00001_346  # 411491 # 412129 # -1 # ID=1_346;partial=00;start_type=ATG;rbs_motif=None;rbs_spacer=None;gc_cont
   #    score  bias  c-Evalue  i-Evalue hmmfrom  hmm to    alifrom  ali to    envfrom  env to     acc
 ---   ------ ----- --------- --------- ------- -------    ------- -------    ------- -------    ----
   1 !   97.9   0.4   3.2e-30   1.9e-23       3     166 ..      12     174 ..       5     177 .. 0.90

>> scaffold869168_1  # 2 # 475 # 1 # ID=869168_1;partial=10;start_type=Edge;rbs_motif=None;rbs_spacer=None;gc_cont=0.449
   #    score  bias  c-Evalue  i-Evalue hmmfrom  hmm to    alifrom  ali to    envfrom  env to     acc
 ---   ------ ----- --------- --------- ------- -------    ------- -------    ------- -------    ----
   1 !   94.2   0.0   4.4e-29   2.7e-22      17     164 ..       2     149 ..       1     154 [. 0.89

>> scaffold214957_1  # 1 # 450 # 1 # ID=214957_1;partial=10;start_type=Edge;rbs_motif=None;rbs_spacer=None;gc_cont=0.478
   #    score  bias  c-Evalue  i-Evalue hmmfrom  hmm to    alifrom  ali to    envfrom  env to     acc
 ---   ------ ----- --------- --------- ------- -------    ------- -------    ------- -------    ----
   1 !   87.1   0.0   6.9e-27   4.2e-20      31     164 ..       1     141 [.       1     145 [. 0.89

>> scaffold2222754_1  # 3 # 347 # -1 # ID=2222754_1;partial=10;start_type=ATG;rbs_motif=None;rbs_spacer=None;gc_cont=0.3
   #    score  bias  c-Evalue  i-Evalue hmmfrom  hmm to    alifrom  ali to    envfrom  env to     acc
 ---   ------ ----- --------- --------- ------- -------    ------- -------    ------- -------    ----
   1 !   86.0   0.2   1.5e-26     9e-20       3     101 ..      16     114 ..      10     115 .] 0.89

>> scaffold942268_1  # 1 # 600 # -1 # ID=942268_1;partial=10;start_type=ATG;rbs_motif=AATT;rbs_spacer=7bp;gc_cont=0.453 
   #    score  bias  c-Evalue  i-Evalue hmmfrom  hmm to    alifrom  ali to    envfrom  env to     acc
 ---   ------ ----- --------- --------- ------- -------    ------- -------    ------- -------    ----
   1 !   83.9   0.0   6.7e-26     4e-19       3     165 ..      12     182 ..       6     186 .. 0.86

>> scaffold635514_2  # 197 # 607 # -1 # ID=635514_2;partial=01;start_type=Edge;rbs_motif=None;rbs_spacer=None;gc_cont=0.
   #    score  bias  c-Evalue  i-Evalue hmmfrom  hmm to    alifrom  ali to    envfrom  env to     acc
 ---   ------ ----- --------- --------- ------- -------    ------- -------    ------- -------    ----
   1 !   82.3   0.0     2e-25   1.2e-18      84     168 ..      11      96 ..       3      97 .. 0.95

>> scaffold5828942_1  # 24 # 338 # -1 # ID=5828942_1;partial=01;start_type=Edge;rbs_motif=None;rbs_spacer=None;gc_cont=0
   #    score  bias  c-Evalue  i-Evalue hmmfrom  hmm to    alifrom  ali to    envfrom  env to     acc
 ---   ------ ----- --------- --------- ------- -------    ------- -------    ------- -------    ----
   1 !   80.4   0.0   7.9e-25   4.8e-18      78     165 ..       9      96 ..       2     100 .. 0.92

>> scaffold191108_1  # 62 # 550 # 1 # ID=191108_1;partial=01;start_type=ATG;rbs_motif=GGA/GAG/AGG;rbs_spacer=5-10bp;gc_c
   #    score  bias  c-Evalue  i-Evalue hmmfrom  hmm to    alifrom  ali to    envfrom  env to     acc
 ---   ------ ----- --------- --------- ------- -------    ------- -------    ------- -------    ----
   1 !   79.8   0.0   1.1e-24     7e-18      14     138 ..      39     162 ..      13     163 .] 0.89

>> scaffold509583_1  # 2 # 559 # -1 # ID=509583_1;partial=11;start_type=Edge;rbs_motif=None;rbs_spacer=None;gc_cont=0.46
   #    score  bias  c-Evalue  i-Evalue hmmfrom  hmm to    alifrom  ali to    envfrom  env to     acc
 ---   ------ ----- --------- --------- ------- -------    ------- -------    ------- -------    ----
   1 !   76.0   0.0   1.8e-23   1.1e-16      41     167 ..       2     133 ..       1     135 [. 0.83

>> scaffold14880_2  # 961 # 1509 # 1 # ID=14880_2;partial=00;start_type=ATG;rbs_motif=None;rbs_spacer=None;gc_cont=0.395
   #    score  bias  c-Evalue  i-Evalue hmmfrom  hmm to    alifrom  ali to    envfrom  env to     acc
 ---   ------ ----- --------- --------- ------- -------    ------- -------    ------- -------    ----
   1 !   70.6   0.0   7.9e-22   4.8e-15       3     166 ..      10     169 ..       3     172 .. 0.82

>> scaffold93290_1  # 1 # 297 # 1 # ID=93290_1;partial=10;start_type=Edge;rbs_motif=None;rbs_spacer=None;gc_cont=0.455  
   #    score  bias  c-Evalue  i-Evalue hmmfrom  hmm to    alifrom  ali to    envfrom  env to     acc
 ---   ------ ----- --------- --------- ------- -------    ------- -------    ------- -------    ----
   1 !   70.1   0.0   1.2e-21   7.1e-15      82     165 ..       7      91 ..       2      95 .. 0.94

>> scaffold04865_11  # 4162 # 4725 # -1 # ID=4865_11;partial=00;start_type=ATG;rbs_motif=AGxAG;rbs_spacer=5-10bp;gc_cont
   #    score  bias  c-Evalue  i-Evalue hmmfrom  hmm to    alifrom  ali to    envfrom  env to     acc
 ---   ------ ----- --------- --------- ------- -------    ------- -------    ------- -------    ----
   1 !   68.7   0.7     3e-21   1.8e-14       3     156 ..      15     171 ..       9     180 .. 0.87

>> scaffold37513_1  # 3 # 425 # 1 # ID=37513_1;partial=10;start_type=Edge;rbs_motif=None;rbs_spacer=None;gc_cont=0.409  
   #    score  bias  c-Evalue  i-Evalue hmmfrom  hmm to    alifrom  ali to    envfrom  env to     acc
 ---   ------ ----- --------- --------- ------- -------    ------- -------    ------- -------    ----
   1 !   68.4   0.0   3.8e-21   2.3e-14      42     159 ..       2     117 ..       1     127 [. 0.87

>> scaffold5921723_1  # 1 # 348 # -1 # ID=5921723_1;partial=11;start_type=Edge;rbs_motif=None;rbs_spacer=None;gc_cont=0.
   #    score  bias  c-Evalue  i-Evalue hmmfrom  hmm to    alifrom  ali to    envfrom  env to     acc
 ---   ------ ----- --------- --------- ------- -------    ------- -------    ------- -------    ----
   1 !   67.6   0.0   6.8e-21   4.1e-14     103     167 ..       5      69 ..       2      71 .. 0.95

>> scaffold6129196_1  # 53 # 376 # -1 # ID=6129196_1;partial=01;start_type=Edge;rbs_motif=None;rbs_spacer=None;gc_cont=0
   #    score  bias  c-Evalue  i-Evalue hmmfrom  hmm to    alifrom  ali to    envfrom  env to     acc
 ---   ------ ----- --------- --------- ------- -------    ------- -------    ------- -------    ----
   1 !   66.9   0.0   1.1e-20   6.6e-14      78     167 ..      14     102 ..       9     104 .. 0.94

>> scaffold85672_2  # 207 # 437 # -1 # ID=85672_2;partial=01;start_type=Edge;rbs_motif=None;rbs_spacer=None;gc_cont=0.43
   #    score  bias  c-Evalue  i-Evalue hmmfrom  hmm to    alifrom  ali to    envfrom  env to     acc
 ---   ------ ----- --------- --------- ------- -------    ------- -------    ------- -------    ----
   1 !   66.7   0.0   1.2e-20   7.6e-14     104     165 ..       2      63 ..       1      66 [. 0.95

>> scaffold267281_1  # 103 # 483 # -1 # ID=267281_1;partial=01;start_type=Edge;rbs_motif=None;rbs_spacer=None;gc_cont=0.
   #    score  bias  c-Evalue  i-Evalue hmmfrom  hmm to    alifrom  ali to    envfrom  env to     acc
 ---   ------ ----- --------- --------- ------- -------    ------- -------    ------- -------    ----
   1 !   66.3   0.0   1.6e-20   9.9e-14     101     168 ..       2      69 ..       1      70 [. 0.96

>> scaffold5751701_1  # 2 # 328 # -1 # ID=5751701_1;partial=11;start_type=Edge;rbs_motif=None;rbs_spacer=None;gc_cont=0.
   #    score  bias  c-Evalue  i-Evalue hmmfrom  hmm to    alifrom  ali to    envfrom  env to     acc
 ---   ------ ----- --------- --------- ------- -------    ------- -------    ------- -------    ----
   1 !   65.1   0.0     4e-20   2.4e-13      38     133 ..      13     109 .]       6     109 .] 0.85

>> scaffold10585_1  # 167 # 709 # 1 # ID=10585_1;partial=00;start_type=ATG;rbs_motif=None;rbs_spacer=None;gc_cont=0.372 
   #    score  bias  c-Evalue  i-Evalue hmmfrom  hmm to    alifrom  ali to    envfrom  env to     acc
 ---   ------ ----- --------- --------- ------- -------    ------- -------    ------- -------    ----
   1 !   65.0   0.2   4.2e-20   2.6e-13       6     158 ..       8     166 ..       1     173 [. 0.86

>> scaffold699317_2  # 337 # 636 # -1 # ID=699317_2;partial=01;start_type=Edge;rbs_motif=None;rbs_spacer=None;gc_cont=0.
   #    score  bias  c-Evalue  i-Evalue hmmfrom  hmm to    alifrom  ali to    envfrom  env to     acc
 ---   ------ ----- --------- --------- ------- -------    ------- -------    ------- -------    ----
   1 !   63.7   0.0   1.1e-19   6.5e-13      82     160 ..       6      87 ..       2      89 .. 0.92

>> scaffold3496958_1  # 3 # 362 # 1 # ID=3496958_1;partial=11;start_type=Edge;rbs_motif=None;rbs_spacer=None;gc_cont=0.3
   #    score  bias  c-Evalue  i-Evalue hmmfrom  hmm to    alifrom  ali to    envfrom  env to     acc
 ---   ------ ----- --------- --------- ------- -------    ------- -------    ------- -------    ----
   1 !   63.6   2.4   1.2e-19   7.1e-13       4      96 ..      20     120 .]      12     120 .] 0.85

>> scaffold1407606_1  # 3 # 191 # 1 # ID=1407606_1;partial=10;start_type=Edge;rbs_motif=None;rbs_spacer=None;gc_cont=0.4
   #    score  bias  c-Evalue  i-Evalue hmmfrom  hmm to    alifrom  ali to    envfrom  env to     acc
 ---   ------ ----- --------- --------- ------- -------    ------- -------    ------- -------    ----
   1 !   63.4   0.0   1.3e-19   7.7e-13     112     168 ..       1      57 [.       1      58 [. 0.96

>> scaffold562006_1  # 3 # 440 # -1 # ID=562006_1;partial=10;start_type=ATG;rbs_motif=ATT;rbs_spacer=11bp;gc_cont=0.452 
   #    score  bias  c-Evalue  i-Evalue hmmfrom  hmm to    alifrom  ali to    envfrom  env to     acc
 ---   ------ ----- --------- --------- ------- -------    ------- -------    ------- -------    ----
   1 !   62.2   0.0     3e-19   1.8e-12       3     127 ..      11     144 ..       6     145 .. 0.77

>> scaffold777432_1  # 1 # 273 # 1 # ID=777432_1;partial=10;start_type=Edge;rbs_motif=None;rbs_spacer=None;gc_cont=0.432
   #    score  bias  c-Evalue  i-Evalue hmmfrom  hmm to    alifrom  ali to    envfrom  env to     acc
 ---   ------ ----- --------- --------- ------- -------    ------- -------    ------- -------    ----
   1 !   62.0   0.0   3.6e-19   2.2e-12      83     155 ..       2      74 ..       1      87 [. 0.92

>> scaffold657748_2  # 1324 # 1941 # 1 # ID=657748_2;partial=00;start_type=ATG;rbs_motif=GGA/GAG/AGG;rbs_spacer=5-10bp;g
   #    score  bias  c-Evalue  i-Evalue hmmfrom  hmm to    alifrom  ali to    envfrom  env to     acc
 ---   ------ ----- --------- --------- ------- -------    ------- -------    ------- -------    ----
   1 !   59.8   1.1   1.7e-18     1e-11       3     153 ..      20     172 ..      15     181 .. 0.85

>> scaffold1128422_2  # 613 # 948 # 1 # ID=1128422_2;partial=01;start_type=ATG;rbs_motif=TAA;rbs_spacer=13bp;gc_cont=0.4
   #    score  bias  c-Evalue  i-Evalue hmmfrom  hmm to    alifrom  ali to    envfrom  env to     acc
 ---   ------ ----- --------- --------- ------- -------    ------- -------    ------- -------    ----
   1 !   59.9   0.0   1.6e-18   9.5e-12       3      99 ..      11     109 ..       6     111 .. 0.82

>> scaffold902053_1  # 1 # 258 # 1 # ID=902053_1;partial=11;start_type=Edge;rbs_motif=None;rbs_spacer=None;gc_cont=0.430
   #    score  bias  c-Evalue  i-Evalue hmmfrom  hmm to    alifrom  ali to    envfrom  env to     acc
 ---   ------ ----- --------- --------- ------- -------    ------- -------    ------- -------    ----
   1 !   58.0   0.1   5.9e-18   3.6e-11     100     169 .]       2      70 ..       1      70 [. 0.96

>> scaffold1608901_2  # 198 # 1262 # 1 # ID=1608901_2;partial=01;start_type=ATG;rbs_motif=None;rbs_spacer=None;gc_cont=0
   #    score  bias  c-Evalue  i-Evalue hmmfrom  hmm to    alifrom  ali to    envfrom  env to     acc
 ---   ------ ----- --------- --------- ------- -------    ------- -------    ------- -------    ----
   1 !   57.0   0.2   1.2e-17   7.5e-11       5     162 ..       7     161 ..       3     165 .. 0.82

>> scaffold345139_1  # 24 # 338 # -1 # ID=345139_1;partial=01;start_type=Edge;rbs_motif=None;rbs_spacer=None;gc_cont=0.4
   #    score  bias  c-Evalue  i-Evalue hmmfrom  hmm to    alifrom  ali to    envfrom  env to     acc
 ---   ------ ----- --------- --------- ------- -------    ------- -------    ------- -------    ----
   1 !   54.7   0.1   6.3e-17   3.8e-10      82     158 ..       3      81 ..       1      93 [. 0.85

>> scaffold259851_1  # 1 # 294 # 1 # ID=259851_1;partial=11;start_type=Edge;rbs_motif=None;rbs_spacer=None;gc_cont=0.395
   #    score  bias  c-Evalue  i-Evalue hmmfrom  hmm to    alifrom  ali to    envfrom  env to     acc
 ---   ------ ----- --------- --------- ------- -------    ------- -------    ------- -------    ----
   1 !   52.3   0.1   3.4e-16   2.1e-09      84     158 ..       2      78 ..       1      91 [. 0.84

>> scaffold59714_2  # 272 # 820 # -1 # ID=59714_2;partial=00;start_type=ATG;rbs_motif=None;rbs_spacer=None;gc_cont=0.337
   #    score  bias  c-Evalue  i-Evalue hmmfrom  hmm to    alifrom  ali to    envfrom  env to     acc
 ---   ------ ----- --------- --------- ------- -------    ------- -------    ------- -------    ----
   1 !   51.5   8.1     6e-16   3.7e-09       3     156 ..      17     154 ..      11     165 .. 0.86

>> scaffold103090_1  # 98 # 634 # -1 # ID=103090_1;partial=00;start_type=ATG;rbs_motif=None;rbs_spacer=None;gc_cont=0.31
   #    score  bias  c-Evalue  i-Evalue hmmfrom  hmm to    alifrom  ali to    envfrom  env to     acc
 ---   ------ ----- --------- --------- ------- -------    ------- -------    ------- -------    ----
   1 !   47.8   5.0     8e-15   4.8e-08       7     156 ..      19     154 ..      11     167 .. 0.80

>> scaffold100936_2  # 153 # 440 # 1 # ID=100936_2;partial=01;start_type=TTG;rbs_motif=TAATT;rbs_spacer=13bp;gc_cont=0.4
   #    score  bias  c-Evalue  i-Evalue hmmfrom  hmm to    alifrom  ali to    envfrom  env to     acc
 ---   ------ ----- --------- --------- ------- -------    ------- -------    ------- -------    ----
   1 !   47.7   0.1   8.5e-15   5.2e-08       3      57 ..      40      94 ..      31      96 .] 0.89

>> scaffold5604082_1  # 3 # 212 # -1 # ID=5604082_1;partial=10;start_type=ATG;rbs_motif=TAA;rbs_spacer=6bp;gc_cont=0.429
   #    score  bias  c-Evalue  i-Evalue hmmfrom  hmm to    alifrom  ali to    envfrom  env to     acc
 ---   ------ ----- --------- --------- ------- -------    ------- -------    ------- -------    ----
   1 !   47.4   0.0     1e-14   6.4e-08       3      60 ..      12      69 ..       6      70 .] 0.90

>> scaffold285663_1  # 2 # 298 # 1 # ID=285663_1;partial=11;start_type=Edge;rbs_motif=None;rbs_spacer=None;gc_cont=0.451
   #    score  bias  c-Evalue  i-Evalue hmmfrom  hmm to    alifrom  ali to    envfrom  env to     acc
 ---   ------ ----- --------- --------- ------- -------    ------- -------    ------- -------    ----
   1 !   47.1   0.0   1.3e-14     8e-08      58     147 ..       9      98 ..       2      99 .] 0.81

>> scaffold6252896_1  # 2 # 367 # 1 # ID=6252896_1;partial=10;start_type=Edge;rbs_motif=None;rbs_spacer=None;gc_cont=0.4
   #    score  bias  c-Evalue  i-Evalue hmmfrom  hmm to    alifrom  ali to    envfrom  env to     acc
 ---   ------ ----- --------- --------- ------- -------    ------- -------    ------- -------    ----
   1 !   43.1   0.0   2.2e-13   1.4e-06      87     165 ..      19     109 ..       7     113 .. 0.72

>> gb|LAHU01046238.1|_3  # 947 # 1510 # -1 # ID=46238_3;partial=00;start_type=ATG;rbs_motif=None;rbs_spacer=None;gc_cont
   #    score  bias  c-Evalue  i-Evalue hmmfrom  hmm to    alifrom  ali to    envfrom  env to     acc
 ---   ------ ----- --------- --------- ------- -------    ------- -------    ------- -------    ----
   1 !   44.8   2.6   6.6e-14     4e-07      13     158 ..      19     167 ..       5     177 .. 0.78

>> scaffold543974_1  # 67 # 402 # -1 # ID=543974_1;partial=00;start_type=TTG;rbs_motif=AAT;rbs_spacer=11bp;gc_cont=0.438
   #    score  bias  c-Evalue  i-Evalue hmmfrom  hmm to    alifrom  ali to    envfrom  env to     acc
 ---   ------ ----- --------- --------- ------- -------    ------- -------    ------- -------    ----
   1 !   43.0   0.0   2.5e-13   1.5e-06       3      69 ..      24      90 ..      19     101 .. 0.87

>> scaffold828718_1  # 3 # 278 # 1 # ID=828718_1;partial=10;start_type=Edge;rbs_motif=None;rbs_spacer=None;gc_cont=0.417
   #    score  bias  c-Evalue  i-Evalue hmmfrom  hmm to    alifrom  ali to    envfrom  env to     acc
 ---   ------ ----- --------- --------- ------- -------    ------- -------    ------- -------    ----
   1 !   42.9   0.0   2.5e-13   1.5e-06      91     165 ..       3      80 ..       1      83 [. 0.89

>> scaffold315908_1  # 3 # 302 # 1 # ID=315908_1;partial=10;start_type=Edge;rbs_motif=None;rbs_spacer=None;gc_cont=0.273
   #    score  bias  c-Evalue  i-Evalue hmmfrom  hmm to    alifrom  ali to    envfrom  env to     acc
 ---   ------ ----- --------- --------- ------- -------    ------- -------    ------- -------    ----
   1 !   40.7   4.4   1.2e-12   7.4e-06      86     154 ..       7      71 ..       3      88 .. 0.90

>> scaffold134137_1  # 3 # 653 # 1 # ID=134137_1;partial=10;start_type=Edge;rbs_motif=None;rbs_spacer=None;gc_cont=0.281
   #    score  bias  c-Evalue  i-Evalue hmmfrom  hmm to    alifrom  ali to    envfrom  env to     acc
 ---   ------ ----- --------- --------- ------- -------    ------- -------    ------- -------    ----
   1 !   40.0   7.8     2e-12   1.2e-05       3     157 ..      32     184 ..      26     188 .. 0.78

>> scaffold5497510_2  # 102 # 305 # 1 # ID=5497510_2;partial=01;start_type=ATG;rbs_motif=TAATT;rbs_spacer=15bp;gc_cont=0
   #    score  bias  c-Evalue  i-Evalue hmmfrom  hmm to    alifrom  ali to    envfrom  env to     acc
 ---   ------ ----- --------- --------- ------- -------    ------- -------    ------- -------    ----
   1 !   39.8   0.0   2.3e-12   1.4e-05       3      46 ..      11      53 ..       6      60 .. 0.86

>> scaffold777432_2  # 273 # 677 # 1 # ID=777432_2;partial=01;start_type=GTG;rbs_motif=None;rbs_spacer=None;gc_cont=0.42
   #    score  bias  c-Evalue  i-Evalue hmmfrom  hmm to    alifrom  ali to    envfrom  env to     acc
 ---   ------ ----- --------- --------- ------- -------    ------- -------    ------- -------    ----
   1 !   38.8   0.0   4.6e-12   2.8e-05       2      96 ..      36     135 .]      32     135 .] 0.85

>> scaffold322399_1  # 1 # 360 # -1 # ID=322399_1;partial=10;start_type=ATG;rbs_motif=None;rbs_spacer=None;gc_cont=0.403
   #    score  bias  c-Evalue  i-Evalue hmmfrom  hmm to    alifrom  ali to    envfrom  env to     acc
 ---   ------ ----- --------- --------- ------- -------    ------- -------    ------- -------    ----
   1 !   38.1   0.1   7.8e-12   4.7e-05       3      65 ..      12      74 ..       6      82 .. 0.82

>> scaffold1197104_1  # 1 # 288 # -1 # ID=1197104_1;partial=10;start_type=GTG;rbs_motif=TAAT;rbs_spacer=13bp;gc_cont=0.3
   #    score  bias  c-Evalue  i-Evalue hmmfrom  hmm to    alifrom  ali to    envfrom  env to     acc
 ---   ------ ----- --------- --------- ------- -------    ------- -------    ------- -------    ----
   1 !   36.7   0.0     2e-11   0.00012       2      62 ..      27      86 ..      22      94 .. 0.87

>> gi|667924792|gb|AMWB02152417.1|_2  # 1581 # 2192 # 1 # ID=152417_2;partial=00;start_type=ATG;rbs_motif=None;rbs_space
   #    score  bias  c-Evalue  i-Evalue hmmfrom  hmm to    alifrom  ali to    envfrom  env to     acc
 ---   ------ ----- --------- --------- ------- -------    ------- -------    ------- -------    ----
   1 !   36.7   0.1   2.1e-11   0.00013       3     153 ..      23     161 ..      19     170 .. 0.85

>> scaffold452002_1  # 1 # 252 # -1 # ID=452002_1;partial=10;start_type=ATG;rbs_motif=TAA;rbs_spacer=13bp;gc_cont=0.417 
   #    score  bias  c-Evalue  i-Evalue hmmfrom  hmm to    alifrom  ali to    envfrom  env to     acc
 ---   ------ ----- --------- --------- ------- -------    ------- -------    ------- -------    ----
   1 !   36.4   0.0   2.6e-11   0.00016       4      69 ..      14      78 ..       7      84 .] 0.87

>> scaffold235158_1  # 3 # 335 # -1 # ID=235158_1;partial=10;start_type=ATG;rbs_motif=None;rbs_spacer=None;gc_cont=0.483
   #    score  bias  c-Evalue  i-Evalue hmmfrom  hmm to    alifrom  ali to    envfrom  env to     acc
 ---   ------ ----- --------- --------- ------- -------    ------- -------    ------- -------    ----
   1 !   35.9   0.0   3.6e-11   0.00022      14      78 ..      42     105 ..      22     110 .. 0.90

>> scaffold102029_2  # 242 # 442 # 1 # ID=102029_2;partial=01;start_type=ATG;rbs_motif=TAA;rbs_spacer=14bp;gc_cont=0.383
   #    score  bias  c-Evalue  i-Evalue hmmfrom  hmm to    alifrom  ali to    envfrom  env to     acc
 ---   ------ ----- --------- --------- ------- -------    ------- -------    ------- -------    ----
   1 !   34.0   0.0   1.4e-10   0.00087       2      54 ..      10      62 ..       7      67 .] 0.89

>> scaffold1746109_1  # 291 # 785 # -1 # ID=1746109_1;partial=00;start_type=ATG;rbs_motif=GGA/GAG/AGG;rbs_spacer=5-10bp;
   #    score  bias  c-Evalue  i-Evalue hmmfrom  hmm to    alifrom  ali to    envfrom  env to     acc
 ---   ------ ----- --------- --------- ------- -------    ------- -------    ------- -------    ----
   1 !   32.4   8.1   4.3e-10    0.0026      26     156 ..      39     147 ..       7     159 .. 0.70



Internal pipeline statistics summary:
-------------------------------------
Query model(s):                              1  (169 nodes)
Target sequences:                    504254871  (51531022827 residues searched)
Passed MSV filter:                  10020066  (0.019871); expected 10085097.4 (0.02)
Passed bias filter:                  5053626  (0.010022); expected 10085097.4 (0.02)
Passed Vit filter:                    337321  (0.000668949); expected 504254.9 (0.001)
Passed Fwd filter:                      4578  (9.07874e-06); expected 5042.5 (1e-05)
Initial search space (Z):          504254871  [actual number of targets]
Domain search space  (domZ):              83  [number of targets reported over threshold]
# CPU time: 1515.21u 168.37s 00:28:03.58 Elapsed: 00:13:07.30
# Mc/sec: 11061.53
//
[ok]
