Query         T0990
Match_columns 552
No_of_seqs    45 out of 50
Neff          5.58573
Searched_HMMs 519
Date          Fri Aug  9 11:43:04 2019
Command       /storage/htc/bdm/zhiye/DNCON4_db_tools/tools//hhsuite-3.0-beta.3-Linux/bin/hhblits -i T0990.fasta -d /storage/htc/bdm/zhiye/DNCON4_db_tools/databases//uniclust30_2017_10/uniclust30_2017_10 -oa3m T0990.a3m -cpu 8 -n 3 -diff inf -e 0.001 -id 99 -cov 50 

 No Hit                             Prob E-value P-value  Score    SS Cols Query HMM  Template HMM
  1 tr|U5YIF4|U5YIF4_9REOV Hydroph 100.0  1E-174  5E-180 1391.6   0.0  552    1-552     1-553 (562)
  2 tr|W5QM01|W5QM01_9REOV NS1 OS= 100.0  5E-140  2E-145 1089.7   0.0  519    1-519     1-519 (546)
  3 tr|A0A162BSL3|A0A162BSL3_9REOV 100.0  4E-125  2E-130 1001.8   0.0  500    3-519     1-506 (534)
  4 tr|A0A077JF23|A0A077JF23_9REOV 100.0  3E-104  1E-109  817.9   0.0  508    1-523     1-529 (580)
  5 tr|Q2Q1D7|Q2Q1D7_9REOV NS1 OS= 100.0  7E-104  2E-109  811.7   0.0  502    1-516     1-515 (554)
  6 tr|S6CLS3|S6CLS3_9REOV NS1 pro 100.0 3.2E-76 1.1E-81  594.0   0.0  546    1-552     1-546 (548)
  7 tr|W8PCU9|W8PCU9_9REOV NS1 pro 100.0 5.6E-57 1.9E-62  428.4   0.0  278  180-470     2-281 (281)
  8 tr|X5DRK9|X5DRK9_9REOV NS1 pro 100.0 1.1E-56 3.5E-62  430.9   0.0  289  228-522     2-292 (309)
  9 tr|Q9DSP4|Q9DSP4_9REOV NS1 OS= 100.0 2.3E-51 7.5E-57  413.9   0.0  494    1-517     1-508 (517)
 10 tr|A0A023PLD8|A0A023PLD8_9REOV 100.0 4.2E-33 1.4E-38  266.7   0.0  254   12-277     3-261 (273)
 11 tr|A2TLM7|A2TLM7_9REOV Nonstru  99.8   4E-25 1.3E-30  197.9   0.0  142  222-363     6-148 (151)
 12 tr|A0A0T7N502|A0A0T7N502_BORPT  84.6     2.1 6.8E-06   34.3   0.0   15   22-36     17-31  (37)
 13 tr|C6WBB4|C6WBB4_ACTMD Unchara  82.4       3   1E-05   37.1   0.0   28  326-353     3-30  (64)
 14 tr|A0A0G1XD26|A0A0G1XD26_9BACT  75.5     7.3 2.4E-05   41.6   0.0   44  461-504   113-156 (194)
 15 tr|A0A090GBS0|A0A090GBS0_MESPL  72.8     9.5 3.2E-05   35.8   0.0   32  126-157     5-36  (81)
 16 tr|S0GJ31|S0GJ31_9PORP Unchara  70.9      11 3.8E-05   29.6   0.0   20  465-484     2-21  (31)
 17 tr|A0A1S3XBP2|A0A1S3XBP2_TOBAC  67.1      16 5.2E-05   36.4   0.0   24   26-49     60-83  (111)
 18 tr|U3N6Z5|U3N6Z5_AVIMR RING fi  64.6      19 6.3E-05   31.2   0.0   20   30-49      1-20  (49)
 19 tr|A0A0D0WSK6|A0A0D0WSK6_9TREE  62.3      22 7.4E-05   35.0   0.0   24   31-54      8-31  (101)
 20 tr|V5Q7U2|V5Q7U2_9CAUD Unchara  61.6      23 7.7E-05   35.0   0.0   35    1-35     64-98  (101)
 21 tr|A0A099F7M6|A0A099F7M6_9RHOB  55.1      36 0.00012   32.6   0.0   66  151-219    12-78  (81)
 22 tr|A0A1D1XE37|A0A1D1XE37_9ARAE  53.1      41 0.00014   33.3   0.0   23   27-49     62-84  (99)
 23 tr|K3XKS5|K3XKS5_SETIT Unchara  52.7      39 0.00014   39.6   0.0   41    9-49     40-80  (280)
 24 tr|A0A0S8GUZ4|A0A0S8GUZ4_9BACT  51.6      45 0.00015   33.3   0.0   33  408-440    67-99  (103)
 25 tr|T1HRL9|T1HRL9_RHOPR Unchara  50.9      47 0.00015   37.2   0.0   52  424-476    31-99  (232)
 26 tr|G1XPQ7|G1XPQ7_ARTOA Unchara  50.7      31 0.00016   37.8   0.0   48  320-367    10-57  (168)
 27 tr|A0A024G7W2|A0A024G7W2_9STRA  50.3      49 0.00016   35.5   0.0   30    2-31     78-107 (167)
 28 tr|A0A1A6HJK7|A0A1A6HJK7_NEOLE  50.2      47 0.00016   39.5   0.0   88   73-170   236-333 (343)
 29 tr|A0A1B7W3A9|A0A1B7W3A9_9NOST  49.7      51 0.00017   31.0   0.0   25  407-431    39-63  (70)
 30 tr|A0A0G4GBM4|A0A0G4GBM4_9ALVE  49.5      51 0.00017   34.5   0.0   80  183-272    27-106 (140)
 31 tr|A0A139C8G8|A0A139C8G8_9GAMM  48.5      54 0.00018   30.8   0.0   42  386-428    25-66  (70)
 32 tr|A0A1W2DXX7|A0A1W2DXX7_9RHOB  47.6      57 0.00019   32.1   0.0   35  310-344    34-68  (93)
 33 tr|A0A1N6KS25|A0A1N6KS25_9BURK  47.3      58 0.00019   32.4   0.0   26  200-225    68-93  (98)
 34 tr|A0A1A5TBE0|A0A1A5TBE0_9RHIZ  46.4      61  0.0002   35.9   0.0   26  347-372    59-84  (206)
 35 tr|A0A166PXL8|A0A166PXL8_9HOMO  46.0      63 0.00021   33.9   0.0   39  357-402    81-119 (140)
 36 tr|M0ZX69|M0ZX69_SOLTU Unchara  45.9      63 0.00021   34.0   0.0   27   23-49     23-49  (143)
 37 tr|A0A226E374|A0A226E374_FOLCA  45.2      66 0.00022   43.2   0.0   29  456-484   385-413 (1524)
 38 tr|H3E3U7|H3E3U7_PRIPA Unchara  43.2      74 0.00025   31.8   0.0   31   55-85     58-88  (99)
 39 tr|A0A0S4JJU0|A0A0S4JJU0_BODSA  41.8      81 0.00027   32.7   0.0   38  138-175    36-73  (125)
 40 tr|A0A242K6V7|A0A242K6V7_9ENTE  41.5      82 0.00027   35.9   0.0   70  193-266   148-222 (249)
 41 tr|A0A077RNU4|A0A077RNU4_WHEAT  41.5      82 0.00027   31.8   0.0   24  453-476    77-100 (104)
 42 tr|A0A1I7YME4|A0A1I7YME4_9BILA  41.3      83 0.00028   32.4   0.0   26   10-35     36-61  (118)
 43 tr|A0A0L8Q8L3|A0A0L8Q8L3_STRGR  39.7      88  0.0003   36.1   0.0   75  360-434   158-232 (240)
 44 tr|A0A0C3Q9Y7|A0A0C3Q9Y7_9HOMO  39.3      94 0.00031   31.1   0.0   34  411-444     2-35  (96)
 45 tr|Q2GSA2|Q2GSA2_CHAGB Unchara  39.1      95 0.00031   34.0   0.0   31  190-220   141-171 (178)
 46 tr|Q0UCD0|Q0UCD0_PHANO Unchara  37.9   1E+02 0.00034   37.9   0.0   27  462-488    90-116 (479)
 47 tr|D8UF62|D8UF62_VOLCA Putativ  37.5   1E+02 0.00035   33.8   0.0   33  385-417    76-110 (182)
 48 tr|A0A1Q4FNF9|A0A1Q4FNF9_9GAMM  37.1 1.1E+02 0.00036   32.6   0.0   35   22-56     16-50  (142)
 49 tr|U0EFM6|U0EFM6_9NOCA Unchara  34.7 1.2E+02 0.00041   32.2   0.0   47  384-431    25-71  (123)
 50 tr|A0A0N5DZP5|A0A0N5DZP5_TRIMR  34.5 1.3E+02 0.00042   36.4   0.0   45  406-450   221-265 (387)
 51 tr|A0A0M1YUC4|A0A0M1YUC4_9LEPT  34.3 1.3E+02 0.00042   27.3   0.0   34  236-269    12-45  (52)
 52 tr|U1PQC6|U1PQC6_9EURY Unchara  31.2 1.5E+02 0.00051   33.4   0.0   18   21-38    193-210 (215)
 53 tr|Q55FD4|Q55FD4_DICDI Unchara  30.6 1.6E+02 0.00053   36.5   0.0   23  320-342   448-470 (476)
 54 tr|A0A178X0E5|A0A178X0E5_9PSEU  30.4 1.6E+02 0.00054   27.4   0.0   30  338-368     8-37  (60)
 55 tr|X0WKE6|X0WKE6_9ZZZZ Unchara  30.4 1.5E+02 0.00054   34.9   0.0   88  141-228   164-253 (260)
 56 tr|A0A229WGV9|A0A229WGV9_ASPFM  30.3 1.6E+02 0.00054   36.5   0.0   23   27-49     57-79  (481)
 57 tr|A0A0A1P377|A0A0A1P377_9FUNG  29.5 1.4E+02 0.00057   36.2   0.0   59   42-101    25-83  (276)
 58 tr|A0A0J6RTM6|A0A0J6RTM6_9RHIZ  29.4 1.7E+02 0.00057   28.8   0.0   35  253-287    30-64  (80)
 59 tr|A0A1F9V4J3|A0A1F9V4J3_9BACT  29.1 1.8E+02 0.00059   33.7   0.0   69  412-480    61-132 (250)
 60 tr|A0A0D7KSS9|A0A0D7KSS9_9BACL  29.0 1.6E+02 0.00059   38.1   0.0   64  398-465    13-76  (549)
 61 tr|Q2IJ27|Q2IJ27_ANADE Unchara  29.0 1.8E+02 0.00059   27.1   0.0   34   51-84     18-51  (59)
 62 tr|D2RFW1|D2RFW1_ARCPA Unchara  28.9 1.8E+02 0.00059   32.4   0.0   69   36-110   102-177 (188)
 63 tr|A0A026W5A5|A0A026W5A5_CERBI  28.9 1.8E+02 0.00059   29.6   0.0   41    5-45     39-79  (99)
 64 tr|A0A182M6J9|A0A182M6J9_9DIPT  28.7 1.7E+02  0.0006   34.5   0.0   75  476-550    46-121 (240)
 65 tr|A0A1F9UXV5|A0A1F9UXV5_9BACT  28.6 1.8E+02  0.0006   27.3   0.0   37   50-86      9-45  (62)
 66 tr|X1FYY6|X1FYY6_9ZZZZ Unchara  28.6 1.8E+02 0.00061   26.9   0.0   32  389-420     9-41  (57)
 67 tr|A0A1B7X0F1|A0A1B7X0F1_APHFL  28.5 1.8E+02 0.00061   32.3   0.0   27  407-433    39-65  (184)
 68 tr|A0A1Q7KZ70|A0A1Q7KZ70_9BACT  27.9 1.9E+02 0.00063   27.5   0.0   30  339-368    37-66  (67)
 69 tr|F4B401|F4B401_ACIHW Phospho  27.5 1.4E+02 0.00065   36.5   0.0  111   95-211    92-210 (300)
 70 tr|A0A1D2TR57|A0A1D2TR57_9CAUL  27.3   2E+02 0.00066   29.8   0.0   37  361-397    75-111 (111)
 71 tr|A0A1C7H2M8|A0A1C7H2M8_9BACE  27.2   2E+02 0.00067   37.0   0.0   46  129-175     3-48  (677)
 72 tr|A0A0D8IUH9|A0A0D8IUH9_9FIRM  27.1   2E+02 0.00067   36.1   0.0   27  475-501   326-352 (526)
 73 tr|A0A1Y3NRV0|A0A1Y3NRV0_PIRSE  26.8   2E+02 0.00068   33.5   0.0   65  330-398     9-75  (225)
 74 tr|Q9K5V0|Q9K5V0_BACHD BH3988   26.2 2.1E+02 0.00071   26.0   0.0   28  431-458    11-38  (51)
 75 tr|A0A1Y2WXP7|A0A1Y2WXP7_9PEZI  25.9 2.2E+02 0.00073   30.1   0.0   33   34-66     57-91  (124)
 76 tr|C9BHR1|C9BHR1_ENTFC Predict  25.4 2.3E+02 0.00075   27.0   0.0   38  126-163     9-48  (65)
 77 tr|T1FRK1|T1FRK1_HELRO Unchara  25.3 2.3E+02 0.00076   33.9   0.0   35  145-179   226-260 (320)
 78 tr|K7HTU6|K7HTU6_CAEJA Unchara  24.9 2.4E+02 0.00078   30.0   0.0   38  361-398    26-63  (128)
 79 tr|U1GAN4|U1GAN4_ENDPU Unchara  24.3 2.5E+02 0.00081   35.1   0.0   40  176-215   321-360 (461)
 80 tr|A0A1S8WWQ7|A0A1S8WWQ7_9TREM  24.2 2.5E+02 0.00082   32.5   0.0   44   36-80    114-157 (241)
 81 tr|A0A016T8Z3|A0A016T8Z3_9BILA  23.6 2.6E+02 0.00086   27.1   0.0   39  201-239    13-52  (71)
 82 tr|A0A151DKD8|A0A151DKD8_9ACTN  23.1 2.7E+02 0.00089   26.7   0.0   33   56-88     24-56  (67)
 83 tr|A0A0U0W8I6|A0A0U0W8I6_9MYCO  22.8 2.7E+02 0.00091   33.8   0.0   63  225-287   263-325 (356)
 84 tr|A0A016TG98|A0A016TG98_9BILA  22.6 2.8E+02 0.00092   28.0   0.0   47  191-239    26-72  (89)
 85 tr|A0A0C6DP83|A0A0C6DP83_CUTAC  22.4 2.8E+02 0.00094   29.6   0.0   39  358-396    23-61  (131)
 86 tr|B0MSE9|B0MSE9_9BACT Unchara  22.3 2.9E+02 0.00094   28.2   0.0   58  433-490     8-65  (96)
 87 tr|A0A166AY08|A0A166AY08_9HOMO  21.8   3E+02 0.00098   36.6   0.0   83  389-471   214-296 (883)
 88 tr|A0A1V5K509|A0A1V5K509_9BACT  21.7   3E+02 0.00099   29.9   0.0   70  475-545    35-104 (145)
 89 tr|A0A183CKJ4|A0A183CKJ4_GLOPA  21.1 3.1E+02   0.001   32.0   0.0   52   43-94     16-67  (251)
 90 tr|A0A133ZMF0|A0A133ZMF0_9CORY  20.9 3.2E+02  0.0011   29.6   0.0   37   37-73     82-118 (139)
 91 tr|A0A1Y3QGA1|A0A1Y3QGA1_9BACL  20.9 3.2E+02  0.0011   30.3   0.0   42  201-242    93-136 (167)
 92 tr|F9G3U4|F9G3U4_FUSOF Unchara  20.1 3.3E+02  0.0011   37.5   0.0   77  329-405   703-787 (1061)

